#
# A fatal error has been detected by the Java Runtime Environment:
#
#  SIGSEGV (0xb) at pc=0x00007fb0b3ab733a, pid=23459, tid=0x00007fb139dbb700
#
# JRE version: Java(TM) SE Runtime Environment (8.0_161-b12) (build 1.8.0_161-b12)
# Java VM: Java HotSpot(TM) 64-Bit Server VM (25.161-b12 mixed mode linux-amd64 compressed oops)
# Problematic frame:
# C  [libtesseract.so.3.0.3+0x22533a]  ERRCODE::error(char const*, TessErrorLogCode, char const*, ...) const+0x16a
#
# Failed to write core dump. Core dumps have been disabled. To enable core dumping, try "ulimit -c unlimited" before starting Java again
#
# If you would like to submit a bug report, please visit:
#   http://bugreport.java.com/bugreport/crash.jsp
# The crash happened outside the Java Virtual Machine in native code.
# See problematic frame for where to report the bug.
#

---------------  T H R E A D  ---------------

Current thread (0x00007fb130010000):  JavaThread "main" [_thread_in_native, id=23466, stack(0x00007fb139cbb000,0x00007fb139dbc000)]

siginfo: si_signo: 11 (SIGSEGV), si_code: 1 (SEGV_MAPERR), si_addr: 0x0000000000000000

Registers:
RAX=0x000000000000006e, RBX=0x00007fb139db7c90, RCX=0x00007fb1392a63dd, RDX=0x00007fb13957b9d0
RSP=0x00007fb139db7c70, RBP=0x0000000000000002, RSI=0x000000000000006e, RDI=0x00007fb139db5440
R8 =0x00007fb139dbb700, R9 =0x7461647373657420, R10=0x00007fb139577be0, R11=0x0000000000000000
R12=0x00007fb139db7cd9, R13=0x00007fb0b3ac0177, R14=0x00007fb0b3fef5f0, R15=0x00007fb130d91010
RIP=0x00007fb0b3ab733a, EFLAGS=0x0000000000010246, CSGSFS=0x0000000000000033, ERR=0x0000000000000004
  TRAPNO=0x000000000000000e

Top of Stack: (sp=0x00007fb139db7c70)
0x00007fb139db7c70:   ffff804ec6248311 0000003000000030
0x00007fb139db7c80:   00007fb139db8180 00007fb139db80a0
0x00007fb139db7c90:   745f6c6175746361 5f61746164737365
0x00007fb139db7ca0:   72746e655f6d756e 203d3c205f736569
0x00007fb139db7cb0:   4154414453534554 544e455f4d554e5f
0x00007fb139db7cc0:   7272453a53454952 72657373413a726f
0x00007fb139db7cd0:   64656c6961662074 656c6966206e693a
0x00007fb139db7ce0:   7461647373657420 726567616e616d61
0x00007fb139db7cf0:   696c202c7070632e 00000a333520656e
0x00007fb139db7d00:   00007fb130d95568 00007fb130d95598
0x00007fb139db7d10:   00007fb130d955c8 00007fb130000020
0x00007fb139db7d20:   0000000000000020 00007fb130d94a00
0x00007fb139db7d30:   00007fb130d94a30 00007fb130d94a68
0x00007fb139db7d40:   00007fb130d95890 00007fb139239ae0
0x00007fb139db7d50:   00007fb130d95718 0000000000000020
0x00007fb139db7d60:   00007fb130d949c8 00007fb0f011cdad
0x00007fb139db7d70:   00007fb130d91010 00007fb130d91010
0x00007fb139db7d80:   00007fb130d949c8 00007fb0f011cea9
0x00007fb139db7d90:   00007fb130d94538 00007fb0b396ad7a
0x00007fb139db7da0:   00007fb130010a20 00007fb130d94548
0x00007fb139db7db0:   00007fb130d92df0 00007fb130d92e20
0x00007fb139db7dc0:   00007fb130d92ec0 00007fb130d92f88
0x00007fb139db7dd0:   00007fb130d931e8 00007fb130d93218
0x00007fb139db7de0:   00007fb130d93248 00007fb130d93500
0x00007fb139db7df0:   00007fb130d93530 00007fb130d93d70
0x00007fb139db7e00:   00007fb130d93fa8 00007fb130d94390
0x00007fb139db7e10:   00007fb130d943c0 00007fb130d944a0
0x00007fb139db7e20:   00007fb130d94518 00007fb130d92d00
0x00007fb139db7e30:   00007fb130d92d20 00007fb130d92d40
0x00007fb139db7e40:   00007fb130d92d60 00007fb130d92d80
0x00007fb139db7e50:   00007fb130d92da0 00007fb130d92dc8
0x00007fb139db7e60:   00007fb130d92e50 00007fb130d92e70 

Instructions: (pc=0x00007fb0b3ab733a)
0x00007fb0b3ab731a:   48 89 d9 be 01 00 00 00 48 8b 38 31 c0 e8 14 60
0x00007fb0b3ab732a:   e5 ff 83 fd ff 7c 14 85 ed 7e 2c 83 fd 02 7f 0b
0x00007fb0b3ab733a:   8b 04 25 00 00 00 00 85 c0 74 52 48 8d 35 14 8d
0x00007fb0b3ab734a:   01 00 48 8d 3d f5 81 4f 00 31 c9 ba 02 00 00 00 

Register to memory mapping:

RAX=0x000000000000006e is an unknown value
RBX=0x00007fb139db7c90 is pointing into the stack for thread: 0x00007fb130010000
RCX=0x00007fb1392a63dd: __write+0x2d in /lib/x86_64-linux-gnu/libc.so.6 at 0x00007fb1391b7000
RDX=0x00007fb13957b9d0: <offset 0x3c49d0> in /lib/x86_64-linux-gnu/libc.so.6 at 0x00007fb1391b7000
RSP=0x00007fb139db7c70 is pointing into the stack for thread: 0x00007fb130010000
RBP=0x0000000000000002 is an unknown value
RSI=0x000000000000006e is an unknown value
RDI=0x00007fb139db5440 is pointing into the stack for thread: 0x00007fb130010000
R8 =0x00007fb139dbb700 is pointing into the stack for thread: 0x00007fb130010000
R9 =0x7461647373657420 is an unknown value
R10=0x00007fb139577be0: <offset 0x3c0be0> in /lib/x86_64-linux-gnu/libc.so.6 at 0x00007fb1391b7000
R11=0x0000000000000000 is an unknown value
R12=0x00007fb139db7cd9 is pointing into the stack for thread: 0x00007fb130010000
R13=0x00007fb0b3ac0177: <offset 0x22e177> in /usr/lib/libtesseract.so.3.0.3 at 0x00007fb0b3892000
R14=0x00007fb0b3fef5f0: <offset 0x75d5f0> in /usr/lib/libtesseract.so.3.0.3 at 0x00007fb0b3892000
R15=0x00007fb130d91010 is an unknown value


Stack: [0x00007fb139cbb000,0x00007fb139dbc000],  sp=0x00007fb139db7c70,  free space=1011k
Native frames: (J=compiled Java code, j=interpreted, Vv=VM code, C=native code)
C  [libtesseract.so.3.0.3+0x22533a]  ERRCODE::error(char const*, TessErrorLogCode, char const*, ...) const+0x16a

Java frames: (J=compiled Java code, j=interpreted, Vv=VM code)
j  com.sun.jna.Native.invokeInt(JI[Ljava/lang/Object;)I+0
j  com.sun.jna.Function.invoke([Ljava/lang/Object;Ljava/lang/Class;Z)Ljava/lang/Object;+225
j  com.sun.jna.Function.invoke(Ljava/lang/Class;[Ljava/lang/Object;Ljava/util/Map;)Ljava/lang/Object;+262
j  com.sun.jna.Library$Handler.invoke(Ljava/lang/Object;Ljava/lang/reflect/Method;[Ljava/lang/Object;)Ljava/lang/Object;+316
j  com.sun.proxy.$Proxy4.TessBaseAPIInit1(Lnet/sourceforge/tess4j/ITessAPI$TessBaseAPI;Ljava/lang/String;Ljava/lang/String;ILcom/sun/jna/ptr/PointerByReference;I)I+46
j  net.sourceforge.tess4j.Tesseract.init()V+87
j  net.sourceforge.tess4j.Tesseract.doOCR(Ljava/util/List;Ljava/lang/String;Ljava/awt/Rectangle;)Ljava/lang/String;+1
j  net.sourceforge.tess4j.Tesseract.doOCR(Ljava/io/File;Ljava/awt/Rectangle;)Ljava/lang/String;+10
j  net.sourceforge.tess4j.Tesseract.doOCR(Ljava/io/File;)Ljava/lang/String;+3
j  com.maven.sample.SeleniumBase.testSeleniumBase()V+139
v  ~StubRoutines::call_stub
j  sun.reflect.NativeMethodAccessorImpl.invoke0(Ljava/lang/reflect/Method;Ljava/lang/Object;[Ljava/lang/Object;)Ljava/lang/Object;+0
j  sun.reflect.NativeMethodAccessorImpl.invoke(Ljava/lang/Object;[Ljava/lang/Object;)Ljava/lang/Object;+100
j  sun.reflect.DelegatingMethodAccessorImpl.invoke(Ljava/lang/Object;[Ljava/lang/Object;)Ljava/lang/Object;+6
j  java.lang.reflect.Method.invoke(Ljava/lang/Object;[Ljava/lang/Object;)Ljava/lang/Object;+56
j  org.testng.internal.MethodInvocationHelper.invokeMethod(Ljava/lang/reflect/Method;Ljava/lang/Object;[Ljava/lang/Object;)Ljava/lang/Object;+255
j  org.testng.internal.Invoker.invokeMethod(Ljava/lang/Object;Lorg/testng/ITestNGMethod;[Ljava/lang/Object;ILorg/testng/xml/XmlSuite;Ljava/util/Map;Lorg/testng/ITestClass;[Lorg/testng/ITestNGMethod;[Lorg/testng/ITestNGMethod;Lorg/testng/internal/ConfigurationGroupMethods;Lorg/testng/internal/Invoker$FailureContext;)Lorg/testng/ITestResult;+382
j  org.testng.internal.Invoker.invokeTestMethod(Ljava/lang/Object;Lorg/testng/ITestNGMethod;[Ljava/lang/Object;ILorg/testng/xml/XmlSuite;Ljava/util/Map;Lorg/testng/ITestClass;[Lorg/testng/ITestNGMethod;[Lorg/testng/ITestNGMethod;Lorg/testng/internal/ConfigurationGroupMethods;Lorg/testng/internal/Invoker$FailureContext;)Lorg/testng/ITestResult;+29
j  org.testng.internal.Invoker.invokeTestMethods(Lorg/testng/ITestNGMethod;Lorg/testng/xml/XmlSuite;Ljava/util/Map;Lorg/testng/internal/ConfigurationGroupMethods;Ljava/lang/Object;Lorg/testng/ITestContext;)Ljava/util/List;+729
j  org.testng.internal.TestMethodWorker.invokeTestMethods(Lorg/testng/ITestNGMethod;Ljava/lang/Object;Lorg/testng/ITestContext;)V+19
j  org.testng.internal.TestMethodWorker.run()V+63
j  org.testng.TestRunner.privateRun(Lorg/testng/xml/XmlTest;)V+300
j  org.testng.TestRunner.run()V+25
j  org.testng.SuiteRunner.runTest(Lorg/testng/TestRunner;)V+1
j  org.testng.SuiteRunner.runSequentially()V+31
j  org.testng.SuiteRunner.privateRun()V+288
j  org.testng.SuiteRunner.run()V+6
j  org.testng.SuiteRunnerWorker.runSuite(Lorg/testng/internal/SuiteRunnerMap;Lorg/testng/xml/XmlSuite;)V+87
j  org.testng.SuiteRunnerWorker.run()V+12
j  org.testng.TestNG.runSuitesSequentially(Lorg/testng/xml/XmlSuite;Lorg/testng/internal/SuiteRunnerMap;ILjava/lang/String;)V+66
j  org.testng.TestNG.runSuitesLocally()Ljava/util/List;+156
j  org.testng.TestNG.runSuites()Ljava/util/List;+1
j  org.testng.TestNG.run()V+25
j  org.testng.remote.AbstractRemoteTestNG.run()V+149
j  org.testng.remote.RemoteTestNG.initAndRun(Lorg/testng/remote/IRemoteTestNG;[Ljava/lang/String;Lorg/testng/CommandLineArgs;Lorg/testng/remote/RemoteArgs;)V+184
j  org.testng.remote.RemoteTestNG.main([Ljava/lang/String;)V+201
v  ~StubRoutines::call_stub

---------------  P R O C E S S  ---------------

Java Threads: ( => current thread )
  0x00007fb130b46800 JavaThread "Java2D Disposer" daemon [_thread_blocked, id=23712, stack(0x00007fb0f04da000,0x00007fb0f05db000)]
  0x00007fb1308f5800 JavaThread "Okio Watchdog" daemon [_thread_blocked, id=23503, stack(0x00007fb0f1eaf000,0x00007fb0f1fb0000)]
  0x00007fb1308f1000 JavaThread "OkHttp ConnectionPool" daemon [_thread_blocked, id=23501, stack(0x00007fb0f1fb0000,0x00007fb0f20b1000)]
  0x00007fb0cc00c000 JavaThread "Exec Stream Pumper" daemon [_thread_in_native, id=23500, stack(0x00007fb0f24b1000,0x00007fb0f25b2000)]
  0x00007fb0cc00b000 JavaThread "Exec Stream Pumper" daemon [_thread_in_native, id=23499, stack(0x00007fb0f25b2000,0x00007fb0f26b3000)]
  0x00007fb0cc009000 JavaThread "process reaper" daemon [_thread_in_native, id=23498, stack(0x00007fb0f26b3000,0x00007fb0f26ec000)]
  0x00007fb13082a800 JavaThread "UrlChecker-2" daemon [_thread_blocked, id=23490, stack(0x00007fb0f2708000,0x00007fb0f2809000)]
  0x00007fb130819800 JavaThread "Exec Default Executor" daemon [_thread_blocked, id=23489, stack(0x00007fb0f2809000,0x00007fb0f290a000)]
  0x00007fb130563000 JavaThread "ReaderThread" [_thread_in_native, id=23488, stack(0x00007fb0f339f000,0x00007fb0f34a0000)]
  0x00007fb1300e0000 JavaThread "Service Thread" daemon [_thread_blocked, id=23485, stack(0x00007fb0f3afb000,0x00007fb0f3bfc000)]
  0x00007fb1300d4800 JavaThread "C1 CompilerThread2" daemon [_thread_blocked, id=23484, stack(0x00007fb0f3bfc000,0x00007fb0f3cfd000)]
  0x00007fb1300d3000 JavaThread "C2 CompilerThread1" daemon [_thread_in_native, id=23483, stack(0x00007fb0f3cfd000,0x00007fb0f3dfe000)]
  0x00007fb1300d0000 JavaThread "C2 CompilerThread0" daemon [_thread_blocked, id=23482, stack(0x00007fb0f3dfe000,0x00007fb0f3eff000)]
  0x00007fb0f4001000 JavaThread "JDWP Command Reader" daemon [_thread_in_native, id=23480, stack(0x00007fb0f3eff000,0x00007fb0f4000000)]
  0x00007fb1300cd800 JavaThread "JDWP Event Helper Thread" daemon [_thread_blocked, id=23479, stack(0x00007fb11807e000,0x00007fb11817f000)]
  0x00007fb1300ca000 JavaThread "JDWP Transport Listener: dt_socket" daemon [_thread_blocked, id=23478, stack(0x00007fb11817f000,0x00007fb118280000)]
  0x00007fb1300bc800 JavaThread "Signal Dispatcher" daemon [_thread_blocked, id=23474, stack(0x00007fb1202b1000,0x00007fb1203b2000)]
  0x00007fb13008a800 JavaThread "Finalizer" daemon [_thread_blocked, id=23473, stack(0x00007fb1203b2000,0x00007fb1204b3000)]
  0x00007fb130086000 JavaThread "Reference Handler" daemon [_thread_blocked, id=23472, stack(0x00007fb1204b3000,0x00007fb1205b4000)]
=>0x00007fb130010000 JavaThread "main" [_thread_in_native, id=23466, stack(0x00007fb139cbb000,0x00007fb139dbc000)]

Other Threads:
  0x00007fb13007e000 VMThread [stack: 0x00007fb1205b4000,0x00007fb1206b5000] [id=23471]
  0x00007fb1300e5800 WatcherThread [stack: 0x00007fb0f39fa000,0x00007fb0f3afb000] [id=23486]

VM state:not at safepoint (normal execution)

VM Mutex/Monitor currently owned by a thread: None

Heap:
 PSYoungGen      total 36864K, used 21481K [0x00000000d7000000, 0x00000000db800000, 0x0000000100000000)
  eden space 31744K, 51% used [0x00000000d7000000,0x00000000d7ffbaa0,0x00000000d8f00000)
  from space 5120K, 99% used [0x00000000d8f00000,0x00000000d93fec70,0x00000000d9400000)
  to   space 5120K, 0% used [0x00000000db300000,0x00000000db300000,0x00000000db800000)
 ParOldGen       total 84992K, used 4266K [0x0000000085000000, 0x000000008a300000, 0x00000000d7000000)
  object space 84992K, 5% used [0x0000000085000000,0x000000008542a960,0x000000008a300000)
 Metaspace       used 20447K, capacity 20898K, committed 21120K, reserved 1067008K
  class space    used 2521K, capacity 2671K, committed 2688K, reserved 1048576K

Card table byte_map: [0x00007fb135b61000,0x00007fb135f3a000] byte_map_base: 0x00007fb135739000

Marking Bits: (ParMarkBitMap*) 0x00007fb139189920
 Begin Bits: [0x00007fb118280000, 0x00007fb11a140000)
 End Bits:   [0x00007fb11a140000, 0x00007fb11c000000)

Polling page: 0x00007fb139dd9000

CodeCache: size=245760Kb used=5560Kb max_used=5572Kb free=240199Kb
 bounds [0x00007fb121000000, 0x00007fb121580000, 0x00007fb130000000]
 total_blobs=1987 nmethods=1544 adapters=364
 compilation: enabled

Compilation events (10 events):
Event: 9.231 Thread 0x00007fb1300d3000 1537       4       java.io.DataOutputStream::writeShort (35 bytes)
Event: 9.235 Thread 0x00007fb1300d0000 nmethod 1528 0x00007fb1215741d0 code [0x00007fb1215743a0, 0x00007fb121575478]
Event: 9.235 Thread 0x00007fb1300d0000 1538       4       sun.misc.ProxyGenerator$ConstantPool::getUtf8 (18 bytes)
Event: 9.236 Thread 0x00007fb1300d0000 nmethod 1538 0x00007fb12156e850 code [0x00007fb12156e9a0, 0x00007fb12156ea48]
Event: 9.236 Thread 0x00007fb1300d0000 1530       4       sun.misc.ProxyGenerator$ConstantPool$IndirectEntry::equals (49 bytes)
Event: 9.237 Thread 0x00007fb1300d0000 nmethod 1530 0x00007fb12156e550 code [0x00007fb12156e6a0, 0x00007fb12156e778]
Event: 9.240 Thread 0x00007fb1300d4800 1545       3       sun.reflect.Reflection::quickCheckMemberAccess (10 bytes)
Event: 9.240 Thread 0x00007fb1300d4800 nmethod 1545 0x00007fb12156e110 code [0x00007fb12156e280, 0x00007fb12156e4a8]
Event: 9.240 Thread 0x00007fb1300d4800 1546       1       java.lang.reflect.Constructor::getModifiers (5 bytes)
Event: 9.240 Thread 0x00007fb1300d4800 nmethod 1546 0x00007fb12156de50 code [0x00007fb12156dfa0, 0x00007fb12156e0b0]

GC Heap History (6 events):
Event: 0.975 GC heap before
{Heap before GC invocations=1 (full 0):
 PSYoungGen      total 36864K, used 31744K [0x00000000d7000000, 0x00000000d9900000, 0x0000000100000000)
  eden space 31744K, 100% used [0x00000000d7000000,0x00000000d8f00000,0x00000000d8f00000)
  from space 5120K, 0% used [0x00000000d9400000,0x00000000d9400000,0x00000000d9900000)
  to   space 5120K, 0% used [0x00000000d8f00000,0x00000000d8f00000,0x00000000d9400000)
 ParOldGen       total 84992K, used 0K [0x0000000085000000, 0x000000008a300000, 0x00000000d7000000)
  object space 84992K, 0% used [0x0000000085000000,0x0000000085000000,0x000000008a300000)
 Metaspace       used 11098K, capacity 11270K, committed 11392K, reserved 1058816K
  class space    used 1307K, capacity 1367K, committed 1408K, reserved 1048576K
Event: 0.984 GC heap after
Heap after GC invocations=1 (full 0):
 PSYoungGen      total 36864K, used 5118K [0x00000000d7000000, 0x00000000d9900000, 0x0000000100000000)
  eden space 31744K, 0% used [0x00000000d7000000,0x00000000d7000000,0x00000000d8f00000)
  from space 5120K, 99% used [0x00000000d8f00000,0x00000000d93ffbc0,0x00000000d9400000)
  to   space 5120K, 0% used [0x00000000d9400000,0x00000000d9400000,0x00000000d9900000)
 ParOldGen       total 84992K, used 974K [0x0000000085000000, 0x000000008a300000, 0x00000000d7000000)
  object space 84992K, 1% used [0x0000000085000000,0x00000000850f3ae8,0x000000008a300000)
 Metaspace       used 11098K, capacity 11270K, committed 11392K, reserved 1058816K
  class space    used 1307K, capacity 1367K, committed 1408K, reserved 1048576K
}
Event: 8.699 GC heap before
{Heap before GC invocations=2 (full 0):
 PSYoungGen      total 36864K, used 36862K [0x00000000d7000000, 0x00000000d9900000, 0x0000000100000000)
  eden space 31744K, 100% used [0x00000000d7000000,0x00000000d8f00000,0x00000000d8f00000)
  from space 5120K, 99% used [0x00000000d8f00000,0x00000000d93ffbc0,0x00000000d9400000)
  to   space 5120K, 0% used [0x00000000d9400000,0x00000000d9400000,0x00000000d9900000)
 ParOldGen       total 84992K, used 974K [0x0000000085000000, 0x000000008a300000, 0x00000000d7000000)
  object space 84992K, 1% used [0x0000000085000000,0x00000000850f3ae8,0x000000008a300000)
 Metaspace       used 16988K, capacity 17406K, committed 17664K, reserved 1064960K
  class space    used 2092K, capacity 2253K, committed 2304K, reserved 1048576K
Event: 8.708 GC heap after
Heap after GC invocations=2 (full 0):
 PSYoungGen      total 36864K, used 5111K [0x00000000d7000000, 0x00000000d9900000, 0x0000000100000000)
  eden space 31744K, 0% used [0x00000000d7000000,0x00000000d7000000,0x00000000d8f00000)
  from space 5120K, 99% used [0x00000000d9400000,0x00000000d98fde48,0x00000000d9900000)
  to   space 5120K, 0% used [0x00000000d8f00000,0x00000000d8f00000,0x00000000d9400000)
 ParOldGen       total 84992K, used 3047K [0x0000000085000000, 0x000000008a300000, 0x00000000d7000000)
  object space 84992K, 3% used [0x0000000085000000,0x00000000852f9f68,0x000000008a300000)
 Metaspace       used 16988K, capacity 17406K, committed 17664K, reserved 1064960K
  class space    used 2092K, capacity 2253K, committed 2304K, reserved 1048576K
}
Event: 9.043 GC heap before
{Heap before GC invocations=3 (full 0):
 PSYoungGen      total 36864K, used 32733K [0x00000000d7000000, 0x00000000d9900000, 0x0000000100000000)
  eden space 31744K, 87% used [0x00000000d7000000,0x00000000d8af9848,0x00000000d8f00000)
  from space 5120K, 99% used [0x00000000d9400000,0x00000000d98fde48,0x00000000d9900000)
  to   space 5120K, 0% used [0x00000000d8f00000,0x00000000d8f00000,0x00000000d9400000)
 ParOldGen       total 84992K, used 3047K [0x0000000085000000, 0x000000008a300000, 0x00000000d7000000)
  object space 84992K, 3% used [0x0000000085000000,0x00000000852f9f68,0x000000008a300000)
 Metaspace       used 19858K, capacity 20290K, committed 20352K, reserved 1067008K
  class space    used 2464K, capacity 2639K, committed 2688K, reserved 1048576K
Event: 9.054 GC heap after
Heap after GC invocations=3 (full 0):
 PSYoungGen      total 36864K, used 5115K [0x00000000d7000000, 0x00000000db800000, 0x0000000100000000)
  eden space 31744K, 0% used [0x00000000d7000000,0x00000000d7000000,0x00000000d8f00000)
  from space 5120K, 99% used [0x00000000d8f00000,0x00000000d93fec70,0x00000000d9400000)
  to   space 5120K, 0% used [0x00000000db300000,0x00000000db300000,0x00000000db800000)
 ParOldGen       total 84992K, used 4266K [0x0000000085000000, 0x000000008a300000, 0x00000000d7000000)
  object space 84992K, 5% used [0x0000000085000000,0x000000008542a960,0x000000008a300000)
 Metaspace       used 19858K, capacity 20290K, committed 20352K, reserved 1067008K
  class space    used 2464K, capacity 2639K, committed 2688K, reserved 1048576K
}

Deoptimization events (10 events):
Event: 1.450 Thread 0x00007fb130010000 Uncommon trap: reason=class_check action=maybe_recompile pc=0x00007fb1214027a4 method=java.util.regex.Matcher.search(I)Z @ 86
Event: 1.451 Thread 0x00007fb130010000 Uncommon trap: reason=class_check action=maybe_recompile pc=0x00007fb1214027a4 method=java.util.regex.Matcher.search(I)Z @ 86
Event: 1.451 Thread 0x00007fb130010000 Uncommon trap: reason=class_check action=maybe_recompile pc=0x00007fb12137a3ac method=java.util.regex.Pattern$Curly.match(Ljava/util/regex/Matcher;ILjava/lang/CharSequence;)Z @ 19
Event: 1.463 Thread 0x00007fb130010000 Uncommon trap: reason=class_check action=maybe_recompile pc=0x00007fb12137a3ac method=java.util.regex.Pattern$Curly.match(Ljava/util/regex/Matcher;ILjava/lang/CharSequence;)Z @ 19
Event: 1.464 Thread 0x00007fb130010000 Uncommon trap: reason=class_check action=maybe_recompile pc=0x00007fb12137a3ac method=java.util.regex.Pattern$Curly.match(Ljava/util/regex/Matcher;ILjava/lang/CharSequence;)Z @ 19
Event: 1.520 Thread 0x00007fb130010000 Uncommon trap: reason=unstable_if action=reinterpret pc=0x00007fb121385944 method=java.util.regex.Pattern$BmpCharProperty.match(Ljava/util/regex/Matcher;ILjava/lang/CharSequence;)Z @ 34
Event: 2.152 Thread 0x00007fb130010000 Uncommon trap: reason=unstable_if action=reinterpret pc=0x00007fb1214a1968 method=java.util.concurrent.ConcurrentHashMap.putVal(Ljava/lang/Object;Ljava/lang/Object;Z)Ljava/lang/Object; @ 181
Event: 8.808 Thread 0x00007fb130010000 Uncommon trap: reason=unstable_if action=reinterpret pc=0x00007fb1212a5ba4 method=java.lang.String.lastIndexOf([CII[CIII)I @ 17
Event: 8.969 Thread 0x00007fb130010000 Uncommon trap: reason=unstable_if action=reinterpret pc=0x00007fb12142e9c8 method=java.lang.Integer.parseInt(Ljava/lang/String;I)I @ 122
Event: 9.195 Thread 0x00007fb130010000 Uncommon trap: reason=unstable_if action=reinterpret pc=0x00007fb1215107bc method=java.lang.String.lastIndexOf([CII[CIII)I @ 118

Classes redefined (0 events):
No events

Internal exceptions (10 events):
Event: 1.350 Thread 0x00007fb130010000 Exception <a 'java/lang/ArrayIndexOutOfBoundsException': 40> (0x00000000d810b068) thrown at [/HUDSON/workspace/8-2-build-linux-amd64/jdk8u161/10277/hotspot/src/share/vm/interpreter/interpreterRuntime.cpp, line 366]
Event: 1.351 Thread 0x00007fb130010000 Exception <a 'java/lang/ArrayIndexOutOfBoundsException': 90> (0x00000000d811a068) thrown at [/HUDSON/workspace/8-2-build-linux-amd64/jdk8u161/10277/hotspot/src/share/vm/interpreter/interpreterRuntime.cpp, line 366]
Event: 1.351 Thread 0x00007fb130010000 Exception <a 'java/lang/ArrayIndexOutOfBoundsException': 55> (0x00000000d8120850) thrown at [/HUDSON/workspace/8-2-build-linux-amd64/jdk8u161/10277/hotspot/src/share/vm/interpreter/interpreterRuntime.cpp, line 366]
Event: 1.378 Thread 0x00007fb130010000 Exception <a 'java/lang/IncompatibleClassChangeError': Found class java.lang.Object, but interface was expected> (0x00000000d8229a90) thrown at [/HUDSON/workspace/8-2-build-linux-amd64/jdk8u161/10277/hotspot/src/share/vm/interpreter/linkResolver.cpp, line
Event: 1.385 Thread 0x00007fb130010000 Exception <a 'java/lang/NoSuchMethodError': java.lang.Object.lambda$or$2(Ljava/util/function/Predicate;Ljava/lang/Object;)Z> (0x00000000d8238860) thrown at [/HUDSON/workspace/8-2-build-linux-amd64/jdk8u161/10277/hotspot/src/share/vm/interpreter/linkResolv
Event: 8.806 Thread 0x00007fb130010000 Exception <a 'java/io/FileNotFoundException'> (0x00000000d7b5c488) thrown at [/HUDSON/workspace/8-2-build-linux-amd64/jdk8u161/10277/hotspot/src/share/vm/prims/jni.cpp, line 709]
Event: 8.992 Thread 0x00007fb130010000 Exception <a 'java/io/FileNotFoundException'> (0x00000000d879c180) thrown at [/HUDSON/workspace/8-2-build-linux-amd64/jdk8u161/10277/hotspot/src/share/vm/prims/jni.cpp, line 709]
Event: 8.992 Thread 0x00007fb130010000 Exception <a 'java/io/FileNotFoundException'> (0x00000000d879cd28) thrown at [/HUDSON/workspace/8-2-build-linux-amd64/jdk8u161/10277/hotspot/src/share/vm/prims/jni.cpp, line 709]
Event: 9.188 Thread 0x00007fb130010000 Exception <a 'java/lang/UnsatisfiedLinkError': libtesseract.so: cannot open shared object file: No such file or directory> (0x00000000d7c90de8) thrown at [/HUDSON/workspace/8-2-build-linux-amd64/jdk8u161/10277/hotspot/src/share/vm/prims/jni.cpp, line 735]
Event: 9.190 Thread 0x00007fb130010000 Exception <a 'java/lang/UnsatisfiedLinkError': libtesseract.so: cannot open shared object file: No such file or directory> (0x00000000d7c92250) thrown at [/HUDSON/workspace/8-2-build-linux-amd64/jdk8u161/10277/hotspot/src/share/vm/prims/jni.cpp, line 735]

Events (10 events):
Event: 9.238 Thread 0x00007fb130010000 DEOPT PACKING pc=0x00007fb12117d0f4 sp=0x00007fb139db7c30
Event: 9.238 Thread 0x00007fb130010000 DEOPT UNPACKING pc=0x00007fb121047784 sp=0x00007fb139db7a70 mode 1
Event: 9.239 loading class com/sun/jna/NativeString
Event: 9.239 loading class com/sun/jna/NativeString done
Event: 9.239 Thread 0x00007fb130010000 DEOPT PACKING pc=0x00007fb1211c8261 sp=0x00007fb139db7db0
Event: 9.239 Thread 0x00007fb130010000 DEOPT UNPACKING pc=0x00007fb121047784 sp=0x00007fb139db7b20 mode 1
Event: 9.239 Thread 0x00007fb130010000 DEOPT PACKING pc=0x00007fb12117d354 sp=0x00007fb139db7e30
Event: 9.239 Thread 0x00007fb130010000 DEOPT UNPACKING pc=0x00007fb121047784 sp=0x00007fb139db7c70 mode 1
Event: 9.239 Thread 0x00007fb130010000 DEOPT PACKING pc=0x00007fb12117d0f4 sp=0x00007fb139db7fc0
Event: 9.239 Thread 0x00007fb130010000 DEOPT UNPACKING pc=0x00007fb121047784 sp=0x00007fb139db7e00 mode 1


Dynamic libraries:
00400000-00401000 r-xp 00000000 08:02 2239544                            /home/rakesh/Desktop/jdk1.8.0_161/jre/bin/java
00600000-00601000 rw-p 00000000 08:02 2239544                            /home/rakesh/Desktop/jdk1.8.0_161/jre/bin/java
016a7000-016c8000 rw-p 00000000 00:00 0                                  [heap]
85000000-8a300000 rw-p 00000000 00:00 0 
8a300000-d7000000 ---p 00000000 00:00 0 
d7000000-db800000 rw-p 00000000 00:00 0 
db800000-100000000 ---p 00000000 00:00 0 
100000000-1002a0000 rw-p 00000000 00:00 0 
1002a0000-140000000 ---p 00000000 00:00 0 
7fb0b22f6000-7fb0b2301000 r-xp 00000000 08:02 1450589                    /usr/lib/x86_64-linux-gnu/libjbig.so.0
7fb0b2301000-7fb0b2500000 ---p 0000b000 08:02 1450589                    /usr/lib/x86_64-linux-gnu/libjbig.so.0
7fb0b2500000-7fb0b2501000 r--p 0000a000 08:02 1450589                    /usr/lib/x86_64-linux-gnu/libjbig.so.0
7fb0b2501000-7fb0b2504000 rw-p 0000b000 08:02 1450589                    /usr/lib/x86_64-linux-gnu/libjbig.so.0
7fb0b2504000-7fb0b2525000 r-xp 00000000 08:02 3674608                    /lib/x86_64-linux-gnu/liblzma.so.5.0.0
7fb0b2525000-7fb0b2724000 ---p 00021000 08:02 3674608                    /lib/x86_64-linux-gnu/liblzma.so.5.0.0
7fb0b2724000-7fb0b2725000 r--p 00020000 08:02 3674608                    /lib/x86_64-linux-gnu/liblzma.so.5.0.0
7fb0b2725000-7fb0b2726000 rw-p 00021000 08:02 3674608                    /lib/x86_64-linux-gnu/liblzma.so.5.0.0
7fb0b2726000-7fb0b2777000 r-xp 00000000 08:02 1451006                    /usr/lib/x86_64-linux-gnu/libwebp.so.5.0.0
7fb0b2777000-7fb0b2977000 ---p 00051000 08:02 1451006                    /usr/lib/x86_64-linux-gnu/libwebp.so.5.0.0
7fb0b2977000-7fb0b2978000 r--p 00051000 08:02 1451006                    /usr/lib/x86_64-linux-gnu/libwebp.so.5.0.0
7fb0b2978000-7fb0b2979000 rw-p 00052000 08:02 1451006                    /usr/lib/x86_64-linux-gnu/libwebp.so.5.0.0
7fb0b2979000-7fb0b297e000 rw-p 00000000 00:00 0 
7fb0b297e000-7fb0b29ed000 r-xp 00000000 08:02 1442391                    /usr/lib/x86_64-linux-gnu/libtiff.so.5.2.0
7fb0b29ed000-7fb0b2bec000 ---p 0006f000 08:02 1442391                    /usr/lib/x86_64-linux-gnu/libtiff.so.5.2.0
7fb0b2bec000-7fb0b2bed000 r--p 0006e000 08:02 1442391                    /usr/lib/x86_64-linux-gnu/libtiff.so.5.2.0
7fb0b2bed000-7fb0b2bf0000 rw-p 0006f000 08:02 1442391                    /usr/lib/x86_64-linux-gnu/libtiff.so.5.2.0
7fb0b2bf0000-7fb0b2bf8000 r-xp 00000000 08:02 1455367                    /usr/lib/x86_64-linux-gnu/libgif.so.4.1.6
7fb0b2bf8000-7fb0b2df7000 ---p 00008000 08:02 1455367                    /usr/lib/x86_64-linux-gnu/libgif.so.4.1.6
7fb0b2df7000-7fb0b2df8000 r--p 00007000 08:02 1455367                    /usr/lib/x86_64-linux-gnu/libgif.so.4.1.6
7fb0b2df8000-7fb0b2df9000 rw-p 00008000 08:02 1455367                    /usr/lib/x86_64-linux-gnu/libgif.so.4.1.6
7fb0b2df9000-7fb0b2e3c000 r-xp 00000000 08:02 1450591                    /usr/lib/x86_64-linux-gnu/libjpeg.so.8.0.2
7fb0b2e3c000-7fb0b303c000 ---p 00043000 08:02 1450591                    /usr/lib/x86_64-linux-gnu/libjpeg.so.8.0.2
7fb0b303c000-7fb0b303d000 r--p 00043000 08:02 1450591                    /usr/lib/x86_64-linux-gnu/libjpeg.so.8.0.2
7fb0b303d000-7fb0b303e000 rw-p 00044000 08:02 1450591                    /usr/lib/x86_64-linux-gnu/libjpeg.so.8.0.2
7fb0b303e000-7fb0b304e000 rw-p 00000000 00:00 0 
7fb0b304e000-7fb0b3073000 r-xp 00000000 08:02 3674676                    /lib/x86_64-linux-gnu/libpng12.so.0.50.0
7fb0b3073000-7fb0b3272000 ---p 00025000 08:02 3674676                    /lib/x86_64-linux-gnu/libpng12.so.0.50.0
7fb0b3272000-7fb0b3273000 r--p 00024000 08:02 3674676                    /lib/x86_64-linux-gnu/libpng12.so.0.50.0
7fb0b3273000-7fb0b3274000 rw-p 00025000 08:02 3674676                    /lib/x86_64-linux-gnu/libpng12.so.0.50.0
7fb0b3274000-7fb0b328c000 r-xp 00000000 08:02 3674724                    /lib/x86_64-linux-gnu/libz.so.1.2.8
7fb0b328c000-7fb0b348b000 ---p 00018000 08:02 3674724                    /lib/x86_64-linux-gnu/libz.so.1.2.8
7fb0b348b000-7fb0b348c000 r--p 00017000 08:02 3674724                    /lib/x86_64-linux-gnu/libz.so.1.2.8
7fb0b348c000-7fb0b348d000 rw-p 00018000 08:02 3674724                    /lib/x86_64-linux-gnu/libz.so.1.2.8
7fb0b348d000-7fb0b368b000 r-xp 00000000 08:02 1445997                    /usr/lib/liblept.so.4.0.1
7fb0b368b000-7fb0b388b000 ---p 001fe000 08:02 1445997                    /usr/lib/liblept.so.4.0.1
7fb0b388b000-7fb0b388c000 r--p 001fe000 08:02 1445997                    /usr/lib/liblept.so.4.0.1
7fb0b388c000-7fb0b3892000 rw-p 001ff000 08:02 1445997                    /usr/lib/liblept.so.4.0.1
7fb0b3892000-7fb0b3b64000 r-xp 00000000 08:02 1446002                    /usr/lib/libtesseract.so.3.0.3
7fb0b3b64000-7fb0b3d63000 ---p 002d2000 08:02 1446002                    /usr/lib/libtesseract.so.3.0.3
7fb0b3d63000-7fb0b3d68000 r--p 002d1000 08:02 1446002                    /usr/lib/libtesseract.so.3.0.3
7fb0b3d68000-7fb0b3d69000 rw-p 002d6000 08:02 1446002                    /usr/lib/libtesseract.so.3.0.3
7fb0b3d69000-7fb0b4000000 rw-p 00000000 00:00 0 
7fb0b4000000-7fb0b4021000 rw-p 00000000 00:00 0 
7fb0b4021000-7fb0b8000000 ---p 00000000 00:00 0 
7fb0b8000000-7fb0b8021000 rw-p 00000000 00:00 0 
7fb0b8021000-7fb0bc000000 ---p 00000000 00:00 0 
7fb0bc000000-7fb0bc021000 rw-p 00000000 00:00 0 
7fb0bc021000-7fb0c0000000 ---p 00000000 00:00 0 
7fb0c0000000-7fb0c0021000 rw-p 00000000 00:00 0 
7fb0c0021000-7fb0c4000000 ---p 00000000 00:00 0 
7fb0c4000000-7fb0c4021000 rw-p 00000000 00:00 0 
7fb0c4021000-7fb0c8000000 ---p 00000000 00:00 0 
7fb0c8000000-7fb0c8021000 rw-p 00000000 00:00 0 
7fb0c8021000-7fb0cc000000 ---p 00000000 00:00 0 
7fb0cc000000-7fb0cc021000 rw-p 00000000 00:00 0 
7fb0cc021000-7fb0d0000000 ---p 00000000 00:00 0 
7fb0d0000000-7fb0d0021000 rw-p 00000000 00:00 0 
7fb0d0021000-7fb0d4000000 ---p 00000000 00:00 0 
7fb0d4000000-7fb0d4021000 rw-p 00000000 00:00 0 
7fb0d4021000-7fb0d8000000 ---p 00000000 00:00 0 
7fb0d8000000-7fb0d8021000 rw-p 00000000 00:00 0 
7fb0d8021000-7fb0dc000000 ---p 00000000 00:00 0 
7fb0dc000000-7fb0dc364000 rw-p 00000000 00:00 0 
7fb0dc364000-7fb0e0000000 ---p 00000000 00:00 0 
7fb0e0000000-7fb0e0021000 rw-p 00000000 00:00 0 
7fb0e0021000-7fb0e4000000 ---p 00000000 00:00 0 
7fb0e4000000-7fb0e4632000 rw-p 00000000 00:00 0 
7fb0e4632000-7fb0e8000000 ---p 00000000 00:00 0 
7fb0e8000000-7fb0e8401000 rw-p 00000000 00:00 0 
7fb0e8401000-7fb0ec000000 ---p 00000000 00:00 0 
7fb0ec000000-7fb0ec021000 rw-p 00000000 00:00 0 
7fb0ec021000-7fb0f0000000 ---p 00000000 00:00 0 
7fb0f00be000-7fb0f01a4000 r-xp 00000000 08:02 1450894                    /usr/lib/x86_64-linux-gnu/libstdc++.so.6.0.19
7fb0f01a4000-7fb0f03a3000 ---p 000e6000 08:02 1450894                    /usr/lib/x86_64-linux-gnu/libstdc++.so.6.0.19
7fb0f03a3000-7fb0f03ab000 r--p 000e5000 08:02 1450894                    /usr/lib/x86_64-linux-gnu/libstdc++.so.6.0.19
7fb0f03ab000-7fb0f03ad000 rw-p 000ed000 08:02 1450894                    /usr/lib/x86_64-linux-gnu/libstdc++.so.6.0.19
7fb0f03ad000-7fb0f03c2000 rw-p 00000000 00:00 0 
7fb0f03c2000-7fb0f03d9000 r-xp 00000000 08:02 803426                     /tmp/jna--938374178/jna1274828861226866363.tmp (deleted)
7fb0f03d9000-7fb0f04d8000 ---p 00017000 08:02 803426                     /tmp/jna--938374178/jna1274828861226866363.tmp (deleted)
7fb0f04d8000-7fb0f04da000 rw-p 00016000 08:02 803426                     /tmp/jna--938374178/jna1274828861226866363.tmp (deleted)
7fb0f04da000-7fb0f04dd000 ---p 00000000 00:00 0 
7fb0f04dd000-7fb0f05db000 rw-p 00000000 00:00 0 
7fb0f05db000-7fb0f05e0000 r-xp 00000000 08:02 1449992                    /usr/lib/x86_64-linux-gnu/libXdmcp.so.6.0.0
7fb0f05e0000-7fb0f07df000 ---p 00005000 08:02 1449992                    /usr/lib/x86_64-linux-gnu/libXdmcp.so.6.0.0
7fb0f07df000-7fb0f07e0000 r--p 00004000 08:02 1449992                    /usr/lib/x86_64-linux-gnu/libXdmcp.so.6.0.0
7fb0f07e0000-7fb0f07e1000 rw-p 00005000 08:02 1449992                    /usr/lib/x86_64-linux-gnu/libXdmcp.so.6.0.0
7fb0f07e1000-7fb0f07e3000 r-xp 00000000 08:02 1449981                    /usr/lib/x86_64-linux-gnu/libXau.so.6.0.0
7fb0f07e3000-7fb0f09e3000 ---p 00002000 08:02 1449981                    /usr/lib/x86_64-linux-gnu/libXau.so.6.0.0
7fb0f09e3000-7fb0f09e4000 r--p 00002000 08:02 1449981                    /usr/lib/x86_64-linux-gnu/libXau.so.6.0.0
7fb0f09e4000-7fb0f09e5000 rw-p 00003000 08:02 1449981                    /usr/lib/x86_64-linux-gnu/libXau.so.6.0.0
7fb0f09e5000-7fb0f0a02000 r-xp 00000000 08:02 1451054                    /usr/lib/x86_64-linux-gnu/libxcb.so.1.1.0
7fb0f0a02000-7fb0f0c02000 ---p 0001d000 08:02 1451054                    /usr/lib/x86_64-linux-gnu/libxcb.so.1.1.0
7fb0f0c02000-7fb0f0c03000 r--p 0001d000 08:02 1451054                    /usr/lib/x86_64-linux-gnu/libxcb.so.1.1.0
7fb0f0c03000-7fb0f0c04000 rw-p 0001e000 08:02 1451054                    /usr/lib/x86_64-linux-gnu/libxcb.so.1.1.0
7fb0f0c04000-7fb0f0c13000 r-xp 00000000 08:02 1450002                    /usr/lib/x86_64-linux-gnu/libXi.so.6.1.0
7fb0f0c13000-7fb0f0e12000 ---p 0000f000 08:02 1450002                    /usr/lib/x86_64-linux-gnu/libXi.so.6.1.0
7fb0f0e12000-7fb0f0e13000 r--p 0000e000 08:02 1450002                    /usr/lib/x86_64-linux-gnu/libXi.so.6.1.0
7fb0f0e13000-7fb0f0e14000 rw-p 0000f000 08:02 1450002                    /usr/lib/x86_64-linux-gnu/libXi.so.6.1.0
7fb0f0e14000-7fb0f0e19000 r-xp 00000000 08:02 1450022                    /usr/lib/x86_64-linux-gnu/libXtst.so.6.1.0
7fb0f0e19000-7fb0f1018000 ---p 00005000 08:02 1450022                    /usr/lib/x86_64-linux-gnu/libXtst.so.6.1.0
7fb0f1018000-7fb0f1019000 r--p 00004000 08:02 1450022                    /usr/lib/x86_64-linux-gnu/libXtst.so.6.1.0
7fb0f1019000-7fb0f101a000 rw-p 00005000 08:02 1450022                    /usr/lib/x86_64-linux-gnu/libXtst.so.6.1.0
7fb0f101a000-7fb0f1023000 r-xp 00000000 08:02 1450016                    /usr/lib/x86_64-linux-gnu/libXrender.so.1.3.0
7fb0f1023000-7fb0f1222000 ---p 00009000 08:02 1450016                    /usr/lib/x86_64-linux-gnu/libXrender.so.1.3.0
7fb0f1222000-7fb0f1223000 r--p 00008000 08:02 1450016                    /usr/lib/x86_64-linux-gnu/libXrender.so.1.3.0
7fb0f1223000-7fb0f1224000 rw-p 00009000 08:02 1450016                    /usr/lib/x86_64-linux-gnu/libXrender.so.1.3.0
7fb0f1224000-7fb0f1354000 r-xp 00000000 08:02 1449977                    /usr/lib/x86_64-linux-gnu/libX11.so.6.3.0
7fb0f1354000-7fb0f1554000 ---p 00130000 08:02 1449977                    /usr/lib/x86_64-linux-gnu/libX11.so.6.3.0
7fb0f1554000-7fb0f1555000 r--p 00130000 08:02 1449977                    /usr/lib/x86_64-linux-gnu/libX11.so.6.3.0
7fb0f1555000-7fb0f1559000 rw-p 00131000 08:02 1449977                    /usr/lib/x86_64-linux-gnu/libX11.so.6.3.0
7fb0f1559000-7fb0f156a000 r-xp 00000000 08:02 1449994                    /usr/lib/x86_64-linux-gnu/libXext.so.6.4.0
7fb0f156a000-7fb0f1769000 ---p 00011000 08:02 1449994                    /usr/lib/x86_64-linux-gnu/libXext.so.6.4.0
7fb0f1769000-7fb0f176a000 r--p 00010000 08:02 1449994                    /usr/lib/x86_64-linux-gnu/libXext.so.6.4.0
7fb0f176a000-7fb0f176b000 rw-p 00011000 08:02 1449994                    /usr/lib/x86_64-linux-gnu/libXext.so.6.4.0
7fb0f1784000-7fb0f17d8000 r-xp 00000000 08:02 2906099                    /home/rakesh/Desktop/jdk1.8.0_161/jre/lib/amd64/libawt_xawt.so
7fb0f17d8000-7fb0f19d8000 ---p 00054000 08:02 2906099                    /home/rakesh/Desktop/jdk1.8.0_161/jre/lib/amd64/libawt_xawt.so
7fb0f19d8000-7fb0f19dc000 rw-p 00054000 08:02 2906099                    /home/rakesh/Desktop/jdk1.8.0_161/jre/lib/amd64/libawt_xawt.so
7fb0f19dc000-7fb0f19dd000 rw-p 00000000 00:00 0 
7fb0f19dd000-7fb0f1a7f000 r-xp 00000000 08:02 2906085                    /home/rakesh/Desktop/jdk1.8.0_161/jre/lib/amd64/libawt.so
7fb0f1a7f000-7fb0f1c7f000 ---p 000a2000 08:02 2906085                    /home/rakesh/Desktop/jdk1.8.0_161/jre/lib/amd64/libawt.so
7fb0f1c7f000-7fb0f1c8b000 rw-p 000a2000 08:02 2906085                    /home/rakesh/Desktop/jdk1.8.0_161/jre/lib/amd64/libawt.so
7fb0f1c8b000-7fb0f1eaf000 rw-p 00000000 00:00 0 
7fb0f1eaf000-7fb0f1eb2000 ---p 00000000 00:00 0 
7fb0f1eb2000-7fb0f1fb0000 rw-p 00000000 00:00 0 
7fb0f1fb0000-7fb0f1fb3000 ---p 00000000 00:00 0 
7fb0f1fb3000-7fb0f22b1000 rw-p 00000000 00:00 0 
7fb0f22b1000-7fb0f24b1000 rw-p 00000000 00:00 0 
7fb0f24b1000-7fb0f24b4000 ---p 00000000 00:00 0 
7fb0f24b4000-7fb0f25b2000 rw-p 00000000 00:00 0 
7fb0f25b2000-7fb0f25b5000 ---p 00000000 00:00 0 
7fb0f25b5000-7fb0f26b3000 rw-p 00000000 00:00 0 
7fb0f26b3000-7fb0f26b6000 ---p 00000000 00:00 0 
7fb0f26b6000-7fb0f26ec000 rw-p 00000000 00:00 0 
7fb0f26ec000-7fb0f2708000 r--s 00393000 08:02 5507486                    /home/rakesh/Desktop/jdk1.8.0_161/jre/lib/ext/cldrdata.jar
7fb0f2708000-7fb0f270b000 ---p 00000000 00:00 0 
7fb0f270b000-7fb0f2809000 rw-p 00000000 00:00 0 
7fb0f2809000-7fb0f280c000 ---p 00000000 00:00 0 
7fb0f280c000-7fb0f2b0a000 rw-p 00000000 00:00 0 
7fb0f2b0a000-7fb0f2b20000 r-xp 00000000 08:02 3674588                    /lib/x86_64-linux-gnu/libgcc_s.so.1
7fb0f2b20000-7fb0f2d1f000 ---p 00016000 08:02 3674588                    /lib/x86_64-linux-gnu/libgcc_s.so.1
7fb0f2d1f000-7fb0f2d20000 rw-p 00015000 08:02 3674588                    /lib/x86_64-linux-gnu/libgcc_s.so.1
7fb0f2d29000-7fb0f2d2a000 rw-p 00000000 00:00 0 
7fb0f2d2a000-7fb0f2d2f000 r--s 002f9000 08:02 2906032                    /home/rakesh/Desktop/jdk1.8.0_161/jre/lib/charsets.jar
7fb0f2d2f000-7fb0f2d39000 r--s 00116000 08:02 5507493                    /home/rakesh/Desktop/jdk1.8.0_161/jre/lib/ext/localedata.jar
7fb0f2d39000-7fb0f2d6b000 r-xp 00000000 08:02 2906050                    /home/rakesh/Desktop/jdk1.8.0_161/jre/lib/amd64/libsunec.so
7fb0f2d6b000-7fb0f2f6a000 ---p 00032000 08:02 2906050                    /home/rakesh/Desktop/jdk1.8.0_161/jre/lib/amd64/libsunec.so
7fb0f2f6a000-7fb0f2f70000 rw-p 00031000 08:02 2906050                    /home/rakesh/Desktop/jdk1.8.0_161/jre/lib/amd64/libsunec.so
7fb0f2f70000-7fb0f2f80000 rw-p 00000000 00:00 0 
7fb0f2f80000-7fb0f2f91000 r-xp 00000000 08:02 2906095                    /home/rakesh/Desktop/jdk1.8.0_161/jre/lib/amd64/libnio.so
7fb0f2f91000-7fb0f3190000 ---p 00011000 08:02 2906095                    /home/rakesh/Desktop/jdk1.8.0_161/jre/lib/amd64/libnio.so
7fb0f3190000-7fb0f3191000 rw-p 00010000 08:02 2906095                    /home/rakesh/Desktop/jdk1.8.0_161/jre/lib/amd64/libnio.so
7fb0f3191000-7fb0f3193000 r--s 00009000 08:02 5507484                    /home/rakesh/Desktop/jdk1.8.0_161/jre/lib/ext/sunec.jar
7fb0f3193000-7fb0f3197000 r--s 0003a000 08:02 5507491                    /home/rakesh/Desktop/jdk1.8.0_161/jre/lib/ext/sunpkcs11.jar
7fb0f3197000-7fb0f319a000 r--s 0001a000 08:02 2906108                    /home/rakesh/Desktop/jdk1.8.0_161/jre/lib/jce.jar
7fb0f319a000-7fb0f339a000 rw-p 00000000 00:00 0 
7fb0f339a000-7fb0f339f000 r--s 0009d000 08:02 2906039                    /home/rakesh/Desktop/jdk1.8.0_161/jre/lib/jsse.jar
7fb0f339f000-7fb0f33a2000 ---p 00000000 00:00 0 
7fb0f33a2000-7fb0f34a0000 rw-p 00000000 00:00 0 
7fb0f34a0000-7fb0f34b6000 r-xp 00000000 08:02 2906092                    /home/rakesh/Desktop/jdk1.8.0_161/jre/lib/amd64/libnet.so
7fb0f34b6000-7fb0f36b6000 ---p 00016000 08:02 2906092                    /home/rakesh/Desktop/jdk1.8.0_161/jre/lib/amd64/libnet.so
7fb0f36b6000-7fb0f36b7000 rw-p 00016000 08:02 2906092                    /home/rakesh/Desktop/jdk1.8.0_161/jre/lib/amd64/libnet.so
7fb0f36b7000-7fb0f36ba000 r--s 00013000 08:02 2905435                    /home/rakesh/.m2/repository/commons-io/commons-io/1.3.2/commons-io-1.3.2.jar
7fb0f36ba000-7fb0f36bf000 r--s 00016000 08:02 2370834                    /home/rakesh/.m2/repository/xml-apis/xml-apis/1.0.b2/xml-apis-1.0.b2.jar
7fb0f36bf000-7fb0f36c4000 r--s 00048000 08:02 2370832                    /home/rakesh/.m2/repository/dom4j/dom4j/1.6.1/dom4j-1.6.1.jar
7fb0f36c4000-7fb0f36c6000 r--s 00005000 08:02 2237099                    /home/rakesh/.m2/repository/stax/stax-api/1.0.1/stax-api-1.0.1.jar
7fb0f36c6000-7fb0f3703000 r--s 0024f000 08:02 2237097                    /home/rakesh/.m2/repository/org/apache/xmlbeans/xmlbeans/2.3.0/xmlbeans-2.3.0.jar
7fb0f3703000-7fb0f3797000 r--s 00401000 08:02 2237095                    /home/rakesh/.m2/repository/org/apache/poi/poi-ooxml-schemas/3.9/poi-ooxml-schemas-3.9.jar
7fb0f3797000-7fb0f37b7000 r--s 001a9000 08:02 2237093                    /home/rakesh/.m2/repository/org/apache/poi/poi/3.9/poi-3.9.jar
7fb0f37b7000-7fb0f37c3000 r--s 000d9000 08:02 2237091                    /home/rakesh/.m2/repository/org/apache/poi/poi-ooxml/3.9/poi-ooxml-3.9.jar
7fb0f37c3000-7fb0f37c5000 r--s 0000e000 08:02 2237089                    /home/rakesh/.m2/repository/javax/activation/activation/1.1/activation-1.1.jar
7fb0f37c5000-7fb0f37ce000 r--s 0008c000 08:02 2237087                    /home/rakesh/.m2/repository/com/sun/mail/javax.mail/1.5.6/javax.mail-1.5.6.jar
7fb0f37ce000-7fb0f37d0000 r--s 0000c000 08:02 2237085                    /home/rakesh/.m2/repository/org/apache/commons/commons-email/1.5/commons-email-1.5.jar
7fb0f37d0000-7fb0f37d2000 r--s 00004000 08:02 3291962                    /home/rakesh/.m2/repository/org/slf4j/log4j-over-slf4j/1.7.25/log4j-over-slf4j-1.7.25.jar
7fb0f37d2000-7fb0f37d4000 r--s 00003000 08:02 2242138                    /home/rakesh/.m2/repository/org/slf4j/jcl-over-slf4j/1.7.25/jcl-over-slf4j-1.7.25.jar
7fb0f37d4000-7fb0f37d6000 r--s 00000000 08:02 2111799                    /home/rakesh/.m2/repository/org/slf4j/jul-to-slf4j/1.7.25/jul-to-slf4j-1.7.25.jar
7fb0f37d6000-7fb0f37d8000 r--s 00009000 08:02 1851079                    /home/rakesh/.m2/repository/org/slf4j/slf4j-api/1.7.25/slf4j-api-1.7.25.jar
7fb0f37d8000-7fb0f37e3000 r--s 00069000 08:02 3029342                    /home/rakesh/.m2/repository/ch/qos/logback/logback-core/1.2.3/logback-core-1.2.3.jar
7fb0f37e3000-7fb0f37e9000 r--s 00041000 08:02 2371822                    /home/rakesh/.m2/repository/ch/qos/logback/logback-classic/1.2.3/logback-classic-1.2.3.jar
7fb0f37e9000-7fb0f37eb000 r--s 0000c000 08:02 4735064                    /home/rakesh/.m2/repository/org/jboss/logging/jboss-logging/3.1.4.GA/jboss-logging-3.1.4.GA.jar
7fb0f37eb000-7fb0f37ef000 r--s 00020000 08:02 4735062                    /home/rakesh/.m2/repository/org/jboss/jboss-vfs/3.2.12.Final/jboss-vfs-3.2.12.Final.jar
7fb0f37ef000-7fb0f37f4000 r--s 00307000 08:02 4735060                    /home/rakesh/.m2/repository/net/sourceforge/lept4j/lept4j/1.6.1/lept4j-1.6.1.jar
7fb0f37f4000-7fb0f3800000 r--s 00108000 08:02 4735058                    /home/rakesh/.m2/repository/com/lowagie/itext/2.1.7/itext-2.1.7.jar
7fb0f3800000-7fb0f380a000 r--s 00081000 08:02 4735056                    /home/rakesh/.m2/repository/org/apache/xmlgraphics/xmlgraphics-commons/1.4/xmlgraphics-commons-1.4.jar
7fb0f380a000-7fb0f3818000 r--s 0007f000 08:02 5520243                    /home/rakesh/.m2/repository/commons-collections/commons-collections/3.2.1/commons-collections-3.2.1.jar
7fb0f3818000-7fb0f381d000 r--s 00035000 08:02 5506344                    /home/rakesh/.m2/repository/commons-beanutils/commons-beanutils/1.9.2/commons-beanutils-1.9.2.jar
7fb0f381d000-7fb0f3826000 r--s 0006f000 08:02 1990463                    /home/rakesh/.m2/repository/log4j/log4j/1.2.17/log4j-1.2.17.jar
7fb0f3826000-7fb0f382b000 r--s 00028000 08:02 4599056                    /home/rakesh/.m2/repository/org/ghost4j/ghost4j/1.0.1/ghost4j-1.0.1.jar
7fb0f382b000-7fb0f3836000 r--s 00088000 08:02 4599054                    /home/rakesh/.m2/repository/com/github/jai-imageio/jai-imageio-core/1.3.1/jai-imageio-core-1.3.1.jar
7fb0f3836000-7fb0f383a000 r--s 000dc000 08:02 4336514                    /home/rakesh/.m2/repository/net/java/dev/jna/jna/4.1.0/jna-4.1.0.jar
7fb0f383a000-7fb0f383d000 r--s 02475000 08:02 4599052                    /home/rakesh/.m2/repository/net/sourceforge/tess4j/tess4j/3.4.1/tess4j-3.4.1.jar
7fb0f383d000-7fb0f383e000 r--s 0017a000 08:02 2237251                    /home/rakesh/.m2/repository/org/bytedeco/javacpp-presets/tesseract/3.04-1.1/tesseract-3.04-1.1-linux-x86_64.jar
7fb0f383e000-7fb0f3842000 r--s 0003a000 08:02 2237249                    /home/rakesh/.m2/repository/org/bytedeco/javacpp/1.1/javacpp-1.1.jar
7fb0f3842000-7fb0f3843000 r--s 00228000 08:02 2237247                    /home/rakesh/.m2/repository/org/bytedeco/javacpp-presets/leptonica/1.72-1.1/leptonica-1.72-1.1-linux-x86_64.jar
7fb0f3843000-7fb0f3846000 r--s 0001f000 08:02 2237245                    /home/rakesh/.m2/repository/org/bytedeco/javacpp-presets/leptonica/1.72-1.1/leptonica-1.72-1.1.jar
7fb0f3846000-7fb0f384e000 r--s 00048000 08:02 2106998                    /home/rakesh/.m2/repository/org/apache/httpcomponents/httpcore/4.4.6/httpcore-4.4.6.jar
7fb0f384e000-7fb0f385b000 r--s 000aa000 08:02 2106996                    /home/rakesh/.m2/repository/org/apache/httpcomponents/httpclient/4.5.3/httpclient-4.5.3.jar
7fb0f385b000-7fb0f388b000 r--s 0024f000 08:02 2106986                    /home/rakesh/.m2/repository/com/google/guava/guava/23.0/guava-23.0.jar
7fb0f388b000-7fb0f39fa000 r--s 014e9000 08:02 4336644                    /home/rakesh/Documents/eclipseworkspace/jars/selenium-server-standalone-3.9.1.jar
7fb0f39fa000-7fb0f39fb000 ---p 00000000 00:00 0 
7fb0f39fb000-7fb0f3afb000 rw-p 00000000 00:00 0 
7fb0f3afb000-7fb0f3afe000 ---p 00000000 00:00 0 
7fb0f3afe000-7fb0f3bfc000 rw-p 00000000 00:00 0 
7fb0f3bfc000-7fb0f3bff000 ---p 00000000 00:00 0 
7fb0f3bff000-7fb0f3cfd000 rw-p 00000000 00:00 0 
7fb0f3cfd000-7fb0f3d00000 ---p 00000000 00:00 0 
7fb0f3d00000-7fb0f3dfe000 rw-p 00000000 00:00 0 
7fb0f3dfe000-7fb0f3e01000 ---p 00000000 00:00 0 
7fb0f3e01000-7fb0f3eff000 rw-p 00000000 00:00 0 
7fb0f3eff000-7fb0f3f02000 ---p 00000000 00:00 0 
7fb0f3f02000-7fb0f4000000 rw-p 00000000 00:00 0 
7fb0f4000000-7fb0f4021000 rw-p 00000000 00:00 0 
7fb0f4021000-7fb0f8000000 ---p 00000000 00:00 0 
7fb0f8000000-7fb0f8021000 rw-p 00000000 00:00 0 
7fb0f8021000-7fb0fc000000 ---p 00000000 00:00 0 
7fb0fc000000-7fb0fc021000 rw-p 00000000 00:00 0 
7fb0fc021000-7fb100000000 ---p 00000000 00:00 0 
7fb100000000-7fb100021000 rw-p 00000000 00:00 0 
7fb100021000-7fb104000000 ---p 00000000 00:00 0 
7fb104000000-7fb104021000 rw-p 00000000 00:00 0 
7fb104021000-7fb108000000 ---p 00000000 00:00 0 
7fb108000000-7fb108021000 rw-p 00000000 00:00 0 
7fb108021000-7fb10c000000 ---p 00000000 00:00 0 
7fb10c000000-7fb10c021000 rw-p 00000000 00:00 0 
7fb10c021000-7fb110000000 ---p 00000000 00:00 0 
7fb110000000-7fb110021000 rw-p 00000000 00:00 0 
7fb110021000-7fb114000000 ---p 00000000 00:00 0 
7fb114000000-7fb114021000 rw-p 00000000 00:00 0 
7fb114021000-7fb118000000 ---p 00000000 00:00 0 
7fb118000000-7fb118003000 r--s 0000f000 08:02 2237243                    /home/rakesh/.m2/repository/org/bytedeco/javacpp-presets/tesseract/3.04-1.1/tesseract-3.04-1.1.jar
7fb118003000-7fb118004000 r--s 00000000 08:02 2106994                    /home/rakesh/.m2/repository/org/codehaus/mojo/animal-sniffer-annotations/1.14/animal-sniffer-annotations-1.14.jar
7fb118004000-7fb118006000 r--s 00001000 08:02 2106992                    /home/rakesh/.m2/repository/com/google/j2objc/j2objc-annotations/1.1/j2objc-annotations-1.1.jar
7fb118006000-7fb118007000 r--s 00002000 08:02 2106990                    /home/rakesh/.m2/repository/com/google/errorprone/error_prone_annotations/2.0.18/error_prone_annotations-2.0.18.jar
7fb118007000-7fb11800a000 r--s 00006000 08:02 2106988                    /home/rakesh/.m2/repository/com/google/code/findbugs/jsr305/1.3.9/jsr305-1.3.9.jar
7fb11800a000-7fb11800f000 r--s 00034000 08:02 2106984                    /home/rakesh/.m2/repository/com/google/code/gson/gson/2.8.2/gson-2.8.2.jar
7fb11800f000-7fb118011000 r--s 0000e000 08:02 2106982                    /home/rakesh/.m2/repository/commons-logging/commons-logging/1.2/commons-logging-1.2.jar
7fb118011000-7fb118018000 r--s 0003f000 08:02 2106980                    /home/rakesh/.m2/repository/commons-codec/commons-codec/1.10/commons-codec-1.10.jar
7fb118018000-7fb11801a000 r--s 0000c000 08:02 1587799                    /home/rakesh/.m2/repository/org/apache/commons/commons-exec/1.3/commons-exec-1.3.jar
7fb11801a000-7fb118056000 r--s 0027f000 08:02 2106978                    /home/rakesh/.m2/repository/net/bytebuddy/byte-buddy/1.7.5/byte-buddy-1.7.5.jar
7fb118056000-7fb11805b000 r--s 00021000 08:02 2237075                    /home/rakesh/.m2/repository/org/seleniumhq/selenium/selenium-support/3.7.1/selenium-support-3.7.1.jar
7fb11805b000-7fb11805d000 r--s 00001000 08:02 2237073                    /home/rakesh/.m2/repository/org/seleniumhq/selenium/selenium-safari-driver/3.7.1/selenium-safari-driver-3.7.1.jar
7fb11805d000-7fb118063000 r--s 00050000 08:02 1986294                    /home/rakesh/.m2/repository/org/seleniumhq/selenium/selenium-remote-driver/3.7.1/selenium-remote-driver-3.7.1.jar
7fb118063000-7fb118064000 r--s 00001000 08:02 2237071                    /home/rakesh/.m2/repository/org/seleniumhq/selenium/selenium-opera-driver/3.7.1/selenium-opera-driver-3.7.1.jar
7fb118064000-7fb118068000 r--s 00019000 08:02 1986290                    /home/rakesh/.m2/repository/org/seleniumhq/selenium/selenium-api/3.7.1/selenium-api-3.7.1.jar
7fb118068000-7fb11806f000 r--s 00034000 08:02 138542                     /home/rakesh/Documents/eclipseworkspace/jars/java-client-5.0.1.jar
7fb11806f000-7fb118075000 r--s 0003d000 08:02 2905984                    /home/rakesh/.p2/pool/plugins/org.yaml.snakeyaml_1.17.0.jar
7fb118075000-7fb11807b000 r--s 0005b000 08:02 2905987                    /home/rakesh/.p2/pool/plugins/org.apache-extras.beanshell.bsh_2.0.0.b6.jar
7fb11807b000-7fb11807e000 r--s 0000f000 08:02 2905991                    /home/rakesh/.p2/pool/plugins/com.beust.jcommander_1.72.0.jar
7fb11807e000-7fb118081000 ---p 00000000 00:00 0 
7fb118081000-7fb11817f000 rw-p 00000000 00:00 0 
7fb11817f000-7fb118182000 ---p 00000000 00:00 0 
7fb118182000-7fb11c000000 rw-p 00000000 00:00 0 
7fb11c000000-7fb11c021000 rw-p 00000000 00:00 0 
7fb11c021000-7fb120000000 ---p 00000000 00:00 0 
7fb120000000-7fb120017000 r--s 000c1000 08:02 2905938                    /home/rakesh/.p2/pool/plugins/org.testng_6.13.1.r201712040515.jar
7fb120017000-7fb1200ad000 r--s 0110a000 08:02 5507487                    /home/rakesh/Desktop/jdk1.8.0_161/jre/lib/ext/jfxrt.jar
7fb1200ad000-7fb1200b1000 r-xp 00000000 08:02 2906062                    /home/rakesh/Desktop/jdk1.8.0_161/jre/lib/amd64/libdt_socket.so
7fb1200b1000-7fb1202b0000 ---p 00004000 08:02 2906062                    /home/rakesh/Desktop/jdk1.8.0_161/jre/lib/amd64/libdt_socket.so
7fb1202b0000-7fb1202b1000 rw-p 00003000 08:02 2906062                    /home/rakesh/Desktop/jdk1.8.0_161/jre/lib/amd64/libdt_socket.so
7fb1202b1000-7fb1202b4000 ---p 00000000 00:00 0 
7fb1202b4000-7fb1203b2000 rw-p 00000000 00:00 0 
7fb1203b2000-7fb1203b5000 ---p 00000000 00:00 0 
7fb1203b5000-7fb1204b3000 rw-p 00000000 00:00 0 
7fb1204b3000-7fb1204b6000 ---p 00000000 00:00 0 
7fb1204b6000-7fb1205b4000 rw-p 00000000 00:00 0 
7fb1205b4000-7fb1205b5000 ---p 00000000 00:00 0 
7fb1205b5000-7fb121000000 rw-p 00000000 00:00 0 
7fb121000000-7fb121580000 rwxp 00000000 00:00 0 
7fb121580000-7fb130000000 ---p 00000000 00:00 0 
7fb130000000-7fb130df8000 rw-p 00000000 00:00 0 
7fb130df8000-7fb134000000 ---p 00000000 00:00 0 
7fb134000000-7fb134002000 r--s 000c2000 08:02 2237067                    /home/rakesh/.m2/repository/org/seleniumhq/selenium/selenium-firefox-driver/3.7.1/selenium-firefox-driver-3.7.1.jar
7fb134002000-7fb134007000 r--s 00084000 08:02 2906001                    /home/rakesh/Desktop/jdk1.8.0_161/jre/lib/jfr.jar
7fb134007000-7fb13400c000 r--s 002f9000 08:02 2906032                    /home/rakesh/Desktop/jdk1.8.0_161/jre/lib/charsets.jar
7fb13400c000-7fb13400f000 r--s 0001a000 08:02 2906108                    /home/rakesh/Desktop/jdk1.8.0_161/jre/lib/jce.jar
7fb13400f000-7fb1346a6000 rw-p 00000000 00:00 0 
7fb1346a6000-7fb13487f000 r--s 03d64000 08:02 2906034                    /home/rakesh/Desktop/jdk1.8.0_161/jre/lib/rt.jar
7fb13487f000-7fb1354cd000 rw-p 00000000 00:00 0 
7fb1354cd000-7fb1354ce000 ---p 00000000 00:00 0 
7fb1354ce000-7fb1355ce000 rw-p 00000000 00:00 0 
7fb1355ce000-7fb1355cf000 ---p 00000000 00:00 0 
7fb1355cf000-7fb1356cf000 rw-p 00000000 00:00 0 
7fb1356cf000-7fb1356d0000 ---p 00000000 00:00 0 
7fb1356d0000-7fb1357d0000 rw-p 00000000 00:00 0 
7fb1357d0000-7fb1357d1000 ---p 00000000 00:00 0 
7fb1357d1000-7fb1358fb000 rw-p 00000000 00:00 0 
7fb1358fb000-7fb135b61000 ---p 00000000 00:00 0 
7fb135b61000-7fb135b8b000 rw-p 00000000 00:00 0 
7fb135b8b000-7fb135df1000 ---p 00000000 00:00 0 
7fb135df1000-7fb135e15000 rw-p 00000000 00:00 0 
7fb135e15000-7fb135f39000 ---p 00000000 00:00 0 
7fb135f39000-7fb135f50000 rw-p 00000000 00:00 0 
7fb135f50000-7fb1362fa000 ---p 00000000 00:00 0 
7fb1362fa000-7fb136315000 r-xp 00000000 08:02 2906088                    /home/rakesh/Desktop/jdk1.8.0_161/jre/lib/amd64/libzip.so
7fb136315000-7fb136515000 ---p 0001b000 08:02 2906088                    /home/rakesh/Desktop/jdk1.8.0_161/jre/lib/amd64/libzip.so
7fb136515000-7fb136516000 rw-p 0001b000 08:02 2906088                    /home/rakesh/Desktop/jdk1.8.0_161/jre/lib/amd64/libzip.so
7fb136516000-7fb136520000 r-xp 00000000 08:02 3677997                    /lib/x86_64-linux-gnu/libnss_files-2.19.so
7fb136520000-7fb13671f000 ---p 0000a000 08:02 3677997                    /lib/x86_64-linux-gnu/libnss_files-2.19.so
7fb13671f000-7fb136720000 r--p 00009000 08:02 3677997                    /lib/x86_64-linux-gnu/libnss_files-2.19.so
7fb136720000-7fb136721000 rw-p 0000a000 08:02 3677997                    /lib/x86_64-linux-gnu/libnss_files-2.19.so
7fb136721000-7fb13672c000 r-xp 00000000 08:02 3678001                    /lib/x86_64-linux-gnu/libnss_nis-2.19.so
7fb13672c000-7fb13692b000 ---p 0000b000 08:02 3678001                    /lib/x86_64-linux-gnu/libnss_nis-2.19.so
7fb13692b000-7fb13692c000 r--p 0000a000 08:02 3678001                    /lib/x86_64-linux-gnu/libnss_nis-2.19.so
7fb13692c000-7fb13692d000 rw-p 0000b000 08:02 3678001                    /lib/x86_64-linux-gnu/libnss_nis-2.19.so
7fb13692d000-7fb136944000 r-xp 00000000 08:02 3678014                    /lib/x86_64-linux-gnu/libnsl-2.19.so
7fb136944000-7fb136b43000 ---p 00017000 08:02 3678014                    /lib/x86_64-linux-gnu/libnsl-2.19.so
7fb136b43000-7fb136b44000 r--p 00016000 08:02 3678014                    /lib/x86_64-linux-gnu/libnsl-2.19.so
7fb136b44000-7fb136b45000 rw-p 00017000 08:02 3678014                    /lib/x86_64-linux-gnu/libnsl-2.19.so
7fb136b45000-7fb136b47000 rw-p 00000000 00:00 0 
7fb136b47000-7fb136b50000 r-xp 00000000 08:02 3678003                    /lib/x86_64-linux-gnu/libnss_compat-2.19.so
7fb136b50000-7fb136d4f000 ---p 00009000 08:02 3678003                    /lib/x86_64-linux-gnu/libnss_compat-2.19.so
7fb136d4f000-7fb136d50000 r--p 00008000 08:02 3678003                    /lib/x86_64-linux-gnu/libnss_compat-2.19.so
7fb136d50000-7fb136d51000 rw-p 00009000 08:02 3678003                    /lib/x86_64-linux-gnu/libnss_compat-2.19.so
7fb136d51000-7fb137433000 r--p 00000000 08:02 1448942                    /usr/lib/locale/locale-archive
7fb137433000-7fb137435000 r-xp 00000000 08:02 2906064                    /home/rakesh/Desktop/jdk1.8.0_161/jre/lib/amd64/libnpt.so
7fb137435000-7fb137635000 ---p 00002000 08:02 2906064                    /home/rakesh/Desktop/jdk1.8.0_161/jre/lib/amd64/libnpt.so
7fb137635000-7fb137636000 rw-p 00002000 08:02 2906064                    /home/rakesh/Desktop/jdk1.8.0_161/jre/lib/amd64/libnpt.so
7fb137636000-7fb137670000 r-xp 00000000 08:02 2906076                    /home/rakesh/Desktop/jdk1.8.0_161/jre/lib/amd64/libjdwp.so
7fb137670000-7fb13786f000 ---p 0003a000 08:02 2906076                    /home/rakesh/Desktop/jdk1.8.0_161/jre/lib/amd64/libjdwp.so
7fb13786f000-7fb137870000 rw-p 00039000 08:02 2906076                    /home/rakesh/Desktop/jdk1.8.0_161/jre/lib/amd64/libjdwp.so
7fb137870000-7fb137871000 rw-p 00000000 00:00 0 
7fb137871000-7fb13789c000 r-xp 00000000 08:02 2906082                    /home/rakesh/Desktop/jdk1.8.0_161/jre/lib/amd64/libjava.so
7fb13789c000-7fb137a9b000 ---p 0002b000 08:02 2906082                    /home/rakesh/Desktop/jdk1.8.0_161/jre/lib/amd64/libjava.so
7fb137a9b000-7fb137a9d000 rw-p 0002a000 08:02 2906082                    /home/rakesh/Desktop/jdk1.8.0_161/jre/lib/amd64/libjava.so
7fb137a9d000-7fb137aaa000 r-xp 00000000 08:02 2906087                    /home/rakesh/Desktop/jdk1.8.0_161/jre/lib/amd64/libverify.so
7fb137aaa000-7fb137caa000 ---p 0000d000 08:02 2906087                    /home/rakesh/Desktop/jdk1.8.0_161/jre/lib/amd64/libverify.so
7fb137caa000-7fb137cac000 rw-p 0000d000 08:02 2906087                    /home/rakesh/Desktop/jdk1.8.0_161/jre/lib/amd64/libverify.so
7fb137cac000-7fb137cb3000 r-xp 00000000 08:02 3678012                    /lib/x86_64-linux-gnu/librt-2.19.so
7fb137cb3000-7fb137eb2000 ---p 00007000 08:02 3678012                    /lib/x86_64-linux-gnu/librt-2.19.so
7fb137eb2000-7fb137eb3000 r--p 00006000 08:02 3678012                    /lib/x86_64-linux-gnu/librt-2.19.so
7fb137eb3000-7fb137eb4000 rw-p 00007000 08:02 3678012                    /lib/x86_64-linux-gnu/librt-2.19.so
7fb137eb4000-7fb137fb9000 r-xp 00000000 08:02 3678005                    /lib/x86_64-linux-gnu/libm-2.19.so
7fb137fb9000-7fb1381b8000 ---p 00105000 08:02 3678005                    /lib/x86_64-linux-gnu/libm-2.19.so
7fb1381b8000-7fb1381b9000 r--p 00104000 08:02 3678005                    /lib/x86_64-linux-gnu/libm-2.19.so
7fb1381b9000-7fb1381ba000 rw-p 00105000 08:02 3678005                    /lib/x86_64-linux-gnu/libm-2.19.so
7fb1381ba000-7fb138e93000 r-xp 00000000 08:02 3156309                    /home/rakesh/Desktop/jdk1.8.0_161/jre/lib/amd64/server/libjvm.so
7fb138e93000-7fb139092000 ---p 00cd9000 08:02 3156309                    /home/rakesh/Desktop/jdk1.8.0_161/jre/lib/amd64/server/libjvm.so
7fb139092000-7fb13916b000 rw-p 00cd8000 08:02 3156309                    /home/rakesh/Desktop/jdk1.8.0_161/jre/lib/amd64/server/libjvm.so
7fb13916b000-7fb1391b7000 rw-p 00000000 00:00 0 
7fb1391b7000-7fb139375000 r-xp 00000000 08:02 3678019                    /lib/x86_64-linux-gnu/libc-2.19.so
7fb139375000-7fb139575000 ---p 001be000 08:02 3678019                    /lib/x86_64-linux-gnu/libc-2.19.so
7fb139575000-7fb139579000 r--p 001be000 08:02 3678019                    /lib/x86_64-linux-gnu/libc-2.19.so
7fb139579000-7fb13957b000 rw-p 001c2000 08:02 3678019                    /lib/x86_64-linux-gnu/libc-2.19.so
7fb13957b000-7fb139580000 rw-p 00000000 00:00 0 
7fb139580000-7fb139583000 r-xp 00000000 08:02 3678015                    /lib/x86_64-linux-gnu/libdl-2.19.so
7fb139583000-7fb139782000 ---p 00003000 08:02 3678015                    /lib/x86_64-linux-gnu/libdl-2.19.so
7fb139782000-7fb139783000 r--p 00002000 08:02 3678015                    /lib/x86_64-linux-gnu/libdl-2.19.so
7fb139783000-7fb139784000 rw-p 00003000 08:02 3678015                    /lib/x86_64-linux-gnu/libdl-2.19.so
7fb139784000-7fb13979a000 r-xp 00000000 08:02 3026318                    /home/rakesh/Desktop/jdk1.8.0_161/jre/lib/amd64/jli/libjli.so
7fb13979a000-7fb139999000 ---p 00016000 08:02 3026318                    /home/rakesh/Desktop/jdk1.8.0_161/jre/lib/amd64/jli/libjli.so
7fb139999000-7fb13999a000 rw-p 00015000 08:02 3026318                    /home/rakesh/Desktop/jdk1.8.0_161/jre/lib/amd64/jli/libjli.so
7fb13999a000-7fb1399b3000 r-xp 00000000 08:02 3678011                    /lib/x86_64-linux-gnu/libpthread-2.19.so
7fb1399b3000-7fb139bb2000 ---p 00019000 08:02 3678011                    /lib/x86_64-linux-gnu/libpthread-2.19.so
7fb139bb2000-7fb139bb3000 r--p 00018000 08:02 3678011                    /lib/x86_64-linux-gnu/libpthread-2.19.so
7fb139bb3000-7fb139bb4000 rw-p 00019000 08:02 3678011                    /lib/x86_64-linux-gnu/libpthread-2.19.so
7fb139bb4000-7fb139bb8000 rw-p 00000000 00:00 0 
7fb139bb8000-7fb139bdb000 r-xp 00000000 08:02 3678008                    /lib/x86_64-linux-gnu/ld-2.19.so
7fb139bdb000-7fb139bdc000 r--s 00003000 08:02 2237069                    /home/rakesh/.m2/repository/org/seleniumhq/selenium/selenium-ie-driver/3.7.1/selenium-ie-driver-3.7.1.jar
7fb139bdc000-7fb139bdd000 r--s 00001000 08:02 2237065                    /home/rakesh/.m2/repository/org/seleniumhq/selenium/selenium-edge-driver/3.7.1/selenium-edge-driver-3.7.1.jar
7fb139bdd000-7fb139bf0000 r--s 00345000 08:02 2906038                    /home/rakesh/Desktop/jdk1.8.0_161/jre/lib/resources.jar
7fb139bf0000-7fb139cbb000 rw-p 00000000 00:00 0 
7fb139cbb000-7fb139cbe000 ---p 00000000 00:00 0 
7fb139cbe000-7fb139dc1000 rw-p 00000000 00:00 0 
7fb139dc1000-7fb139dc2000 r--s 00002000 08:02 1986292                    /home/rakesh/.m2/repository/org/seleniumhq/selenium/selenium-chrome-driver/3.7.1/selenium-chrome-driver-3.7.1.jar
7fb139dc2000-7fb139dc3000 r--s 00000000 08:02 1986288                    /home/rakesh/.m2/repository/org/seleniumhq/selenium/selenium-java/3.7.1/selenium-java-3.7.1.jar
7fb139dc3000-7fb139dc8000 r--s 0009d000 08:02 2906039                    /home/rakesh/Desktop/jdk1.8.0_161/jre/lib/jsse.jar
7fb139dc8000-7fb139dd0000 r--s 00048000 08:02 5506497                    /home/rakesh/Documents/softwares/eclipse/configuration/org.eclipse.osgi/506/0/.cp/lib/testng-remote.jar
7fb139dd0000-7fb139dd8000 rw-s 00000000 08:02 803244                     /tmp/hsperfdata_rakesh/23459
7fb139dd8000-7fb139dd9000 rw-p 00000000 00:00 0 
7fb139dd9000-7fb139dda000 r--p 00000000 00:00 0 
7fb139dda000-7fb139ddb000 r--p 00022000 08:02 3678008                    /lib/x86_64-linux-gnu/ld-2.19.so
7fb139ddb000-7fb139ddc000 rw-p 00023000 08:02 3678008                    /lib/x86_64-linux-gnu/ld-2.19.so
7fb139ddc000-7fb139ddd000 rw-p 00000000 00:00 0 
7fffb0501000-7fffb0524000 rw-p 00000000 00:00 0                          [stack]
7fffb0594000-7fffb0597000 r--p 00000000 00:00 0                          [vvar]
7fffb0597000-7fffb0599000 r-xp 00000000 00:00 0                          [vdso]
ffffffffff600000-ffffffffff601000 r-xp 00000000 00:00 0                  [vsyscall]

VM Arguments:
jvm_args: -agentlib:jdwp=transport=dt_socket,suspend=y,address=localhost:43786 -ea -Dfile.encoding=UTF-8 
java_command: org.testng.remote.RemoteTestNG -serport 35974 -protocol json -d /home/rakesh/Documents/eclipseworkspace/selenium_scripts/sample_maven_project/test-output /tmp/testng-eclipse-956978574/testng-customsuite.xml
java_class_path (initial): /home/rakesh/Documents/softwares/eclipse/configuration/org.eclipse.osgi/506/0/.cp/lib/testng-remote.jar:/home/rakesh/Desktop/jdk1.8.0_161/jre/lib/resources.jar:/home/rakesh/Desktop/jdk1.8.0_161/jre/lib/rt.jar:/home/rakesh/Desktop/jdk1.8.0_161/jre/lib/jsse.jar:/home/rakesh/Desktop/jdk1.8.0_161/jre/lib/jce.jar:/home/rakesh/Desktop/jdk1.8.0_161/jre/lib/charsets.jar:/home/rakesh/Desktop/jdk1.8.0_161/jre/lib/jfr.jar:/home/rakesh/Desktop/jdk1.8.0_161/jre/lib/ext/jaccess.jar:/home/rakesh/Desktop/jdk1.8.0_161/jre/lib/ext/sunjce_provider.jar:/home/rakesh/Desktop/jdk1.8.0_161/jre/lib/ext/nashorn.jar:/home/rakesh/Desktop/jdk1.8.0_161/jre/lib/ext/jfxrt.jar:/home/rakesh/Desktop/jdk1.8.0_161/jre/lib/ext/localedata.jar:/home/rakesh/Desktop/jdk1.8.0_161/jre/lib/ext/dnsns.jar:/home/rakesh/Desktop/jdk1.8.0_161/jre/lib/ext/sunpkcs11.jar:/home/rakesh/Desktop/jdk1.8.0_161/jre/lib/ext/zipfs.jar:/home/rakesh/Desktop/jdk1.8.0_161/jre/lib/ext/sunec.jar:/home/rakesh/Desktop/jdk1.8.0_161/jre/lib/ext/cldrdata.jar:/home/rakesh/Documents/eclipseworkspace/selenium_scripts/sample_maven_project/target/test-classes:/home/rakesh/Documents/eclipseworkspace/selenium_scripts/sample_maven_project/target/classes:/home/rakesh/.p2/pool/plugins/org.testng_6.13.1.r201712040515.jar:/home/rakesh/.p2/pool/plugins/com.beust.jcommander_1.72.0.jar:/home/rakesh/.p2/pool/plugins/org.apache-extras.beanshell.bsh_2.0.0.b6.jar:/home/rakesh/.p2/pool/plugins/org.yaml.snakeyaml_1.17.0.jar:/home/rakesh/Documents/eclipseworkspace/jars/selenium-server-standalone-3.9.1.jar:/home/rakesh/Documents/eclipseworkspace/jars/java-client-5.0.1.jar:/home/rakesh/.m2/repository/org/seleniumhq/selenium/selenium-java/3.7.1/selenium-java-3.7.1.jar:/home/rakesh/.m2/repository/org/seleniumhq/selenium/selenium-api/3.7.1/selenium-api-3.7.1.jar:/home/rakesh/.m2/repository/org/seleniumhq/selenium/selenium-chrome-driver/3.7.1/selenium-chrome-driver-3.7.1.jar:/home/rakesh/.m2/repository/org/seleniumhq/selenium/selenium-ed
Launcher Type: SUN_STANDARD

Environment Variables:
JAVA_HOME=/usr/lib/jvm/java-8-oracle
PATH=/home/linuxbrew/.linuxbrew/bin:/home/linuxbrew/.linuxbrew/sbin:/home/linuxbrew/.linuxbrew/bin:/home/linuxbrew/.linuxbrew/sbin:/home/linuxbrew/.linuxbrew/bin:/home/linuxbrew/.linuxbrew/sbin:/usr/local/sbin:/usr/local/bin:/usr/sbin:/usr/bin:/sbin:/bin:/usr/games:/usr/local/games:/usr/lib/jvm/java-8-oracle/bin:/usr/lib/jvm/java-8-oracle/db/bin:/usr/lib/jvm/java-8-oracle/jre/bin
SHELL=/bin/bash
DISPLAY=:0.0

Signal Handlers:
SIGSEGV: [libjvm.so+0xad01e0], sa_mask[0]=11111111011111111101111111111110, sa_flags=SA_RESTART|SA_SIGINFO
SIGBUS: [libjvm.so+0xad01e0], sa_mask[0]=11111111011111111101111111111110, sa_flags=SA_RESTART|SA_SIGINFO
SIGFPE: [libjvm.so+0x927fb0], sa_mask[0]=11111111011111111101111111111110, sa_flags=SA_RESTART|SA_SIGINFO
SIGPIPE: [libjvm.so+0x927fb0], sa_mask[0]=11111111011111111101111111111110, sa_flags=SA_RESTART|SA_SIGINFO
SIGXFSZ: [libjvm.so+0x927fb0], sa_mask[0]=11111111011111111101111111111110, sa_flags=SA_RESTART|SA_SIGINFO
SIGILL: [libjvm.so+0x927fb0], sa_mask[0]=11111111011111111101111111111110, sa_flags=SA_RESTART|SA_SIGINFO
SIGUSR1: SIG_DFL, sa_mask[0]=00000000000000000000000000000000, sa_flags=none
SIGUSR2: [libjvm.so+0x9297f0], sa_mask[0]=00100000000000000000000000000000, sa_flags=SA_RESTART|SA_SIGINFO
SIGHUP: [libjvm.so+0x92abf0], sa_mask[0]=11111111011111111101111111111110, sa_flags=SA_RESTART|SA_SIGINFO
SIGINT: [libjvm.so+0x92abf0], sa_mask[0]=11111111011111111101111111111110, sa_flags=SA_RESTART|SA_SIGINFO
SIGTERM: [libjvm.so+0x92abf0], sa_mask[0]=11111111011111111101111111111110, sa_flags=SA_RESTART|SA_SIGINFO
SIGQUIT: [libjvm.so+0x92abf0], sa_mask[0]=11111111011111111101111111111110, sa_flags=SA_RESTART|SA_SIGINFO


---------------  S Y S T E M  ---------------

OS:DISTRIB_ID=Ubuntu
DISTRIB_RELEASE=14.04
DISTRIB_CODENAME=trusty
DISTRIB_DESCRIPTION="Ubuntu 14.04.5 LTS"

uname:Linux 4.4.0-109-generic #132~14.04.1-Ubuntu SMP Tue Jan 9 21:46:42 UTC 2018 x86_64
libc:glibc 2.19 NPTL 2.19 
rlimit: STACK 8192k, CORE 0k, NPROC 31066, NOFILE 4096, AS infinity
load average:0.75 0.62 0.67

/proc/meminfo:
MemTotal:        8058712 kB
MemFree:          161780 kB
MemAvailable:    3043064 kB
Buffers:           85544 kB
Cached:          3646072 kB
SwapCached:         6344 kB
Active:          3916188 kB
Inactive:        3475852 kB
Active(anon):    3404792 kB
Inactive(anon):  1095484 kB
Active(file):     511396 kB
Inactive(file):  2380368 kB
Unevictable:          64 kB
Mlocked:              64 kB
SwapTotal:       8271868 kB
SwapFree:        8205356 kB
Dirty:              4232 kB
Writeback:             0 kB
AnonPages:       3654844 kB
Mapped:           645776 kB
Shmem:            839596 kB
Slab:             344936 kB
SReclaimable:     293364 kB
SUnreclaim:        51572 kB
KernelStack:       18032 kB
PageTables:        70520 kB
NFS_Unstable:          0 kB
Bounce:                0 kB
WritebackTmp:          0 kB
CommitLimit:    12301224 kB
Committed_AS:   12567636 kB
VmallocTotal:   34359738367 kB
VmallocUsed:           0 kB
VmallocChunk:          0 kB
HardwareCorrupted:     0 kB
AnonHugePages:   1357824 kB
CmaTotal:              0 kB
CmaFree:               0 kB
HugePages_Total:       0
HugePages_Free:        0
HugePages_Rsvd:        0
HugePages_Surp:        0
Hugepagesize:       2048 kB
DirectMap4k:      280828 kB
DirectMap2M:     7991296 kB
DirectMap1G:     1048576 kB


CPU:total 4 (initial active 4) (2 cores per cpu, 2 threads per core) family 6 model 61 stepping 4, cmov, cx8, fxsr, mmx, sse, sse2, sse3, ssse3, sse4.1, sse4.2, popcnt, avx, avx2, aes, clmul, erms, 3dnowpref, lzcnt, ht, tsc, tscinvbit, bmi1, bmi2, adx

/proc/cpuinfo:
processor	: 0
vendor_id	: GenuineIntel
cpu family	: 6
model		: 61
model name	: Intel(R) Core(TM) i5-5250U CPU @ 1.60GHz
stepping	: 4
microcode	: 0x1d
cpu MHz		: 2500.000
cache size	: 3072 KB
physical id	: 0
siblings	: 4
core id		: 0
cpu cores	: 2
apicid		: 0
initial apicid	: 0
fpu		: yes
fpu_exception	: yes
cpuid level	: 20
wp		: yes
flags		: fpu vme de pse tsc msr pae mce cx8 apic sep mtrr pge mca cmov pat pse36 clflush dts acpi mmx fxsr sse sse2 ss ht tm pbe syscall nx pdpe1gb rdtscp lm constant_tsc arch_perfmon pebs bts rep_good nopl xtopology nonstop_tsc aperfmperf eagerfpu pni pclmulqdq dtes64 monitor ds_cpl vmx est tm2 ssse3 sdbg fma cx16 xtpr pdcm pcid sse4_1 sse4_2 x2apic movbe popcnt tsc_deadline_timer aes xsave avx f16c rdrand lahf_lm abm 3dnowprefetch epb invpcid_single intel_pt kaiser tpr_shadow vnmi flexpriority ept vpid fsgsbase tsc_adjust bmi1 avx2 smep bmi2 erms invpcid rdseed adx smap xsaveopt dtherm ida arat pln pts
bugs		:
bogomips	: 3192.08
clflush size	: 64
cache_alignment	: 64
address sizes	: 39 bits physical, 48 bits virtual
power management:

processor	: 1
vendor_id	: GenuineIntel
cpu family	: 6
model		: 61
model name	: Intel(R) Core(TM) i5-5250U CPU @ 1.60GHz
stepping	: 4
microcode	: 0x1d
cpu MHz		: 2666.562
cache size	: 3072 KB
physical id	: 0
siblings	: 4
core id		: 1
cpu cores	: 2
apicid		: 2
initial apicid	: 2
fpu		: yes
fpu_exception	: yes
cpuid level	: 20
wp		: yes
flags		: fpu vme de pse tsc msr pae mce cx8 apic sep mtrr pge mca cmov pat pse36 clflush dts acpi mmx fxsr sse sse2 ss ht tm pbe syscall nx pdpe1gb rdtscp lm constant_tsc arch_perfmon pebs bts rep_good nopl xtopology nonstop_tsc aperfmperf eagerfpu pni pclmulqdq dtes64 monitor ds_cpl vmx est tm2 ssse3 sdbg fma cx16 xtpr pdcm pcid sse4_1 sse4_2 x2apic movbe popcnt tsc_deadline_timer aes xsave avx f16c rdrand lahf_lm abm 3dnowprefetch epb invpcid_single intel_pt kaiser tpr_shadow vnmi flexpriority ept vpid fsgsbase tsc_adjust bmi1 avx2 smep bmi2 erms invpcid rdseed adx smap xsaveopt dtherm ida arat pln pts
bugs		:
bogomips	: 3192.08
clflush size	: 64
cache_alignment	: 64
address sizes	: 39 bits physical, 48 bits virtual
power management:

processor	: 2
vendor_id	: GenuineIntel
cpu family	: 6
model		: 61
model name	: Intel(R) Core(TM) i5-5250U CPU @ 1.60GHz
stepping	: 4
microcode	: 0x1d
cpu MHz		: 2499.937
cache size	: 3072 KB
physical id	: 0
siblings	: 4
core id		: 0
cpu cores	: 2
apicid		: 1
initial apicid	: 1
fpu		: yes
fpu_exception	: yes
cpuid level	: 20
wp		: yes
flags		: fpu vme de pse tsc msr pae mce cx8 apic sep mtrr pge mca cmov pat pse36 clflush dts acpi mmx fxsr sse sse2 ss ht tm pbe syscall nx pdpe1gb rdtscp lm constant_tsc arch_perfmon pebs bts rep_good nopl xtopology nonstop_tsc aperfmperf eagerfpu pni pclmulqdq dtes64 monitor ds_cpl vmx est tm2 ssse3 sdbg fma cx16 xtpr pdcm pcid sse4_1 sse4_2 x2apic movbe popcnt tsc_deadline_timer aes xsave avx f16c rdrand lahf_lm abm 3dnowprefetch epb invpcid_single intel_pt kaiser tpr_shadow vnmi flexpriority ept vpid fsgsbase tsc_adjust bmi1 avx2 smep bmi2 erms invpcid rdseed adx smap xsaveopt dtherm ida arat pln pts
bugs		:
bogomips	: 3192.08
clflush size	: 64
cache_alignment	: 64
address sizes	: 39 bits physical, 48 bits virtual
power management:

processor	: 3
vendor_id	: GenuineIntel
cpu family	: 6
model		: 61
model name	: Intel(R) Core(TM) i5-5250U CPU @ 1.60GHz
stepping	: 4
microcode	: 0x1d
cpu MHz		: 2666.562
cache size	: 3072 KB
physical id	: 0
siblings	: 4
core id		: 1
cpu cores	: 2
apicid		: 3
initial apicid	: 3
fpu		: yes
fpu_exception	: yes
cpuid level	: 20
wp		: yes
flags		: fpu vme de pse tsc msr pae mce cx8 apic sep mtrr pge mca cmov pat pse36 clflush dts acpi mmx fxsr sse sse2 ss ht tm pbe syscall nx pdpe1gb rdtscp lm constant_tsc arch_perfmon pebs bts rep_good nopl xtopology nonstop_tsc aperfmperf eagerfpu pni pclmulqdq dtes64 monitor ds_cpl vmx est tm2 ssse3 sdbg fma cx16 xtpr pdcm pcid sse4_1 sse4_2 x2apic movbe popcnt tsc_deadline_timer aes xsave avx f16c rdrand lahf_lm abm 3dnowprefetch epb invpcid_single intel_pt kaiser tpr_shadow vnmi flexpriority ept vpid fsgsbase tsc_adjust bmi1 avx2 smep bmi2 erms invpcid rdseed adx smap xsaveopt dtherm ida arat pln pts
bugs		:
bogomips	: 3192.08
clflush size	: 64
cache_alignment	: 64
address sizes	: 39 bits physical, 48 bits virtual
power management:



Memory: 4k page, physical 8058712k(161532k free), swap 8271868k(8205356k free)

vm_info: Java HotSpot(TM) 64-Bit Server VM (25.161-b12) for linux-amd64 JRE (1.8.0_161-b12), built on Dec 19 2017 16:12:43 by "java_re" with gcc 4.3.0 20080428 (Red Hat 4.3.0-8)

time: Mon Mar 19 18:22:01 2018
elapsed time: 9 seconds (0d 0h 0m 9s)

