#
# A fatal error has been detected by the Java Runtime Environment:
#
#  SIGSEGV (0xb) at pc=0x00007f8c4c95833a, pid=21703, tid=0x00007f8c7692b700
#
# JRE version: Java(TM) SE Runtime Environment (8.0_161-b12) (build 1.8.0_161-b12)
# Java VM: Java HotSpot(TM) 64-Bit Server VM (25.161-b12 mixed mode linux-amd64 compressed oops)
# Problematic frame:
# C  [libtesseract.so.3.0.3+0x22533a]  ERRCODE::error(char const*, TessErrorLogCode, char const*, ...) const+0x16a
#
# Failed to write core dump. Core dumps have been disabled. To enable core dumping, try "ulimit -c unlimited" before starting Java again
#
# If you would like to submit a bug report, please visit:
#   http://bugreport.java.com/bugreport/crash.jsp
# The crash happened outside the Java Virtual Machine in native code.
# See problematic frame for where to report the bug.
#

---------------  T H R E A D  ---------------

Current thread (0x00007f8c70010000):  JavaThread "main" [_thread_in_native, id=21709, stack(0x00007f8c7682b000,0x00007f8c7692c000)]

siginfo: si_signo: 11 (SIGSEGV), si_code: 1 (SEGV_MAPERR), si_addr: 0x0000000000000000

Registers:
RAX=0x000000000000004e, RBX=0x00007f8c769276a0, RCX=0x00007f8c75e163dd, RDX=0x00007f8c760eb9d0
RSP=0x00007f8c76927680, RBP=0x0000000000000002, RSI=0x000000000000004e, RDI=0x00007f8c76924e50
R8 =0x00007f8c7692b700, R9 =0x61646120656c6966, R10=0x00007f8c760e7be0, R11=0x0000000000000000
R12=0x00007f8c769276cd, R13=0x00007f8c4c961177, R14=0x00007f8c4cc0e4a0, R15=0x00007f8c4c9777ff
RIP=0x00007f8c4c95833a, EFLAGS=0x0000000000010246, CSGSFS=0x0000000000000033, ERR=0x0000000000000004
  TRAPNO=0x000000000000000e

Top of Stack: (sp=0x00007f8c76927680)
0x00007f8c76927680:   0000000000000000 0000003000000030
0x00007f8c76927690:   00007f8c76927b90 00007f8c76927ab0
0x00007f8c769276a0:   5464657470616441 736574616c706d65
0x00007f8c769276b0:   4c4c554e203d2120 413a726f7272453a
0x00007f8c769276c0:   6166207472657373 206e693a64656c69
0x00007f8c769276d0:   61646120656c6966 2e686374616d7470
0x00007f8c769276e0:   6e696c202c707063 00000a3437312065
0x00007f8c769276f0:   0000000000000000 0000000000000000
0x00007f8c76927700:   0000000000000000 0000000000000000
0x00007f8c76927710:   0000000000000000 0000000000000000
0x00007f8c76927720:   0000000000000000 0000000000000000
0x00007f8c76927730:   0000000000000000 0000000000000000
0x00007f8c76927740:   0000000000000000 0000000000000000
0x00007f8c76927750:   0000000000000000 0000000000000000
0x00007f8c76927760:   0000000000000000 0000000000000000
0x00007f8c76927770:   0000000000000000 0000000000000000
0x00007f8c76927780:   0000000000000000 0000000000000000
0x00007f8c76927790:   0000000000000000 0000000000000000
0x00007f8c769277a0:   0000000000000000 0000000000000000
0x00007f8c769277b0:   0000000000000000 0000000000000000
0x00007f8c769277c0:   0000000000000000 0000000000000000
0x00007f8c769277d0:   0000000000000000 0000000000000000
0x00007f8c769277e0:   0000000000000000 0000000000000000
0x00007f8c769277f0:   0000000000000000 0000000000000000
0x00007f8c76927800:   0000000000000000 0000000000000000
0x00007f8c76927810:   0000000000000000 0000000000000000
0x00007f8c76927820:   0000000000000000 0000000000000000
0x00007f8c76927830:   0000000000000000 0000000000000000
0x00007f8c76927840:   0000000000000000 0000000000000000
0x00007f8c76927850:   0000000000000000 0000000000000000
0x00007f8c76927860:   0000000000000000 0000000000000000
0x00007f8c76927870:   0000000000000000 0000000000000000 

Instructions: (pc=0x00007f8c4c95833a)
0x00007f8c4c95831a:   48 89 d9 be 01 00 00 00 48 8b 38 31 c0 e8 14 60
0x00007f8c4c95832a:   e5 ff 83 fd ff 7c 14 85 ed 7e 2c 83 fd 02 7f 0b
0x00007f8c4c95833a:   8b 04 25 00 00 00 00 85 c0 74 52 48 8d 35 14 8d
0x00007f8c4c95834a:   01 00 48 8d 3d f5 81 4f 00 31 c9 ba 02 00 00 00 

Register to memory mapping:

RAX=0x000000000000004e is an unknown value
RBX=0x00007f8c769276a0 is pointing into the stack for thread: 0x00007f8c70010000
RCX=0x00007f8c75e163dd: __write+0x2d in /lib/x86_64-linux-gnu/libc.so.6 at 0x00007f8c75d27000
RDX=0x00007f8c760eb9d0: <offset 0x3c49d0> in /lib/x86_64-linux-gnu/libc.so.6 at 0x00007f8c75d27000
RSP=0x00007f8c76927680 is pointing into the stack for thread: 0x00007f8c70010000
RBP=0x0000000000000002 is an unknown value
RSI=0x000000000000004e is an unknown value
RDI=0x00007f8c76924e50 is pointing into the stack for thread: 0x00007f8c70010000
R8 =0x00007f8c7692b700 is pointing into the stack for thread: 0x00007f8c70010000
R9 =0x61646120656c6966 is an unknown value
R10=0x00007f8c760e7be0: <offset 0x3c0be0> in /lib/x86_64-linux-gnu/libc.so.6 at 0x00007f8c75d27000
R11=0x0000000000000000 is an unknown value
R12=0x00007f8c769276cd is pointing into the stack for thread: 0x00007f8c70010000
R13=0x00007f8c4c961177: <offset 0x22e177> in /usr/lib/libtesseract.so.3.0.3 at 0x00007f8c4c733000
R14=0x00007f8c4cc0e4a0: <offset 0x4db4a0> in /usr/lib/libtesseract.so.3.0.3 at 0x00007f8c4c733000
R15=0x00007f8c4c9777ff: <offset 0x2447ff> in /usr/lib/libtesseract.so.3.0.3 at 0x00007f8c4c733000


Stack: [0x00007f8c7682b000,0x00007f8c7692c000],  sp=0x00007f8c76927680,  free space=1009k
Native frames: (J=compiled Java code, j=interpreted, Vv=VM code, C=native code)
C  [libtesseract.so.3.0.3+0x22533a]  ERRCODE::error(char const*, TessErrorLogCode, char const*, ...) const+0x16a

Java frames: (J=compiled Java code, j=interpreted, Vv=VM code)
j  com.sun.jna.Native.invokePointer(JI[Ljava/lang/Object;)J+0
j  com.sun.jna.Function.invokePointer(I[Ljava/lang/Object;)Lcom/sun/jna/Pointer;+6
j  com.sun.jna.Function.invoke([Ljava/lang/Object;Ljava/lang/Class;Z)Ljava/lang/Object;+426
j  com.sun.jna.Function.invoke(Ljava/lang/Class;[Ljava/lang/Object;Ljava/util/Map;)Ljava/lang/Object;+262
j  com.sun.jna.Library$Handler.invoke(Ljava/lang/Object;Ljava/lang/reflect/Method;[Ljava/lang/Object;)Ljava/lang/Object;+316
j  com.sun.proxy.$Proxy4.TessBaseAPIGetUTF8Text(Lnet/sourceforge/tess4j/ITessAPI$TessBaseAPI;)Lcom/sun/jna/Pointer;+16
j  net.sourceforge.tess4j.Tesseract.getOCRText(Ljava/lang/String;I)Ljava/lang/String;+62
j  net.sourceforge.tess4j.Tesseract.doOCR(Ljava/util/List;Ljava/lang/String;Ljava/awt/Rectangle;)Ljava/lang/String;+69
j  net.sourceforge.tess4j.Tesseract.doOCR(Ljava/io/File;Ljava/awt/Rectangle;)Ljava/lang/String;+10
j  net.sourceforge.tess4j.Tesseract.doOCR(Ljava/io/File;)Ljava/lang/String;+3
j  com.maven.sample.Toast.Verify(Lorg/openqa/selenium/WebDriver;)Ljava/lang/String;+50
j  com.maven.sample.SeleniumBase.testSeleniumBase()V+77
v  ~StubRoutines::call_stub
j  sun.reflect.NativeMethodAccessorImpl.invoke0(Ljava/lang/reflect/Method;Ljava/lang/Object;[Ljava/lang/Object;)Ljava/lang/Object;+0
j  sun.reflect.NativeMethodAccessorImpl.invoke(Ljava/lang/Object;[Ljava/lang/Object;)Ljava/lang/Object;+100
j  sun.reflect.DelegatingMethodAccessorImpl.invoke(Ljava/lang/Object;[Ljava/lang/Object;)Ljava/lang/Object;+6
j  java.lang.reflect.Method.invoke(Ljava/lang/Object;[Ljava/lang/Object;)Ljava/lang/Object;+56
j  org.testng.internal.MethodInvocationHelper.invokeMethod(Ljava/lang/reflect/Method;Ljava/lang/Object;[Ljava/lang/Object;)Ljava/lang/Object;+255
j  org.testng.internal.Invoker.invokeMethod(Ljava/lang/Object;Lorg/testng/ITestNGMethod;[Ljava/lang/Object;ILorg/testng/xml/XmlSuite;Ljava/util/Map;Lorg/testng/ITestClass;[Lorg/testng/ITestNGMethod;[Lorg/testng/ITestNGMethod;Lorg/testng/internal/ConfigurationGroupMethods;Lorg/testng/internal/Invoker$FailureContext;)Lorg/testng/ITestResult;+382
j  org.testng.internal.Invoker.invokeTestMethod(Ljava/lang/Object;Lorg/testng/ITestNGMethod;[Ljava/lang/Object;ILorg/testng/xml/XmlSuite;Ljava/util/Map;Lorg/testng/ITestClass;[Lorg/testng/ITestNGMethod;[Lorg/testng/ITestNGMethod;Lorg/testng/internal/ConfigurationGroupMethods;Lorg/testng/internal/Invoker$FailureContext;)Lorg/testng/ITestResult;+29
j  org.testng.internal.Invoker.invokeTestMethods(Lorg/testng/ITestNGMethod;Lorg/testng/xml/XmlSuite;Ljava/util/Map;Lorg/testng/internal/ConfigurationGroupMethods;Ljava/lang/Object;Lorg/testng/ITestContext;)Ljava/util/List;+729
j  org.testng.internal.TestMethodWorker.invokeTestMethods(Lorg/testng/ITestNGMethod;Ljava/lang/Object;Lorg/testng/ITestContext;)V+19
j  org.testng.internal.TestMethodWorker.run()V+63
j  org.testng.TestRunner.privateRun(Lorg/testng/xml/XmlTest;)V+300
j  org.testng.TestRunner.run()V+25
j  org.testng.SuiteRunner.runTest(Lorg/testng/TestRunner;)V+1
j  org.testng.SuiteRunner.runSequentially()V+31
j  org.testng.SuiteRunner.privateRun()V+288
j  org.testng.SuiteRunner.run()V+6
j  org.testng.SuiteRunnerWorker.runSuite(Lorg/testng/internal/SuiteRunnerMap;Lorg/testng/xml/XmlSuite;)V+87
j  org.testng.SuiteRunnerWorker.run()V+12
j  org.testng.TestNG.runSuitesSequentially(Lorg/testng/xml/XmlSuite;Lorg/testng/internal/SuiteRunnerMap;ILjava/lang/String;)V+66
j  org.testng.TestNG.runSuitesLocally()Ljava/util/List;+156
j  org.testng.TestNG.runSuites()Ljava/util/List;+1
j  org.testng.TestNG.run()V+25
j  org.testng.remote.AbstractRemoteTestNG.run()V+149
j  org.testng.remote.RemoteTestNG.initAndRun(Lorg/testng/remote/IRemoteTestNG;[Ljava/lang/String;Lorg/testng/CommandLineArgs;Lorg/testng/remote/RemoteArgs;)V+184
j  org.testng.remote.RemoteTestNG.main([Ljava/lang/String;)V+201
v  ~StubRoutines::call_stub

---------------  P R O C E S S  ---------------

Java Threads: ( => current thread )
  0x00007f8c70b03000 JavaThread "Java2D Disposer" daemon [_thread_blocked, id=21956, stack(0x00007f8c4cfb9000,0x00007f8c4d0ba000)]
  0x00007f8c7095f800 JavaThread "Okio Watchdog" daemon [_thread_blocked, id=21747, stack(0x00007f8c4e975000,0x00007f8c4ea76000)]
  0x00007f8c70960800 JavaThread "OkHttp ConnectionPool" daemon [_thread_blocked, id=21745, stack(0x00007f8c4ea76000,0x00007f8c4eb77000)]
  0x00007f8c0000c800 JavaThread "Exec Stream Pumper" daemon [_thread_in_native, id=21744, stack(0x00007f8c4ef77000,0x00007f8c4f078000)]
  0x00007f8c0000b800 JavaThread "Exec Stream Pumper" daemon [_thread_in_native, id=21743, stack(0x00007f8c4f078000,0x00007f8c4f179000)]
  0x00007f8c00009000 JavaThread "process reaper" daemon [_thread_in_native, id=21740, stack(0x00007f8c540b2000,0x00007f8c540eb000)]
  0x00007f8c7089e800 JavaThread "UrlChecker-2" daemon [_thread_blocked, id=21735, stack(0x00007f8c4f179000,0x00007f8c4f27a000)]
  0x00007f8c7088a000 JavaThread "Exec Default Executor" daemon [_thread_blocked, id=21733, stack(0x00007f8c4f27a000,0x00007f8c4f37b000)]
  0x00007f8c70543000 JavaThread "ReaderThread" [_thread_in_native, id=21732, stack(0x00007f8c540eb000,0x00007f8c541ec000)]
  0x00007f8c700d8000 JavaThread "Service Thread" daemon [_thread_blocked, id=21729, stack(0x00007f8c5c517000,0x00007f8c5c618000)]
  0x00007f8c700d4800 JavaThread "C1 CompilerThread2" daemon [_thread_blocked, id=21728, stack(0x00007f8c5c618000,0x00007f8c5c719000)]
  0x00007f8c700d3000 JavaThread "C2 CompilerThread1" daemon [_thread_blocked, id=21727, stack(0x00007f8c5c719000,0x00007f8c5c81a000)]
  0x00007f8c700d0000 JavaThread "C2 CompilerThread0" daemon [_thread_blocked, id=21726, stack(0x00007f8c5c81a000,0x00007f8c5c91b000)]
  0x00007f8c28001000 JavaThread "JDWP Command Reader" daemon [_thread_in_native, id=21724, stack(0x00007f8c5c91b000,0x00007f8c5ca1c000)]
  0x00007f8c700cd800 JavaThread "JDWP Event Helper Thread" daemon [_thread_blocked, id=21723, stack(0x00007f8c5ca1c000,0x00007f8c5cb1d000)]
  0x00007f8c700ca000 JavaThread "JDWP Transport Listener: dt_socket" daemon [_thread_blocked, id=21720, stack(0x00007f8c5cb1d000,0x00007f8c5cc1e000)]
  0x00007f8c700bc800 JavaThread "Signal Dispatcher" daemon [_thread_blocked, id=21718, stack(0x00007f8c5ce22000,0x00007f8c5cf23000)]
  0x00007f8c7008a800 JavaThread "Finalizer" daemon [_thread_blocked, id=21717, stack(0x00007f8c5cf23000,0x00007f8c5d024000)]
  0x00007f8c70086000 JavaThread "Reference Handler" daemon [_thread_blocked, id=21716, stack(0x00007f8c5d024000,0x00007f8c5d125000)]
=>0x00007f8c70010000 JavaThread "main" [_thread_in_native, id=21709, stack(0x00007f8c7682b000,0x00007f8c7692c000)]

Other Threads:
  0x00007f8c7007e000 VMThread [stack: 0x00007f8c5d125000,0x00007f8c5d226000] [id=21715]
  0x00007f8c700dd800 WatcherThread [stack: 0x00007f8c5c416000,0x00007f8c5c517000] [id=21730]

VM state:not at safepoint (normal execution)

VM Mutex/Monitor currently owned by a thread: None

Heap:
 PSYoungGen      total 68608K, used 43366K [0x00000000d7000000, 0x00000000db800000, 0x0000000100000000)
  eden space 63488K, 68% used [0x00000000d7000000,0x00000000d9a59810,0x00000000dae00000)
  from space 5120K, 0% used [0x00000000db300000,0x00000000db300000,0x00000000db800000)
  to   space 5120K, 0% used [0x00000000dae00000,0x00000000dae00000,0x00000000db300000)
 ParOldGen       total 60416K, used 10782K [0x0000000085000000, 0x0000000088b00000, 0x00000000d7000000)
  object space 60416K, 17% used [0x0000000085000000,0x0000000085a878b8,0x0000000088b00000)
 Metaspace       used 21022K, capacity 21550K, committed 21888K, reserved 1069056K
  class space    used 2667K, capacity 2865K, committed 2944K, reserved 1048576K

Card table byte_map: [0x00007f8c5f52b000,0x00007f8c5f904000] byte_map_base: 0x00007f8c5f103000

Marking Bits: (ParMarkBitMap*) 0x00007f8c75cf9920
 Begin Bits: [0x00007f8c54280000, 0x00007f8c56140000)
 End Bits:   [0x00007f8c56140000, 0x00007f8c58000000)

Polling page: 0x00007f8c76949000

CodeCache: size=245760Kb used=5934Kb max_used=5940Kb free=239825Kb
 bounds [0x00007f8c5fcc4000, 0x00007f8c602a4000, 0x00007f8c6ecc4000]
 total_blobs=2084 nmethods=1638 adapters=367
 compilation: enabled

Compilation events (10 events):
Event: 8.228 Thread 0x00007f8c700d3000 nmethod 1635 0x00007f8c60278b10 code [0x00007f8c60278c60, 0x00007f8c60278cd8]
Event: 8.228 Thread 0x00007f8c700d3000 1636       4       java.io.RandomAccessFile::readFully (45 bytes)
Event: 8.229 Thread 0x00007f8c700d3000 nmethod 1636 0x00007f8c60293790 code [0x00007f8c602938e0, 0x00007f8c602939a8]
Event: 8.230 Thread 0x00007f8c700d0000 nmethod 1634 0x00007f8c60289ad0 code [0x00007f8c60289c40, 0x00007f8c6028a498]
Event: 8.246 Thread 0x00007f8c700d4800 1637       3       java.lang.Class::getMethod (64 bytes)
Event: 8.248 Thread 0x00007f8c700d4800 nmethod 1637 0x00007f8c60292250 code [0x00007f8c602924a0, 0x00007f8c60293188]
Event: 8.258 Thread 0x00007f8c700d4800 1638       1       sun.reflect.ByteVectorImpl::getLength (7 bytes)
Event: 8.258 Thread 0x00007f8c700d4800 nmethod 1638 0x00007f8c60289610 code [0x00007f8c60289760, 0x00007f8c60289870]
Event: 8.259 Thread 0x00007f8c700d4800 1639       3       java.util.WeakHashMap::eq (19 bytes)
Event: 8.259 Thread 0x00007f8c700d4800 nmethod 1639 0x00007f8c60289150 code [0x00007f8c602892c0, 0x00007f8c60289568]

GC Heap History (10 events):
Event: 0.905 GC heap before
{Heap before GC invocations=1 (full 0):
 PSYoungGen      total 36864K, used 31744K [0x00000000d7000000, 0x00000000d9900000, 0x0000000100000000)
  eden space 31744K, 100% used [0x00000000d7000000,0x00000000d8f00000,0x00000000d8f00000)
  from space 5120K, 0% used [0x00000000d9400000,0x00000000d9400000,0x00000000d9900000)
  to   space 5120K, 0% used [0x00000000d8f00000,0x00000000d8f00000,0x00000000d9400000)
 ParOldGen       total 84992K, used 0K [0x0000000085000000, 0x000000008a300000, 0x00000000d7000000)
  object space 84992K, 0% used [0x0000000085000000,0x0000000085000000,0x000000008a300000)
 Metaspace       used 11096K, capacity 11270K, committed 11392K, reserved 1058816K
  class space    used 1307K, capacity 1367K, committed 1408K, reserved 1048576K
Event: 0.918 GC heap after
Heap after GC invocations=1 (full 0):
 PSYoungGen      total 36864K, used 5116K [0x00000000d7000000, 0x00000000db800000, 0x0000000100000000)
  eden space 31744K, 0% used [0x00000000d7000000,0x00000000d7000000,0x00000000d8f00000)
  from space 5120K, 99% used [0x00000000d8f00000,0x00000000d93ff000,0x00000000d9400000)
  to   space 5120K, 0% used [0x00000000db300000,0x00000000db300000,0x00000000db800000)
 ParOldGen       total 84992K, used 1032K [0x0000000085000000, 0x000000008a300000, 0x00000000d7000000)
  object space 84992K, 1% used [0x0000000085000000,0x00000000851020b8,0x000000008a300000)
 Metaspace       used 11096K, capacity 11270K, committed 11392K, reserved 1058816K
  class space    used 1307K, capacity 1367K, committed 1408K, reserved 1048576K
}
Event: 7.404 GC heap before
{Heap before GC invocations=2 (full 0):
 PSYoungGen      total 36864K, used 36860K [0x00000000d7000000, 0x00000000db800000, 0x0000000100000000)
  eden space 31744K, 100% used [0x00000000d7000000,0x00000000d8f00000,0x00000000d8f00000)
  from space 5120K, 99% used [0x00000000d8f00000,0x00000000d93ff000,0x00000000d9400000)
  to   space 5120K, 0% used [0x00000000db300000,0x00000000db300000,0x00000000db800000)
 ParOldGen       total 84992K, used 1032K [0x0000000085000000, 0x000000008a300000, 0x00000000d7000000)
  object space 84992K, 1% used [0x0000000085000000,0x00000000851020b8,0x000000008a300000)
 Metaspace       used 16982K, capacity 17412K, committed 17664K, reserved 1064960K
  class space    used 2095K, capacity 2256K, committed 2304K, reserved 1048576K
Event: 7.415 GC heap after
Heap after GC invocations=2 (full 0):
 PSYoungGen      total 36864K, used 5111K [0x00000000d7000000, 0x00000000db800000, 0x0000000100000000)
  eden space 31744K, 0% used [0x00000000d7000000,0x00000000d7000000,0x00000000d8f00000)
  from space 5120K, 99% used [0x00000000db300000,0x00000000db7fde48,0x00000000db800000)
  to   space 5120K, 0% used [0x00000000d8f00000,0x00000000d8f00000,0x00000000d9400000)
 ParOldGen       total 84992K, used 3168K [0x0000000085000000, 0x000000008a300000, 0x00000000d7000000)
  object space 84992K, 3% used [0x0000000085000000,0x0000000085318080,0x000000008a300000)
 Metaspace       used 16982K, capacity 17412K, committed 17664K, reserved 1064960K
  class space    used 2095K, capacity 2256K, committed 2304K, reserved 1048576K
}
Event: 7.742 GC heap before
{Heap before GC invocations=3 (full 0):
 PSYoungGen      total 36864K, used 32697K [0x00000000d7000000, 0x00000000db800000, 0x0000000100000000)
  eden space 31744K, 86% used [0x00000000d7000000,0x00000000d8af0880,0x00000000d8f00000)
  from space 5120K, 99% used [0x00000000db300000,0x00000000db7fde48,0x00000000db800000)
  to   space 5120K, 0% used [0x00000000d8f00000,0x00000000d8f00000,0x00000000d9400000)
 ParOldGen       total 84992K, used 3168K [0x0000000085000000, 0x000000008a300000, 0x00000000d7000000)
  object space 84992K, 3% used [0x0000000085000000,0x0000000085318080,0x000000008a300000)
 Metaspace       used 19680K, capacity 20200K, committed 20352K, reserved 1067008K
  class space    used 2447K, capacity 2610K, committed 2688K, reserved 1048576K
Event: 7.750 GC heap after
Heap after GC invocations=3 (full 0):
 PSYoungGen      total 36864K, used 5107K [0x00000000d7000000, 0x00000000db800000, 0x0000000100000000)
  eden space 31744K, 0% used [0x00000000d7000000,0x00000000d7000000,0x00000000d8f00000)
  from space 5120K, 99% used [0x00000000d8f00000,0x00000000d93fcc20,0x00000000d9400000)
  to   space 5120K, 0% used [0x00000000db300000,0x00000000db300000,0x00000000db800000)
 ParOldGen       total 84992K, used 4354K [0x0000000085000000, 0x000000008a300000, 0x00000000d7000000)
  object space 84992K, 5% used [0x0000000085000000,0x0000000085440bc8,0x000000008a300000)
 Metaspace       used 19680K, capacity 20200K, committed 20352K, reserved 1067008K
  class space    used 2447K, capacity 2610K, committed 2688K, reserved 1048576K
}
Event: 7.986 GC heap before
{Heap before GC invocations=4 (full 0):
 PSYoungGen      total 36864K, used 27601K [0x00000000d7000000, 0x00000000db800000, 0x0000000100000000)
  eden space 31744K, 70% used [0x00000000d7000000,0x00000000d85f7a70,0x00000000d8f00000)
  from space 5120K, 99% used [0x00000000d8f00000,0x00000000d93fcc20,0x00000000d9400000)
  to   space 5120K, 0% used [0x00000000db300000,0x00000000db300000,0x00000000db800000)
 ParOldGen       total 84992K, used 4354K [0x0000000085000000, 0x000000008a300000, 0x00000000d7000000)
  object space 84992K, 5% used [0x0000000085000000,0x0000000085440bc8,0x000000008a300000)
 Metaspace       used 20702K, capacity 21134K, committed 21248K, reserved 1067008K
  class space    used 2593K, capacity 2771K, committed 2816K, reserved 1048576K
Event: 8.027 GC heap after
Heap after GC invocations=4 (full 0):
 PSYoungGen      total 68608K, used 5111K [0x00000000d7000000, 0x00000000db800000, 0x0000000100000000)
  eden space 63488K, 0% used [0x00000000d7000000,0x00000000d7000000,0x00000000dae00000)
  from space 5120K, 99% used [0x00000000db300000,0x00000000db7fdc88,0x00000000db800000)
  to   space 5120K, 0% used [0x00000000dae00000,0x00000000dae00000,0x00000000db300000)
 ParOldGen       total 84992K, used 20408K [0x0000000085000000, 0x000000008a300000, 0x00000000d7000000)
  object space 84992K, 24% used [0x0000000085000000,0x00000000863ee3b8,0x000000008a300000)
 Metaspace       used 20702K, capacity 21134K, committed 21248K, reserved 1067008K
  class space    used 2593K, capacity 2771K, committed 2816K, reserved 1048576K
}
Event: 8.027 GC heap before
{Heap before GC invocations=5 (full 1):
 PSYoungGen      total 68608K, used 5111K [0x00000000d7000000, 0x00000000db800000, 0x0000000100000000)
  eden space 63488K, 0% used [0x00000000d7000000,0x00000000d7000000,0x00000000dae00000)
  from space 5120K, 99% used [0x00000000db300000,0x00000000db7fdc88,0x00000000db800000)
  to   space 5120K, 0% used [0x00000000dae00000,0x00000000dae00000,0x00000000db300000)
 ParOldGen       total 84992K, used 20408K [0x0000000085000000, 0x000000008a300000, 0x00000000d7000000)
  object space 84992K, 24% used [0x0000000085000000,0x00000000863ee3b8,0x000000008a300000)
 Metaspace       used 20702K, capacity 21134K, committed 21248K, reserved 1067008K
  class space    used 2593K, capacity 2771K, committed 2816K, reserved 1048576K
Event: 8.068 GC heap after
Heap after GC invocations=5 (full 1):
 PSYoungGen      total 68608K, used 0K [0x00000000d7000000, 0x00000000db800000, 0x0000000100000000)
  eden space 63488K, 0% used [0x00000000d7000000,0x00000000d7000000,0x00000000dae00000)
  from space 5120K, 0% used [0x00000000db300000,0x00000000db300000,0x00000000db800000)
  to   space 5120K, 0% used [0x00000000dae00000,0x00000000dae00000,0x00000000db300000)
 ParOldGen       total 60416K, used 10782K [0x0000000085000000, 0x0000000088b00000, 0x00000000d7000000)
  object space 60416K, 17% used [0x0000000085000000,0x0000000085a878b8,0x0000000088b00000)
 Metaspace       used 20699K, capacity 21128K, committed 21248K, reserved 1067008K
  class space    used 2592K, capacity 2768K, committed 2816K, reserved 1048576K
}

Deoptimization events (10 events):
Event: 1.386 Thread 0x00007f8c70010000 Uncommon trap: reason=class_check action=maybe_recompile pc=0x00007f8c600dc5a4 method=java.util.regex.Matcher.search(I)Z @ 86
Event: 1.386 Thread 0x00007f8c70010000 Uncommon trap: reason=class_check action=maybe_recompile pc=0x00007f8c60045b2c method=java.util.regex.Pattern$Curly.match(Ljava/util/regex/Matcher;ILjava/lang/CharSequence;)Z @ 19
Event: 1.400 Thread 0x00007f8c70010000 Uncommon trap: reason=class_check action=maybe_recompile pc=0x00007f8c60045b2c method=java.util.regex.Pattern$Curly.match(Ljava/util/regex/Matcher;ILjava/lang/CharSequence;)Z @ 19
Event: 1.400 Thread 0x00007f8c70010000 Uncommon trap: reason=class_check action=maybe_recompile pc=0x00007f8c60045b2c method=java.util.regex.Pattern$Curly.match(Ljava/util/regex/Matcher;ILjava/lang/CharSequence;)Z @ 19
Event: 1.456 Thread 0x00007f8c70010000 Uncommon trap: reason=unstable_if action=reinterpret pc=0x00007f8c6002ec84 method=java.util.regex.Pattern$BmpCharProperty.match(Ljava/util/regex/Matcher;ILjava/lang/CharSequence;)Z @ 34
Event: 2.079 Thread 0x00007f8c70010000 Uncommon trap: reason=unstable_if action=reinterpret pc=0x00007f8c60176924 method=java.util.concurrent.ConcurrentHashMap.putVal(Ljava/lang/Object;Ljava/lang/Object;Z)Ljava/lang/Object; @ 181
Event: 7.527 Thread 0x00007f8c70010000 Uncommon trap: reason=unstable_if action=reinterpret pc=0x00007f8c5ff412a4 method=java.lang.String.lastIndexOf([CII[CIII)I @ 17
Event: 7.675 Thread 0x00007f8c70010000 Uncommon trap: reason=unstable_if action=reinterpret pc=0x00007f8c5ffc6f18 method=java.lang.Integer.parseInt(Ljava/lang/String;I)I @ 122
Event: 7.886 Thread 0x00007f8c70010000 Uncommon trap: reason=unstable_if action=reinterpret pc=0x00007f8c601ceefc method=java.lang.String.lastIndexOf([CII[CIII)I @ 118
Event: 8.238 Thread 0x00007f8c70010000 Uncommon trap: reason=unstable_if action=reinterpret pc=0x00007f8c60278ca8 method=java.lang.Math.min(JJ)J @ 3

Classes redefined (0 events):
No events

Internal exceptions (10 events):
Event: 1.280 Thread 0x00007f8c70010000 Exception <a 'java/lang/ArrayIndexOutOfBoundsException': 40> (0x00000000d80f1f10) thrown at [/HUDSON/workspace/8-2-build-linux-amd64/jdk8u161/10277/hotspot/src/share/vm/interpreter/interpreterRuntime.cpp, line 366]
Event: 1.281 Thread 0x00007f8c70010000 Exception <a 'java/lang/ArrayIndexOutOfBoundsException': 90> (0x00000000d8100f10) thrown at [/HUDSON/workspace/8-2-build-linux-amd64/jdk8u161/10277/hotspot/src/share/vm/interpreter/interpreterRuntime.cpp, line 366]
Event: 1.281 Thread 0x00007f8c70010000 Exception <a 'java/lang/ArrayIndexOutOfBoundsException': 55> (0x00000000d8107708) thrown at [/HUDSON/workspace/8-2-build-linux-amd64/jdk8u161/10277/hotspot/src/share/vm/interpreter/interpreterRuntime.cpp, line 366]
Event: 1.303 Thread 0x00007f8c70010000 Exception <a 'java/lang/IncompatibleClassChangeError': Found class java.lang.Object, but interface was expected> (0x00000000d820fe48) thrown at [/HUDSON/workspace/8-2-build-linux-amd64/jdk8u161/10277/hotspot/src/share/vm/interpreter/linkResolver.cpp, line
Event: 1.309 Thread 0x00007f8c70010000 Exception <a 'java/lang/NoSuchMethodError': java.lang.Object.lambda$or$2(Ljava/util/function/Predicate;Ljava/lang/Object;)Z> (0x00000000d821ec18) thrown at [/HUDSON/workspace/8-2-build-linux-amd64/jdk8u161/10277/hotspot/src/share/vm/interpreter/linkResolv
Event: 7.521 Thread 0x00007f8c70010000 Exception <a 'java/io/FileNotFoundException'> (0x00000000d7b13e50) thrown at [/HUDSON/workspace/8-2-build-linux-amd64/jdk8u161/10277/hotspot/src/share/vm/prims/jni.cpp, line 709]
Event: 7.700 Thread 0x00007f8c70010000 Exception <a 'java/io/FileNotFoundException'> (0x00000000d8754258) thrown at [/HUDSON/workspace/8-2-build-linux-amd64/jdk8u161/10277/hotspot/src/share/vm/prims/jni.cpp, line 709]
Event: 7.700 Thread 0x00007f8c70010000 Exception <a 'java/io/FileNotFoundException'> (0x00000000d8754e00) thrown at [/HUDSON/workspace/8-2-build-linux-amd64/jdk8u161/10277/hotspot/src/share/vm/prims/jni.cpp, line 709]
Event: 7.879 Thread 0x00007f8c70010000 Exception <a 'java/lang/UnsatisfiedLinkError': libtesseract.so: cannot open shared object file: No such file or directory> (0x00000000d7c91348) thrown at [/HUDSON/workspace/8-2-build-linux-amd64/jdk8u161/10277/hotspot/src/share/vm/prims/jni.cpp, line 735]
Event: 7.880 Thread 0x00007f8c70010000 Exception <a 'java/lang/UnsatisfiedLinkError': libtesseract.so: cannot open shared object file: No such file or directory> (0x00000000d7c927b0) thrown at [/HUDSON/workspace/8-2-build-linux-amd64/jdk8u161/10277/hotspot/src/share/vm/prims/jni.cpp, line 735]

Events (10 events):
Event: 8.245 loading class java/lang/StrictMath
Event: 8.245 loading class java/lang/StrictMath done
Event: 8.246 loading class com/sun/jna/Native$Buffers
Event: 8.246 loading class com/sun/jna/Native$Buffers done
Event: 8.246 Thread 0x00007f8c70010000 DEOPT PACKING pc=0x00007f8c5fe8bd21 sp=0x00007f8c76927760
Event: 8.246 Thread 0x00007f8c70010000 DEOPT UNPACKING pc=0x00007f8c5fd0b784 sp=0x00007f8c769274d0 mode 1
Event: 8.246 Thread 0x00007f8c70010000 DEOPT PACKING pc=0x00007f8c5fe40514 sp=0x00007f8c769277e0
Event: 8.246 Thread 0x00007f8c70010000 DEOPT UNPACKING pc=0x00007f8c5fd0b784 sp=0x00007f8c76927620 mode 1
Event: 8.246 Thread 0x00007f8c70010000 DEOPT PACKING pc=0x00007f8c5fe402b4 sp=0x00007f8c76927970
Event: 8.246 Thread 0x00007f8c70010000 DEOPT UNPACKING pc=0x00007f8c5fd0b784 sp=0x00007f8c769277b0 mode 1


Dynamic libraries:
00400000-00401000 r-xp 00000000 08:02 2239544                            /home/rakesh/Desktop/jdk1.8.0_161/jre/bin/java
00600000-00601000 rw-p 00000000 08:02 2239544                            /home/rakesh/Desktop/jdk1.8.0_161/jre/bin/java
01379000-0139a000 rw-p 00000000 00:00 0                                  [heap]
85000000-88b00000 rw-p 00000000 00:00 0 
88b00000-d7000000 ---p 00000000 00:00 0 
d7000000-db800000 rw-p 00000000 00:00 0 
db800000-100000000 ---p 00000000 00:00 0 
100000000-1002e0000 rw-p 00000000 00:00 0 
1002e0000-140000000 ---p 00000000 00:00 0 
7f8be8000000-7f8be8021000 rw-p 00000000 00:00 0 
7f8be8021000-7f8bec000000 ---p 00000000 00:00 0 
7f8bec000000-7f8bec021000 rw-p 00000000 00:00 0 
7f8bec021000-7f8bf0000000 ---p 00000000 00:00 0 
7f8bf0000000-7f8bf0021000 rw-p 00000000 00:00 0 
7f8bf0021000-7f8bf4000000 ---p 00000000 00:00 0 
7f8bf4000000-7f8bf4021000 rw-p 00000000 00:00 0 
7f8bf4021000-7f8bf8000000 ---p 00000000 00:00 0 
7f8bf8000000-7f8bf8021000 rw-p 00000000 00:00 0 
7f8bf8021000-7f8bfc000000 ---p 00000000 00:00 0 
7f8bfc000000-7f8bfc021000 rw-p 00000000 00:00 0 
7f8bfc021000-7f8c00000000 ---p 00000000 00:00 0 
7f8c00000000-7f8c00021000 rw-p 00000000 00:00 0 
7f8c00021000-7f8c04000000 ---p 00000000 00:00 0 
7f8c04000000-7f8c04021000 rw-p 00000000 00:00 0 
7f8c04021000-7f8c08000000 ---p 00000000 00:00 0 
7f8c08000000-7f8c08021000 rw-p 00000000 00:00 0 
7f8c08021000-7f8c0c000000 ---p 00000000 00:00 0 
7f8c10000000-7f8c10021000 rw-p 00000000 00:00 0 
7f8c10021000-7f8c14000000 ---p 00000000 00:00 0 
7f8c14000000-7f8c14021000 rw-p 00000000 00:00 0 
7f8c14021000-7f8c18000000 ---p 00000000 00:00 0 
7f8c18000000-7f8c186cc000 rw-p 00000000 00:00 0 
7f8c186cc000-7f8c1c000000 ---p 00000000 00:00 0 
7f8c1c000000-7f8c1c31b000 rw-p 00000000 00:00 0 
7f8c1c31b000-7f8c20000000 ---p 00000000 00:00 0 
7f8c20000000-7f8c20021000 rw-p 00000000 00:00 0 
7f8c20021000-7f8c24000000 ---p 00000000 00:00 0 
7f8c24000000-7f8c243fe000 rw-p 00000000 00:00 0 
7f8c243fe000-7f8c28000000 ---p 00000000 00:00 0 
7f8c28000000-7f8c28021000 rw-p 00000000 00:00 0 
7f8c28021000-7f8c2c000000 ---p 00000000 00:00 0 
7f8c2c000000-7f8c2c021000 rw-p 00000000 00:00 0 
7f8c2c021000-7f8c30000000 ---p 00000000 00:00 0 
7f8c30000000-7f8c30021000 rw-p 00000000 00:00 0 
7f8c30021000-7f8c34000000 ---p 00000000 00:00 0 
7f8c34000000-7f8c34021000 rw-p 00000000 00:00 0 
7f8c34021000-7f8c38000000 ---p 00000000 00:00 0 
7f8c38000000-7f8c3802b000 rw-p 00000000 00:00 0 
7f8c3802b000-7f8c3c000000 ---p 00000000 00:00 0 
7f8c3c000000-7f8c3c021000 rw-p 00000000 00:00 0 
7f8c3c021000-7f8c40000000 ---p 00000000 00:00 0 
7f8c40000000-7f8c40021000 rw-p 00000000 00:00 0 
7f8c40021000-7f8c44000000 ---p 00000000 00:00 0 
7f8c460a1000-7f8c46ce9000 rw-p 00000000 00:00 0 
7f8c46ce9000-7f8c46e69000 ---p 00000000 00:00 0 
7f8c46e69000-7f8c46e74000 r-xp 00000000 08:02 1450589                    /usr/lib/x86_64-linux-gnu/libjbig.so.0
7f8c46e74000-7f8c47073000 ---p 0000b000 08:02 1450589                    /usr/lib/x86_64-linux-gnu/libjbig.so.0
7f8c47073000-7f8c47074000 r--p 0000a000 08:02 1450589                    /usr/lib/x86_64-linux-gnu/libjbig.so.0
7f8c47074000-7f8c47077000 rw-p 0000b000 08:02 1450589                    /usr/lib/x86_64-linux-gnu/libjbig.so.0
7f8c47077000-7f8c47098000 r-xp 00000000 08:02 3674608                    /lib/x86_64-linux-gnu/liblzma.so.5.0.0
7f8c47098000-7f8c47297000 ---p 00021000 08:02 3674608                    /lib/x86_64-linux-gnu/liblzma.so.5.0.0
7f8c47297000-7f8c47298000 r--p 00020000 08:02 3674608                    /lib/x86_64-linux-gnu/liblzma.so.5.0.0
7f8c47298000-7f8c47299000 rw-p 00021000 08:02 3674608                    /lib/x86_64-linux-gnu/liblzma.so.5.0.0
7f8c47299000-7f8c472ea000 r-xp 00000000 08:02 1451006                    /usr/lib/x86_64-linux-gnu/libwebp.so.5.0.0
7f8c472ea000-7f8c474ea000 ---p 00051000 08:02 1451006                    /usr/lib/x86_64-linux-gnu/libwebp.so.5.0.0
7f8c474ea000-7f8c474eb000 r--p 00051000 08:02 1451006                    /usr/lib/x86_64-linux-gnu/libwebp.so.5.0.0
7f8c474eb000-7f8c474ec000 rw-p 00052000 08:02 1451006                    /usr/lib/x86_64-linux-gnu/libwebp.so.5.0.0
7f8c474ec000-7f8c474f1000 rw-p 00000000 00:00 0 
7f8c474f1000-7f8c47560000 r-xp 00000000 08:02 1442391                    /usr/lib/x86_64-linux-gnu/libtiff.so.5.2.0
7f8c47560000-7f8c4775f000 ---p 0006f000 08:02 1442391                    /usr/lib/x86_64-linux-gnu/libtiff.so.5.2.0
7f8c4775f000-7f8c47760000 r--p 0006e000 08:02 1442391                    /usr/lib/x86_64-linux-gnu/libtiff.so.5.2.0
7f8c47760000-7f8c47763000 rw-p 0006f000 08:02 1442391                    /usr/lib/x86_64-linux-gnu/libtiff.so.5.2.0
7f8c47763000-7f8c4776b000 r-xp 00000000 08:02 1455367                    /usr/lib/x86_64-linux-gnu/libgif.so.4.1.6
7f8c4776b000-7f8c4796a000 ---p 00008000 08:02 1455367                    /usr/lib/x86_64-linux-gnu/libgif.so.4.1.6
7f8c4796a000-7f8c4796b000 r--p 00007000 08:02 1455367                    /usr/lib/x86_64-linux-gnu/libgif.so.4.1.6
7f8c4796b000-7f8c4796c000 rw-p 00008000 08:02 1455367                    /usr/lib/x86_64-linux-gnu/libgif.so.4.1.6
7f8c4796c000-7f8c479af000 r-xp 00000000 08:02 1450591                    /usr/lib/x86_64-linux-gnu/libjpeg.so.8.0.2
7f8c479af000-7f8c47baf000 ---p 00043000 08:02 1450591                    /usr/lib/x86_64-linux-gnu/libjpeg.so.8.0.2
7f8c47baf000-7f8c47bb0000 r--p 00043000 08:02 1450591                    /usr/lib/x86_64-linux-gnu/libjpeg.so.8.0.2
7f8c47bb0000-7f8c47bb1000 rw-p 00044000 08:02 1450591                    /usr/lib/x86_64-linux-gnu/libjpeg.so.8.0.2
7f8c47bb1000-7f8c47bc1000 rw-p 00000000 00:00 0 
7f8c47bc1000-7f8c47be6000 r-xp 00000000 08:02 3674676                    /lib/x86_64-linux-gnu/libpng12.so.0.50.0
7f8c47be6000-7f8c47de5000 ---p 00025000 08:02 3674676                    /lib/x86_64-linux-gnu/libpng12.so.0.50.0
7f8c47de5000-7f8c47de6000 r--p 00024000 08:02 3674676                    /lib/x86_64-linux-gnu/libpng12.so.0.50.0
7f8c47de6000-7f8c47de7000 rw-p 00025000 08:02 3674676                    /lib/x86_64-linux-gnu/libpng12.so.0.50.0
7f8c47de7000-7f8c47dff000 r-xp 00000000 08:02 3674724                    /lib/x86_64-linux-gnu/libz.so.1.2.8
7f8c47dff000-7f8c47ffe000 ---p 00018000 08:02 3674724                    /lib/x86_64-linux-gnu/libz.so.1.2.8
7f8c47ffe000-7f8c47fff000 r--p 00017000 08:02 3674724                    /lib/x86_64-linux-gnu/libz.so.1.2.8
7f8c47fff000-7f8c48000000 rw-p 00018000 08:02 3674724                    /lib/x86_64-linux-gnu/libz.so.1.2.8
7f8c48000000-7f8c48021000 rw-p 00000000 00:00 0 
7f8c48021000-7f8c4c000000 ---p 00000000 00:00 0 
7f8c4c02a000-7f8c4c110000 r-xp 00000000 08:02 1450894                    /usr/lib/x86_64-linux-gnu/libstdc++.so.6.0.19
7f8c4c110000-7f8c4c30f000 ---p 000e6000 08:02 1450894                    /usr/lib/x86_64-linux-gnu/libstdc++.so.6.0.19
7f8c4c30f000-7f8c4c317000 r--p 000e5000 08:02 1450894                    /usr/lib/x86_64-linux-gnu/libstdc++.so.6.0.19
7f8c4c317000-7f8c4c319000 rw-p 000ed000 08:02 1450894                    /usr/lib/x86_64-linux-gnu/libstdc++.so.6.0.19
7f8c4c319000-7f8c4c32e000 rw-p 00000000 00:00 0 
7f8c4c32e000-7f8c4c52c000 r-xp 00000000 08:02 1445997                    /usr/lib/liblept.so.4.0.1
7f8c4c52c000-7f8c4c72c000 ---p 001fe000 08:02 1445997                    /usr/lib/liblept.so.4.0.1
7f8c4c72c000-7f8c4c72d000 r--p 001fe000 08:02 1445997                    /usr/lib/liblept.so.4.0.1
7f8c4c72d000-7f8c4c733000 rw-p 001ff000 08:02 1445997                    /usr/lib/liblept.so.4.0.1
7f8c4c733000-7f8c4ca05000 r-xp 00000000 08:02 1446002                    /usr/lib/libtesseract.so.3.0.3
7f8c4ca05000-7f8c4cc04000 ---p 002d2000 08:02 1446002                    /usr/lib/libtesseract.so.3.0.3
7f8c4cc04000-7f8c4cc09000 r--p 002d1000 08:02 1446002                    /usr/lib/libtesseract.so.3.0.3
7f8c4cc09000-7f8c4cc0a000 rw-p 002d6000 08:02 1446002                    /usr/lib/libtesseract.so.3.0.3
7f8c4cc0a000-7f8c4cea1000 rw-p 00000000 00:00 0 
7f8c4cea1000-7f8c4ceb8000 r-xp 00000000 08:02 802801                     /tmp/jna--938374178/jna3007241944278726994.tmp (deleted)
7f8c4ceb8000-7f8c4cfb7000 ---p 00017000 08:02 802801                     /tmp/jna--938374178/jna3007241944278726994.tmp (deleted)
7f8c4cfb7000-7f8c4cfb9000 rw-p 00016000 08:02 802801                     /tmp/jna--938374178/jna3007241944278726994.tmp (deleted)
7f8c4cfb9000-7f8c4cfbc000 ---p 00000000 00:00 0 
7f8c4cfbc000-7f8c4d0ba000 rw-p 00000000 00:00 0 
7f8c4d0ba000-7f8c4d0bf000 r-xp 00000000 08:02 1449992                    /usr/lib/x86_64-linux-gnu/libXdmcp.so.6.0.0
7f8c4d0bf000-7f8c4d2be000 ---p 00005000 08:02 1449992                    /usr/lib/x86_64-linux-gnu/libXdmcp.so.6.0.0
7f8c4d2be000-7f8c4d2bf000 r--p 00004000 08:02 1449992                    /usr/lib/x86_64-linux-gnu/libXdmcp.so.6.0.0
7f8c4d2bf000-7f8c4d2c0000 rw-p 00005000 08:02 1449992                    /usr/lib/x86_64-linux-gnu/libXdmcp.so.6.0.0
7f8c4d2c0000-7f8c4d2c2000 r-xp 00000000 08:02 1449981                    /usr/lib/x86_64-linux-gnu/libXau.so.6.0.0
7f8c4d2c2000-7f8c4d4c2000 ---p 00002000 08:02 1449981                    /usr/lib/x86_64-linux-gnu/libXau.so.6.0.0
7f8c4d4c2000-7f8c4d4c3000 r--p 00002000 08:02 1449981                    /usr/lib/x86_64-linux-gnu/libXau.so.6.0.0
7f8c4d4c3000-7f8c4d4c4000 rw-p 00003000 08:02 1449981                    /usr/lib/x86_64-linux-gnu/libXau.so.6.0.0
7f8c4d4c4000-7f8c4d4e1000 r-xp 00000000 08:02 1451054                    /usr/lib/x86_64-linux-gnu/libxcb.so.1.1.0
7f8c4d4e1000-7f8c4d6e1000 ---p 0001d000 08:02 1451054                    /usr/lib/x86_64-linux-gnu/libxcb.so.1.1.0
7f8c4d6e1000-7f8c4d6e2000 r--p 0001d000 08:02 1451054                    /usr/lib/x86_64-linux-gnu/libxcb.so.1.1.0
7f8c4d6e2000-7f8c4d6e3000 rw-p 0001e000 08:02 1451054                    /usr/lib/x86_64-linux-gnu/libxcb.so.1.1.0
7f8c4d6e3000-7f8c4d6f2000 r-xp 00000000 08:02 1450002                    /usr/lib/x86_64-linux-gnu/libXi.so.6.1.0
7f8c4d6f2000-7f8c4d8f1000 ---p 0000f000 08:02 1450002                    /usr/lib/x86_64-linux-gnu/libXi.so.6.1.0
7f8c4d8f1000-7f8c4d8f2000 r--p 0000e000 08:02 1450002                    /usr/lib/x86_64-linux-gnu/libXi.so.6.1.0
7f8c4d8f2000-7f8c4d8f3000 rw-p 0000f000 08:02 1450002                    /usr/lib/x86_64-linux-gnu/libXi.so.6.1.0
7f8c4d8f3000-7f8c4d8f8000 r-xp 00000000 08:02 1450022                    /usr/lib/x86_64-linux-gnu/libXtst.so.6.1.0
7f8c4d8f8000-7f8c4daf7000 ---p 00005000 08:02 1450022                    /usr/lib/x86_64-linux-gnu/libXtst.so.6.1.0
7f8c4daf7000-7f8c4daf8000 r--p 00004000 08:02 1450022                    /usr/lib/x86_64-linux-gnu/libXtst.so.6.1.0
7f8c4daf8000-7f8c4daf9000 rw-p 00005000 08:02 1450022                    /usr/lib/x86_64-linux-gnu/libXtst.so.6.1.0
7f8c4daf9000-7f8c4db02000 r-xp 00000000 08:02 1450016                    /usr/lib/x86_64-linux-gnu/libXrender.so.1.3.0
7f8c4db02000-7f8c4dd01000 ---p 00009000 08:02 1450016                    /usr/lib/x86_64-linux-gnu/libXrender.so.1.3.0
7f8c4dd01000-7f8c4dd02000 r--p 00008000 08:02 1450016                    /usr/lib/x86_64-linux-gnu/libXrender.so.1.3.0
7f8c4dd02000-7f8c4dd03000 rw-p 00009000 08:02 1450016                    /usr/lib/x86_64-linux-gnu/libXrender.so.1.3.0
7f8c4dd03000-7f8c4de33000 r-xp 00000000 08:02 1449977                    /usr/lib/x86_64-linux-gnu/libX11.so.6.3.0
7f8c4de33000-7f8c4e033000 ---p 00130000 08:02 1449977                    /usr/lib/x86_64-linux-gnu/libX11.so.6.3.0
7f8c4e033000-7f8c4e034000 r--p 00130000 08:02 1449977                    /usr/lib/x86_64-linux-gnu/libX11.so.6.3.0
7f8c4e034000-7f8c4e038000 rw-p 00131000 08:02 1449977                    /usr/lib/x86_64-linux-gnu/libX11.so.6.3.0
7f8c4e038000-7f8c4e049000 r-xp 00000000 08:02 1449994                    /usr/lib/x86_64-linux-gnu/libXext.so.6.4.0
7f8c4e049000-7f8c4e248000 ---p 00011000 08:02 1449994                    /usr/lib/x86_64-linux-gnu/libXext.so.6.4.0
7f8c4e248000-7f8c4e249000 r--p 00010000 08:02 1449994                    /usr/lib/x86_64-linux-gnu/libXext.so.6.4.0
7f8c4e249000-7f8c4e24a000 rw-p 00011000 08:02 1449994                    /usr/lib/x86_64-linux-gnu/libXext.so.6.4.0
7f8c4e24a000-7f8c4e29e000 r-xp 00000000 08:02 2906099                    /home/rakesh/Desktop/jdk1.8.0_161/jre/lib/amd64/libawt_xawt.so
7f8c4e29e000-7f8c4e49e000 ---p 00054000 08:02 2906099                    /home/rakesh/Desktop/jdk1.8.0_161/jre/lib/amd64/libawt_xawt.so
7f8c4e49e000-7f8c4e4a2000 rw-p 00054000 08:02 2906099                    /home/rakesh/Desktop/jdk1.8.0_161/jre/lib/amd64/libawt_xawt.so
7f8c4e4a2000-7f8c4e4a3000 rw-p 00000000 00:00 0 
7f8c4e4a3000-7f8c4e545000 r-xp 00000000 08:02 2906085                    /home/rakesh/Desktop/jdk1.8.0_161/jre/lib/amd64/libawt.so
7f8c4e545000-7f8c4e745000 ---p 000a2000 08:02 2906085                    /home/rakesh/Desktop/jdk1.8.0_161/jre/lib/amd64/libawt.so
7f8c4e745000-7f8c4e751000 rw-p 000a2000 08:02 2906085                    /home/rakesh/Desktop/jdk1.8.0_161/jre/lib/amd64/libawt.so
7f8c4e751000-7f8c4e975000 rw-p 00000000 00:00 0 
7f8c4e975000-7f8c4e978000 ---p 00000000 00:00 0 
7f8c4e978000-7f8c4ea76000 rw-p 00000000 00:00 0 
7f8c4ea76000-7f8c4ea79000 ---p 00000000 00:00 0 
7f8c4ea79000-7f8c4ed77000 rw-p 00000000 00:00 0 
7f8c4ed77000-7f8c4ef77000 rw-p 00000000 00:00 0 
7f8c4ef77000-7f8c4ef7a000 ---p 00000000 00:00 0 
7f8c4ef7a000-7f8c4f078000 rw-p 00000000 00:00 0 
7f8c4f078000-7f8c4f07b000 ---p 00000000 00:00 0 
7f8c4f07b000-7f8c4f179000 rw-p 00000000 00:00 0 
7f8c4f179000-7f8c4f17c000 ---p 00000000 00:00 0 
7f8c4f17c000-7f8c4f27a000 rw-p 00000000 00:00 0 
7f8c4f27a000-7f8c4f27d000 ---p 00000000 00:00 0 
7f8c4f27d000-7f8c4f57b000 rw-p 00000000 00:00 0 
7f8c4f57b000-7f8c4f591000 r-xp 00000000 08:02 3674588                    /lib/x86_64-linux-gnu/libgcc_s.so.1
7f8c4f591000-7f8c4f790000 ---p 00016000 08:02 3674588                    /lib/x86_64-linux-gnu/libgcc_s.so.1
7f8c4f790000-7f8c4f791000 rw-p 00015000 08:02 3674588                    /lib/x86_64-linux-gnu/libgcc_s.so.1
7f8c4f791000-7f8c4f7c3000 r-xp 00000000 08:02 2906050                    /home/rakesh/Desktop/jdk1.8.0_161/jre/lib/amd64/libsunec.so
7f8c4f7c3000-7f8c4f9c2000 ---p 00032000 08:02 2906050                    /home/rakesh/Desktop/jdk1.8.0_161/jre/lib/amd64/libsunec.so
7f8c4f9c2000-7f8c4f9c8000 rw-p 00031000 08:02 2906050                    /home/rakesh/Desktop/jdk1.8.0_161/jre/lib/amd64/libsunec.so
7f8c4f9c8000-7f8c4f9d8000 rw-p 00000000 00:00 0 
7f8c4f9d8000-7f8c4f9e9000 r-xp 00000000 08:02 2906095                    /home/rakesh/Desktop/jdk1.8.0_161/jre/lib/amd64/libnio.so
7f8c4f9e9000-7f8c4fbe8000 ---p 00011000 08:02 2906095                    /home/rakesh/Desktop/jdk1.8.0_161/jre/lib/amd64/libnio.so
7f8c4fbe8000-7f8c4fbe9000 rw-p 00010000 08:02 2906095                    /home/rakesh/Desktop/jdk1.8.0_161/jre/lib/amd64/libnio.so
7f8c4fbe9000-7f8c4fde9000 rw-p 00000000 00:00 0 
7f8c4fde9000-7f8c4fdff000 r-xp 00000000 08:02 2906092                    /home/rakesh/Desktop/jdk1.8.0_161/jre/lib/amd64/libnet.so
7f8c4fdff000-7f8c4ffff000 ---p 00016000 08:02 2906092                    /home/rakesh/Desktop/jdk1.8.0_161/jre/lib/amd64/libnet.so
7f8c4ffff000-7f8c50000000 rw-p 00016000 08:02 2906092                    /home/rakesh/Desktop/jdk1.8.0_161/jre/lib/amd64/libnet.so
7f8c50000000-7f8c50021000 rw-p 00000000 00:00 0 
7f8c50021000-7f8c54000000 ---p 00000000 00:00 0 
7f8c540b2000-7f8c540b5000 ---p 00000000 00:00 0 
7f8c540b5000-7f8c540eb000 rw-p 00000000 00:00 0 
7f8c540eb000-7f8c540ee000 ---p 00000000 00:00 0 
7f8c540ee000-7f8c541ec000 rw-p 00000000 00:00 0 
7f8c541ec000-7f8c54280000 r--s 00401000 08:02 2237095                    /home/rakesh/.m2/repository/org/apache/poi/poi-ooxml-schemas/3.9/poi-ooxml-schemas-3.9.jar
7f8c54280000-7f8c58000000 rw-p 00000000 00:00 0 
7f8c58000000-7f8c58021000 rw-p 00000000 00:00 0 
7f8c58021000-7f8c5c000000 ---p 00000000 00:00 0 
7f8c5c002000-7f8c5c007000 r--s 002f9000 08:02 2906032                    /home/rakesh/Desktop/jdk1.8.0_161/jre/lib/charsets.jar
7f8c5c007000-7f8c5c023000 r--s 00393000 08:02 5507486                    /home/rakesh/Desktop/jdk1.8.0_161/jre/lib/ext/cldrdata.jar
7f8c5c023000-7f8c5c02d000 r--s 00116000 08:02 5507493                    /home/rakesh/Desktop/jdk1.8.0_161/jre/lib/ext/localedata.jar
7f8c5c02d000-7f8c5c02f000 r--s 00009000 08:02 5507484                    /home/rakesh/Desktop/jdk1.8.0_161/jre/lib/ext/sunec.jar
7f8c5c02f000-7f8c5c033000 r--s 0003a000 08:02 5507491                    /home/rakesh/Desktop/jdk1.8.0_161/jre/lib/ext/sunpkcs11.jar
7f8c5c033000-7f8c5c036000 r--s 0001a000 08:02 2906108                    /home/rakesh/Desktop/jdk1.8.0_161/jre/lib/jce.jar
7f8c5c036000-7f8c5c03b000 r--s 0009d000 08:02 2906039                    /home/rakesh/Desktop/jdk1.8.0_161/jre/lib/jsse.jar
7f8c5c03b000-7f8c5c03e000 r--s 00013000 08:02 2905435                    /home/rakesh/.m2/repository/commons-io/commons-io/1.3.2/commons-io-1.3.2.jar
7f8c5c03e000-7f8c5c043000 r--s 00016000 08:02 2370834                    /home/rakesh/.m2/repository/xml-apis/xml-apis/1.0.b2/xml-apis-1.0.b2.jar
7f8c5c043000-7f8c5c048000 r--s 00048000 08:02 2370832                    /home/rakesh/.m2/repository/dom4j/dom4j/1.6.1/dom4j-1.6.1.jar
7f8c5c048000-7f8c5c04a000 r--s 00005000 08:02 2237099                    /home/rakesh/.m2/repository/stax/stax-api/1.0.1/stax-api-1.0.1.jar
7f8c5c04a000-7f8c5c087000 r--s 0024f000 08:02 2237097                    /home/rakesh/.m2/repository/org/apache/xmlbeans/xmlbeans/2.3.0/xmlbeans-2.3.0.jar
7f8c5c087000-7f8c5c0a7000 r--s 001a9000 08:02 2237093                    /home/rakesh/.m2/repository/org/apache/poi/poi/3.9/poi-3.9.jar
7f8c5c0a7000-7f8c5c0b3000 r--s 000d9000 08:02 2237091                    /home/rakesh/.m2/repository/org/apache/poi/poi-ooxml/3.9/poi-ooxml-3.9.jar
7f8c5c0b3000-7f8c5c0b5000 r--s 0000e000 08:02 2237089                    /home/rakesh/.m2/repository/javax/activation/activation/1.1/activation-1.1.jar
7f8c5c0b5000-7f8c5c0be000 r--s 0008c000 08:02 2237087                    /home/rakesh/.m2/repository/com/sun/mail/javax.mail/1.5.6/javax.mail-1.5.6.jar
7f8c5c0be000-7f8c5c0c0000 r--s 0000c000 08:02 2237085                    /home/rakesh/.m2/repository/org/apache/commons/commons-email/1.5/commons-email-1.5.jar
7f8c5c0c0000-7f8c5c0c2000 r--s 00004000 08:02 3291962                    /home/rakesh/.m2/repository/org/slf4j/log4j-over-slf4j/1.7.25/log4j-over-slf4j-1.7.25.jar
7f8c5c0c2000-7f8c5c0c4000 r--s 00003000 08:02 2242138                    /home/rakesh/.m2/repository/org/slf4j/jcl-over-slf4j/1.7.25/jcl-over-slf4j-1.7.25.jar
7f8c5c0c4000-7f8c5c0c6000 r--s 00000000 08:02 2111799                    /home/rakesh/.m2/repository/org/slf4j/jul-to-slf4j/1.7.25/jul-to-slf4j-1.7.25.jar
7f8c5c0c6000-7f8c5c0c8000 r--s 00009000 08:02 1851079                    /home/rakesh/.m2/repository/org/slf4j/slf4j-api/1.7.25/slf4j-api-1.7.25.jar
7f8c5c0c8000-7f8c5c0d3000 r--s 00069000 08:02 3029342                    /home/rakesh/.m2/repository/ch/qos/logback/logback-core/1.2.3/logback-core-1.2.3.jar
7f8c5c0d3000-7f8c5c0d9000 r--s 00041000 08:02 2371822                    /home/rakesh/.m2/repository/ch/qos/logback/logback-classic/1.2.3/logback-classic-1.2.3.jar
7f8c5c0d9000-7f8c5c0db000 r--s 0000c000 08:02 4735064                    /home/rakesh/.m2/repository/org/jboss/logging/jboss-logging/3.1.4.GA/jboss-logging-3.1.4.GA.jar
7f8c5c0db000-7f8c5c0df000 r--s 00020000 08:02 4735062                    /home/rakesh/.m2/repository/org/jboss/jboss-vfs/3.2.12.Final/jboss-vfs-3.2.12.Final.jar
7f8c5c0df000-7f8c5c0e4000 r--s 00307000 08:02 4735060                    /home/rakesh/.m2/repository/net/sourceforge/lept4j/lept4j/1.6.1/lept4j-1.6.1.jar
7f8c5c0e4000-7f8c5c0f0000 r--s 00108000 08:02 4735058                    /home/rakesh/.m2/repository/com/lowagie/itext/2.1.7/itext-2.1.7.jar
7f8c5c0f0000-7f8c5c0fa000 r--s 00081000 08:02 4735056                    /home/rakesh/.m2/repository/org/apache/xmlgraphics/xmlgraphics-commons/1.4/xmlgraphics-commons-1.4.jar
7f8c5c0fa000-7f8c5c108000 r--s 0007f000 08:02 5520243                    /home/rakesh/.m2/repository/commons-collections/commons-collections/3.2.1/commons-collections-3.2.1.jar
7f8c5c108000-7f8c5c10d000 r--s 00035000 08:02 5506344                    /home/rakesh/.m2/repository/commons-beanutils/commons-beanutils/1.9.2/commons-beanutils-1.9.2.jar
7f8c5c10d000-7f8c5c116000 r--s 0006f000 08:02 1990463                    /home/rakesh/.m2/repository/log4j/log4j/1.2.17/log4j-1.2.17.jar
7f8c5c116000-7f8c5c11b000 r--s 00028000 08:02 4599056                    /home/rakesh/.m2/repository/org/ghost4j/ghost4j/1.0.1/ghost4j-1.0.1.jar
7f8c5c11b000-7f8c5c126000 r--s 00088000 08:02 4599054                    /home/rakesh/.m2/repository/com/github/jai-imageio/jai-imageio-core/1.3.1/jai-imageio-core-1.3.1.jar
7f8c5c126000-7f8c5c12a000 r--s 000dc000 08:02 4336514                    /home/rakesh/.m2/repository/net/java/dev/jna/jna/4.1.0/jna-4.1.0.jar
7f8c5c12a000-7f8c5c12d000 r--s 02475000 08:02 4599052                    /home/rakesh/.m2/repository/net/sourceforge/tess4j/tess4j/3.4.1/tess4j-3.4.1.jar
7f8c5c12d000-7f8c5c12e000 r--s 0017a000 08:02 2237251                    /home/rakesh/.m2/repository/org/bytedeco/javacpp-presets/tesseract/3.04-1.1/tesseract-3.04-1.1-linux-x86_64.jar
7f8c5c12e000-7f8c5c132000 r--s 0003a000 08:02 2237249                    /home/rakesh/.m2/repository/org/bytedeco/javacpp/1.1/javacpp-1.1.jar
7f8c5c132000-7f8c5c133000 r--s 00228000 08:02 2237247                    /home/rakesh/.m2/repository/org/bytedeco/javacpp-presets/leptonica/1.72-1.1/leptonica-1.72-1.1-linux-x86_64.jar
7f8c5c133000-7f8c5c136000 r--s 0001f000 08:02 2237245                    /home/rakesh/.m2/repository/org/bytedeco/javacpp-presets/leptonica/1.72-1.1/leptonica-1.72-1.1.jar
7f8c5c136000-7f8c5c139000 r--s 0000f000 08:02 2237243                    /home/rakesh/.m2/repository/org/bytedeco/javacpp-presets/tesseract/3.04-1.1/tesseract-3.04-1.1.jar
7f8c5c139000-7f8c5c141000 r--s 00048000 08:02 2106998                    /home/rakesh/.m2/repository/org/apache/httpcomponents/httpcore/4.4.6/httpcore-4.4.6.jar
7f8c5c141000-7f8c5c14e000 r--s 000aa000 08:02 2106996                    /home/rakesh/.m2/repository/org/apache/httpcomponents/httpclient/4.5.3/httpclient-4.5.3.jar
7f8c5c14e000-7f8c5c14f000 r--s 00000000 08:02 2106994                    /home/rakesh/.m2/repository/org/codehaus/mojo/animal-sniffer-annotations/1.14/animal-sniffer-annotations-1.14.jar
7f8c5c14f000-7f8c5c151000 r--s 00001000 08:02 2106992                    /home/rakesh/.m2/repository/com/google/j2objc/j2objc-annotations/1.1/j2objc-annotations-1.1.jar
7f8c5c151000-7f8c5c152000 r--s 00002000 08:02 2106990                    /home/rakesh/.m2/repository/com/google/errorprone/error_prone_annotations/2.0.18/error_prone_annotations-2.0.18.jar
7f8c5c152000-7f8c5c155000 r--s 00006000 08:02 2106988                    /home/rakesh/.m2/repository/com/google/code/findbugs/jsr305/1.3.9/jsr305-1.3.9.jar
7f8c5c155000-7f8c5c185000 r--s 0024f000 08:02 2106986                    /home/rakesh/.m2/repository/com/google/guava/guava/23.0/guava-23.0.jar
7f8c5c185000-7f8c5c18a000 r--s 00034000 08:02 2106984                    /home/rakesh/.m2/repository/com/google/code/gson/gson/2.8.2/gson-2.8.2.jar
7f8c5c18a000-7f8c5c18c000 r--s 0000e000 08:02 2106982                    /home/rakesh/.m2/repository/commons-logging/commons-logging/1.2/commons-logging-1.2.jar
7f8c5c18c000-7f8c5c193000 r--s 0003f000 08:02 2106980                    /home/rakesh/.m2/repository/commons-codec/commons-codec/1.10/commons-codec-1.10.jar
7f8c5c193000-7f8c5c195000 r--s 0000c000 08:02 1587799                    /home/rakesh/.m2/repository/org/apache/commons/commons-exec/1.3/commons-exec-1.3.jar
7f8c5c195000-7f8c5c1d1000 r--s 0027f000 08:02 2106978                    /home/rakesh/.m2/repository/net/bytebuddy/byte-buddy/1.7.5/byte-buddy-1.7.5.jar
7f8c5c1d1000-7f8c5c1d6000 r--s 00021000 08:02 2237075                    /home/rakesh/.m2/repository/org/seleniumhq/selenium/selenium-support/3.7.1/selenium-support-3.7.1.jar
7f8c5c1d6000-7f8c5c1d8000 r--s 00001000 08:02 2237073                    /home/rakesh/.m2/repository/org/seleniumhq/selenium/selenium-safari-driver/3.7.1/selenium-safari-driver-3.7.1.jar
7f8c5c1d8000-7f8c5c1de000 r--s 00050000 08:02 1986294                    /home/rakesh/.m2/repository/org/seleniumhq/selenium/selenium-remote-driver/3.7.1/selenium-remote-driver-3.7.1.jar
7f8c5c1de000-7f8c5c1e0000 r--s 000c2000 08:02 2237067                    /home/rakesh/.m2/repository/org/seleniumhq/selenium/selenium-firefox-driver/3.7.1/selenium-firefox-driver-3.7.1.jar
7f8c5c1e0000-7f8c5c1e4000 r--s 00019000 08:02 1986290                    /home/rakesh/.m2/repository/org/seleniumhq/selenium/selenium-api/3.7.1/selenium-api-3.7.1.jar
7f8c5c1e4000-7f8c5c1eb000 r--s 00034000 08:02 138542                     /home/rakesh/Documents/eclipseworkspace/jars/java-client-5.0.1.jar
7f8c5c1eb000-7f8c5c35a000 r--s 014e9000 08:02 4336644                    /home/rakesh/Documents/eclipseworkspace/jars/selenium-server-standalone-3.9.1.jar
7f8c5c35a000-7f8c5c360000 r--s 0003d000 08:02 2905984                    /home/rakesh/.p2/pool/plugins/org.yaml.snakeyaml_1.17.0.jar
7f8c5c360000-7f8c5c366000 r--s 0005b000 08:02 2905987                    /home/rakesh/.p2/pool/plugins/org.apache-extras.beanshell.bsh_2.0.0.b6.jar
7f8c5c366000-7f8c5c369000 r--s 0000f000 08:02 2905991                    /home/rakesh/.p2/pool/plugins/com.beust.jcommander_1.72.0.jar
7f8c5c369000-7f8c5c380000 r--s 000c1000 08:02 2905938                    /home/rakesh/.p2/pool/plugins/org.testng_6.13.1.r201712040515.jar
7f8c5c380000-7f8c5c416000 r--s 0110a000 08:02 5507487                    /home/rakesh/Desktop/jdk1.8.0_161/jre/lib/ext/jfxrt.jar
7f8c5c416000-7f8c5c417000 ---p 00000000 00:00 0 
7f8c5c417000-7f8c5c517000 rw-p 00000000 00:00 0 
7f8c5c517000-7f8c5c51a000 ---p 00000000 00:00 0 
7f8c5c51a000-7f8c5c618000 rw-p 00000000 00:00 0 
7f8c5c618000-7f8c5c61b000 ---p 00000000 00:00 0 
7f8c5c61b000-7f8c5c719000 rw-p 00000000 00:00 0 
7f8c5c719000-7f8c5c71c000 ---p 00000000 00:00 0 
7f8c5c71c000-7f8c5c81a000 rw-p 00000000 00:00 0 
7f8c5c81a000-7f8c5c81d000 ---p 00000000 00:00 0 
7f8c5c81d000-7f8c5c91b000 rw-p 00000000 00:00 0 
7f8c5c91b000-7f8c5c91e000 ---p 00000000 00:00 0 
7f8c5c91e000-7f8c5ca1c000 rw-p 00000000 00:00 0 
7f8c5ca1c000-7f8c5ca1f000 ---p 00000000 00:00 0 
7f8c5ca1f000-7f8c5cb1d000 rw-p 00000000 00:00 0 
7f8c5cb1d000-7f8c5cb20000 ---p 00000000 00:00 0 
7f8c5cb20000-7f8c5cc1e000 rw-p 00000000 00:00 0 
7f8c5cc1e000-7f8c5cc22000 r-xp 00000000 08:02 2906062                    /home/rakesh/Desktop/jdk1.8.0_161/jre/lib/amd64/libdt_socket.so
7f8c5cc22000-7f8c5ce21000 ---p 00004000 08:02 2906062                    /home/rakesh/Desktop/jdk1.8.0_161/jre/lib/amd64/libdt_socket.so
7f8c5ce21000-7f8c5ce22000 rw-p 00003000 08:02 2906062                    /home/rakesh/Desktop/jdk1.8.0_161/jre/lib/amd64/libdt_socket.so
7f8c5ce22000-7f8c5ce25000 ---p 00000000 00:00 0 
7f8c5ce25000-7f8c5cf23000 rw-p 00000000 00:00 0 
7f8c5cf23000-7f8c5cf26000 ---p 00000000 00:00 0 
7f8c5cf26000-7f8c5d024000 rw-p 00000000 00:00 0 
7f8c5d024000-7f8c5d027000 ---p 00000000 00:00 0 
7f8c5d027000-7f8c5d125000 rw-p 00000000 00:00 0 
7f8c5d125000-7f8c5d126000 ---p 00000000 00:00 0 
7f8c5d126000-7f8c5e1e7000 rw-p 00000000 00:00 0 
7f8c5e1e7000-7f8c5e3c0000 r--s 03d64000 08:02 2906034                    /home/rakesh/Desktop/jdk1.8.0_161/jre/lib/rt.jar
7f8c5e3c0000-7f8c5ef98000 rw-p 00000000 00:00 0 
7f8c5ef98000-7f8c5ef99000 ---p 00000000 00:00 0 
7f8c5ef99000-7f8c5f099000 rw-p 00000000 00:00 0 
7f8c5f099000-7f8c5f09a000 ---p 00000000 00:00 0 
7f8c5f09a000-7f8c5f19a000 rw-p 00000000 00:00 0 
7f8c5f19a000-7f8c5f19b000 ---p 00000000 00:00 0 
7f8c5f19b000-7f8c5f2b9000 rw-p 00000000 00:00 0 
7f8c5f2b9000-7f8c5f52b000 ---p 00000000 00:00 0 
7f8c5f52b000-7f8c5f549000 rw-p 00000000 00:00 0 
7f8c5f549000-7f8c5f7bb000 ---p 00000000 00:00 0 
7f8c5f7bb000-7f8c5f7df000 rw-p 00000000 00:00 0 
7f8c5f7df000-7f8c5f903000 ---p 00000000 00:00 0 
7f8c5f903000-7f8c5f91c000 rw-p 00000000 00:00 0 
7f8c5f91c000-7f8c5fcc4000 ---p 00000000 00:00 0 
7f8c5fcc4000-7f8c602a4000 rwxp 00000000 00:00 0 
7f8c602a4000-7f8c6ecc4000 ---p 00000000 00:00 0 
7f8c6ecc4000-7f8c6ecdf000 r-xp 00000000 08:02 2906088                    /home/rakesh/Desktop/jdk1.8.0_161/jre/lib/amd64/libzip.so
7f8c6ecdf000-7f8c6eedf000 ---p 0001b000 08:02 2906088                    /home/rakesh/Desktop/jdk1.8.0_161/jre/lib/amd64/libzip.so
7f8c6eedf000-7f8c6eee0000 rw-p 0001b000 08:02 2906088                    /home/rakesh/Desktop/jdk1.8.0_161/jre/lib/amd64/libzip.so
7f8c6eee0000-7f8c6eeea000 r-xp 00000000 08:02 3677997                    /lib/x86_64-linux-gnu/libnss_files-2.19.so
7f8c6eeea000-7f8c6f0e9000 ---p 0000a000 08:02 3677997                    /lib/x86_64-linux-gnu/libnss_files-2.19.so
7f8c6f0e9000-7f8c6f0ea000 r--p 00009000 08:02 3677997                    /lib/x86_64-linux-gnu/libnss_files-2.19.so
7f8c6f0ea000-7f8c6f0eb000 rw-p 0000a000 08:02 3677997                    /lib/x86_64-linux-gnu/libnss_files-2.19.so
7f8c6f0eb000-7f8c6f0f6000 r-xp 00000000 08:02 3678001                    /lib/x86_64-linux-gnu/libnss_nis-2.19.so
7f8c6f0f6000-7f8c6f2f5000 ---p 0000b000 08:02 3678001                    /lib/x86_64-linux-gnu/libnss_nis-2.19.so
7f8c6f2f5000-7f8c6f2f6000 r--p 0000a000 08:02 3678001                    /lib/x86_64-linux-gnu/libnss_nis-2.19.so
7f8c6f2f6000-7f8c6f2f7000 rw-p 0000b000 08:02 3678001                    /lib/x86_64-linux-gnu/libnss_nis-2.19.so
7f8c6f2f7000-7f8c6f30e000 r-xp 00000000 08:02 3678014                    /lib/x86_64-linux-gnu/libnsl-2.19.so
7f8c6f30e000-7f8c6f50d000 ---p 00017000 08:02 3678014                    /lib/x86_64-linux-gnu/libnsl-2.19.so
7f8c6f50d000-7f8c6f50e000 r--p 00016000 08:02 3678014                    /lib/x86_64-linux-gnu/libnsl-2.19.so
7f8c6f50e000-7f8c6f50f000 rw-p 00017000 08:02 3678014                    /lib/x86_64-linux-gnu/libnsl-2.19.so
7f8c6f50f000-7f8c6f511000 rw-p 00000000 00:00 0 
7f8c6f511000-7f8c6f51a000 r-xp 00000000 08:02 3678003                    /lib/x86_64-linux-gnu/libnss_compat-2.19.so
7f8c6f51a000-7f8c6f719000 ---p 00009000 08:02 3678003                    /lib/x86_64-linux-gnu/libnss_compat-2.19.so
7f8c6f719000-7f8c6f71a000 r--p 00008000 08:02 3678003                    /lib/x86_64-linux-gnu/libnss_compat-2.19.so
7f8c6f71a000-7f8c6f71b000 rw-p 00009000 08:02 3678003                    /lib/x86_64-linux-gnu/libnss_compat-2.19.so
7f8c6f71b000-7f8c6fdfd000 r--p 00000000 08:02 1448942                    /usr/lib/locale/locale-archive
7f8c6fdfd000-7f8c6fdff000 r-xp 00000000 08:02 2906064                    /home/rakesh/Desktop/jdk1.8.0_161/jre/lib/amd64/libnpt.so
7f8c6fdff000-7f8c6ffff000 ---p 00002000 08:02 2906064                    /home/rakesh/Desktop/jdk1.8.0_161/jre/lib/amd64/libnpt.so
7f8c6ffff000-7f8c70000000 rw-p 00002000 08:02 2906064                    /home/rakesh/Desktop/jdk1.8.0_161/jre/lib/amd64/libnpt.so
7f8c70000000-7f8c711be000 rw-p 00000000 00:00 0 
7f8c711be000-7f8c74000000 ---p 00000000 00:00 0 
7f8c74000000-7f8c74001000 r--s 00001000 08:02 2237071                    /home/rakesh/.m2/repository/org/seleniumhq/selenium/selenium-opera-driver/3.7.1/selenium-opera-driver-3.7.1.jar
7f8c74001000-7f8c74006000 r--s 00084000 08:02 2906001                    /home/rakesh/Desktop/jdk1.8.0_161/jre/lib/jfr.jar
7f8c74006000-7f8c7400b000 r--s 002f9000 08:02 2906032                    /home/rakesh/Desktop/jdk1.8.0_161/jre/lib/charsets.jar
7f8c7400b000-7f8c7400e000 r--s 0001a000 08:02 2906108                    /home/rakesh/Desktop/jdk1.8.0_161/jre/lib/jce.jar
7f8c7400e000-7f8c740a5000 rw-p 00000000 00:00 0 
7f8c740a5000-7f8c740a6000 ---p 00000000 00:00 0 
7f8c740a6000-7f8c741a6000 rw-p 00000000 00:00 0 
7f8c741a6000-7f8c741e0000 r-xp 00000000 08:02 2906076                    /home/rakesh/Desktop/jdk1.8.0_161/jre/lib/amd64/libjdwp.so
7f8c741e0000-7f8c743df000 ---p 0003a000 08:02 2906076                    /home/rakesh/Desktop/jdk1.8.0_161/jre/lib/amd64/libjdwp.so
7f8c743df000-7f8c743e0000 rw-p 00039000 08:02 2906076                    /home/rakesh/Desktop/jdk1.8.0_161/jre/lib/amd64/libjdwp.so
7f8c743e0000-7f8c743e1000 rw-p 00000000 00:00 0 
7f8c743e1000-7f8c7440c000 r-xp 00000000 08:02 2906082                    /home/rakesh/Desktop/jdk1.8.0_161/jre/lib/amd64/libjava.so
7f8c7440c000-7f8c7460b000 ---p 0002b000 08:02 2906082                    /home/rakesh/Desktop/jdk1.8.0_161/jre/lib/amd64/libjava.so
7f8c7460b000-7f8c7460d000 rw-p 0002a000 08:02 2906082                    /home/rakesh/Desktop/jdk1.8.0_161/jre/lib/amd64/libjava.so
7f8c7460d000-7f8c7461a000 r-xp 00000000 08:02 2906087                    /home/rakesh/Desktop/jdk1.8.0_161/jre/lib/amd64/libverify.so
7f8c7461a000-7f8c7481a000 ---p 0000d000 08:02 2906087                    /home/rakesh/Desktop/jdk1.8.0_161/jre/lib/amd64/libverify.so
7f8c7481a000-7f8c7481c000 rw-p 0000d000 08:02 2906087                    /home/rakesh/Desktop/jdk1.8.0_161/jre/lib/amd64/libverify.so
7f8c7481c000-7f8c74823000 r-xp 00000000 08:02 3678012                    /lib/x86_64-linux-gnu/librt-2.19.so
7f8c74823000-7f8c74a22000 ---p 00007000 08:02 3678012                    /lib/x86_64-linux-gnu/librt-2.19.so
7f8c74a22000-7f8c74a23000 r--p 00006000 08:02 3678012                    /lib/x86_64-linux-gnu/librt-2.19.so
7f8c74a23000-7f8c74a24000 rw-p 00007000 08:02 3678012                    /lib/x86_64-linux-gnu/librt-2.19.so
7f8c74a24000-7f8c74b29000 r-xp 00000000 08:02 3678005                    /lib/x86_64-linux-gnu/libm-2.19.so
7f8c74b29000-7f8c74d28000 ---p 00105000 08:02 3678005                    /lib/x86_64-linux-gnu/libm-2.19.so
7f8c74d28000-7f8c74d29000 r--p 00104000 08:02 3678005                    /lib/x86_64-linux-gnu/libm-2.19.so
7f8c74d29000-7f8c74d2a000 rw-p 00105000 08:02 3678005                    /lib/x86_64-linux-gnu/libm-2.19.so
7f8c74d2a000-7f8c75a03000 r-xp 00000000 08:02 3156309                    /home/rakesh/Desktop/jdk1.8.0_161/jre/lib/amd64/server/libjvm.so
7f8c75a03000-7f8c75c02000 ---p 00cd9000 08:02 3156309                    /home/rakesh/Desktop/jdk1.8.0_161/jre/lib/amd64/server/libjvm.so
7f8c75c02000-7f8c75cdb000 rw-p 00cd8000 08:02 3156309                    /home/rakesh/Desktop/jdk1.8.0_161/jre/lib/amd64/server/libjvm.so
7f8c75cdb000-7f8c75d27000 rw-p 00000000 00:00 0 
7f8c75d27000-7f8c75ee5000 r-xp 00000000 08:02 3678019                    /lib/x86_64-linux-gnu/libc-2.19.so
7f8c75ee5000-7f8c760e5000 ---p 001be000 08:02 3678019                    /lib/x86_64-linux-gnu/libc-2.19.so
7f8c760e5000-7f8c760e9000 r--p 001be000 08:02 3678019                    /lib/x86_64-linux-gnu/libc-2.19.so
7f8c760e9000-7f8c760eb000 rw-p 001c2000 08:02 3678019                    /lib/x86_64-linux-gnu/libc-2.19.so
7f8c760eb000-7f8c760f0000 rw-p 00000000 00:00 0 
7f8c760f0000-7f8c760f3000 r-xp 00000000 08:02 3678015                    /lib/x86_64-linux-gnu/libdl-2.19.so
7f8c760f3000-7f8c762f2000 ---p 00003000 08:02 3678015                    /lib/x86_64-linux-gnu/libdl-2.19.so
7f8c762f2000-7f8c762f3000 r--p 00002000 08:02 3678015                    /lib/x86_64-linux-gnu/libdl-2.19.so
7f8c762f3000-7f8c762f4000 rw-p 00003000 08:02 3678015                    /lib/x86_64-linux-gnu/libdl-2.19.so
7f8c762f4000-7f8c7630a000 r-xp 00000000 08:02 3026318                    /home/rakesh/Desktop/jdk1.8.0_161/jre/lib/amd64/jli/libjli.so
7f8c7630a000-7f8c76509000 ---p 00016000 08:02 3026318                    /home/rakesh/Desktop/jdk1.8.0_161/jre/lib/amd64/jli/libjli.so
7f8c76509000-7f8c7650a000 rw-p 00015000 08:02 3026318                    /home/rakesh/Desktop/jdk1.8.0_161/jre/lib/amd64/jli/libjli.so
7f8c7650a000-7f8c76523000 r-xp 00000000 08:02 3678011                    /lib/x86_64-linux-gnu/libpthread-2.19.so
7f8c76523000-7f8c76722000 ---p 00019000 08:02 3678011                    /lib/x86_64-linux-gnu/libpthread-2.19.so
7f8c76722000-7f8c76723000 r--p 00018000 08:02 3678011                    /lib/x86_64-linux-gnu/libpthread-2.19.so
7f8c76723000-7f8c76724000 rw-p 00019000 08:02 3678011                    /lib/x86_64-linux-gnu/libpthread-2.19.so
7f8c76724000-7f8c76728000 rw-p 00000000 00:00 0 
7f8c76728000-7f8c7674b000 r-xp 00000000 08:02 3678008                    /lib/x86_64-linux-gnu/ld-2.19.so
7f8c7674b000-7f8c7674c000 r--s 00003000 08:02 2237069                    /home/rakesh/.m2/repository/org/seleniumhq/selenium/selenium-ie-driver/3.7.1/selenium-ie-driver-3.7.1.jar
7f8c7674c000-7f8c7674d000 r--s 00001000 08:02 2237065                    /home/rakesh/.m2/repository/org/seleniumhq/selenium/selenium-edge-driver/3.7.1/selenium-edge-driver-3.7.1.jar
7f8c7674d000-7f8c76760000 r--s 00345000 08:02 2906038                    /home/rakesh/Desktop/jdk1.8.0_161/jre/lib/resources.jar
7f8c76760000-7f8c7682b000 rw-p 00000000 00:00 0 
7f8c7682b000-7f8c7682e000 ---p 00000000 00:00 0 
7f8c7682e000-7f8c76931000 rw-p 00000000 00:00 0 
7f8c76931000-7f8c76932000 r--s 00002000 08:02 1986292                    /home/rakesh/.m2/repository/org/seleniumhq/selenium/selenium-chrome-driver/3.7.1/selenium-chrome-driver-3.7.1.jar
7f8c76932000-7f8c76933000 r--s 00000000 08:02 1986288                    /home/rakesh/.m2/repository/org/seleniumhq/selenium/selenium-java/3.7.1/selenium-java-3.7.1.jar
7f8c76933000-7f8c76938000 r--s 0009d000 08:02 2906039                    /home/rakesh/Desktop/jdk1.8.0_161/jre/lib/jsse.jar
7f8c76938000-7f8c76940000 r--s 00048000 08:02 5506497                    /home/rakesh/Documents/softwares/eclipse/configuration/org.eclipse.osgi/506/0/.cp/lib/testng-remote.jar
7f8c76940000-7f8c76948000 rw-s 00000000 08:02 798004                     /tmp/hsperfdata_rakesh/21703
7f8c76948000-7f8c76949000 rw-p 00000000 00:00 0 
7f8c76949000-7f8c7694a000 r--p 00000000 00:00 0 
7f8c7694a000-7f8c7694b000 r--p 00022000 08:02 3678008                    /lib/x86_64-linux-gnu/ld-2.19.so
7f8c7694b000-7f8c7694c000 rw-p 00023000 08:02 3678008                    /lib/x86_64-linux-gnu/ld-2.19.so
7f8c7694c000-7f8c7694d000 rw-p 00000000 00:00 0 
7fff73953000-7fff73976000 rw-p 00000000 00:00 0                          [stack]
7fff739c4000-7fff739c7000 r--p 00000000 00:00 0                          [vvar]
7fff739c7000-7fff739c9000 r-xp 00000000 00:00 0                          [vdso]
ffffffffff600000-ffffffffff601000 r-xp 00000000 00:00 0                  [vsyscall]

VM Arguments:
jvm_args: -agentlib:jdwp=transport=dt_socket,suspend=y,address=localhost:37424 -ea -Dfile.encoding=UTF-8 
java_command: org.testng.remote.RemoteTestNG -serport 36837 -protocol json -d /home/rakesh/Documents/eclipseworkspace/selenium_scripts/sample_maven_project/test-output /tmp/testng-eclipse--357175360/testng-customsuite.xml
java_class_path (initial): /home/rakesh/Documents/softwares/eclipse/configuration/org.eclipse.osgi/506/0/.cp/lib/testng-remote.jar:/home/rakesh/Desktop/jdk1.8.0_161/jre/lib/resources.jar:/home/rakesh/Desktop/jdk1.8.0_161/jre/lib/rt.jar:/home/rakesh/Desktop/jdk1.8.0_161/jre/lib/jsse.jar:/home/rakesh/Desktop/jdk1.8.0_161/jre/lib/jce.jar:/home/rakesh/Desktop/jdk1.8.0_161/jre/lib/charsets.jar:/home/rakesh/Desktop/jdk1.8.0_161/jre/lib/jfr.jar:/home/rakesh/Desktop/jdk1.8.0_161/jre/lib/ext/jaccess.jar:/home/rakesh/Desktop/jdk1.8.0_161/jre/lib/ext/sunjce_provider.jar:/home/rakesh/Desktop/jdk1.8.0_161/jre/lib/ext/nashorn.jar:/home/rakesh/Desktop/jdk1.8.0_161/jre/lib/ext/jfxrt.jar:/home/rakesh/Desktop/jdk1.8.0_161/jre/lib/ext/localedata.jar:/home/rakesh/Desktop/jdk1.8.0_161/jre/lib/ext/dnsns.jar:/home/rakesh/Desktop/jdk1.8.0_161/jre/lib/ext/sunpkcs11.jar:/home/rakesh/Desktop/jdk1.8.0_161/jre/lib/ext/zipfs.jar:/home/rakesh/Desktop/jdk1.8.0_161/jre/lib/ext/sunec.jar:/home/rakesh/Desktop/jdk1.8.0_161/jre/lib/ext/cldrdata.jar:/home/rakesh/Documents/eclipseworkspace/selenium_scripts/sample_maven_project/target/test-classes:/home/rakesh/Documents/eclipseworkspace/selenium_scripts/sample_maven_project/target/classes:/home/rakesh/.p2/pool/plugins/org.testng_6.13.1.r201712040515.jar:/home/rakesh/.p2/pool/plugins/com.beust.jcommander_1.72.0.jar:/home/rakesh/.p2/pool/plugins/org.apache-extras.beanshell.bsh_2.0.0.b6.jar:/home/rakesh/.p2/pool/plugins/org.yaml.snakeyaml_1.17.0.jar:/home/rakesh/Documents/eclipseworkspace/jars/selenium-server-standalone-3.9.1.jar:/home/rakesh/Documents/eclipseworkspace/jars/java-client-5.0.1.jar:/home/rakesh/.m2/repository/org/seleniumhq/selenium/selenium-java/3.7.1/selenium-java-3.7.1.jar:/home/rakesh/.m2/repository/org/seleniumhq/selenium/selenium-api/3.7.1/selenium-api-3.7.1.jar:/home/rakesh/.m2/repository/org/seleniumhq/selenium/selenium-chrome-driver/3.7.1/selenium-chrome-driver-3.7.1.jar:/home/rakesh/.m2/repository/org/seleniumhq/selenium/selenium-ed
Launcher Type: SUN_STANDARD

Environment Variables:
JAVA_HOME=/usr/lib/jvm/java-8-oracle
PATH=/home/linuxbrew/.linuxbrew/bin:/home/linuxbrew/.linuxbrew/sbin:/home/linuxbrew/.linuxbrew/bin:/home/linuxbrew/.linuxbrew/sbin:/home/linuxbrew/.linuxbrew/bin:/home/linuxbrew/.linuxbrew/sbin:/usr/local/sbin:/usr/local/bin:/usr/sbin:/usr/bin:/sbin:/bin:/usr/games:/usr/local/games:/usr/lib/jvm/java-8-oracle/bin:/usr/lib/jvm/java-8-oracle/db/bin:/usr/lib/jvm/java-8-oracle/jre/bin
SHELL=/bin/bash
DISPLAY=:0.0

Signal Handlers:
SIGSEGV: [libjvm.so+0xad01e0], sa_mask[0]=11111111011111111101111111111110, sa_flags=SA_RESTART|SA_SIGINFO
SIGBUS: [libjvm.so+0xad01e0], sa_mask[0]=11111111011111111101111111111110, sa_flags=SA_RESTART|SA_SIGINFO
SIGFPE: [libjvm.so+0x927fb0], sa_mask[0]=11111111011111111101111111111110, sa_flags=SA_RESTART|SA_SIGINFO
SIGPIPE: [libjvm.so+0x927fb0], sa_mask[0]=11111111011111111101111111111110, sa_flags=SA_RESTART|SA_SIGINFO
SIGXFSZ: [libjvm.so+0x927fb0], sa_mask[0]=11111111011111111101111111111110, sa_flags=SA_RESTART|SA_SIGINFO
SIGILL: [libjvm.so+0x927fb0], sa_mask[0]=11111111011111111101111111111110, sa_flags=SA_RESTART|SA_SIGINFO
SIGUSR1: SIG_DFL, sa_mask[0]=00000000000000000000000000000000, sa_flags=none
SIGUSR2: [libjvm.so+0x9297f0], sa_mask[0]=00100000000000000000000000000000, sa_flags=SA_RESTART|SA_SIGINFO
SIGHUP: [libjvm.so+0x92abf0], sa_mask[0]=11111111011111111101111111111110, sa_flags=SA_RESTART|SA_SIGINFO
SIGINT: [libjvm.so+0x92abf0], sa_mask[0]=11111111011111111101111111111110, sa_flags=SA_RESTART|SA_SIGINFO
SIGTERM: [libjvm.so+0x92abf0], sa_mask[0]=11111111011111111101111111111110, sa_flags=SA_RESTART|SA_SIGINFO
SIGQUIT: [libjvm.so+0x92abf0], sa_mask[0]=11111111011111111101111111111110, sa_flags=SA_RESTART|SA_SIGINFO


---------------  S Y S T E M  ---------------

OS:DISTRIB_ID=Ubuntu
DISTRIB_RELEASE=14.04
DISTRIB_CODENAME=trusty
DISTRIB_DESCRIPTION="Ubuntu 14.04.5 LTS"

uname:Linux 4.4.0-109-generic #132~14.04.1-Ubuntu SMP Tue Jan 9 21:46:42 UTC 2018 x86_64
libc:glibc 2.19 NPTL 2.19 
rlimit: STACK 8192k, CORE 0k, NPROC 31066, NOFILE 4096, AS infinity
load average:1.47 0.91 0.74

/proc/meminfo:
MemTotal:        8058712 kB
MemFree:          148684 kB
MemAvailable:    3785776 kB
Buffers:           77060 kB
Cached:          4277224 kB
SwapCached:         6168 kB
Active:          3278180 kB
Inactive:        4125372 kB
Active(anon):    2815956 kB
Inactive(anon):   967292 kB
Active(file):     462224 kB
Inactive(file):  3158080 kB
Unevictable:          64 kB
Mlocked:              64 kB
SwapTotal:       8271868 kB
SwapFree:        8205324 kB
Dirty:             36328 kB
Writeback:             0 kB
AnonPages:       3043644 kB
Mapped:           611400 kB
Shmem:            733956 kB
Slab:             369772 kB
SReclaimable:     320632 kB
SUnreclaim:        49140 kB
KernelStack:       15392 kB
PageTables:        57500 kB
NFS_Unstable:          0 kB
Bounce:                0 kB
WritebackTmp:          0 kB
CommitLimit:    12301224 kB
Committed_AS:   10306696 kB
VmallocTotal:   34359738367 kB
VmallocUsed:           0 kB
VmallocChunk:          0 kB
HardwareCorrupted:     0 kB
AnonHugePages:   1292288 kB
CmaTotal:              0 kB
CmaFree:               0 kB
HugePages_Total:       0
HugePages_Free:        0
HugePages_Rsvd:        0
HugePages_Surp:        0
Hugepagesize:       2048 kB
DirectMap4k:      270588 kB
DirectMap2M:     8001536 kB
DirectMap1G:     1048576 kB


CPU:total 4 (initial active 4) (2 cores per cpu, 2 threads per core) family 6 model 61 stepping 4, cmov, cx8, fxsr, mmx, sse, sse2, sse3, ssse3, sse4.1, sse4.2, popcnt, avx, avx2, aes, clmul, erms, 3dnowpref, lzcnt, ht, tsc, tscinvbit, bmi1, bmi2, adx

/proc/cpuinfo:
processor	: 0
vendor_id	: GenuineIntel
cpu family	: 6
model		: 61
model name	: Intel(R) Core(TM) i5-5250U CPU @ 1.60GHz
stepping	: 4
microcode	: 0x1d
cpu MHz		: 2554.312
cache size	: 3072 KB
physical id	: 0
siblings	: 4
core id		: 0
cpu cores	: 2
apicid		: 0
initial apicid	: 0
fpu		: yes
fpu_exception	: yes
cpuid level	: 20
wp		: yes
flags		: fpu vme de pse tsc msr pae mce cx8 apic sep mtrr pge mca cmov pat pse36 clflush dts acpi mmx fxsr sse sse2 ss ht tm pbe syscall nx pdpe1gb rdtscp lm constant_tsc arch_perfmon pebs bts rep_good nopl xtopology nonstop_tsc aperfmperf eagerfpu pni pclmulqdq dtes64 monitor ds_cpl vmx est tm2 ssse3 sdbg fma cx16 xtpr pdcm pcid sse4_1 sse4_2 x2apic movbe popcnt tsc_deadline_timer aes xsave avx f16c rdrand lahf_lm abm 3dnowprefetch epb invpcid_single intel_pt kaiser tpr_shadow vnmi flexpriority ept vpid fsgsbase tsc_adjust bmi1 avx2 smep bmi2 erms invpcid rdseed adx smap xsaveopt dtherm ida arat pln pts
bugs		:
bogomips	: 3192.08
clflush size	: 64
cache_alignment	: 64
address sizes	: 39 bits physical, 48 bits virtual
power management:

processor	: 1
vendor_id	: GenuineIntel
cpu family	: 6
model		: 61
model name	: Intel(R) Core(TM) i5-5250U CPU @ 1.60GHz
stepping	: 4
microcode	: 0x1d
cpu MHz		: 2500.000
cache size	: 3072 KB
physical id	: 0
siblings	: 4
core id		: 1
cpu cores	: 2
apicid		: 2
initial apicid	: 2
fpu		: yes
fpu_exception	: yes
cpuid level	: 20
wp		: yes
flags		: fpu vme de pse tsc msr pae mce cx8 apic sep mtrr pge mca cmov pat pse36 clflush dts acpi mmx fxsr sse sse2 ss ht tm pbe syscall nx pdpe1gb rdtscp lm constant_tsc arch_perfmon pebs bts rep_good nopl xtopology nonstop_tsc aperfmperf eagerfpu pni pclmulqdq dtes64 monitor ds_cpl vmx est tm2 ssse3 sdbg fma cx16 xtpr pdcm pcid sse4_1 sse4_2 x2apic movbe popcnt tsc_deadline_timer aes xsave avx f16c rdrand lahf_lm abm 3dnowprefetch epb invpcid_single intel_pt kaiser tpr_shadow vnmi flexpriority ept vpid fsgsbase tsc_adjust bmi1 avx2 smep bmi2 erms invpcid rdseed adx smap xsaveopt dtherm ida arat pln pts
bugs		:
bogomips	: 3192.08
clflush size	: 64
cache_alignment	: 64
address sizes	: 39 bits physical, 48 bits virtual
power management:

processor	: 2
vendor_id	: GenuineIntel
cpu family	: 6
model		: 61
model name	: Intel(R) Core(TM) i5-5250U CPU @ 1.60GHz
stepping	: 4
microcode	: 0x1d
cpu MHz		: 2499.937
cache size	: 3072 KB
physical id	: 0
siblings	: 4
core id		: 0
cpu cores	: 2
apicid		: 1
initial apicid	: 1
fpu		: yes
fpu_exception	: yes
cpuid level	: 20
wp		: yes
flags		: fpu vme de pse tsc msr pae mce cx8 apic sep mtrr pge mca cmov pat pse36 clflush dts acpi mmx fxsr sse sse2 ss ht tm pbe syscall nx pdpe1gb rdtscp lm constant_tsc arch_perfmon pebs bts rep_good nopl xtopology nonstop_tsc aperfmperf eagerfpu pni pclmulqdq dtes64 monitor ds_cpl vmx est tm2 ssse3 sdbg fma cx16 xtpr pdcm pcid sse4_1 sse4_2 x2apic movbe popcnt tsc_deadline_timer aes xsave avx f16c rdrand lahf_lm abm 3dnowprefetch epb invpcid_single intel_pt kaiser tpr_shadow vnmi flexpriority ept vpid fsgsbase tsc_adjust bmi1 avx2 smep bmi2 erms invpcid rdseed adx smap xsaveopt dtherm ida arat pln pts
bugs		:
bogomips	: 3192.08
clflush size	: 64
cache_alignment	: 64
address sizes	: 39 bits physical, 48 bits virtual
power management:

processor	: 3
vendor_id	: GenuineIntel
cpu family	: 6
model		: 61
model name	: Intel(R) Core(TM) i5-5250U CPU @ 1.60GHz
stepping	: 4
microcode	: 0x1d
cpu MHz		: 2499.875
cache size	: 3072 KB
physical id	: 0
siblings	: 4
core id		: 1
cpu cores	: 2
apicid		: 3
initial apicid	: 3
fpu		: yes
fpu_exception	: yes
cpuid level	: 20
wp		: yes
flags		: fpu vme de pse tsc msr pae mce cx8 apic sep mtrr pge mca cmov pat pse36 clflush dts acpi mmx fxsr sse sse2 ss ht tm pbe syscall nx pdpe1gb rdtscp lm constant_tsc arch_perfmon pebs bts rep_good nopl xtopology nonstop_tsc aperfmperf eagerfpu pni pclmulqdq dtes64 monitor ds_cpl vmx est tm2 ssse3 sdbg fma cx16 xtpr pdcm pcid sse4_1 sse4_2 x2apic movbe popcnt tsc_deadline_timer aes xsave avx f16c rdrand lahf_lm abm 3dnowprefetch epb invpcid_single intel_pt kaiser tpr_shadow vnmi flexpriority ept vpid fsgsbase tsc_adjust bmi1 avx2 smep bmi2 erms invpcid rdseed adx smap xsaveopt dtherm ida arat pln pts
bugs		:
bogomips	: 3192.08
clflush size	: 64
cache_alignment	: 64
address sizes	: 39 bits physical, 48 bits virtual
power management:



Memory: 4k page, physical 8058712k(148684k free), swap 8271868k(8205324k free)

vm_info: Java HotSpot(TM) 64-Bit Server VM (25.161-b12) for linux-amd64 JRE (1.8.0_161-b12), built on Dec 19 2017 16:12:43 by "java_re" with gcc 4.3.0 20080428 (Red Hat 4.3.0-8)

time: Mon Mar 19 18:05:17 2018
elapsed time: 8 seconds (0d 0h 0m 8s)

