#
# A fatal error has been detected by the Java Runtime Environment:
#
#  SIGSEGV (0xb) at pc=0x00007f6d60b6f33a, pid=20686, tid=0x00007f6dc6ad8700
#
# JRE version: Java(TM) SE Runtime Environment (8.0_161-b12) (build 1.8.0_161-b12)
# Java VM: Java HotSpot(TM) 64-Bit Server VM (25.161-b12 mixed mode linux-amd64 compressed oops)
# Problematic frame:
# C  [libtesseract.so.3.0.3+0x22533a]  ERRCODE::error(char const*, TessErrorLogCode, char const*, ...) const+0x16a
#
# Failed to write core dump. Core dumps have been disabled. To enable core dumping, try "ulimit -c unlimited" before starting Java again
#
# If you would like to submit a bug report, please visit:
#   http://bugreport.java.com/bugreport/crash.jsp
# The crash happened outside the Java Virtual Machine in native code.
# See problematic frame for where to report the bug.
#

---------------  T H R E A D  ---------------

Current thread (0x00007f6dc0010000):  JavaThread "main" [_thread_in_native, id=20691, stack(0x00007f6dc69d8000,0x00007f6dc6ad9000)]

siginfo: si_signo: 11 (SIGSEGV), si_code: 1 (SEGV_MAPERR), si_addr: 0x0000000000000000

Registers:
RAX=0x000000000000004e, RBX=0x00007f6dc6ad46a0, RCX=0x00007f6dc5fc33dd, RDX=0x00007f6dc62989d0
RSP=0x00007f6dc6ad4680, RBP=0x0000000000000002, RSI=0x000000000000004e, RDI=0x00007f6dc6ad1e50
R8 =0x00007f6dc6ad8700, R9 =0x61646120656c6966, R10=0x00007f6dc6294be0, R11=0x0000000000000000
R12=0x00007f6dc6ad46cd, R13=0x00007f6d60b78177, R14=0x00007f6d60e254a0, R15=0x00007f6d60b8e7ff
RIP=0x00007f6d60b6f33a, EFLAGS=0x0000000000010246, CSGSFS=0x0000000000000033, ERR=0x0000000000000004
  TRAPNO=0x000000000000000e

Top of Stack: (sp=0x00007f6dc6ad4680)
0x00007f6dc6ad4680:   0000000000000000 0000003000000030
0x00007f6dc6ad4690:   00007f6dc6ad4b90 00007f6dc6ad4ab0
0x00007f6dc6ad46a0:   5464657470616441 736574616c706d65
0x00007f6dc6ad46b0:   4c4c554e203d2120 413a726f7272453a
0x00007f6dc6ad46c0:   6166207472657373 206e693a64656c69
0x00007f6dc6ad46d0:   61646120656c6966 2e686374616d7470
0x00007f6dc6ad46e0:   6e696c202c707063 00000a3437312065
0x00007f6dc6ad46f0:   0000000000000000 0000000000000000
0x00007f6dc6ad4700:   0000000000000000 0000000000000000
0x00007f6dc6ad4710:   0000000000000000 0000000000000000
0x00007f6dc6ad4720:   0000000000000000 0000000000000000
0x00007f6dc6ad4730:   0000000000000000 0000000000000000
0x00007f6dc6ad4740:   0000000000000000 0000000000000000
0x00007f6dc6ad4750:   0000000000000000 0000000000000000
0x00007f6dc6ad4760:   0000000000000000 0000000000000000
0x00007f6dc6ad4770:   0000000000000000 0000000000000000
0x00007f6dc6ad4780:   0000000000000000 0000000000000000
0x00007f6dc6ad4790:   0000000000000000 0000000000000000
0x00007f6dc6ad47a0:   0000000000000000 0000000000000000
0x00007f6dc6ad47b0:   0000000000000000 0000000000000000
0x00007f6dc6ad47c0:   0000000000000000 0000000000000000
0x00007f6dc6ad47d0:   0000000000000000 0000000000000000
0x00007f6dc6ad47e0:   0000000000000000 0000000000000000
0x00007f6dc6ad47f0:   0000000000000000 0000000000000000
0x00007f6dc6ad4800:   0000000000000000 0000000000000000
0x00007f6dc6ad4810:   0000000000000000 0000000000000000
0x00007f6dc6ad4820:   0000000000000000 0000000000000000
0x00007f6dc6ad4830:   0000000000000000 0000000000000000
0x00007f6dc6ad4840:   0000000000000000 0000000000000000
0x00007f6dc6ad4850:   0000000000000000 0000000000000000
0x00007f6dc6ad4860:   0000000000000000 0000000000000000
0x00007f6dc6ad4870:   0000000000000000 0000000000000000 

Instructions: (pc=0x00007f6d60b6f33a)
0x00007f6d60b6f31a:   48 89 d9 be 01 00 00 00 48 8b 38 31 c0 e8 14 60
0x00007f6d60b6f32a:   e5 ff 83 fd ff 7c 14 85 ed 7e 2c 83 fd 02 7f 0b
0x00007f6d60b6f33a:   8b 04 25 00 00 00 00 85 c0 74 52 48 8d 35 14 8d
0x00007f6d60b6f34a:   01 00 48 8d 3d f5 81 4f 00 31 c9 ba 02 00 00 00 

Register to memory mapping:

RAX=0x000000000000004e is an unknown value
RBX=0x00007f6dc6ad46a0 is pointing into the stack for thread: 0x00007f6dc0010000
RCX=0x00007f6dc5fc33dd: __write+0x2d in /lib/x86_64-linux-gnu/libc.so.6 at 0x00007f6dc5ed4000
RDX=0x00007f6dc62989d0: <offset 0x3c49d0> in /lib/x86_64-linux-gnu/libc.so.6 at 0x00007f6dc5ed4000
RSP=0x00007f6dc6ad4680 is pointing into the stack for thread: 0x00007f6dc0010000
RBP=0x0000000000000002 is an unknown value
RSI=0x000000000000004e is an unknown value
RDI=0x00007f6dc6ad1e50 is pointing into the stack for thread: 0x00007f6dc0010000
R8 =0x00007f6dc6ad8700 is pointing into the stack for thread: 0x00007f6dc0010000
R9 =0x61646120656c6966 is an unknown value
R10=0x00007f6dc6294be0: <offset 0x3c0be0> in /lib/x86_64-linux-gnu/libc.so.6 at 0x00007f6dc5ed4000
R11=0x0000000000000000 is an unknown value
R12=0x00007f6dc6ad46cd is pointing into the stack for thread: 0x00007f6dc0010000
R13=0x00007f6d60b78177: <offset 0x22e177> in /usr/lib/libtesseract.so.3.0.3 at 0x00007f6d6094a000
R14=0x00007f6d60e254a0: <offset 0x4db4a0> in /usr/lib/libtesseract.so.3.0.3 at 0x00007f6d6094a000
R15=0x00007f6d60b8e7ff: <offset 0x2447ff> in /usr/lib/libtesseract.so.3.0.3 at 0x00007f6d6094a000


Stack: [0x00007f6dc69d8000,0x00007f6dc6ad9000],  sp=0x00007f6dc6ad4680,  free space=1009k
Native frames: (J=compiled Java code, j=interpreted, Vv=VM code, C=native code)
C  [libtesseract.so.3.0.3+0x22533a]  ERRCODE::error(char const*, TessErrorLogCode, char const*, ...) const+0x16a

Java frames: (J=compiled Java code, j=interpreted, Vv=VM code)
j  com.sun.jna.Native.invokePointer(JI[Ljava/lang/Object;)J+0
j  com.sun.jna.Function.invokePointer(I[Ljava/lang/Object;)Lcom/sun/jna/Pointer;+6
j  com.sun.jna.Function.invoke([Ljava/lang/Object;Ljava/lang/Class;Z)Ljava/lang/Object;+426
j  com.sun.jna.Function.invoke(Ljava/lang/Class;[Ljava/lang/Object;Ljava/util/Map;)Ljava/lang/Object;+262
j  com.sun.jna.Library$Handler.invoke(Ljava/lang/Object;Ljava/lang/reflect/Method;[Ljava/lang/Object;)Ljava/lang/Object;+316
j  com.sun.proxy.$Proxy4.TessBaseAPIGetUTF8Text(Lnet/sourceforge/tess4j/ITessAPI$TessBaseAPI;)Lcom/sun/jna/Pointer;+16
j  net.sourceforge.tess4j.Tesseract.getOCRText(Ljava/lang/String;I)Ljava/lang/String;+62
j  net.sourceforge.tess4j.Tesseract.doOCR(Ljava/util/List;Ljava/lang/String;Ljava/awt/Rectangle;)Ljava/lang/String;+69
j  net.sourceforge.tess4j.Tesseract.doOCR(Ljava/io/File;Ljava/awt/Rectangle;)Ljava/lang/String;+10
j  net.sourceforge.tess4j.Tesseract.doOCR(Ljava/io/File;)Ljava/lang/String;+3
j  com.maven.sample.Toast.Verify(Lorg/openqa/selenium/WebDriver;)Ljava/lang/String;+42
j  com.maven.sample.SeleniumBase.testSeleniumBase()V+77
v  ~StubRoutines::call_stub
j  sun.reflect.NativeMethodAccessorImpl.invoke0(Ljava/lang/reflect/Method;Ljava/lang/Object;[Ljava/lang/Object;)Ljava/lang/Object;+0
j  sun.reflect.NativeMethodAccessorImpl.invoke(Ljava/lang/Object;[Ljava/lang/Object;)Ljava/lang/Object;+100
j  sun.reflect.DelegatingMethodAccessorImpl.invoke(Ljava/lang/Object;[Ljava/lang/Object;)Ljava/lang/Object;+6
j  java.lang.reflect.Method.invoke(Ljava/lang/Object;[Ljava/lang/Object;)Ljava/lang/Object;+56
j  org.testng.internal.MethodInvocationHelper.invokeMethod(Ljava/lang/reflect/Method;Ljava/lang/Object;[Ljava/lang/Object;)Ljava/lang/Object;+255
j  org.testng.internal.Invoker.invokeMethod(Ljava/lang/Object;Lorg/testng/ITestNGMethod;[Ljava/lang/Object;ILorg/testng/xml/XmlSuite;Ljava/util/Map;Lorg/testng/ITestClass;[Lorg/testng/ITestNGMethod;[Lorg/testng/ITestNGMethod;Lorg/testng/internal/ConfigurationGroupMethods;Lorg/testng/internal/Invoker$FailureContext;)Lorg/testng/ITestResult;+382
j  org.testng.internal.Invoker.invokeTestMethod(Ljava/lang/Object;Lorg/testng/ITestNGMethod;[Ljava/lang/Object;ILorg/testng/xml/XmlSuite;Ljava/util/Map;Lorg/testng/ITestClass;[Lorg/testng/ITestNGMethod;[Lorg/testng/ITestNGMethod;Lorg/testng/internal/ConfigurationGroupMethods;Lorg/testng/internal/Invoker$FailureContext;)Lorg/testng/ITestResult;+29
j  org.testng.internal.Invoker.invokeTestMethods(Lorg/testng/ITestNGMethod;Lorg/testng/xml/XmlSuite;Ljava/util/Map;Lorg/testng/internal/ConfigurationGroupMethods;Ljava/lang/Object;Lorg/testng/ITestContext;)Ljava/util/List;+729
j  org.testng.internal.TestMethodWorker.invokeTestMethods(Lorg/testng/ITestNGMethod;Ljava/lang/Object;Lorg/testng/ITestContext;)V+19
j  org.testng.internal.TestMethodWorker.run()V+63
j  org.testng.TestRunner.privateRun(Lorg/testng/xml/XmlTest;)V+300
j  org.testng.TestRunner.run()V+25
j  org.testng.SuiteRunner.runTest(Lorg/testng/TestRunner;)V+1
j  org.testng.SuiteRunner.runSequentially()V+31
j  org.testng.SuiteRunner.privateRun()V+288
j  org.testng.SuiteRunner.run()V+6
j  org.testng.SuiteRunnerWorker.runSuite(Lorg/testng/internal/SuiteRunnerMap;Lorg/testng/xml/XmlSuite;)V+87
j  org.testng.SuiteRunnerWorker.run()V+12
j  org.testng.TestNG.runSuitesSequentially(Lorg/testng/xml/XmlSuite;Lorg/testng/internal/SuiteRunnerMap;ILjava/lang/String;)V+66
j  org.testng.TestNG.runSuitesLocally()Ljava/util/List;+156
j  org.testng.TestNG.runSuites()Ljava/util/List;+1
j  org.testng.TestNG.run()V+25
j  org.testng.remote.AbstractRemoteTestNG.run()V+149
j  org.testng.remote.RemoteTestNG.initAndRun(Lorg/testng/remote/IRemoteTestNG;[Ljava/lang/String;Lorg/testng/CommandLineArgs;Lorg/testng/remote/RemoteArgs;)V+184
j  org.testng.remote.RemoteTestNG.main([Ljava/lang/String;)V+201
v  ~StubRoutines::call_stub

---------------  P R O C E S S  ---------------

Java Threads: ( => current thread )
  0x00007f6dc0b31000 JavaThread "Java2D Disposer" daemon [_thread_blocked, id=20933, stack(0x00007f6d611d0000,0x00007f6d612d1000)]
  0x00007f6dc08ea800 JavaThread "Okio Watchdog" daemon [_thread_blocked, id=20730, stack(0x00007f6d62b8c000,0x00007f6d62c8d000)]
  0x00007f6dc08e0800 JavaThread "OkHttp ConnectionPool" daemon [_thread_blocked, id=20728, stack(0x00007f6d62c8d000,0x00007f6d62d8e000)]
  0x00007f6d5c015800 JavaThread "Exec Stream Pumper" daemon [_thread_in_native, id=20727, stack(0x00007f6d6318e000,0x00007f6d6328f000)]
  0x00007f6d5c014800 JavaThread "Exec Stream Pumper" daemon [_thread_in_native, id=20726, stack(0x00007f6d6328f000,0x00007f6d63390000)]
  0x00007f6d5c012800 JavaThread "process reaper" daemon [_thread_in_native, id=20725, stack(0x00007f6da804f000,0x00007f6da8088000)]
  0x00007f6dc081d800 JavaThread "UrlChecker-2" daemon [_thread_blocked, id=20717, stack(0x00007f6d63390000,0x00007f6d63491000)]
  0x00007f6dc0819800 JavaThread "Exec Default Executor" daemon [_thread_blocked, id=20716, stack(0x00007f6d63491000,0x00007f6d63592000)]
  0x00007f6dc057b000 JavaThread "ReaderThread" [_thread_in_native, id=20714, stack(0x00007f6da80bc000,0x00007f6da81bd000)]
  0x00007f6dc00d8000 JavaThread "Service Thread" daemon [_thread_blocked, id=20711, stack(0x00007f6da8952000,0x00007f6da8a53000)]
  0x00007f6dc00d4800 JavaThread "C1 CompilerThread2" daemon [_thread_blocked, id=20710, stack(0x00007f6da8a53000,0x00007f6da8b54000)]
  0x00007f6dc00d3000 JavaThread "C2 CompilerThread1" daemon [_thread_blocked, id=20709, stack(0x00007f6da8b54000,0x00007f6da8c55000)]
  0x00007f6dc00d0000 JavaThread "C2 CompilerThread0" daemon [_thread_blocked, id=20708, stack(0x00007f6da8c55000,0x00007f6da8d56000)]
  0x00007f6d88001000 JavaThread "JDWP Command Reader" daemon [_thread_in_native, id=20706, stack(0x00007f6da8d56000,0x00007f6da8e57000)]
  0x00007f6dc00cd800 JavaThread "JDWP Event Helper Thread" daemon [_thread_blocked, id=20705, stack(0x00007f6da8e57000,0x00007f6da8f58000)]
  0x00007f6dc00ca000 JavaThread "JDWP Transport Listener: dt_socket" daemon [_thread_blocked, id=20702, stack(0x00007f6da8f58000,0x00007f6da9059000)]
  0x00007f6dc00bc800 JavaThread "Signal Dispatcher" daemon [_thread_blocked, id=20700, stack(0x00007f6da925d000,0x00007f6da935e000)]
  0x00007f6dc008a800 JavaThread "Finalizer" daemon [_thread_blocked, id=20699, stack(0x00007f6da935e000,0x00007f6da945f000)]
  0x00007f6dc0086000 JavaThread "Reference Handler" daemon [_thread_blocked, id=20698, stack(0x00007f6da945f000,0x00007f6da9560000)]
=>0x00007f6dc0010000 JavaThread "main" [_thread_in_native, id=20691, stack(0x00007f6dc69d8000,0x00007f6dc6ad9000)]

Other Threads:
  0x00007f6dc007e000 VMThread [stack: 0x00007f6da9560000,0x00007f6da9661000] [id=20697]
  0x00007f6dc00dd000 WatcherThread [stack: 0x00007f6da8851000,0x00007f6da8952000] [id=20712]

VM state:not at safepoint (normal execution)

VM Mutex/Monitor currently owned by a thread: None

Heap:
 PSYoungGen      total 36864K, used 17466K [0x00000000d7000000, 0x00000000dcf00000, 0x0000000100000000)
  eden space 31744K, 40% used [0x00000000d7000000,0x00000000d7c988a8,0x00000000d8f00000)
  from space 5120K, 89% used [0x00000000d8f00000,0x00000000d9375fc8,0x00000000d9400000)
  to   space 18944K, 0% used [0x00000000dbc80000,0x00000000dbc80000,0x00000000dcf00000)
 ParOldGen       total 62464K, used 26286K [0x0000000085000000, 0x0000000088d00000, 0x00000000d7000000)
  object space 62464K, 42% used [0x0000000085000000,0x00000000869ab970,0x0000000088d00000)
 Metaspace       used 21026K, capacity 21550K, committed 21888K, reserved 1069056K
  class space    used 2667K, capacity 2865K, committed 2944K, reserved 1048576K

Card table byte_map: [0x00007f6daf72e000,0x00007f6dafb07000] byte_map_base: 0x00007f6daf306000

Marking Bits: (ParMarkBitMap*) 0x00007f6dc5ea6920
 Begin Bits: [0x00007f6dab41b000, 0x00007f6dad2db000)
 End Bits:   [0x00007f6dad2db000, 0x00007f6daf19b000)

Polling page: 0x00007f6dc6af6000

CodeCache: size=245760Kb used=5938Kb max_used=5974Kb free=239821Kb
 bounds [0x00007f6dafec7000, 0x00007f6db04a7000, 0x00007f6dbeec7000]
 total_blobs=2047 nmethods=1601 adapters=367
 compilation: enabled

Compilation events (10 events):
Event: 8.187 Thread 0x00007f6dc00d0000 1616       4       java.lang.Math::min (12 bytes)
Event: 8.187 Thread 0x00007f6dc00d3000 1617       4       java.io.RandomAccessFile::readFully (45 bytes)
Event: 8.187 Thread 0x00007f6dc00d0000 nmethod 1616 0x00007f6db0487710 code [0x00007f6db0487860, 0x00007f6db04878d8]
Event: 8.187 Thread 0x00007f6dc00d3000 nmethod 1617 0x00007f6db002c410 code [0x00007f6db002c560, 0x00007f6db002c628]
Event: 8.203 Thread 0x00007f6dc00d4800 1618       3       java.util.WeakHashMap::eq (19 bytes)
Event: 8.203 Thread 0x00007f6dc00d4800 nmethod 1618 0x00007f6daffe3a50 code [0x00007f6daffe3bc0, 0x00007f6daffe3e68]
Event: 8.203 Thread 0x00007f6dc00d4800 1619       3       java.lang.Class::getMethod (64 bytes)
Event: 8.204 Thread 0x00007f6dc00d4800 nmethod 1619 0x00007f6db049da90 code [0x00007f6db049dce0, 0x00007f6db049e9c8]
Event: 8.210 Thread 0x00007f6dc00d4800 1620       1       sun.reflect.ByteVectorImpl::getLength (7 bytes)
Event: 8.210 Thread 0x00007f6dc00d4800 nmethod 1620 0x00007f6daffdd090 code [0x00007f6daffdd1e0, 0x00007f6daffdd2f0]

GC Heap History (10 events):
Event: 7.390 GC heap before
{Heap before GC invocations=2 (full 0):
 PSYoungGen      total 36864K, used 36833K [0x00000000d7000000, 0x00000000d9900000, 0x0000000100000000)
  eden space 31744K, 100% used [0x00000000d7000000,0x00000000d8f00000,0x00000000d8f00000)
  from space 5120K, 99% used [0x00000000d8f00000,0x00000000d93f8728,0x00000000d9400000)
  to   space 5120K, 0% used [0x00000000d9400000,0x00000000d9400000,0x00000000d9900000)
 ParOldGen       total 84992K, used 984K [0x0000000085000000, 0x000000008a300000, 0x00000000d7000000)
  object space 84992K, 1% used [0x0000000085000000,0x00000000850f63d0,0x000000008a300000)
 Metaspace       used 16982K, capacity 17406K, committed 17664K, reserved 1064960K
  class space    used 2093K, capacity 2253K, committed 2304K, reserved 1048576K
Event: 7.399 GC heap after
Heap after GC invocations=2 (full 0):
 PSYoungGen      total 36864K, used 5111K [0x00000000d7000000, 0x00000000d9900000, 0x0000000100000000)
  eden space 31744K, 0% used [0x00000000d7000000,0x00000000d7000000,0x00000000d8f00000)
  from space 5120K, 99% used [0x00000000d9400000,0x00000000d98fde68,0x00000000d9900000)
  to   space 5120K, 0% used [0x00000000d8f00000,0x00000000d8f00000,0x00000000d9400000)
 ParOldGen       total 84992K, used 3017K [0x0000000085000000, 0x000000008a300000, 0x00000000d7000000)
  object space 84992K, 3% used [0x0000000085000000,0x00000000852f2560,0x000000008a300000)
 Metaspace       used 16982K, capacity 17406K, committed 17664K, reserved 1064960K
  class space    used 2093K, capacity 2253K, committed 2304K, reserved 1048576K
}
Event: 7.713 GC heap before
{Heap before GC invocations=3 (full 0):
 PSYoungGen      total 36864K, used 32732K [0x00000000d7000000, 0x00000000d9900000, 0x0000000100000000)
  eden space 31744K, 87% used [0x00000000d7000000,0x00000000d8af9468,0x00000000d8f00000)
  from space 5120K, 99% used [0x00000000d9400000,0x00000000d98fde68,0x00000000d9900000)
  to   space 5120K, 0% used [0x00000000d8f00000,0x00000000d8f00000,0x00000000d9400000)
 ParOldGen       total 84992K, used 3017K [0x0000000085000000, 0x000000008a300000, 0x00000000d7000000)
  object space 84992K, 3% used [0x0000000085000000,0x00000000852f2560,0x000000008a300000)
 Metaspace       used 19678K, capacity 20194K, committed 20352K, reserved 1067008K
  class space    used 2446K, capacity 2607K, committed 2688K, reserved 1048576K
Event: 7.720 GC heap after
Heap after GC invocations=3 (full 0):
 PSYoungGen      total 36864K, used 5089K [0x00000000d7000000, 0x00000000d9900000, 0x0000000100000000)
  eden space 31744K, 0% used [0x00000000d7000000,0x00000000d7000000,0x00000000d8f00000)
  from space 5120K, 99% used [0x00000000d8f00000,0x00000000d93f8548,0x00000000d9400000)
  to   space 5120K, 0% used [0x00000000d9400000,0x00000000d9400000,0x00000000d9900000)
 ParOldGen       total 84992K, used 4164K [0x0000000085000000, 0x000000008a300000, 0x00000000d7000000)
  object space 84992K, 4% used [0x0000000085000000,0x00000000854110a8,0x000000008a300000)
 Metaspace       used 19678K, capacity 20194K, committed 20352K, reserved 1067008K
  class space    used 2446K, capacity 2607K, committed 2688K, reserved 1048576K
}
Event: 7.971 GC heap before
{Heap before GC invocations=4 (full 0):
 PSYoungGen      total 36864K, used 28249K [0x00000000d7000000, 0x00000000d9900000, 0x0000000100000000)
  eden space 31744K, 72% used [0x00000000d7000000,0x00000000d869e138,0x00000000d8f00000)
  from space 5120K, 99% used [0x00000000d8f00000,0x00000000d93f8548,0x00000000d9400000)
  to   space 5120K, 0% used [0x00000000d9400000,0x00000000d9400000,0x00000000d9900000)
 ParOldGen       total 84992K, used 4164K [0x0000000085000000, 0x000000008a300000, 0x00000000d7000000)
  object space 84992K, 4% used [0x0000000085000000,0x00000000854110a8,0x000000008a300000)
 Metaspace       used 20720K, capacity 21192K, committed 21248K, reserved 1067008K
  class space    used 2592K, capacity 2768K, committed 2816K, reserved 1048576K
Event: 7.988 GC heap after
Heap after GC invocations=4 (full 0):
 PSYoungGen      total 36864K, used 5089K [0x00000000d7000000, 0x00000000db800000, 0x0000000100000000)
  eden space 31744K, 0% used [0x00000000d7000000,0x00000000d7000000,0x00000000d8f00000)
  from space 5120K, 99% used [0x00000000d9400000,0x00000000d98f85a0,0x00000000d9900000)
  to   space 5120K, 0% used [0x00000000d8f00000,0x00000000d8f00000,0x00000000d9400000)
 ParOldGen       total 84992K, used 20250K [0x0000000085000000, 0x000000008a300000, 0x00000000d7000000)
  object space 84992K, 23% used [0x0000000085000000,0x00000000863c68b8,0x000000008a300000)
 Metaspace       used 20720K, capacity 21192K, committed 21248K, reserved 1067008K
  class space    used 2592K, capacity 2768K, committed 2816K, reserved 1048576K
}
Event: 7.988 GC heap before
{Heap before GC invocations=5 (full 1):
 PSYoungGen      total 36864K, used 5089K [0x00000000d7000000, 0x00000000db800000, 0x0000000100000000)
  eden space 31744K, 0% used [0x00000000d7000000,0x00000000d7000000,0x00000000d8f00000)
  from space 5120K, 99% used [0x00000000d9400000,0x00000000d98f85a0,0x00000000d9900000)
  to   space 5120K, 0% used [0x00000000d8f00000,0x00000000d8f00000,0x00000000d9400000)
 ParOldGen       total 84992K, used 20250K [0x0000000085000000, 0x000000008a300000, 0x00000000d7000000)
  object space 84992K, 23% used [0x0000000085000000,0x00000000863c68b8,0x000000008a300000)
 Metaspace       used 20720K, capacity 21192K, committed 21248K, reserved 1067008K
  class space    used 2592K, capacity 2768K, committed 2816K, reserved 1048576K
Event: 8.026 GC heap after
Heap after GC invocations=5 (full 1):
 PSYoungGen      total 36864K, used 0K [0x00000000d7000000, 0x00000000db800000, 0x0000000100000000)
  eden space 31744K, 0% used [0x00000000d7000000,0x00000000d7000000,0x00000000d8f00000)
  from space 5120K, 0% used [0x00000000d9400000,0x00000000d9400000,0x00000000d9900000)
  to   space 5120K, 0% used [0x00000000d8f00000,0x00000000d8f00000,0x00000000d9400000)
 ParOldGen       total 62464K, used 10781K [0x0000000085000000, 0x0000000088d00000, 0x00000000d7000000)
  object space 62464K, 17% used [0x0000000085000000,0x0000000085a875e0,0x0000000088d00000)
 Metaspace       used 20720K, capacity 21192K, committed 21248K, reserved 1067008K
  class space    used 2592K, capacity 2768K, committed 2816K, reserved 1048576K
}
Event: 8.175 GC heap before
{Heap before GC invocations=6 (full 1):
 PSYoungGen      total 36864K, used 30002K [0x00000000d7000000, 0x00000000db800000, 0x0000000100000000)
  eden space 31744K, 94% used [0x00000000d7000000,0x00000000d8d4cb10,0x00000000d8f00000)
  from space 5120K, 0% used [0x00000000d9400000,0x00000000d9400000,0x00000000d9900000)
  to   space 5120K, 0% used [0x00000000d8f00000,0x00000000d8f00000,0x00000000d9400000)
 ParOldGen       total 62464K, used 10781K [0x0000000085000000, 0x0000000088d00000, 0x00000000d7000000)
  object space 62464K, 17% used [0x0000000085000000,0x0000000085a875e0,0x0000000088d00000)
 Metaspace       used 21000K, capacity 21544K, committed 21632K, reserved 1069056K
  class space    used 2665K, capacity 2864K, committed 2944K, reserved 1048576K
Event: 8.184 GC heap after
Heap after GC invocations=6 (full 1):
 PSYoungGen      total 36864K, used 4567K [0x00000000d7000000, 0x00000000dcf00000, 0x0000000100000000)
  eden space 31744K, 0% used [0x00000000d7000000,0x00000000d7000000,0x00000000d8f00000)
  from space 5120K, 89% used [0x00000000d8f00000,0x00000000d9375fc8,0x00000000d9400000)
  to   space 18944K, 0% used [0x00000000dbc80000,0x00000000dbc80000,0x00000000dcf00000)
 ParOldGen       total 62464K, used 26286K [0x0000000085000000, 0x0000000088d00000, 0x00000000d7000000)
  object space 62464K, 42% used [0x0000000085000000,0x00000000869ab970,0x0000000088d00000)
 Metaspace       used 21000K, capacity 21544K, committed 21632K, reserved 1069056K
  class space    used 2665K, capacity 2864K, committed 2944K, reserved 1048576K
}

Deoptimization events (10 events):
Event: 1.414 Thread 0x00007f6dc0010000 Uncommon trap: reason=class_check action=maybe_recompile pc=0x00007f6db02d97a4 method=java.util.regex.Matcher.search(I)Z @ 86
Event: 1.414 Thread 0x00007f6dc0010000 Uncommon trap: reason=class_check action=maybe_recompile pc=0x00007f6db02522ac method=java.util.regex.Pattern$Curly.match(Ljava/util/regex/Matcher;ILjava/lang/CharSequence;)Z @ 19
Event: 1.434 Thread 0x00007f6dc0010000 Uncommon trap: reason=class_check action=maybe_recompile pc=0x00007f6db02522ac method=java.util.regex.Pattern$Curly.match(Ljava/util/regex/Matcher;ILjava/lang/CharSequence;)Z @ 19
Event: 1.434 Thread 0x00007f6dc0010000 Uncommon trap: reason=class_check action=maybe_recompile pc=0x00007f6db02522ac method=java.util.regex.Pattern$Curly.match(Ljava/util/regex/Matcher;ILjava/lang/CharSequence;)Z @ 19
Event: 1.498 Thread 0x00007f6dc0010000 Uncommon trap: reason=unstable_if action=reinterpret pc=0x00007f6db025fc04 method=java.util.regex.Pattern$BmpCharProperty.match(Ljava/util/regex/Matcher;ILjava/lang/CharSequence;)Z @ 34
Event: 2.130 Thread 0x00007f6dc0010000 Uncommon trap: reason=unstable_if action=reinterpret pc=0x00007f6db036d8ec method=java.util.concurrent.ConcurrentHashMap.putVal(Ljava/lang/Object;Ljava/lang/Object;Z)Ljava/lang/Object; @ 181
Event: 7.500 Thread 0x00007f6dc0010000 Uncommon trap: reason=unstable_if action=reinterpret pc=0x00007f6db0157364 method=java.lang.String.lastIndexOf([CII[CIII)I @ 17
Event: 7.637 Thread 0x00007f6dc0010000 Uncommon trap: reason=unstable_if action=reinterpret pc=0x00007f6db01d35d8 method=java.lang.Integer.parseInt(Ljava/lang/String;I)I @ 122
Event: 7.861 Thread 0x00007f6dc0010000 Uncommon trap: reason=unstable_if action=reinterpret pc=0x00007f6db03deafc method=java.lang.String.lastIndexOf([CII[CIII)I @ 118
Event: 8.194 Thread 0x00007f6dc0010000 Uncommon trap: reason=unstable_if action=reinterpret pc=0x00007f6db04878a8 method=java.lang.Math.min(JJ)J @ 3

Classes redefined (0 events):
No events

Internal exceptions (10 events):
Event: 1.295 Thread 0x00007f6dc0010000 Exception <a 'java/lang/ArrayIndexOutOfBoundsException': 40> (0x00000000d80fb650) thrown at [/HUDSON/workspace/8-2-build-linux-amd64/jdk8u161/10277/hotspot/src/share/vm/interpreter/interpreterRuntime.cpp, line 366]
Event: 1.298 Thread 0x00007f6dc0010000 Exception <a 'java/lang/ArrayIndexOutOfBoundsException': 90> (0x00000000d810a6e8) thrown at [/HUDSON/workspace/8-2-build-linux-amd64/jdk8u161/10277/hotspot/src/share/vm/interpreter/interpreterRuntime.cpp, line 366]
Event: 1.298 Thread 0x00007f6dc0010000 Exception <a 'java/lang/ArrayIndexOutOfBoundsException': 55> (0x00000000d8110b90) thrown at [/HUDSON/workspace/8-2-build-linux-amd64/jdk8u161/10277/hotspot/src/share/vm/interpreter/interpreterRuntime.cpp, line 366]
Event: 1.343 Thread 0x00007f6dc0010000 Exception <a 'java/lang/IncompatibleClassChangeError': Found class java.lang.Object, but interface was expected> (0x00000000d82195f0) thrown at [/HUDSON/workspace/8-2-build-linux-amd64/jdk8u161/10277/hotspot/src/share/vm/interpreter/linkResolver.cpp, line
Event: 1.349 Thread 0x00007f6dc0010000 Exception <a 'java/lang/NoSuchMethodError': java.lang.Object.lambda$or$2(Ljava/util/function/Predicate;Ljava/lang/Object;)Z> (0x00000000d82283c0) thrown at [/HUDSON/workspace/8-2-build-linux-amd64/jdk8u161/10277/hotspot/src/share/vm/interpreter/linkResolv
Event: 7.497 Thread 0x00007f6dc0010000 Exception <a 'java/io/FileNotFoundException'> (0x00000000d7b22810) thrown at [/HUDSON/workspace/8-2-build-linux-amd64/jdk8u161/10277/hotspot/src/share/vm/prims/jni.cpp, line 709]
Event: 7.660 Thread 0x00007f6dc0010000 Exception <a 'java/io/FileNotFoundException'> (0x00000000d8763410) thrown at [/HUDSON/workspace/8-2-build-linux-amd64/jdk8u161/10277/hotspot/src/share/vm/prims/jni.cpp, line 709]
Event: 7.660 Thread 0x00007f6dc0010000 Exception <a 'java/io/FileNotFoundException'> (0x00000000d8763fb8) thrown at [/HUDSON/workspace/8-2-build-linux-amd64/jdk8u161/10277/hotspot/src/share/vm/prims/jni.cpp, line 709]
Event: 7.855 Thread 0x00007f6dc0010000 Exception <a 'java/lang/UnsatisfiedLinkError': libtesseract.so: cannot open shared object file: No such file or directory> (0x00000000d7c91640) thrown at [/HUDSON/workspace/8-2-build-linux-amd64/jdk8u161/10277/hotspot/src/share/vm/prims/jni.cpp, line 735]
Event: 7.856 Thread 0x00007f6dc0010000 Exception <a 'java/lang/UnsatisfiedLinkError': libtesseract.so: cannot open shared object file: No such file or directory> (0x00000000d7c92aa8) thrown at [/HUDSON/workspace/8-2-build-linux-amd64/jdk8u161/10277/hotspot/src/share/vm/prims/jni.cpp, line 735]

Events (10 events):
Event: 8.202 loading class java/lang/StrictMath
Event: 8.202 loading class java/lang/StrictMath done
Event: 8.203 loading class com/sun/jna/Native$Buffers
Event: 8.203 loading class com/sun/jna/Native$Buffers done
Event: 8.203 Thread 0x00007f6dc0010000 DEOPT PACKING pc=0x00007f6db00959e1 sp=0x00007f6dc6ad4760
Event: 8.203 Thread 0x00007f6dc0010000 DEOPT UNPACKING pc=0x00007f6daff0e784 sp=0x00007f6dc6ad44d0 mode 1
Event: 8.203 Thread 0x00007f6dc0010000 DEOPT PACKING pc=0x00007f6db0044554 sp=0x00007f6dc6ad47e0
Event: 8.203 Thread 0x00007f6dc0010000 DEOPT UNPACKING pc=0x00007f6daff0e784 sp=0x00007f6dc6ad4620 mode 1
Event: 8.203 Thread 0x00007f6dc0010000 DEOPT PACKING pc=0x00007f6db00442f4 sp=0x00007f6dc6ad4970
Event: 8.203 Thread 0x00007f6dc0010000 DEOPT UNPACKING pc=0x00007f6daff0e784 sp=0x00007f6dc6ad47b0 mode 1


Dynamic libraries:
00400000-00401000 r-xp 00000000 08:02 2239544                            /home/rakesh/Desktop/jdk1.8.0_161/jre/bin/java
00600000-00601000 rw-p 00000000 08:02 2239544                            /home/rakesh/Desktop/jdk1.8.0_161/jre/bin/java
00ad7000-00af8000 rw-p 00000000 00:00 0                                  [heap]
85000000-88d00000 rw-p 00000000 00:00 0 
88d00000-d7000000 ---p 00000000 00:00 0 
d7000000-dcf00000 rw-p 00000000 00:00 0 
dcf00000-100000000 ---p 00000000 00:00 0 
100000000-1002e0000 rw-p 00000000 00:00 0 
1002e0000-140000000 ---p 00000000 00:00 0 
7f6d3c000000-7f6d3c021000 rw-p 00000000 00:00 0 
7f6d3c021000-7f6d40000000 ---p 00000000 00:00 0 
7f6d422ba000-7f6d42f02000 rw-p 00000000 00:00 0 
7f6d42f02000-7f6d43082000 ---p 00000000 00:00 0 
7f6d43082000-7f6d4308d000 r-xp 00000000 08:02 1450589                    /usr/lib/x86_64-linux-gnu/libjbig.so.0
7f6d4308d000-7f6d4328c000 ---p 0000b000 08:02 1450589                    /usr/lib/x86_64-linux-gnu/libjbig.so.0
7f6d4328c000-7f6d4328d000 r--p 0000a000 08:02 1450589                    /usr/lib/x86_64-linux-gnu/libjbig.so.0
7f6d4328d000-7f6d43290000 rw-p 0000b000 08:02 1450589                    /usr/lib/x86_64-linux-gnu/libjbig.so.0
7f6d43290000-7f6d432b1000 r-xp 00000000 08:02 3674608                    /lib/x86_64-linux-gnu/liblzma.so.5.0.0
7f6d432b1000-7f6d434b0000 ---p 00021000 08:02 3674608                    /lib/x86_64-linux-gnu/liblzma.so.5.0.0
7f6d434b0000-7f6d434b1000 r--p 00020000 08:02 3674608                    /lib/x86_64-linux-gnu/liblzma.so.5.0.0
7f6d434b1000-7f6d434b2000 rw-p 00021000 08:02 3674608                    /lib/x86_64-linux-gnu/liblzma.so.5.0.0
7f6d434b2000-7f6d43503000 r-xp 00000000 08:02 1451006                    /usr/lib/x86_64-linux-gnu/libwebp.so.5.0.0
7f6d43503000-7f6d43703000 ---p 00051000 08:02 1451006                    /usr/lib/x86_64-linux-gnu/libwebp.so.5.0.0
7f6d43703000-7f6d43704000 r--p 00051000 08:02 1451006                    /usr/lib/x86_64-linux-gnu/libwebp.so.5.0.0
7f6d43704000-7f6d43705000 rw-p 00052000 08:02 1451006                    /usr/lib/x86_64-linux-gnu/libwebp.so.5.0.0
7f6d43705000-7f6d4370a000 rw-p 00000000 00:00 0 
7f6d4370a000-7f6d43779000 r-xp 00000000 08:02 1442391                    /usr/lib/x86_64-linux-gnu/libtiff.so.5.2.0
7f6d43779000-7f6d43978000 ---p 0006f000 08:02 1442391                    /usr/lib/x86_64-linux-gnu/libtiff.so.5.2.0
7f6d43978000-7f6d43979000 r--p 0006e000 08:02 1442391                    /usr/lib/x86_64-linux-gnu/libtiff.so.5.2.0
7f6d43979000-7f6d4397c000 rw-p 0006f000 08:02 1442391                    /usr/lib/x86_64-linux-gnu/libtiff.so.5.2.0
7f6d4397c000-7f6d43984000 r-xp 00000000 08:02 1455367                    /usr/lib/x86_64-linux-gnu/libgif.so.4.1.6
7f6d43984000-7f6d43b83000 ---p 00008000 08:02 1455367                    /usr/lib/x86_64-linux-gnu/libgif.so.4.1.6
7f6d43b83000-7f6d43b84000 r--p 00007000 08:02 1455367                    /usr/lib/x86_64-linux-gnu/libgif.so.4.1.6
7f6d43b84000-7f6d43b85000 rw-p 00008000 08:02 1455367                    /usr/lib/x86_64-linux-gnu/libgif.so.4.1.6
7f6d43b85000-7f6d43bc8000 r-xp 00000000 08:02 1450591                    /usr/lib/x86_64-linux-gnu/libjpeg.so.8.0.2
7f6d43bc8000-7f6d43dc8000 ---p 00043000 08:02 1450591                    /usr/lib/x86_64-linux-gnu/libjpeg.so.8.0.2
7f6d43dc8000-7f6d43dc9000 r--p 00043000 08:02 1450591                    /usr/lib/x86_64-linux-gnu/libjpeg.so.8.0.2
7f6d43dc9000-7f6d43dca000 rw-p 00044000 08:02 1450591                    /usr/lib/x86_64-linux-gnu/libjpeg.so.8.0.2
7f6d43dca000-7f6d43dda000 rw-p 00000000 00:00 0 
7f6d43dda000-7f6d43dff000 r-xp 00000000 08:02 3674676                    /lib/x86_64-linux-gnu/libpng12.so.0.50.0
7f6d43dff000-7f6d43ffe000 ---p 00025000 08:02 3674676                    /lib/x86_64-linux-gnu/libpng12.so.0.50.0
7f6d43ffe000-7f6d43fff000 r--p 00024000 08:02 3674676                    /lib/x86_64-linux-gnu/libpng12.so.0.50.0
7f6d43fff000-7f6d44000000 rw-p 00025000 08:02 3674676                    /lib/x86_64-linux-gnu/libpng12.so.0.50.0
7f6d44000000-7f6d44021000 rw-p 00000000 00:00 0 
7f6d44021000-7f6d48000000 ---p 00000000 00:00 0 
7f6d48000000-7f6d48021000 rw-p 00000000 00:00 0 
7f6d48021000-7f6d4c000000 ---p 00000000 00:00 0 
7f6d4c000000-7f6d4c021000 rw-p 00000000 00:00 0 
7f6d4c021000-7f6d50000000 ---p 00000000 00:00 0 
7f6d50000000-7f6d50021000 rw-p 00000000 00:00 0 
7f6d50021000-7f6d54000000 ---p 00000000 00:00 0 
7f6d54000000-7f6d54021000 rw-p 00000000 00:00 0 
7f6d54021000-7f6d58000000 ---p 00000000 00:00 0 
7f6d58000000-7f6d58021000 rw-p 00000000 00:00 0 
7f6d58021000-7f6d5c000000 ---p 00000000 00:00 0 
7f6d5c000000-7f6d5c021000 rw-p 00000000 00:00 0 
7f6d5c021000-7f6d60000000 ---p 00000000 00:00 0 
7f6d60028000-7f6d60040000 r-xp 00000000 08:02 3674724                    /lib/x86_64-linux-gnu/libz.so.1.2.8
7f6d60040000-7f6d6023f000 ---p 00018000 08:02 3674724                    /lib/x86_64-linux-gnu/libz.so.1.2.8
7f6d6023f000-7f6d60240000 r--p 00017000 08:02 3674724                    /lib/x86_64-linux-gnu/libz.so.1.2.8
7f6d60240000-7f6d60241000 rw-p 00018000 08:02 3674724                    /lib/x86_64-linux-gnu/libz.so.1.2.8
7f6d60241000-7f6d60327000 r-xp 00000000 08:02 1450894                    /usr/lib/x86_64-linux-gnu/libstdc++.so.6.0.19
7f6d60327000-7f6d60526000 ---p 000e6000 08:02 1450894                    /usr/lib/x86_64-linux-gnu/libstdc++.so.6.0.19
7f6d60526000-7f6d6052e000 r--p 000e5000 08:02 1450894                    /usr/lib/x86_64-linux-gnu/libstdc++.so.6.0.19
7f6d6052e000-7f6d60530000 rw-p 000ed000 08:02 1450894                    /usr/lib/x86_64-linux-gnu/libstdc++.so.6.0.19
7f6d60530000-7f6d60545000 rw-p 00000000 00:00 0 
7f6d60545000-7f6d60743000 r-xp 00000000 08:02 1445997                    /usr/lib/liblept.so.4.0.1
7f6d60743000-7f6d60943000 ---p 001fe000 08:02 1445997                    /usr/lib/liblept.so.4.0.1
7f6d60943000-7f6d60944000 r--p 001fe000 08:02 1445997                    /usr/lib/liblept.so.4.0.1
7f6d60944000-7f6d6094a000 rw-p 001ff000 08:02 1445997                    /usr/lib/liblept.so.4.0.1
7f6d6094a000-7f6d60c1c000 r-xp 00000000 08:02 1446002                    /usr/lib/libtesseract.so.3.0.3
7f6d60c1c000-7f6d60e1b000 ---p 002d2000 08:02 1446002                    /usr/lib/libtesseract.so.3.0.3
7f6d60e1b000-7f6d60e20000 r--p 002d1000 08:02 1446002                    /usr/lib/libtesseract.so.3.0.3
7f6d60e20000-7f6d60e21000 rw-p 002d6000 08:02 1446002                    /usr/lib/libtesseract.so.3.0.3
7f6d60e21000-7f6d610b8000 rw-p 00000000 00:00 0 
7f6d610b8000-7f6d610cf000 r-xp 00000000 08:02 802449                     /tmp/jna--938374178/jna8575824382934837525.tmp (deleted)
7f6d610cf000-7f6d611ce000 ---p 00017000 08:02 802449                     /tmp/jna--938374178/jna8575824382934837525.tmp (deleted)
7f6d611ce000-7f6d611d0000 rw-p 00016000 08:02 802449                     /tmp/jna--938374178/jna8575824382934837525.tmp (deleted)
7f6d611d0000-7f6d611d3000 ---p 00000000 00:00 0 
7f6d611d3000-7f6d612d1000 rw-p 00000000 00:00 0 
7f6d612d1000-7f6d612d6000 r-xp 00000000 08:02 1449992                    /usr/lib/x86_64-linux-gnu/libXdmcp.so.6.0.0
7f6d612d6000-7f6d614d5000 ---p 00005000 08:02 1449992                    /usr/lib/x86_64-linux-gnu/libXdmcp.so.6.0.0
7f6d614d5000-7f6d614d6000 r--p 00004000 08:02 1449992                    /usr/lib/x86_64-linux-gnu/libXdmcp.so.6.0.0
7f6d614d6000-7f6d614d7000 rw-p 00005000 08:02 1449992                    /usr/lib/x86_64-linux-gnu/libXdmcp.so.6.0.0
7f6d614d7000-7f6d614d9000 r-xp 00000000 08:02 1449981                    /usr/lib/x86_64-linux-gnu/libXau.so.6.0.0
7f6d614d9000-7f6d616d9000 ---p 00002000 08:02 1449981                    /usr/lib/x86_64-linux-gnu/libXau.so.6.0.0
7f6d616d9000-7f6d616da000 r--p 00002000 08:02 1449981                    /usr/lib/x86_64-linux-gnu/libXau.so.6.0.0
7f6d616da000-7f6d616db000 rw-p 00003000 08:02 1449981                    /usr/lib/x86_64-linux-gnu/libXau.so.6.0.0
7f6d616db000-7f6d616f8000 r-xp 00000000 08:02 1451054                    /usr/lib/x86_64-linux-gnu/libxcb.so.1.1.0
7f6d616f8000-7f6d618f8000 ---p 0001d000 08:02 1451054                    /usr/lib/x86_64-linux-gnu/libxcb.so.1.1.0
7f6d618f8000-7f6d618f9000 r--p 0001d000 08:02 1451054                    /usr/lib/x86_64-linux-gnu/libxcb.so.1.1.0
7f6d618f9000-7f6d618fa000 rw-p 0001e000 08:02 1451054                    /usr/lib/x86_64-linux-gnu/libxcb.so.1.1.0
7f6d618fa000-7f6d61909000 r-xp 00000000 08:02 1450002                    /usr/lib/x86_64-linux-gnu/libXi.so.6.1.0
7f6d61909000-7f6d61b08000 ---p 0000f000 08:02 1450002                    /usr/lib/x86_64-linux-gnu/libXi.so.6.1.0
7f6d61b08000-7f6d61b09000 r--p 0000e000 08:02 1450002                    /usr/lib/x86_64-linux-gnu/libXi.so.6.1.0
7f6d61b09000-7f6d61b0a000 rw-p 0000f000 08:02 1450002                    /usr/lib/x86_64-linux-gnu/libXi.so.6.1.0
7f6d61b0a000-7f6d61b0f000 r-xp 00000000 08:02 1450022                    /usr/lib/x86_64-linux-gnu/libXtst.so.6.1.0
7f6d61b0f000-7f6d61d0e000 ---p 00005000 08:02 1450022                    /usr/lib/x86_64-linux-gnu/libXtst.so.6.1.0
7f6d61d0e000-7f6d61d0f000 r--p 00004000 08:02 1450022                    /usr/lib/x86_64-linux-gnu/libXtst.so.6.1.0
7f6d61d0f000-7f6d61d10000 rw-p 00005000 08:02 1450022                    /usr/lib/x86_64-linux-gnu/libXtst.so.6.1.0
7f6d61d10000-7f6d61d19000 r-xp 00000000 08:02 1450016                    /usr/lib/x86_64-linux-gnu/libXrender.so.1.3.0
7f6d61d19000-7f6d61f18000 ---p 00009000 08:02 1450016                    /usr/lib/x86_64-linux-gnu/libXrender.so.1.3.0
7f6d61f18000-7f6d61f19000 r--p 00008000 08:02 1450016                    /usr/lib/x86_64-linux-gnu/libXrender.so.1.3.0
7f6d61f19000-7f6d61f1a000 rw-p 00009000 08:02 1450016                    /usr/lib/x86_64-linux-gnu/libXrender.so.1.3.0
7f6d61f1a000-7f6d6204a000 r-xp 00000000 08:02 1449977                    /usr/lib/x86_64-linux-gnu/libX11.so.6.3.0
7f6d6204a000-7f6d6224a000 ---p 00130000 08:02 1449977                    /usr/lib/x86_64-linux-gnu/libX11.so.6.3.0
7f6d6224a000-7f6d6224b000 r--p 00130000 08:02 1449977                    /usr/lib/x86_64-linux-gnu/libX11.so.6.3.0
7f6d6224b000-7f6d6224f000 rw-p 00131000 08:02 1449977                    /usr/lib/x86_64-linux-gnu/libX11.so.6.3.0
7f6d6224f000-7f6d62260000 r-xp 00000000 08:02 1449994                    /usr/lib/x86_64-linux-gnu/libXext.so.6.4.0
7f6d62260000-7f6d6245f000 ---p 00011000 08:02 1449994                    /usr/lib/x86_64-linux-gnu/libXext.so.6.4.0
7f6d6245f000-7f6d62460000 r--p 00010000 08:02 1449994                    /usr/lib/x86_64-linux-gnu/libXext.so.6.4.0
7f6d62460000-7f6d62461000 rw-p 00011000 08:02 1449994                    /usr/lib/x86_64-linux-gnu/libXext.so.6.4.0
7f6d62461000-7f6d624b5000 r-xp 00000000 08:02 2906099                    /home/rakesh/Desktop/jdk1.8.0_161/jre/lib/amd64/libawt_xawt.so
7f6d624b5000-7f6d626b5000 ---p 00054000 08:02 2906099                    /home/rakesh/Desktop/jdk1.8.0_161/jre/lib/amd64/libawt_xawt.so
7f6d626b5000-7f6d626b9000 rw-p 00054000 08:02 2906099                    /home/rakesh/Desktop/jdk1.8.0_161/jre/lib/amd64/libawt_xawt.so
7f6d626b9000-7f6d626ba000 rw-p 00000000 00:00 0 
7f6d626ba000-7f6d6275c000 r-xp 00000000 08:02 2906085                    /home/rakesh/Desktop/jdk1.8.0_161/jre/lib/amd64/libawt.so
7f6d6275c000-7f6d6295c000 ---p 000a2000 08:02 2906085                    /home/rakesh/Desktop/jdk1.8.0_161/jre/lib/amd64/libawt.so
7f6d6295c000-7f6d62968000 rw-p 000a2000 08:02 2906085                    /home/rakesh/Desktop/jdk1.8.0_161/jre/lib/amd64/libawt.so
7f6d62968000-7f6d62b8c000 rw-p 00000000 00:00 0 
7f6d62b8c000-7f6d62b8f000 ---p 00000000 00:00 0 
7f6d62b8f000-7f6d62c8d000 rw-p 00000000 00:00 0 
7f6d62c8d000-7f6d62c90000 ---p 00000000 00:00 0 
7f6d62c90000-7f6d62f8e000 rw-p 00000000 00:00 0 
7f6d62f8e000-7f6d6318e000 rw-p 00000000 00:00 0 
7f6d6318e000-7f6d63191000 ---p 00000000 00:00 0 
7f6d63191000-7f6d6328f000 rw-p 00000000 00:00 0 
7f6d6328f000-7f6d63292000 ---p 00000000 00:00 0 
7f6d63292000-7f6d63390000 rw-p 00000000 00:00 0 
7f6d63390000-7f6d63393000 ---p 00000000 00:00 0 
7f6d63393000-7f6d63491000 rw-p 00000000 00:00 0 
7f6d63491000-7f6d63494000 ---p 00000000 00:00 0 
7f6d63494000-7f6d63792000 rw-p 00000000 00:00 0 
7f6d63792000-7f6d637a8000 r-xp 00000000 08:02 3674588                    /lib/x86_64-linux-gnu/libgcc_s.so.1
7f6d637a8000-7f6d639a7000 ---p 00016000 08:02 3674588                    /lib/x86_64-linux-gnu/libgcc_s.so.1
7f6d639a7000-7f6d639a8000 rw-p 00015000 08:02 3674588                    /lib/x86_64-linux-gnu/libgcc_s.so.1
7f6d639a8000-7f6d639da000 r-xp 00000000 08:02 2906050                    /home/rakesh/Desktop/jdk1.8.0_161/jre/lib/amd64/libsunec.so
7f6d639da000-7f6d63bd9000 ---p 00032000 08:02 2906050                    /home/rakesh/Desktop/jdk1.8.0_161/jre/lib/amd64/libsunec.so
7f6d63bd9000-7f6d63bdf000 rw-p 00031000 08:02 2906050                    /home/rakesh/Desktop/jdk1.8.0_161/jre/lib/amd64/libsunec.so
7f6d63bdf000-7f6d63bef000 rw-p 00000000 00:00 0 
7f6d63bef000-7f6d63c00000 r-xp 00000000 08:02 2906095                    /home/rakesh/Desktop/jdk1.8.0_161/jre/lib/amd64/libnio.so
7f6d63c00000-7f6d63dff000 ---p 00011000 08:02 2906095                    /home/rakesh/Desktop/jdk1.8.0_161/jre/lib/amd64/libnio.so
7f6d63dff000-7f6d63e00000 rw-p 00010000 08:02 2906095                    /home/rakesh/Desktop/jdk1.8.0_161/jre/lib/amd64/libnio.so
7f6d63e00000-7f6d64000000 rw-p 00000000 00:00 0 
7f6d64000000-7f6d64021000 rw-p 00000000 00:00 0 
7f6d64021000-7f6d68000000 ---p 00000000 00:00 0 
7f6d68000000-7f6d68021000 rw-p 00000000 00:00 0 
7f6d68021000-7f6d6c000000 ---p 00000000 00:00 0 
7f6d6c000000-7f6d6c36f000 rw-p 00000000 00:00 0 
7f6d6c36f000-7f6d70000000 ---p 00000000 00:00 0 
7f6d70000000-7f6d70021000 rw-p 00000000 00:00 0 
7f6d70021000-7f6d74000000 ---p 00000000 00:00 0 
7f6d74000000-7f6d744f2000 rw-p 00000000 00:00 0 
7f6d744f2000-7f6d78000000 ---p 00000000 00:00 0 
7f6d78000000-7f6d78698000 rw-p 00000000 00:00 0 
7f6d78698000-7f6d7c000000 ---p 00000000 00:00 0 
7f6d7c000000-7f6d7c021000 rw-p 00000000 00:00 0 
7f6d7c021000-7f6d80000000 ---p 00000000 00:00 0 
7f6d80000000-7f6d80021000 rw-p 00000000 00:00 0 
7f6d80021000-7f6d84000000 ---p 00000000 00:00 0 
7f6d84000000-7f6d84021000 rw-p 00000000 00:00 0 
7f6d84021000-7f6d88000000 ---p 00000000 00:00 0 
7f6d88000000-7f6d88021000 rw-p 00000000 00:00 0 
7f6d88021000-7f6d8c000000 ---p 00000000 00:00 0 
7f6d8c000000-7f6d8c021000 rw-p 00000000 00:00 0 
7f6d8c021000-7f6d90000000 ---p 00000000 00:00 0 
7f6d90000000-7f6d90021000 rw-p 00000000 00:00 0 
7f6d90021000-7f6d94000000 ---p 00000000 00:00 0 
7f6d94000000-7f6d94021000 rw-p 00000000 00:00 0 
7f6d94021000-7f6d98000000 ---p 00000000 00:00 0 
7f6d98000000-7f6d9804b000 rw-p 00000000 00:00 0 
7f6d9804b000-7f6d9c000000 ---p 00000000 00:00 0 
7f6d9c000000-7f6d9c021000 rw-p 00000000 00:00 0 
7f6d9c021000-7f6da0000000 ---p 00000000 00:00 0 
7f6da0000000-7f6da0021000 rw-p 00000000 00:00 0 
7f6da0021000-7f6da4000000 ---p 00000000 00:00 0 
7f6da4000000-7f6da4021000 rw-p 00000000 00:00 0 
7f6da4021000-7f6da8000000 ---p 00000000 00:00 0 
7f6da804a000-7f6da804f000 r--s 002f9000 08:02 2906032                    /home/rakesh/Desktop/jdk1.8.0_161/jre/lib/charsets.jar
7f6da804f000-7f6da8052000 ---p 00000000 00:00 0 
7f6da8052000-7f6da8088000 rw-p 00000000 00:00 0 
7f6da8088000-7f6da80a4000 r--s 00393000 08:02 5507486                    /home/rakesh/Desktop/jdk1.8.0_161/jre/lib/ext/cldrdata.jar
7f6da80a4000-7f6da80ae000 r--s 00116000 08:02 5507493                    /home/rakesh/Desktop/jdk1.8.0_161/jre/lib/ext/localedata.jar
7f6da80ae000-7f6da80b0000 r--s 00009000 08:02 5507484                    /home/rakesh/Desktop/jdk1.8.0_161/jre/lib/ext/sunec.jar
7f6da80b0000-7f6da80b4000 r--s 0003a000 08:02 5507491                    /home/rakesh/Desktop/jdk1.8.0_161/jre/lib/ext/sunpkcs11.jar
7f6da80b4000-7f6da80b7000 r--s 0001a000 08:02 2906108                    /home/rakesh/Desktop/jdk1.8.0_161/jre/lib/jce.jar
7f6da80b7000-7f6da80bc000 r--s 0009d000 08:02 2906039                    /home/rakesh/Desktop/jdk1.8.0_161/jre/lib/jsse.jar
7f6da80bc000-7f6da80bf000 ---p 00000000 00:00 0 
7f6da80bf000-7f6da81bd000 rw-p 00000000 00:00 0 
7f6da81bd000-7f6da81d3000 r-xp 00000000 08:02 2906092                    /home/rakesh/Desktop/jdk1.8.0_161/jre/lib/amd64/libnet.so
7f6da81d3000-7f6da83d3000 ---p 00016000 08:02 2906092                    /home/rakesh/Desktop/jdk1.8.0_161/jre/lib/amd64/libnet.so
7f6da83d3000-7f6da83d4000 rw-p 00016000 08:02 2906092                    /home/rakesh/Desktop/jdk1.8.0_161/jre/lib/amd64/libnet.so
7f6da83d4000-7f6da83d7000 r--s 00013000 08:02 2905435                    /home/rakesh/.m2/repository/commons-io/commons-io/1.3.2/commons-io-1.3.2.jar
7f6da83d7000-7f6da83dc000 r--s 00016000 08:02 2370834                    /home/rakesh/.m2/repository/xml-apis/xml-apis/1.0.b2/xml-apis-1.0.b2.jar
7f6da83dc000-7f6da83e1000 r--s 00048000 08:02 2370832                    /home/rakesh/.m2/repository/dom4j/dom4j/1.6.1/dom4j-1.6.1.jar
7f6da83e1000-7f6da83e3000 r--s 00005000 08:02 2237099                    /home/rakesh/.m2/repository/stax/stax-api/1.0.1/stax-api-1.0.1.jar
7f6da83e3000-7f6da8420000 r--s 0024f000 08:02 2237097                    /home/rakesh/.m2/repository/org/apache/xmlbeans/xmlbeans/2.3.0/xmlbeans-2.3.0.jar
7f6da8420000-7f6da84b4000 r--s 00401000 08:02 2237095                    /home/rakesh/.m2/repository/org/apache/poi/poi-ooxml-schemas/3.9/poi-ooxml-schemas-3.9.jar
7f6da84b4000-7f6da84d4000 r--s 001a9000 08:02 2237093                    /home/rakesh/.m2/repository/org/apache/poi/poi/3.9/poi-3.9.jar
7f6da84d4000-7f6da84e0000 r--s 000d9000 08:02 2237091                    /home/rakesh/.m2/repository/org/apache/poi/poi-ooxml/3.9/poi-ooxml-3.9.jar
7f6da84e0000-7f6da84e2000 r--s 0000e000 08:02 2237089                    /home/rakesh/.m2/repository/javax/activation/activation/1.1/activation-1.1.jar
7f6da84e2000-7f6da84eb000 r--s 0008c000 08:02 2237087                    /home/rakesh/.m2/repository/com/sun/mail/javax.mail/1.5.6/javax.mail-1.5.6.jar
7f6da84eb000-7f6da84ed000 r--s 0000c000 08:02 2237085                    /home/rakesh/.m2/repository/org/apache/commons/commons-email/1.5/commons-email-1.5.jar
7f6da84ed000-7f6da84ef000 r--s 00004000 08:02 3291962                    /home/rakesh/.m2/repository/org/slf4j/log4j-over-slf4j/1.7.25/log4j-over-slf4j-1.7.25.jar
7f6da84ef000-7f6da84f1000 r--s 00003000 08:02 2242138                    /home/rakesh/.m2/repository/org/slf4j/jcl-over-slf4j/1.7.25/jcl-over-slf4j-1.7.25.jar
7f6da84f1000-7f6da84f3000 r--s 00000000 08:02 2111799                    /home/rakesh/.m2/repository/org/slf4j/jul-to-slf4j/1.7.25/jul-to-slf4j-1.7.25.jar
7f6da84f3000-7f6da84f5000 r--s 00009000 08:02 1851079                    /home/rakesh/.m2/repository/org/slf4j/slf4j-api/1.7.25/slf4j-api-1.7.25.jar
7f6da84f5000-7f6da8500000 r--s 00069000 08:02 3029342                    /home/rakesh/.m2/repository/ch/qos/logback/logback-core/1.2.3/logback-core-1.2.3.jar
7f6da8500000-7f6da8506000 r--s 00041000 08:02 2371822                    /home/rakesh/.m2/repository/ch/qos/logback/logback-classic/1.2.3/logback-classic-1.2.3.jar
7f6da8506000-7f6da8508000 r--s 0000c000 08:02 4735064                    /home/rakesh/.m2/repository/org/jboss/logging/jboss-logging/3.1.4.GA/jboss-logging-3.1.4.GA.jar
7f6da8508000-7f6da850c000 r--s 00020000 08:02 4735062                    /home/rakesh/.m2/repository/org/jboss/jboss-vfs/3.2.12.Final/jboss-vfs-3.2.12.Final.jar
7f6da850c000-7f6da8511000 r--s 00307000 08:02 4735060                    /home/rakesh/.m2/repository/net/sourceforge/lept4j/lept4j/1.6.1/lept4j-1.6.1.jar
7f6da8511000-7f6da851d000 r--s 00108000 08:02 4735058                    /home/rakesh/.m2/repository/com/lowagie/itext/2.1.7/itext-2.1.7.jar
7f6da851d000-7f6da8527000 r--s 00081000 08:02 4735056                    /home/rakesh/.m2/repository/org/apache/xmlgraphics/xmlgraphics-commons/1.4/xmlgraphics-commons-1.4.jar
7f6da8527000-7f6da8535000 r--s 0007f000 08:02 5520243                    /home/rakesh/.m2/repository/commons-collections/commons-collections/3.2.1/commons-collections-3.2.1.jar
7f6da8535000-7f6da853a000 r--s 00035000 08:02 5506344                    /home/rakesh/.m2/repository/commons-beanutils/commons-beanutils/1.9.2/commons-beanutils-1.9.2.jar
7f6da853a000-7f6da8543000 r--s 0006f000 08:02 1990463                    /home/rakesh/.m2/repository/log4j/log4j/1.2.17/log4j-1.2.17.jar
7f6da8543000-7f6da8548000 r--s 00028000 08:02 4599056                    /home/rakesh/.m2/repository/org/ghost4j/ghost4j/1.0.1/ghost4j-1.0.1.jar
7f6da8548000-7f6da8553000 r--s 00088000 08:02 4599054                    /home/rakesh/.m2/repository/com/github/jai-imageio/jai-imageio-core/1.3.1/jai-imageio-core-1.3.1.jar
7f6da8553000-7f6da8557000 r--s 000dc000 08:02 4336514                    /home/rakesh/.m2/repository/net/java/dev/jna/jna/4.1.0/jna-4.1.0.jar
7f6da8557000-7f6da855a000 r--s 02475000 08:02 4599052                    /home/rakesh/.m2/repository/net/sourceforge/tess4j/tess4j/3.4.1/tess4j-3.4.1.jar
7f6da855a000-7f6da855b000 r--s 0017a000 08:02 2237251                    /home/rakesh/.m2/repository/org/bytedeco/javacpp-presets/tesseract/3.04-1.1/tesseract-3.04-1.1-linux-x86_64.jar
7f6da855b000-7f6da855f000 r--s 0003a000 08:02 2237249                    /home/rakesh/.m2/repository/org/bytedeco/javacpp/1.1/javacpp-1.1.jar
7f6da855f000-7f6da8560000 r--s 00228000 08:02 2237247                    /home/rakesh/.m2/repository/org/bytedeco/javacpp-presets/leptonica/1.72-1.1/leptonica-1.72-1.1-linux-x86_64.jar
7f6da8560000-7f6da8563000 r--s 0001f000 08:02 2237245                    /home/rakesh/.m2/repository/org/bytedeco/javacpp-presets/leptonica/1.72-1.1/leptonica-1.72-1.1.jar
7f6da8563000-7f6da8566000 r--s 0000f000 08:02 2237243                    /home/rakesh/.m2/repository/org/bytedeco/javacpp-presets/tesseract/3.04-1.1/tesseract-3.04-1.1.jar
7f6da8566000-7f6da856e000 r--s 00048000 08:02 2106998                    /home/rakesh/.m2/repository/org/apache/httpcomponents/httpcore/4.4.6/httpcore-4.4.6.jar
7f6da856e000-7f6da857b000 r--s 000aa000 08:02 2106996                    /home/rakesh/.m2/repository/org/apache/httpcomponents/httpclient/4.5.3/httpclient-4.5.3.jar
7f6da857b000-7f6da857c000 r--s 00000000 08:02 2106994                    /home/rakesh/.m2/repository/org/codehaus/mojo/animal-sniffer-annotations/1.14/animal-sniffer-annotations-1.14.jar
7f6da857c000-7f6da857e000 r--s 00001000 08:02 2106992                    /home/rakesh/.m2/repository/com/google/j2objc/j2objc-annotations/1.1/j2objc-annotations-1.1.jar
7f6da857e000-7f6da857f000 r--s 00002000 08:02 2106990                    /home/rakesh/.m2/repository/com/google/errorprone/error_prone_annotations/2.0.18/error_prone_annotations-2.0.18.jar
7f6da857f000-7f6da8582000 r--s 00006000 08:02 2106988                    /home/rakesh/.m2/repository/com/google/code/findbugs/jsr305/1.3.9/jsr305-1.3.9.jar
7f6da8582000-7f6da85b2000 r--s 0024f000 08:02 2106986                    /home/rakesh/.m2/repository/com/google/guava/guava/23.0/guava-23.0.jar
7f6da85b2000-7f6da85b7000 r--s 00034000 08:02 2106984                    /home/rakesh/.m2/repository/com/google/code/gson/gson/2.8.2/gson-2.8.2.jar
7f6da85b7000-7f6da85b9000 r--s 0000e000 08:02 2106982                    /home/rakesh/.m2/repository/commons-logging/commons-logging/1.2/commons-logging-1.2.jar
7f6da85b9000-7f6da85c0000 r--s 0003f000 08:02 2106980                    /home/rakesh/.m2/repository/commons-codec/commons-codec/1.10/commons-codec-1.10.jar
7f6da85c0000-7f6da85c2000 r--s 0000c000 08:02 1587799                    /home/rakesh/.m2/repository/org/apache/commons/commons-exec/1.3/commons-exec-1.3.jar
7f6da85c2000-7f6da85fe000 r--s 0027f000 08:02 2106978                    /home/rakesh/.m2/repository/net/bytebuddy/byte-buddy/1.7.5/byte-buddy-1.7.5.jar
7f6da85fe000-7f6da8603000 r--s 00021000 08:02 2237075                    /home/rakesh/.m2/repository/org/seleniumhq/selenium/selenium-support/3.7.1/selenium-support-3.7.1.jar
7f6da8603000-7f6da8605000 r--s 00001000 08:02 2237073                    /home/rakesh/.m2/repository/org/seleniumhq/selenium/selenium-safari-driver/3.7.1/selenium-safari-driver-3.7.1.jar
7f6da8605000-7f6da860b000 r--s 00050000 08:02 1986294                    /home/rakesh/.m2/repository/org/seleniumhq/selenium/selenium-remote-driver/3.7.1/selenium-remote-driver-3.7.1.jar
7f6da860b000-7f6da860c000 r--s 00001000 08:02 2237071                    /home/rakesh/.m2/repository/org/seleniumhq/selenium/selenium-opera-driver/3.7.1/selenium-opera-driver-3.7.1.jar
7f6da860c000-7f6da860e000 r--s 000c2000 08:02 2237067                    /home/rakesh/.m2/repository/org/seleniumhq/selenium/selenium-firefox-driver/3.7.1/selenium-firefox-driver-3.7.1.jar
7f6da860e000-7f6da8612000 r--s 00019000 08:02 1986290                    /home/rakesh/.m2/repository/org/seleniumhq/selenium/selenium-api/3.7.1/selenium-api-3.7.1.jar
7f6da8612000-7f6da8619000 r--s 00034000 08:02 138542                     /home/rakesh/Documents/eclipseworkspace/jars/java-client-5.0.1.jar
7f6da8619000-7f6da8788000 r--s 014e9000 08:02 4336644                    /home/rakesh/Documents/eclipseworkspace/jars/selenium-server-standalone-3.9.1.jar
7f6da8788000-7f6da878e000 r--s 0003d000 08:02 2905984                    /home/rakesh/.p2/pool/plugins/org.yaml.snakeyaml_1.17.0.jar
7f6da878e000-7f6da8794000 r--s 0005b000 08:02 2905987                    /home/rakesh/.p2/pool/plugins/org.apache-extras.beanshell.bsh_2.0.0.b6.jar
7f6da8794000-7f6da8797000 r--s 0000f000 08:02 2905991                    /home/rakesh/.p2/pool/plugins/com.beust.jcommander_1.72.0.jar
7f6da8797000-7f6da87ae000 r--s 000c1000 08:02 2905938                    /home/rakesh/.p2/pool/plugins/org.testng_6.13.1.r201712040515.jar
7f6da87ae000-7f6da87b3000 r--s 00084000 08:02 2906001                    /home/rakesh/Desktop/jdk1.8.0_161/jre/lib/jfr.jar
7f6da87b3000-7f6da87b8000 r--s 002f9000 08:02 2906032                    /home/rakesh/Desktop/jdk1.8.0_161/jre/lib/charsets.jar
7f6da87b8000-7f6da87bb000 r--s 0001a000 08:02 2906108                    /home/rakesh/Desktop/jdk1.8.0_161/jre/lib/jce.jar
7f6da87bb000-7f6da8851000 r--s 0110a000 08:02 5507487                    /home/rakesh/Desktop/jdk1.8.0_161/jre/lib/ext/jfxrt.jar
7f6da8851000-7f6da8852000 ---p 00000000 00:00 0 
7f6da8852000-7f6da8952000 rw-p 00000000 00:00 0 
7f6da8952000-7f6da8955000 ---p 00000000 00:00 0 
7f6da8955000-7f6da8a53000 rw-p 00000000 00:00 0 
7f6da8a53000-7f6da8a56000 ---p 00000000 00:00 0 
7f6da8a56000-7f6da8b54000 rw-p 00000000 00:00 0 
7f6da8b54000-7f6da8b57000 ---p 00000000 00:00 0 
7f6da8b57000-7f6da8c55000 rw-p 00000000 00:00 0 
7f6da8c55000-7f6da8c58000 ---p 00000000 00:00 0 
7f6da8c58000-7f6da8d56000 rw-p 00000000 00:00 0 
7f6da8d56000-7f6da8d59000 ---p 00000000 00:00 0 
7f6da8d59000-7f6da8e57000 rw-p 00000000 00:00 0 
7f6da8e57000-7f6da8e5a000 ---p 00000000 00:00 0 
7f6da8e5a000-7f6da8f58000 rw-p 00000000 00:00 0 
7f6da8f58000-7f6da8f5b000 ---p 00000000 00:00 0 
7f6da8f5b000-7f6da9059000 rw-p 00000000 00:00 0 
7f6da9059000-7f6da905d000 r-xp 00000000 08:02 2906062                    /home/rakesh/Desktop/jdk1.8.0_161/jre/lib/amd64/libdt_socket.so
7f6da905d000-7f6da925c000 ---p 00004000 08:02 2906062                    /home/rakesh/Desktop/jdk1.8.0_161/jre/lib/amd64/libdt_socket.so
7f6da925c000-7f6da925d000 rw-p 00003000 08:02 2906062                    /home/rakesh/Desktop/jdk1.8.0_161/jre/lib/amd64/libdt_socket.so
7f6da925d000-7f6da9260000 ---p 00000000 00:00 0 
7f6da9260000-7f6da935e000 rw-p 00000000 00:00 0 
7f6da935e000-7f6da9361000 ---p 00000000 00:00 0 
7f6da9361000-7f6da945f000 rw-p 00000000 00:00 0 
7f6da945f000-7f6da9462000 ---p 00000000 00:00 0 
7f6da9462000-7f6da9560000 rw-p 00000000 00:00 0 
7f6da9560000-7f6da9561000 ---p 00000000 00:00 0 
7f6da9561000-7f6daa5f4000 rw-p 00000000 00:00 0 
7f6daa5f4000-7f6daa7cd000 r--s 03d64000 08:02 2906034                    /home/rakesh/Desktop/jdk1.8.0_161/jre/lib/rt.jar
7f6daa7cd000-7f6daf19b000 rw-p 00000000 00:00 0 
7f6daf19b000-7f6daf19c000 ---p 00000000 00:00 0 
7f6daf19c000-7f6daf29c000 rw-p 00000000 00:00 0 
7f6daf29c000-7f6daf29d000 ---p 00000000 00:00 0 
7f6daf29d000-7f6daf39d000 rw-p 00000000 00:00 0 
7f6daf39d000-7f6daf39e000 ---p 00000000 00:00 0 
7f6daf39e000-7f6daf4bd000 rw-p 00000000 00:00 0 
7f6daf4bd000-7f6daf72e000 ---p 00000000 00:00 0 
7f6daf72e000-7f6daf74d000 rw-p 00000000 00:00 0 
7f6daf74d000-7f6daf9be000 ---p 00000000 00:00 0 
7f6daf9be000-7f6daf9ee000 rw-p 00000000 00:00 0 
7f6daf9ee000-7f6dafb06000 ---p 00000000 00:00 0 
7f6dafb06000-7f6dafb1f000 rw-p 00000000 00:00 0 
7f6dafb1f000-7f6dafec7000 ---p 00000000 00:00 0 
7f6dafec7000-7f6db04a7000 rwxp 00000000 00:00 0 
7f6db04a7000-7f6dbeec7000 ---p 00000000 00:00 0 
7f6dbeec7000-7f6dbeee2000 r-xp 00000000 08:02 2906088                    /home/rakesh/Desktop/jdk1.8.0_161/jre/lib/amd64/libzip.so
7f6dbeee2000-7f6dbf0e2000 ---p 0001b000 08:02 2906088                    /home/rakesh/Desktop/jdk1.8.0_161/jre/lib/amd64/libzip.so
7f6dbf0e2000-7f6dbf0e3000 rw-p 0001b000 08:02 2906088                    /home/rakesh/Desktop/jdk1.8.0_161/jre/lib/amd64/libzip.so
7f6dbf0e3000-7f6dbf0ed000 r-xp 00000000 08:02 3677997                    /lib/x86_64-linux-gnu/libnss_files-2.19.so
7f6dbf0ed000-7f6dbf2ec000 ---p 0000a000 08:02 3677997                    /lib/x86_64-linux-gnu/libnss_files-2.19.so
7f6dbf2ec000-7f6dbf2ed000 r--p 00009000 08:02 3677997                    /lib/x86_64-linux-gnu/libnss_files-2.19.so
7f6dbf2ed000-7f6dbf2ee000 rw-p 0000a000 08:02 3677997                    /lib/x86_64-linux-gnu/libnss_files-2.19.so
7f6dbf2ee000-7f6dbf2f9000 r-xp 00000000 08:02 3678001                    /lib/x86_64-linux-gnu/libnss_nis-2.19.so
7f6dbf2f9000-7f6dbf4f8000 ---p 0000b000 08:02 3678001                    /lib/x86_64-linux-gnu/libnss_nis-2.19.so
7f6dbf4f8000-7f6dbf4f9000 r--p 0000a000 08:02 3678001                    /lib/x86_64-linux-gnu/libnss_nis-2.19.so
7f6dbf4f9000-7f6dbf4fa000 rw-p 0000b000 08:02 3678001                    /lib/x86_64-linux-gnu/libnss_nis-2.19.so
7f6dbf4fa000-7f6dbf511000 r-xp 00000000 08:02 3678014                    /lib/x86_64-linux-gnu/libnsl-2.19.so
7f6dbf511000-7f6dbf710000 ---p 00017000 08:02 3678014                    /lib/x86_64-linux-gnu/libnsl-2.19.so
7f6dbf710000-7f6dbf711000 r--p 00016000 08:02 3678014                    /lib/x86_64-linux-gnu/libnsl-2.19.so
7f6dbf711000-7f6dbf712000 rw-p 00017000 08:02 3678014                    /lib/x86_64-linux-gnu/libnsl-2.19.so
7f6dbf712000-7f6dbf714000 rw-p 00000000 00:00 0 
7f6dbf714000-7f6dbf71d000 r-xp 00000000 08:02 3678003                    /lib/x86_64-linux-gnu/libnss_compat-2.19.so
7f6dbf71d000-7f6dbf91c000 ---p 00009000 08:02 3678003                    /lib/x86_64-linux-gnu/libnss_compat-2.19.so
7f6dbf91c000-7f6dbf91d000 r--p 00008000 08:02 3678003                    /lib/x86_64-linux-gnu/libnss_compat-2.19.so
7f6dbf91d000-7f6dbf91e000 rw-p 00009000 08:02 3678003                    /lib/x86_64-linux-gnu/libnss_compat-2.19.so
7f6dbf91e000-7f6dc0000000 r--p 00000000 08:02 1448942                    /usr/lib/locale/locale-archive
7f6dc0000000-7f6dc121e000 rw-p 00000000 00:00 0 
7f6dc121e000-7f6dc4000000 ---p 00000000 00:00 0 
7f6dc4000000-7f6dc404f000 rw-p 00000000 00:00 0 
7f6dc404f000-7f6dc4050000 ---p 00000000 00:00 0 
7f6dc4050000-7f6dc4150000 rw-p 00000000 00:00 0 
7f6dc4150000-7f6dc4152000 r-xp 00000000 08:02 2906064                    /home/rakesh/Desktop/jdk1.8.0_161/jre/lib/amd64/libnpt.so
7f6dc4152000-7f6dc4352000 ---p 00002000 08:02 2906064                    /home/rakesh/Desktop/jdk1.8.0_161/jre/lib/amd64/libnpt.so
7f6dc4352000-7f6dc4353000 rw-p 00002000 08:02 2906064                    /home/rakesh/Desktop/jdk1.8.0_161/jre/lib/amd64/libnpt.so
7f6dc4353000-7f6dc438d000 r-xp 00000000 08:02 2906076                    /home/rakesh/Desktop/jdk1.8.0_161/jre/lib/amd64/libjdwp.so
7f6dc438d000-7f6dc458c000 ---p 0003a000 08:02 2906076                    /home/rakesh/Desktop/jdk1.8.0_161/jre/lib/amd64/libjdwp.so
7f6dc458c000-7f6dc458d000 rw-p 00039000 08:02 2906076                    /home/rakesh/Desktop/jdk1.8.0_161/jre/lib/amd64/libjdwp.so
7f6dc458d000-7f6dc458e000 rw-p 00000000 00:00 0 
7f6dc458e000-7f6dc45b9000 r-xp 00000000 08:02 2906082                    /home/rakesh/Desktop/jdk1.8.0_161/jre/lib/amd64/libjava.so
7f6dc45b9000-7f6dc47b8000 ---p 0002b000 08:02 2906082                    /home/rakesh/Desktop/jdk1.8.0_161/jre/lib/amd64/libjava.so
7f6dc47b8000-7f6dc47ba000 rw-p 0002a000 08:02 2906082                    /home/rakesh/Desktop/jdk1.8.0_161/jre/lib/amd64/libjava.so
7f6dc47ba000-7f6dc47c7000 r-xp 00000000 08:02 2906087                    /home/rakesh/Desktop/jdk1.8.0_161/jre/lib/amd64/libverify.so
7f6dc47c7000-7f6dc49c7000 ---p 0000d000 08:02 2906087                    /home/rakesh/Desktop/jdk1.8.0_161/jre/lib/amd64/libverify.so
7f6dc49c7000-7f6dc49c9000 rw-p 0000d000 08:02 2906087                    /home/rakesh/Desktop/jdk1.8.0_161/jre/lib/amd64/libverify.so
7f6dc49c9000-7f6dc49d0000 r-xp 00000000 08:02 3678012                    /lib/x86_64-linux-gnu/librt-2.19.so
7f6dc49d0000-7f6dc4bcf000 ---p 00007000 08:02 3678012                    /lib/x86_64-linux-gnu/librt-2.19.so
7f6dc4bcf000-7f6dc4bd0000 r--p 00006000 08:02 3678012                    /lib/x86_64-linux-gnu/librt-2.19.so
7f6dc4bd0000-7f6dc4bd1000 rw-p 00007000 08:02 3678012                    /lib/x86_64-linux-gnu/librt-2.19.so
7f6dc4bd1000-7f6dc4cd6000 r-xp 00000000 08:02 3678005                    /lib/x86_64-linux-gnu/libm-2.19.so
7f6dc4cd6000-7f6dc4ed5000 ---p 00105000 08:02 3678005                    /lib/x86_64-linux-gnu/libm-2.19.so
7f6dc4ed5000-7f6dc4ed6000 r--p 00104000 08:02 3678005                    /lib/x86_64-linux-gnu/libm-2.19.so
7f6dc4ed6000-7f6dc4ed7000 rw-p 00105000 08:02 3678005                    /lib/x86_64-linux-gnu/libm-2.19.so
7f6dc4ed7000-7f6dc5bb0000 r-xp 00000000 08:02 3156309                    /home/rakesh/Desktop/jdk1.8.0_161/jre/lib/amd64/server/libjvm.so
7f6dc5bb0000-7f6dc5daf000 ---p 00cd9000 08:02 3156309                    /home/rakesh/Desktop/jdk1.8.0_161/jre/lib/amd64/server/libjvm.so
7f6dc5daf000-7f6dc5e88000 rw-p 00cd8000 08:02 3156309                    /home/rakesh/Desktop/jdk1.8.0_161/jre/lib/amd64/server/libjvm.so
7f6dc5e88000-7f6dc5ed4000 rw-p 00000000 00:00 0 
7f6dc5ed4000-7f6dc6092000 r-xp 00000000 08:02 3678019                    /lib/x86_64-linux-gnu/libc-2.19.so
7f6dc6092000-7f6dc6292000 ---p 001be000 08:02 3678019                    /lib/x86_64-linux-gnu/libc-2.19.so
7f6dc6292000-7f6dc6296000 r--p 001be000 08:02 3678019                    /lib/x86_64-linux-gnu/libc-2.19.so
7f6dc6296000-7f6dc6298000 rw-p 001c2000 08:02 3678019                    /lib/x86_64-linux-gnu/libc-2.19.so
7f6dc6298000-7f6dc629d000 rw-p 00000000 00:00 0 
7f6dc629d000-7f6dc62a0000 r-xp 00000000 08:02 3678015                    /lib/x86_64-linux-gnu/libdl-2.19.so
7f6dc62a0000-7f6dc649f000 ---p 00003000 08:02 3678015                    /lib/x86_64-linux-gnu/libdl-2.19.so
7f6dc649f000-7f6dc64a0000 r--p 00002000 08:02 3678015                    /lib/x86_64-linux-gnu/libdl-2.19.so
7f6dc64a0000-7f6dc64a1000 rw-p 00003000 08:02 3678015                    /lib/x86_64-linux-gnu/libdl-2.19.so
7f6dc64a1000-7f6dc64b7000 r-xp 00000000 08:02 3026318                    /home/rakesh/Desktop/jdk1.8.0_161/jre/lib/amd64/jli/libjli.so
7f6dc64b7000-7f6dc66b6000 ---p 00016000 08:02 3026318                    /home/rakesh/Desktop/jdk1.8.0_161/jre/lib/amd64/jli/libjli.so
7f6dc66b6000-7f6dc66b7000 rw-p 00015000 08:02 3026318                    /home/rakesh/Desktop/jdk1.8.0_161/jre/lib/amd64/jli/libjli.so
7f6dc66b7000-7f6dc66d0000 r-xp 00000000 08:02 3678011                    /lib/x86_64-linux-gnu/libpthread-2.19.so
7f6dc66d0000-7f6dc68cf000 ---p 00019000 08:02 3678011                    /lib/x86_64-linux-gnu/libpthread-2.19.so
7f6dc68cf000-7f6dc68d0000 r--p 00018000 08:02 3678011                    /lib/x86_64-linux-gnu/libpthread-2.19.so
7f6dc68d0000-7f6dc68d1000 rw-p 00019000 08:02 3678011                    /lib/x86_64-linux-gnu/libpthread-2.19.so
7f6dc68d1000-7f6dc68d5000 rw-p 00000000 00:00 0 
7f6dc68d5000-7f6dc68f8000 r-xp 00000000 08:02 3678008                    /lib/x86_64-linux-gnu/ld-2.19.so
7f6dc68f8000-7f6dc68f9000 r--s 00003000 08:02 2237069                    /home/rakesh/.m2/repository/org/seleniumhq/selenium/selenium-ie-driver/3.7.1/selenium-ie-driver-3.7.1.jar
7f6dc68f9000-7f6dc68fa000 r--s 00001000 08:02 2237065                    /home/rakesh/.m2/repository/org/seleniumhq/selenium/selenium-edge-driver/3.7.1/selenium-edge-driver-3.7.1.jar
7f6dc68fa000-7f6dc690d000 r--s 00345000 08:02 2906038                    /home/rakesh/Desktop/jdk1.8.0_161/jre/lib/resources.jar
7f6dc690d000-7f6dc69d8000 rw-p 00000000 00:00 0 
7f6dc69d8000-7f6dc69db000 ---p 00000000 00:00 0 
7f6dc69db000-7f6dc6ade000 rw-p 00000000 00:00 0 
7f6dc6ade000-7f6dc6adf000 r--s 00002000 08:02 1986292                    /home/rakesh/.m2/repository/org/seleniumhq/selenium/selenium-chrome-driver/3.7.1/selenium-chrome-driver-3.7.1.jar
7f6dc6adf000-7f6dc6ae0000 r--s 00000000 08:02 1986288                    /home/rakesh/.m2/repository/org/seleniumhq/selenium/selenium-java/3.7.1/selenium-java-3.7.1.jar
7f6dc6ae0000-7f6dc6ae5000 r--s 0009d000 08:02 2906039                    /home/rakesh/Desktop/jdk1.8.0_161/jre/lib/jsse.jar
7f6dc6ae5000-7f6dc6aed000 r--s 00048000 08:02 5506497                    /home/rakesh/Documents/softwares/eclipse/configuration/org.eclipse.osgi/506/0/.cp/lib/testng-remote.jar
7f6dc6aed000-7f6dc6af5000 rw-s 00000000 08:02 802267                     /tmp/hsperfdata_rakesh/20686
7f6dc6af5000-7f6dc6af6000 rw-p 00000000 00:00 0 
7f6dc6af6000-7f6dc6af7000 r--p 00000000 00:00 0 
7f6dc6af7000-7f6dc6af8000 r--p 00022000 08:02 3678008                    /lib/x86_64-linux-gnu/ld-2.19.so
7f6dc6af8000-7f6dc6af9000 rw-p 00023000 08:02 3678008                    /lib/x86_64-linux-gnu/ld-2.19.so
7f6dc6af9000-7f6dc6afa000 rw-p 00000000 00:00 0 
7ffdbe358000-7ffdbe37b000 rw-p 00000000 00:00 0                          [stack]
7ffdbe3a1000-7ffdbe3a4000 r--p 00000000 00:00 0                          [vvar]
7ffdbe3a4000-7ffdbe3a6000 r-xp 00000000 00:00 0                          [vdso]
ffffffffff600000-ffffffffff601000 r-xp 00000000 00:00 0                  [vsyscall]

VM Arguments:
jvm_args: -agentlib:jdwp=transport=dt_socket,suspend=y,address=localhost:41198 -ea -Dfile.encoding=UTF-8 
java_command: org.testng.remote.RemoteTestNG -serport 45091 -protocol json -d /home/rakesh/Documents/eclipseworkspace/selenium_scripts/sample_maven_project/test-output /tmp/testng-eclipse--1320726692/testng-customsuite.xml
java_class_path (initial): /home/rakesh/Documents/softwares/eclipse/configuration/org.eclipse.osgi/506/0/.cp/lib/testng-remote.jar:/home/rakesh/Desktop/jdk1.8.0_161/jre/lib/resources.jar:/home/rakesh/Desktop/jdk1.8.0_161/jre/lib/rt.jar:/home/rakesh/Desktop/jdk1.8.0_161/jre/lib/jsse.jar:/home/rakesh/Desktop/jdk1.8.0_161/jre/lib/jce.jar:/home/rakesh/Desktop/jdk1.8.0_161/jre/lib/charsets.jar:/home/rakesh/Desktop/jdk1.8.0_161/jre/lib/jfr.jar:/home/rakesh/Desktop/jdk1.8.0_161/jre/lib/ext/jaccess.jar:/home/rakesh/Desktop/jdk1.8.0_161/jre/lib/ext/sunjce_provider.jar:/home/rakesh/Desktop/jdk1.8.0_161/jre/lib/ext/nashorn.jar:/home/rakesh/Desktop/jdk1.8.0_161/jre/lib/ext/jfxrt.jar:/home/rakesh/Desktop/jdk1.8.0_161/jre/lib/ext/localedata.jar:/home/rakesh/Desktop/jdk1.8.0_161/jre/lib/ext/dnsns.jar:/home/rakesh/Desktop/jdk1.8.0_161/jre/lib/ext/sunpkcs11.jar:/home/rakesh/Desktop/jdk1.8.0_161/jre/lib/ext/zipfs.jar:/home/rakesh/Desktop/jdk1.8.0_161/jre/lib/ext/sunec.jar:/home/rakesh/Desktop/jdk1.8.0_161/jre/lib/ext/cldrdata.jar:/home/rakesh/Documents/eclipseworkspace/selenium_scripts/sample_maven_project/target/test-classes:/home/rakesh/Documents/eclipseworkspace/selenium_scripts/sample_maven_project/target/classes:/home/rakesh/.p2/pool/plugins/org.testng_6.13.1.r201712040515.jar:/home/rakesh/.p2/pool/plugins/com.beust.jcommander_1.72.0.jar:/home/rakesh/.p2/pool/plugins/org.apache-extras.beanshell.bsh_2.0.0.b6.jar:/home/rakesh/.p2/pool/plugins/org.yaml.snakeyaml_1.17.0.jar:/home/rakesh/Documents/eclipseworkspace/jars/selenium-server-standalone-3.9.1.jar:/home/rakesh/Documents/eclipseworkspace/jars/java-client-5.0.1.jar:/home/rakesh/.m2/repository/org/seleniumhq/selenium/selenium-java/3.7.1/selenium-java-3.7.1.jar:/home/rakesh/.m2/repository/org/seleniumhq/selenium/selenium-api/3.7.1/selenium-api-3.7.1.jar:/home/rakesh/.m2/repository/org/seleniumhq/selenium/selenium-chrome-driver/3.7.1/selenium-chrome-driver-3.7.1.jar:/home/rakesh/.m2/repository/org/seleniumhq/selenium/selenium-ed
Launcher Type: SUN_STANDARD

Environment Variables:
JAVA_HOME=/usr/lib/jvm/java-8-oracle
PATH=/home/linuxbrew/.linuxbrew/bin:/home/linuxbrew/.linuxbrew/sbin:/home/linuxbrew/.linuxbrew/bin:/home/linuxbrew/.linuxbrew/sbin:/home/linuxbrew/.linuxbrew/bin:/home/linuxbrew/.linuxbrew/sbin:/usr/local/sbin:/usr/local/bin:/usr/sbin:/usr/bin:/sbin:/bin:/usr/games:/usr/local/games:/usr/lib/jvm/java-8-oracle/bin:/usr/lib/jvm/java-8-oracle/db/bin:/usr/lib/jvm/java-8-oracle/jre/bin
SHELL=/bin/bash
DISPLAY=:0.0

Signal Handlers:
SIGSEGV: [libjvm.so+0xad01e0], sa_mask[0]=11111111011111111101111111111110, sa_flags=SA_RESTART|SA_SIGINFO
SIGBUS: [libjvm.so+0xad01e0], sa_mask[0]=11111111011111111101111111111110, sa_flags=SA_RESTART|SA_SIGINFO
SIGFPE: [libjvm.so+0x927fb0], sa_mask[0]=11111111011111111101111111111110, sa_flags=SA_RESTART|SA_SIGINFO
SIGPIPE: [libjvm.so+0x927fb0], sa_mask[0]=11111111011111111101111111111110, sa_flags=SA_RESTART|SA_SIGINFO
SIGXFSZ: [libjvm.so+0x927fb0], sa_mask[0]=11111111011111111101111111111110, sa_flags=SA_RESTART|SA_SIGINFO
SIGILL: [libjvm.so+0x927fb0], sa_mask[0]=11111111011111111101111111111110, sa_flags=SA_RESTART|SA_SIGINFO
SIGUSR1: SIG_DFL, sa_mask[0]=00000000000000000000000000000000, sa_flags=none
SIGUSR2: [libjvm.so+0x9297f0], sa_mask[0]=00100000000000000000000000000000, sa_flags=SA_RESTART|SA_SIGINFO
SIGHUP: [libjvm.so+0x92abf0], sa_mask[0]=11111111011111111101111111111110, sa_flags=SA_RESTART|SA_SIGINFO
SIGINT: [libjvm.so+0x92abf0], sa_mask[0]=11111111011111111101111111111110, sa_flags=SA_RESTART|SA_SIGINFO
SIGTERM: [libjvm.so+0x92abf0], sa_mask[0]=11111111011111111101111111111110, sa_flags=SA_RESTART|SA_SIGINFO
SIGQUIT: [libjvm.so+0x92abf0], sa_mask[0]=11111111011111111101111111111110, sa_flags=SA_RESTART|SA_SIGINFO


---------------  S Y S T E M  ---------------

OS:DISTRIB_ID=Ubuntu
DISTRIB_RELEASE=14.04
DISTRIB_CODENAME=trusty
DISTRIB_DESCRIPTION="Ubuntu 14.04.5 LTS"

uname:Linux 4.4.0-109-generic #132~14.04.1-Ubuntu SMP Tue Jan 9 21:46:42 UTC 2018 x86_64
libc:glibc 2.19 NPTL 2.19 
rlimit: STACK 8192k, CORE 0k, NPROC 31066, NOFILE 4096, AS infinity
load average:0.81 0.53 0.62

/proc/meminfo:
MemTotal:        8058712 kB
MemFree:          272212 kB
MemAvailable:     832820 kB
Buffers:           29204 kB
Cached:          1578168 kB
SwapCached:        10736 kB
Active:          5789960 kB
Inactive:        1492336 kB
Active(anon):    5457020 kB
Inactive(anon):  1206684 kB
Active(file):     332940 kB
Inactive(file):   285652 kB
Unevictable:          80 kB
Mlocked:              80 kB
SwapTotal:       8271868 kB
SwapFree:        8200928 kB
Dirty:              3888 kB
Writeback:             0 kB
AnonPages:       5664100 kB
Mapped:           884064 kB
Shmem:            988780 kB
Slab:             303592 kB
SReclaimable:     245860 kB
SUnreclaim:        57732 kB
KernelStack:       20128 kB
PageTables:        91380 kB
NFS_Unstable:          0 kB
Bounce:                0 kB
WritebackTmp:          0 kB
CommitLimit:    12301224 kB
Committed_AS:   16223780 kB
VmallocTotal:   34359738367 kB
VmallocUsed:           0 kB
VmallocChunk:          0 kB
HardwareCorrupted:     0 kB
AnonHugePages:   1734656 kB
CmaTotal:              0 kB
CmaFree:               0 kB
HugePages_Total:       0
HugePages_Free:        0
HugePages_Rsvd:        0
HugePages_Surp:        0
Hugepagesize:       2048 kB
DirectMap4k:      248060 kB
DirectMap2M:     8024064 kB
DirectMap1G:     1048576 kB


CPU:total 4 (initial active 4) (2 cores per cpu, 2 threads per core) family 6 model 61 stepping 4, cmov, cx8, fxsr, mmx, sse, sse2, sse3, ssse3, sse4.1, sse4.2, popcnt, avx, avx2, aes, clmul, erms, 3dnowpref, lzcnt, ht, tsc, tscinvbit, bmi1, bmi2, adx

/proc/cpuinfo:
processor	: 0
vendor_id	: GenuineIntel
cpu family	: 6
model		: 61
model name	: Intel(R) Core(TM) i5-5250U CPU @ 1.60GHz
stepping	: 4
microcode	: 0x1d
cpu MHz		: 2500.000
cache size	: 3072 KB
physical id	: 0
siblings	: 4
core id		: 0
cpu cores	: 2
apicid		: 0
initial apicid	: 0
fpu		: yes
fpu_exception	: yes
cpuid level	: 20
wp		: yes
flags		: fpu vme de pse tsc msr pae mce cx8 apic sep mtrr pge mca cmov pat pse36 clflush dts acpi mmx fxsr sse sse2 ss ht tm pbe syscall nx pdpe1gb rdtscp lm constant_tsc arch_perfmon pebs bts rep_good nopl xtopology nonstop_tsc aperfmperf eagerfpu pni pclmulqdq dtes64 monitor ds_cpl vmx est tm2 ssse3 sdbg fma cx16 xtpr pdcm pcid sse4_1 sse4_2 x2apic movbe popcnt tsc_deadline_timer aes xsave avx f16c rdrand lahf_lm abm 3dnowprefetch epb invpcid_single intel_pt kaiser tpr_shadow vnmi flexpriority ept vpid fsgsbase tsc_adjust bmi1 avx2 smep bmi2 erms invpcid rdseed adx smap xsaveopt dtherm ida arat pln pts
bugs		:
bogomips	: 3192.08
clflush size	: 64
cache_alignment	: 64
address sizes	: 39 bits physical, 48 bits virtual
power management:

processor	: 1
vendor_id	: GenuineIntel
cpu family	: 6
model		: 61
model name	: Intel(R) Core(TM) i5-5250U CPU @ 1.60GHz
stepping	: 4
microcode	: 0x1d
cpu MHz		: 2521.437
cache size	: 3072 KB
physical id	: 0
siblings	: 4
core id		: 1
cpu cores	: 2
apicid		: 2
initial apicid	: 2
fpu		: yes
fpu_exception	: yes
cpuid level	: 20
wp		: yes
flags		: fpu vme de pse tsc msr pae mce cx8 apic sep mtrr pge mca cmov pat pse36 clflush dts acpi mmx fxsr sse sse2 ss ht tm pbe syscall nx pdpe1gb rdtscp lm constant_tsc arch_perfmon pebs bts rep_good nopl xtopology nonstop_tsc aperfmperf eagerfpu pni pclmulqdq dtes64 monitor ds_cpl vmx est tm2 ssse3 sdbg fma cx16 xtpr pdcm pcid sse4_1 sse4_2 x2apic movbe popcnt tsc_deadline_timer aes xsave avx f16c rdrand lahf_lm abm 3dnowprefetch epb invpcid_single intel_pt kaiser tpr_shadow vnmi flexpriority ept vpid fsgsbase tsc_adjust bmi1 avx2 smep bmi2 erms invpcid rdseed adx smap xsaveopt dtherm ida arat pln pts
bugs		:
bogomips	: 3192.08
clflush size	: 64
cache_alignment	: 64
address sizes	: 39 bits physical, 48 bits virtual
power management:

processor	: 2
vendor_id	: GenuineIntel
cpu family	: 6
model		: 61
model name	: Intel(R) Core(TM) i5-5250U CPU @ 1.60GHz
stepping	: 4
microcode	: 0x1d
cpu MHz		: 2500.000
cache size	: 3072 KB
physical id	: 0
siblings	: 4
core id		: 0
cpu cores	: 2
apicid		: 1
initial apicid	: 1
fpu		: yes
fpu_exception	: yes
cpuid level	: 20
wp		: yes
flags		: fpu vme de pse tsc msr pae mce cx8 apic sep mtrr pge mca cmov pat pse36 clflush dts acpi mmx fxsr sse sse2 ss ht tm pbe syscall nx pdpe1gb rdtscp lm constant_tsc arch_perfmon pebs bts rep_good nopl xtopology nonstop_tsc aperfmperf eagerfpu pni pclmulqdq dtes64 monitor ds_cpl vmx est tm2 ssse3 sdbg fma cx16 xtpr pdcm pcid sse4_1 sse4_2 x2apic movbe popcnt tsc_deadline_timer aes xsave avx f16c rdrand lahf_lm abm 3dnowprefetch epb invpcid_single intel_pt kaiser tpr_shadow vnmi flexpriority ept vpid fsgsbase tsc_adjust bmi1 avx2 smep bmi2 erms invpcid rdseed adx smap xsaveopt dtherm ida arat pln pts
bugs		:
bogomips	: 3192.08
clflush size	: 64
cache_alignment	: 64
address sizes	: 39 bits physical, 48 bits virtual
power management:

processor	: 3
vendor_id	: GenuineIntel
cpu family	: 6
model		: 61
model name	: Intel(R) Core(TM) i5-5250U CPU @ 1.60GHz
stepping	: 4
microcode	: 0x1d
cpu MHz		: 2686.875
cache size	: 3072 KB
physical id	: 0
siblings	: 4
core id		: 1
cpu cores	: 2
apicid		: 3
initial apicid	: 3
fpu		: yes
fpu_exception	: yes
cpuid level	: 20
wp		: yes
flags		: fpu vme de pse tsc msr pae mce cx8 apic sep mtrr pge mca cmov pat pse36 clflush dts acpi mmx fxsr sse sse2 ss ht tm pbe syscall nx pdpe1gb rdtscp lm constant_tsc arch_perfmon pebs bts rep_good nopl xtopology nonstop_tsc aperfmperf eagerfpu pni pclmulqdq dtes64 monitor ds_cpl vmx est tm2 ssse3 sdbg fma cx16 xtpr pdcm pcid sse4_1 sse4_2 x2apic movbe popcnt tsc_deadline_timer aes xsave avx f16c rdrand lahf_lm abm 3dnowprefetch epb invpcid_single intel_pt kaiser tpr_shadow vnmi flexpriority ept vpid fsgsbase tsc_adjust bmi1 avx2 smep bmi2 erms invpcid rdseed adx smap xsaveopt dtherm ida arat pln pts
bugs		:
bogomips	: 3192.08
clflush size	: 64
cache_alignment	: 64
address sizes	: 39 bits physical, 48 bits virtual
power management:



Memory: 4k page, physical 8058712k(272212k free), swap 8271868k(8200928k free)

vm_info: Java HotSpot(TM) 64-Bit Server VM (25.161-b12) for linux-amd64 JRE (1.8.0_161-b12), built on Dec 19 2017 16:12:43 by "java_re" with gcc 4.3.0 20080428 (Red Hat 4.3.0-8)

time: Mon Mar 19 18:01:09 2018
elapsed time: 8 seconds (0d 0h 0m 8s)

