#
# A fatal error has been detected by the Java Runtime Environment:
#
#  SIGSEGV (0xb) at pc=0x00007fc4e21e333a, pid=19410, tid=0x00007fc56020b700
#
# JRE version: Java(TM) SE Runtime Environment (8.0_161-b12) (build 1.8.0_161-b12)
# Java VM: Java HotSpot(TM) 64-Bit Server VM (25.161-b12 mixed mode linux-amd64 compressed oops)
# Problematic frame:
# C  [libtesseract.so.3.0.3+0x22533a]  ERRCODE::error(char const*, TessErrorLogCode, char const*, ...) const+0x16a
#
# Failed to write core dump. Core dumps have been disabled. To enable core dumping, try "ulimit -c unlimited" before starting Java again
#
# If you would like to submit a bug report, please visit:
#   http://bugreport.java.com/bugreport/crash.jsp
# The crash happened outside the Java Virtual Machine in native code.
# See problematic frame for where to report the bug.
#

---------------  T H R E A D  ---------------

Current thread (0x00007fc558010000):  JavaThread "main" [_thread_in_native, id=19417, stack(0x00007fc56010b000,0x00007fc56020c000)]

siginfo: si_signo: 11 (SIGSEGV), si_code: 1 (SEGV_MAPERR), si_addr: 0x0000000000000000

Registers:
RAX=0x000000000000004e, RBX=0x00007fc5602076a0, RCX=0x00007fc55f6f63dd, RDX=0x00007fc55f9cb9d0
RSP=0x00007fc560207680, RBP=0x0000000000000002, RSI=0x000000000000004e, RDI=0x00007fc560204e50
R8 =0x00007fc56020b700, R9 =0x61646120656c6966, R10=0x00007fc55f9c7be0, R11=0x0000000000000000
R12=0x00007fc5602076cd, R13=0x00007fc4e21ec177, R14=0x00007fc4e24994a0, R15=0x00007fc4e22027ff
RIP=0x00007fc4e21e333a, EFLAGS=0x0000000000010246, CSGSFS=0x0000000000000033, ERR=0x0000000000000004
  TRAPNO=0x000000000000000e

Top of Stack: (sp=0x00007fc560207680)
0x00007fc560207680:   0000000000000000 0000003000000030
0x00007fc560207690:   00007fc560207b90 00007fc560207ab0
0x00007fc5602076a0:   5464657470616441 736574616c706d65
0x00007fc5602076b0:   4c4c554e203d2120 413a726f7272453a
0x00007fc5602076c0:   6166207472657373 206e693a64656c69
0x00007fc5602076d0:   61646120656c6966 2e686374616d7470
0x00007fc5602076e0:   6e696c202c707063 00000a3437312065
0x00007fc5602076f0:   0000000000000000 0000000000000000
0x00007fc560207700:   0000000000000000 0000000000000000
0x00007fc560207710:   0000000000000000 0000000000000000
0x00007fc560207720:   0000000000000000 0000000000000000
0x00007fc560207730:   0000000000000000 0000000000000000
0x00007fc560207740:   0000000000000000 0000000000000000
0x00007fc560207750:   0000000000000000 0000000000000000
0x00007fc560207760:   0000000000000000 0000000000000000
0x00007fc560207770:   0000000000000000 0000000000000000
0x00007fc560207780:   0000000000000000 0000000000000000
0x00007fc560207790:   0000000000000000 0000000000000000
0x00007fc5602077a0:   0000000000000000 0000000000000000
0x00007fc5602077b0:   0000000000000000 0000000000000000
0x00007fc5602077c0:   0000000000000000 0000000000000000
0x00007fc5602077d0:   0000000000000000 0000000000000000
0x00007fc5602077e0:   0000000000000000 0000000000000000
0x00007fc5602077f0:   0000000000000000 0000000000000000
0x00007fc560207800:   0000000000000000 0000000000000000
0x00007fc560207810:   0000000000000000 0000000000000000
0x00007fc560207820:   0000000000000000 0000000000000000
0x00007fc560207830:   0000000000000000 0000000000000000
0x00007fc560207840:   0000000000000000 0000000000000000
0x00007fc560207850:   0000000000000000 0000000000000000
0x00007fc560207860:   0000000000000000 0000000000000000
0x00007fc560207870:   0000000000000000 0000000000000000 

Instructions: (pc=0x00007fc4e21e333a)
0x00007fc4e21e331a:   48 89 d9 be 01 00 00 00 48 8b 38 31 c0 e8 14 60
0x00007fc4e21e332a:   e5 ff 83 fd ff 7c 14 85 ed 7e 2c 83 fd 02 7f 0b
0x00007fc4e21e333a:   8b 04 25 00 00 00 00 85 c0 74 52 48 8d 35 14 8d
0x00007fc4e21e334a:   01 00 48 8d 3d f5 81 4f 00 31 c9 ba 02 00 00 00 

Register to memory mapping:

RAX=0x000000000000004e is an unknown value
RBX=0x00007fc5602076a0 is pointing into the stack for thread: 0x00007fc558010000
RCX=0x00007fc55f6f63dd: __write+0x2d in /lib/x86_64-linux-gnu/libc.so.6 at 0x00007fc55f607000
RDX=0x00007fc55f9cb9d0: <offset 0x3c49d0> in /lib/x86_64-linux-gnu/libc.so.6 at 0x00007fc55f607000
RSP=0x00007fc560207680 is pointing into the stack for thread: 0x00007fc558010000
RBP=0x0000000000000002 is an unknown value
RSI=0x000000000000004e is an unknown value
RDI=0x00007fc560204e50 is pointing into the stack for thread: 0x00007fc558010000
R8 =0x00007fc56020b700 is pointing into the stack for thread: 0x00007fc558010000
R9 =0x61646120656c6966 is an unknown value
R10=0x00007fc55f9c7be0: <offset 0x3c0be0> in /lib/x86_64-linux-gnu/libc.so.6 at 0x00007fc55f607000
R11=0x0000000000000000 is an unknown value
R12=0x00007fc5602076cd is pointing into the stack for thread: 0x00007fc558010000
R13=0x00007fc4e21ec177: <offset 0x22e177> in /usr/lib/libtesseract.so.3.0.3 at 0x00007fc4e1fbe000
R14=0x00007fc4e24994a0: <offset 0x4db4a0> in /usr/lib/libtesseract.so.3.0.3 at 0x00007fc4e1fbe000
R15=0x00007fc4e22027ff: <offset 0x2447ff> in /usr/lib/libtesseract.so.3.0.3 at 0x00007fc4e1fbe000


Stack: [0x00007fc56010b000,0x00007fc56020c000],  sp=0x00007fc560207680,  free space=1009k
Native frames: (J=compiled Java code, j=interpreted, Vv=VM code, C=native code)
C  [libtesseract.so.3.0.3+0x22533a]  ERRCODE::error(char const*, TessErrorLogCode, char const*, ...) const+0x16a

Java frames: (J=compiled Java code, j=interpreted, Vv=VM code)
j  com.sun.jna.Native.invokePointer(JI[Ljava/lang/Object;)J+0
j  com.sun.jna.Function.invokePointer(I[Ljava/lang/Object;)Lcom/sun/jna/Pointer;+6
j  com.sun.jna.Function.invoke([Ljava/lang/Object;Ljava/lang/Class;Z)Ljava/lang/Object;+426
j  com.sun.jna.Function.invoke(Ljava/lang/Class;[Ljava/lang/Object;Ljava/util/Map;)Ljava/lang/Object;+262
j  com.sun.jna.Library$Handler.invoke(Ljava/lang/Object;Ljava/lang/reflect/Method;[Ljava/lang/Object;)Ljava/lang/Object;+316
j  com.sun.proxy.$Proxy4.TessBaseAPIGetUTF8Text(Lnet/sourceforge/tess4j/ITessAPI$TessBaseAPI;)Lcom/sun/jna/Pointer;+16
j  net.sourceforge.tess4j.Tesseract.getOCRText(Ljava/lang/String;I)Ljava/lang/String;+62
j  net.sourceforge.tess4j.Tesseract.doOCR(Ljava/util/List;Ljava/lang/String;Ljava/awt/Rectangle;)Ljava/lang/String;+69
j  net.sourceforge.tess4j.Tesseract.doOCR(Ljava/io/File;Ljava/awt/Rectangle;)Ljava/lang/String;+10
j  net.sourceforge.tess4j.Tesseract.doOCR(Ljava/io/File;)Ljava/lang/String;+3
j  com.maven.sample.Toast.Verify(Lorg/openqa/selenium/WebDriver;)Ljava/lang/String;+42
j  com.maven.sample.SeleniumBase.testSeleniumBase()V+83
v  ~StubRoutines::call_stub
j  sun.reflect.NativeMethodAccessorImpl.invoke0(Ljava/lang/reflect/Method;Ljava/lang/Object;[Ljava/lang/Object;)Ljava/lang/Object;+0
j  sun.reflect.NativeMethodAccessorImpl.invoke(Ljava/lang/Object;[Ljava/lang/Object;)Ljava/lang/Object;+100
j  sun.reflect.DelegatingMethodAccessorImpl.invoke(Ljava/lang/Object;[Ljava/lang/Object;)Ljava/lang/Object;+6
j  java.lang.reflect.Method.invoke(Ljava/lang/Object;[Ljava/lang/Object;)Ljava/lang/Object;+56
j  org.testng.internal.MethodInvocationHelper.invokeMethod(Ljava/lang/reflect/Method;Ljava/lang/Object;[Ljava/lang/Object;)Ljava/lang/Object;+255
j  org.testng.internal.Invoker.invokeMethod(Ljava/lang/Object;Lorg/testng/ITestNGMethod;[Ljava/lang/Object;ILorg/testng/xml/XmlSuite;Ljava/util/Map;Lorg/testng/ITestClass;[Lorg/testng/ITestNGMethod;[Lorg/testng/ITestNGMethod;Lorg/testng/internal/ConfigurationGroupMethods;Lorg/testng/internal/Invoker$FailureContext;)Lorg/testng/ITestResult;+382
j  org.testng.internal.Invoker.invokeTestMethod(Ljava/lang/Object;Lorg/testng/ITestNGMethod;[Ljava/lang/Object;ILorg/testng/xml/XmlSuite;Ljava/util/Map;Lorg/testng/ITestClass;[Lorg/testng/ITestNGMethod;[Lorg/testng/ITestNGMethod;Lorg/testng/internal/ConfigurationGroupMethods;Lorg/testng/internal/Invoker$FailureContext;)Lorg/testng/ITestResult;+29
j  org.testng.internal.Invoker.invokeTestMethods(Lorg/testng/ITestNGMethod;Lorg/testng/xml/XmlSuite;Ljava/util/Map;Lorg/testng/internal/ConfigurationGroupMethods;Ljava/lang/Object;Lorg/testng/ITestContext;)Ljava/util/List;+729
j  org.testng.internal.TestMethodWorker.invokeTestMethods(Lorg/testng/ITestNGMethod;Ljava/lang/Object;Lorg/testng/ITestContext;)V+19
j  org.testng.internal.TestMethodWorker.run()V+63
j  org.testng.TestRunner.privateRun(Lorg/testng/xml/XmlTest;)V+300
j  org.testng.TestRunner.run()V+25
j  org.testng.SuiteRunner.runTest(Lorg/testng/TestRunner;)V+1
j  org.testng.SuiteRunner.runSequentially()V+31
j  org.testng.SuiteRunner.privateRun()V+288
j  org.testng.SuiteRunner.run()V+6
j  org.testng.SuiteRunnerWorker.runSuite(Lorg/testng/internal/SuiteRunnerMap;Lorg/testng/xml/XmlSuite;)V+87
j  org.testng.SuiteRunnerWorker.run()V+12
j  org.testng.TestNG.runSuitesSequentially(Lorg/testng/xml/XmlSuite;Lorg/testng/internal/SuiteRunnerMap;ILjava/lang/String;)V+66
j  org.testng.TestNG.runSuitesLocally()Ljava/util/List;+156
j  org.testng.TestNG.runSuites()Ljava/util/List;+1
j  org.testng.TestNG.run()V+25
j  org.testng.remote.AbstractRemoteTestNG.run()V+149
j  org.testng.remote.RemoteTestNG.initAndRun(Lorg/testng/remote/IRemoteTestNG;[Ljava/lang/String;Lorg/testng/CommandLineArgs;Lorg/testng/remote/RemoteArgs;)V+184
j  org.testng.remote.RemoteTestNG.main([Ljava/lang/String;)V+201
v  ~StubRoutines::call_stub

---------------  P R O C E S S  ---------------

Java Threads: ( => current thread )
  0x00007fc558aff000 JavaThread "Java2D Disposer" daemon [_thread_blocked, id=19664, stack(0x00007fc4e2844000,0x00007fc4e2945000)]
  0x00007fc5588f0800 JavaThread "Okio Watchdog" daemon [_thread_blocked, id=19456, stack(0x00007fc5302ff000,0x00007fc530400000)]
  0x00007fc5588e6800 JavaThread "OkHttp ConnectionPool" daemon [_thread_blocked, id=19454, stack(0x00007fc530400000,0x00007fc530501000)]
  0x00007fc4f4016000 JavaThread "Exec Stream Pumper" daemon [_thread_in_native, id=19451, stack(0x00007fc53091d000,0x00007fc530a1e000)]
  0x00007fc4f4014800 JavaThread "Exec Stream Pumper" daemon [_thread_in_native, id=19446, stack(0x00007fc530a1e000,0x00007fc530b1f000)]
  0x00007fc4f4012800 JavaThread "process reaper" daemon [_thread_in_native, id=19445, stack(0x00007fc530b1f000,0x00007fc530b58000)]
  0x00007fc558822000 JavaThread "UrlChecker-2" daemon [_thread_blocked, id=19444, stack(0x00007fc530b58000,0x00007fc530c59000)]
  0x00007fc55881a000 JavaThread "Exec Default Executor" daemon [_thread_blocked, id=19442, stack(0x00007fc530c59000,0x00007fc530d5a000)]
  0x00007fc55853b000 JavaThread "ReaderThread" [_thread_in_native, id=19439, stack(0x00007fc5317ef000,0x00007fc5318f0000)]
  0x00007fc5580d8000 JavaThread "Service Thread" daemon [_thread_blocked, id=19436, stack(0x00007fc531fe6000,0x00007fc5320e7000)]
  0x00007fc5580d4800 JavaThread "C1 CompilerThread2" daemon [_thread_blocked, id=19435, stack(0x00007fc5320e7000,0x00007fc5321e8000)]
  0x00007fc5580d3000 JavaThread "C2 CompilerThread1" daemon [_thread_blocked, id=19434, stack(0x00007fc5321e8000,0x00007fc5322e9000)]
  0x00007fc5580d0000 JavaThread "C2 CompilerThread0" daemon [_thread_blocked, id=19433, stack(0x00007fc5322e9000,0x00007fc5323ea000)]
  0x00007fc520001000 JavaThread "JDWP Command Reader" daemon [_thread_in_native, id=19431, stack(0x00007fc5323ea000,0x00007fc5324eb000)]
  0x00007fc5580cd800 JavaThread "JDWP Event Helper Thread" daemon [_thread_blocked, id=19430, stack(0x00007fc5324eb000,0x00007fc5325ec000)]
  0x00007fc5580ca000 JavaThread "JDWP Transport Listener: dt_socket" daemon [_thread_blocked, id=19427, stack(0x00007fc5325ec000,0x00007fc5326ed000)]
  0x00007fc5580bc800 JavaThread "Signal Dispatcher" daemon [_thread_blocked, id=19425, stack(0x00007fc5328f1000,0x00007fc5329f2000)]
  0x00007fc55808a800 JavaThread "Finalizer" daemon [_thread_blocked, id=19424, stack(0x00007fc5329f2000,0x00007fc532af3000)]
  0x00007fc558086000 JavaThread "Reference Handler" daemon [_thread_blocked, id=19423, stack(0x00007fc532af3000,0x00007fc532bf4000)]
=>0x00007fc558010000 JavaThread "main" [_thread_in_native, id=19417, stack(0x00007fc56010b000,0x00007fc56020c000)]

Other Threads:
  0x00007fc55807e000 VMThread [stack: 0x00007fc532bf4000,0x00007fc532cf5000] [id=19422]
  0x00007fc5580dd800 WatcherThread [stack: 0x00007fc531ee5000,0x00007fc531fe6000] [id=19437]

VM state:not at safepoint (normal execution)

VM Mutex/Monitor currently owned by a thread: None

Heap:
 PSYoungGen      total 68608K, used 43527K [0x00000000d7000000, 0x00000000db800000, 0x0000000100000000)
  eden space 63488K, 68% used [0x00000000d7000000,0x00000000d9a81c28,0x00000000dae00000)
  from space 5120K, 0% used [0x00000000db300000,0x00000000db300000,0x00000000db800000)
  to   space 5120K, 0% used [0x00000000dae00000,0x00000000dae00000,0x00000000db300000)
 ParOldGen       total 61952K, used 10780K [0x0000000085000000, 0x0000000088c80000, 0x00000000d7000000)
  object space 61952K, 17% used [0x0000000085000000,0x0000000085a87138,0x0000000088c80000)
 Metaspace       used 21025K, capacity 21550K, committed 21888K, reserved 1069056K
  class space    used 2665K, capacity 2865K, committed 2944K, reserved 1048576K

Card table byte_map: [0x00007fc548c27000,0x00007fc549000000] byte_map_base: 0x00007fc5487ff000

Marking Bits: (ParMarkBitMap*) 0x00007fc55f5d9920
 Begin Bits: [0x00007fc540280000, 0x00007fc542140000)
 End Bits:   [0x00007fc542140000, 0x00007fc544000000)

Polling page: 0x00007fc560229000

CodeCache: size=245760Kb used=5808Kb max_used=5813Kb free=239951Kb
 bounds [0x00007fc549000000, 0x00007fc5495c0000, 0x00007fc558000000]
 total_blobs=2054 nmethods=1608 adapters=367
 compilation: enabled

Compilation events (10 events):
Event: 12.313 Thread 0x00007fc5580d3000 nmethod 1624 0x00007fc54911d0d0 code [0x00007fc54911d220, 0x00007fc54911d298]
Event: 12.313 Thread 0x00007fc5580d3000 1625       4       java.io.RandomAccessFile::readFully (45 bytes)
Event: 12.313 Thread 0x00007fc5580d3000 nmethod 1625 0x00007fc54959d610 code [0x00007fc54959d760, 0x00007fc54959d828]
Event: 12.315 Thread 0x00007fc5580d0000 nmethod 1623 0x00007fc5495aa4d0 code [0x00007fc5495aa640, 0x00007fc5495aae98]
Event: 12.327 Thread 0x00007fc5580d4800 1626       3       java.lang.Class::getMethod (64 bytes)
Event: 12.328 Thread 0x00007fc5580d4800 nmethod 1626 0x00007fc5495abd10 code [0x00007fc5495abf60, 0x00007fc5495acc48]
Event: 12.335 Thread 0x00007fc5580d4800 1627       1       sun.reflect.ByteVectorImpl::getLength (7 bytes)
Event: 12.335 Thread 0x00007fc5580d4800 nmethod 1627 0x00007fc5495aba50 code [0x00007fc5495abba0, 0x00007fc5495abcb0]
Event: 12.336 Thread 0x00007fc5580d4800 1628       3       java.util.WeakHashMap::eq (19 bytes)
Event: 12.336 Thread 0x00007fc5580d4800 nmethod 1628 0x00007fc5495ab590 code [0x00007fc5495ab700, 0x00007fc5495ab9a8]

GC Heap History (10 events):
Event: 1.224 GC heap before
{Heap before GC invocations=1 (full 0):
 PSYoungGen      total 36864K, used 31744K [0x00000000d7000000, 0x00000000d9900000, 0x0000000100000000)
  eden space 31744K, 100% used [0x00000000d7000000,0x00000000d8f00000,0x00000000d8f00000)
  from space 5120K, 0% used [0x00000000d9400000,0x00000000d9400000,0x00000000d9900000)
  to   space 5120K, 0% used [0x00000000d8f00000,0x00000000d8f00000,0x00000000d9400000)
 ParOldGen       total 84992K, used 0K [0x0000000085000000, 0x000000008a300000, 0x00000000d7000000)
  object space 84992K, 0% used [0x0000000085000000,0x0000000085000000,0x000000008a300000)
 Metaspace       used 11102K, capacity 11270K, committed 11392K, reserved 1058816K
  class space    used 1307K, capacity 1367K, committed 1408K, reserved 1048576K
Event: 1.236 GC heap after
Heap after GC invocations=1 (full 0):
 PSYoungGen      total 36864K, used 5100K [0x00000000d7000000, 0x00000000d9900000, 0x0000000100000000)
  eden space 31744K, 0% used [0x00000000d7000000,0x00000000d7000000,0x00000000d8f00000)
  from space 5120K, 99% used [0x00000000d8f00000,0x00000000d93fb000,0x00000000d9400000)
  to   space 5120K, 0% used [0x00000000d9400000,0x00000000d9400000,0x00000000d9900000)
 ParOldGen       total 84992K, used 1031K [0x0000000085000000, 0x000000008a300000, 0x00000000d7000000)
  object space 84992K, 1% used [0x0000000085000000,0x0000000085101e98,0x000000008a300000)
 Metaspace       used 11102K, capacity 11270K, committed 11392K, reserved 1058816K
  class space    used 1307K, capacity 1367K, committed 1408K, reserved 1048576K
}
Event: 11.402 GC heap before
{Heap before GC invocations=2 (full 0):
 PSYoungGen      total 36864K, used 36844K [0x00000000d7000000, 0x00000000d9900000, 0x0000000100000000)
  eden space 31744K, 100% used [0x00000000d7000000,0x00000000d8f00000,0x00000000d8f00000)
  from space 5120K, 99% used [0x00000000d8f00000,0x00000000d93fb000,0x00000000d9400000)
  to   space 5120K, 0% used [0x00000000d9400000,0x00000000d9400000,0x00000000d9900000)
 ParOldGen       total 84992K, used 1031K [0x0000000085000000, 0x000000008a300000, 0x00000000d7000000)
  object space 84992K, 1% used [0x0000000085000000,0x0000000085101e98,0x000000008a300000)
 Metaspace       used 16981K, capacity 17406K, committed 17664K, reserved 1064960K
  class space    used 2092K, capacity 2253K, committed 2304K, reserved 1048576K
Event: 11.412 GC heap after
Heap after GC invocations=2 (full 0):
 PSYoungGen      total 36864K, used 5111K [0x00000000d7000000, 0x00000000d9900000, 0x0000000100000000)
  eden space 31744K, 0% used [0x00000000d7000000,0x00000000d7000000,0x00000000d8f00000)
  from space 5120K, 99% used [0x00000000d9400000,0x00000000d98fde68,0x00000000d9900000)
  to   space 5120K, 0% used [0x00000000d8f00000,0x00000000d8f00000,0x00000000d9400000)
 ParOldGen       total 84992K, used 3034K [0x0000000085000000, 0x000000008a300000, 0x00000000d7000000)
  object space 84992K, 3% used [0x0000000085000000,0x00000000852f6860,0x000000008a300000)
 Metaspace       used 16981K, capacity 17406K, committed 17664K, reserved 1064960K
  class space    used 2092K, capacity 2253K, committed 2304K, reserved 1048576K
}
Event: 11.865 GC heap before
{Heap before GC invocations=3 (full 0):
 PSYoungGen      total 36864K, used 36855K [0x00000000d7000000, 0x00000000d9900000, 0x0000000100000000)
  eden space 31744K, 100% used [0x00000000d7000000,0x00000000d8f00000,0x00000000d8f00000)
  from space 5120K, 99% used [0x00000000d9400000,0x00000000d98fde68,0x00000000d9900000)
  to   space 5120K, 0% used [0x00000000d8f00000,0x00000000d8f00000,0x00000000d9400000)
 ParOldGen       total 84992K, used 3034K [0x0000000085000000, 0x000000008a300000, 0x00000000d7000000)
  object space 84992K, 3% used [0x0000000085000000,0x00000000852f6860,0x000000008a300000)
 Metaspace       used 19802K, capacity 20290K, committed 20352K, reserved 1067008K
  class space    used 2455K, capacity 2639K, committed 2688K, reserved 1048576K
Event: 11.885 GC heap after
Heap after GC invocations=3 (full 0):
 PSYoungGen      total 36864K, used 5099K [0x00000000d7000000, 0x00000000db800000, 0x0000000100000000)
  eden space 31744K, 0% used [0x00000000d7000000,0x00000000d7000000,0x00000000d8f00000)
  from space 5120K, 99% used [0x00000000d8f00000,0x00000000d93fadd8,0x00000000d9400000)
  to   space 5120K, 0% used [0x00000000db300000,0x00000000db300000,0x00000000db800000)
 ParOldGen       total 84992K, used 19769K [0x0000000085000000, 0x000000008a300000, 0x00000000d7000000)
  object space 84992K, 23% used [0x0000000085000000,0x000000008634e4c0,0x000000008a300000)
 Metaspace       used 19802K, capacity 20290K, committed 20352K, reserved 1067008K
  class space    used 2455K, capacity 2639K, committed 2688K, reserved 1048576K
}
Event: 12.071 GC heap before
{Heap before GC invocations=4 (full 0):
 PSYoungGen      total 36864K, used 19420K [0x00000000d7000000, 0x00000000db800000, 0x0000000100000000)
  eden space 31744K, 45% used [0x00000000d7000000,0x00000000d7dfc2d0,0x00000000d8f00000)
  from space 5120K, 99% used [0x00000000d8f00000,0x00000000d93fadd8,0x00000000d9400000)
  to   space 5120K, 0% used [0x00000000db300000,0x00000000db300000,0x00000000db800000)
 ParOldGen       total 84992K, used 19769K [0x0000000085000000, 0x000000008a300000, 0x00000000d7000000)
  object space 84992K, 23% used [0x0000000085000000,0x000000008634e4c0,0x000000008a300000)
 Metaspace       used 20717K, capacity 21160K, committed 21248K, reserved 1067008K
  class space    used 2589K, capacity 2736K, committed 2816K, reserved 1048576K
Event: 12.097 GC heap after
Heap after GC invocations=4 (full 0):
 PSYoungGen      total 68608K, used 5096K [0x00000000d7000000, 0x00000000db800000, 0x0000000100000000)
  eden space 63488K, 0% used [0x00000000d7000000,0x00000000d7000000,0x00000000dae00000)
  from space 5120K, 99% used [0x00000000db300000,0x00000000db7fa380,0x00000000db800000)
  to   space 5120K, 0% used [0x00000000dae00000,0x00000000dae00000,0x00000000db300000)
 ParOldGen       total 84992K, used 20334K [0x0000000085000000, 0x000000008a300000, 0x00000000d7000000)
  object space 84992K, 23% used [0x0000000085000000,0x00000000863db920,0x000000008a300000)
 Metaspace       used 20717K, capacity 21160K, committed 21248K, reserved 1067008K
  class space    used 2589K, capacity 2736K, committed 2816K, reserved 1048576K
}
Event: 12.097 GC heap before
{Heap before GC invocations=5 (full 1):
 PSYoungGen      total 68608K, used 5096K [0x00000000d7000000, 0x00000000db800000, 0x0000000100000000)
  eden space 63488K, 0% used [0x00000000d7000000,0x00000000d7000000,0x00000000dae00000)
  from space 5120K, 99% used [0x00000000db300000,0x00000000db7fa380,0x00000000db800000)
  to   space 5120K, 0% used [0x00000000dae00000,0x00000000dae00000,0x00000000db300000)
 ParOldGen       total 84992K, used 20334K [0x0000000085000000, 0x000000008a300000, 0x00000000d7000000)
  object space 84992K, 23% used [0x0000000085000000,0x00000000863db920,0x000000008a300000)
 Metaspace       used 20717K, capacity 21160K, committed 21248K, reserved 1067008K
  class space    used 2589K, capacity 2736K, committed 2816K, reserved 1048576K
Event: 12.147 GC heap after
Heap after GC invocations=5 (full 1):
 PSYoungGen      total 68608K, used 0K [0x00000000d7000000, 0x00000000db800000, 0x0000000100000000)
  eden space 63488K, 0% used [0x00000000d7000000,0x00000000d7000000,0x00000000dae00000)
  from space 5120K, 0% used [0x00000000db300000,0x00000000db300000,0x00000000db800000)
  to   space 5120K, 0% used [0x00000000dae00000,0x00000000dae00000,0x00000000db300000)
 ParOldGen       total 61952K, used 10780K [0x0000000085000000, 0x0000000088c80000, 0x00000000d7000000)
  object space 61952K, 17% used [0x0000000085000000,0x0000000085a87138,0x0000000088c80000)
 Metaspace       used 20717K, capacity 21160K, committed 21248K, reserved 1067008K
  class space    used 2589K, capacity 2736K, committed 2816K, reserved 1048576K
}

Deoptimization events (10 events):
Event: 1.813 Thread 0x00007fc558010000 Uncommon trap: reason=class_check action=maybe_recompile pc=0x00007fc549413de4 method=java.util.regex.Matcher.search(I)Z @ 86
Event: 1.813 Thread 0x00007fc558010000 Uncommon trap: reason=class_check action=maybe_recompile pc=0x00007fc549389c2c method=java.util.regex.Pattern$Curly.match(Ljava/util/regex/Matcher;ILjava/lang/CharSequence;)Z @ 19
Event: 1.829 Thread 0x00007fc558010000 Uncommon trap: reason=class_check action=maybe_recompile pc=0x00007fc549389c2c method=java.util.regex.Pattern$Curly.match(Ljava/util/regex/Matcher;ILjava/lang/CharSequence;)Z @ 19
Event: 1.829 Thread 0x00007fc558010000 Uncommon trap: reason=class_check action=maybe_recompile pc=0x00007fc549389c2c method=java.util.regex.Pattern$Curly.match(Ljava/util/regex/Matcher;ILjava/lang/CharSequence;)Z @ 19
Event: 1.909 Thread 0x00007fc558010000 Uncommon trap: reason=unstable_if action=reinterpret pc=0x00007fc54938fe84 method=java.util.regex.Pattern$BmpCharProperty.match(Ljava/util/regex/Matcher;ILjava/lang/CharSequence;)Z @ 34
Event: 2.636 Thread 0x00007fc558010000 Uncommon trap: reason=unstable_if action=reinterpret pc=0x00007fc5494a37ec method=java.util.concurrent.ConcurrentHashMap.putVal(Ljava/lang/Object;Ljava/lang/Object;Z)Ljava/lang/Object; @ 181
Event: 11.497 Thread 0x00007fc558010000 Uncommon trap: reason=unstable_if action=reinterpret pc=0x00007fc549284964 method=java.lang.String.lastIndexOf([CII[CIII)I @ 17
Event: 11.678 Thread 0x00007fc558010000 Uncommon trap: reason=unstable_if action=reinterpret pc=0x00007fc54944de48 method=java.lang.Integer.parseInt(Ljava/lang/String;I)I @ 122
Event: 11.945 Thread 0x00007fc558010000 Uncommon trap: reason=unstable_if action=reinterpret pc=0x00007fc54950773c method=java.lang.String.lastIndexOf([CII[CIII)I @ 118
Event: 12.321 Thread 0x00007fc558010000 Uncommon trap: reason=unstable_if action=reinterpret pc=0x00007fc54911d268 method=java.lang.Math.min(JJ)J @ 3

Classes redefined (0 events):
No events

Internal exceptions (10 events):
Event: 1.674 Thread 0x00007fc558010000 Exception <a 'java/lang/ArrayIndexOutOfBoundsException': 40> (0x00000000d80fafd0) thrown at [/HUDSON/workspace/8-2-build-linux-amd64/jdk8u161/10277/hotspot/src/share/vm/interpreter/interpreterRuntime.cpp, line 366]
Event: 1.676 Thread 0x00007fc558010000 Exception <a 'java/lang/ArrayIndexOutOfBoundsException': 90> (0x00000000d810a070) thrown at [/HUDSON/workspace/8-2-build-linux-amd64/jdk8u161/10277/hotspot/src/share/vm/interpreter/interpreterRuntime.cpp, line 366]
Event: 1.676 Thread 0x00007fc558010000 Exception <a 'java/lang/ArrayIndexOutOfBoundsException': 55> (0x00000000d8110518) thrown at [/HUDSON/workspace/8-2-build-linux-amd64/jdk8u161/10277/hotspot/src/share/vm/interpreter/interpreterRuntime.cpp, line 366]
Event: 1.718 Thread 0x00007fc558010000 Exception <a 'java/lang/IncompatibleClassChangeError': Found class java.lang.Object, but interface was expected> (0x00000000d8218f58) thrown at [/HUDSON/workspace/8-2-build-linux-amd64/jdk8u161/10277/hotspot/src/share/vm/interpreter/linkResolver.cpp, line
Event: 1.723 Thread 0x00007fc558010000 Exception <a 'java/lang/NoSuchMethodError': java.lang.Object.lambda$or$2(Ljava/util/function/Predicate;Ljava/lang/Object;)Z> (0x00000000d8227d28) thrown at [/HUDSON/workspace/8-2-build-linux-amd64/jdk8u161/10277/hotspot/src/share/vm/interpreter/linkResolv
Event: 11.494 Thread 0x00007fc558010000 Exception <a 'java/io/FileNotFoundException'> (0x00000000d77711a0) thrown at [/HUDSON/workspace/8-2-build-linux-amd64/jdk8u161/10277/hotspot/src/share/vm/prims/jni.cpp, line 709]
Event: 11.716 Thread 0x00007fc558010000 Exception <a 'java/io/FileNotFoundException'> (0x00000000d83b2000) thrown at [/HUDSON/workspace/8-2-build-linux-amd64/jdk8u161/10277/hotspot/src/share/vm/prims/jni.cpp, line 709]
Event: 11.716 Thread 0x00007fc558010000 Exception <a 'java/io/FileNotFoundException'> (0x00000000d83b2ba8) thrown at [/HUDSON/workspace/8-2-build-linux-amd64/jdk8u161/10277/hotspot/src/share/vm/prims/jni.cpp, line 709]
Event: 11.933 Thread 0x00007fc558010000 Exception <a 'java/lang/UnsatisfiedLinkError': libtesseract.so: cannot open shared object file: No such file or directory> (0x00000000d743f588) thrown at [/HUDSON/workspace/8-2-build-linux-amd64/jdk8u161/10277/hotspot/src/share/vm/prims/jni.cpp, line 735]
Event: 11.935 Thread 0x00007fc558010000 Exception <a 'java/lang/UnsatisfiedLinkError': libtesseract.so: cannot open shared object file: No such file or directory> (0x00000000d74409f0) thrown at [/HUDSON/workspace/8-2-build-linux-amd64/jdk8u161/10277/hotspot/src/share/vm/prims/jni.cpp, line 735]

Events (10 events):
Event: 12.326 loading class java/lang/StrictMath
Event: 12.327 loading class java/lang/StrictMath done
Event: 12.327 loading class com/sun/jna/Native$Buffers
Event: 12.327 loading class com/sun/jna/Native$Buffers done
Event: 12.327 Thread 0x00007fc558010000 DEOPT PACKING pc=0x00007fc5491c97a1 sp=0x00007fc560207760
Event: 12.327 Thread 0x00007fc558010000 DEOPT UNPACKING pc=0x00007fc549047784 sp=0x00007fc5602074d0 mode 1
Event: 12.327 Thread 0x00007fc558010000 DEOPT PACKING pc=0x00007fc54917e894 sp=0x00007fc5602077e0
Event: 12.327 Thread 0x00007fc558010000 DEOPT UNPACKING pc=0x00007fc549047784 sp=0x00007fc560207620 mode 1
Event: 12.327 Thread 0x00007fc558010000 DEOPT PACKING pc=0x00007fc54917e634 sp=0x00007fc560207970
Event: 12.327 Thread 0x00007fc558010000 DEOPT UNPACKING pc=0x00007fc549047784 sp=0x00007fc5602077b0 mode 1


Dynamic libraries:
00400000-00401000 r-xp 00000000 08:02 2239544                            /home/rakesh/Desktop/jdk1.8.0_161/jre/bin/java
00600000-00601000 rw-p 00000000 08:02 2239544                            /home/rakesh/Desktop/jdk1.8.0_161/jre/bin/java
01b60000-01b81000 rw-p 00000000 00:00 0                                  [heap]
85000000-88c80000 rw-p 00000000 00:00 0 
88c80000-d7000000 ---p 00000000 00:00 0 
d7000000-db800000 rw-p 00000000 00:00 0 
db800000-100000000 ---p 00000000 00:00 0 
100000000-1002e0000 rw-p 00000000 00:00 0 
1002e0000-140000000 ---p 00000000 00:00 0 
7fc4d7945000-7fc4d8000000 rw-p 00000000 00:00 0 
7fc4d8000000-7fc4d8021000 rw-p 00000000 00:00 0 
7fc4d8021000-7fc4dc000000 ---p 00000000 00:00 0 
7fc4dc000000-7fc4dc021000 rw-p 00000000 00:00 0 
7fc4dc021000-7fc4e0000000 ---p 00000000 00:00 0 
7fc4e0011000-7fc4e059e000 rw-p 00000000 00:00 0 
7fc4e059e000-7fc4e071e000 ---p 00000000 00:00 0 
7fc4e071e000-7fc4e0729000 r-xp 00000000 08:02 1450589                    /usr/lib/x86_64-linux-gnu/libjbig.so.0
7fc4e0729000-7fc4e0928000 ---p 0000b000 08:02 1450589                    /usr/lib/x86_64-linux-gnu/libjbig.so.0
7fc4e0928000-7fc4e0929000 r--p 0000a000 08:02 1450589                    /usr/lib/x86_64-linux-gnu/libjbig.so.0
7fc4e0929000-7fc4e092c000 rw-p 0000b000 08:02 1450589                    /usr/lib/x86_64-linux-gnu/libjbig.so.0
7fc4e092c000-7fc4e094d000 r-xp 00000000 08:02 3674608                    /lib/x86_64-linux-gnu/liblzma.so.5.0.0
7fc4e094d000-7fc4e0b4c000 ---p 00021000 08:02 3674608                    /lib/x86_64-linux-gnu/liblzma.so.5.0.0
7fc4e0b4c000-7fc4e0b4d000 r--p 00020000 08:02 3674608                    /lib/x86_64-linux-gnu/liblzma.so.5.0.0
7fc4e0b4d000-7fc4e0b4e000 rw-p 00021000 08:02 3674608                    /lib/x86_64-linux-gnu/liblzma.so.5.0.0
7fc4e0b4e000-7fc4e0b9f000 r-xp 00000000 08:02 1451006                    /usr/lib/x86_64-linux-gnu/libwebp.so.5.0.0
7fc4e0b9f000-7fc4e0d9f000 ---p 00051000 08:02 1451006                    /usr/lib/x86_64-linux-gnu/libwebp.so.5.0.0
7fc4e0d9f000-7fc4e0da0000 r--p 00051000 08:02 1451006                    /usr/lib/x86_64-linux-gnu/libwebp.so.5.0.0
7fc4e0da0000-7fc4e0da1000 rw-p 00052000 08:02 1451006                    /usr/lib/x86_64-linux-gnu/libwebp.so.5.0.0
7fc4e0da1000-7fc4e0da6000 rw-p 00000000 00:00 0 
7fc4e0da6000-7fc4e0e15000 r-xp 00000000 08:02 1442391                    /usr/lib/x86_64-linux-gnu/libtiff.so.5.2.0
7fc4e0e15000-7fc4e1014000 ---p 0006f000 08:02 1442391                    /usr/lib/x86_64-linux-gnu/libtiff.so.5.2.0
7fc4e1014000-7fc4e1015000 r--p 0006e000 08:02 1442391                    /usr/lib/x86_64-linux-gnu/libtiff.so.5.2.0
7fc4e1015000-7fc4e1018000 rw-p 0006f000 08:02 1442391                    /usr/lib/x86_64-linux-gnu/libtiff.so.5.2.0
7fc4e1018000-7fc4e1020000 r-xp 00000000 08:02 1455367                    /usr/lib/x86_64-linux-gnu/libgif.so.4.1.6
7fc4e1020000-7fc4e121f000 ---p 00008000 08:02 1455367                    /usr/lib/x86_64-linux-gnu/libgif.so.4.1.6
7fc4e121f000-7fc4e1220000 r--p 00007000 08:02 1455367                    /usr/lib/x86_64-linux-gnu/libgif.so.4.1.6
7fc4e1220000-7fc4e1221000 rw-p 00008000 08:02 1455367                    /usr/lib/x86_64-linux-gnu/libgif.so.4.1.6
7fc4e1221000-7fc4e1264000 r-xp 00000000 08:02 1450591                    /usr/lib/x86_64-linux-gnu/libjpeg.so.8.0.2
7fc4e1264000-7fc4e1464000 ---p 00043000 08:02 1450591                    /usr/lib/x86_64-linux-gnu/libjpeg.so.8.0.2
7fc4e1464000-7fc4e1465000 r--p 00043000 08:02 1450591                    /usr/lib/x86_64-linux-gnu/libjpeg.so.8.0.2
7fc4e1465000-7fc4e1466000 rw-p 00044000 08:02 1450591                    /usr/lib/x86_64-linux-gnu/libjpeg.so.8.0.2
7fc4e1466000-7fc4e1476000 rw-p 00000000 00:00 0 
7fc4e1476000-7fc4e149b000 r-xp 00000000 08:02 3674676                    /lib/x86_64-linux-gnu/libpng12.so.0.50.0
7fc4e149b000-7fc4e169a000 ---p 00025000 08:02 3674676                    /lib/x86_64-linux-gnu/libpng12.so.0.50.0
7fc4e169a000-7fc4e169b000 r--p 00024000 08:02 3674676                    /lib/x86_64-linux-gnu/libpng12.so.0.50.0
7fc4e169b000-7fc4e169c000 rw-p 00025000 08:02 3674676                    /lib/x86_64-linux-gnu/libpng12.so.0.50.0
7fc4e169c000-7fc4e16b4000 r-xp 00000000 08:02 3674724                    /lib/x86_64-linux-gnu/libz.so.1.2.8
7fc4e16b4000-7fc4e18b3000 ---p 00018000 08:02 3674724                    /lib/x86_64-linux-gnu/libz.so.1.2.8
7fc4e18b3000-7fc4e18b4000 r--p 00017000 08:02 3674724                    /lib/x86_64-linux-gnu/libz.so.1.2.8
7fc4e18b4000-7fc4e18b5000 rw-p 00018000 08:02 3674724                    /lib/x86_64-linux-gnu/libz.so.1.2.8
7fc4e18b5000-7fc4e199b000 r-xp 00000000 08:02 1450894                    /usr/lib/x86_64-linux-gnu/libstdc++.so.6.0.19
7fc4e199b000-7fc4e1b9a000 ---p 000e6000 08:02 1450894                    /usr/lib/x86_64-linux-gnu/libstdc++.so.6.0.19
7fc4e1b9a000-7fc4e1ba2000 r--p 000e5000 08:02 1450894                    /usr/lib/x86_64-linux-gnu/libstdc++.so.6.0.19
7fc4e1ba2000-7fc4e1ba4000 rw-p 000ed000 08:02 1450894                    /usr/lib/x86_64-linux-gnu/libstdc++.so.6.0.19
7fc4e1ba4000-7fc4e1bb9000 rw-p 00000000 00:00 0 
7fc4e1bb9000-7fc4e1db7000 r-xp 00000000 08:02 1445997                    /usr/lib/liblept.so.4.0.1
7fc4e1db7000-7fc4e1fb7000 ---p 001fe000 08:02 1445997                    /usr/lib/liblept.so.4.0.1
7fc4e1fb7000-7fc4e1fb8000 r--p 001fe000 08:02 1445997                    /usr/lib/liblept.so.4.0.1
7fc4e1fb8000-7fc4e1fbe000 rw-p 001ff000 08:02 1445997                    /usr/lib/liblept.so.4.0.1
7fc4e1fbe000-7fc4e2290000 r-xp 00000000 08:02 1446002                    /usr/lib/libtesseract.so.3.0.3
7fc4e2290000-7fc4e248f000 ---p 002d2000 08:02 1446002                    /usr/lib/libtesseract.so.3.0.3
7fc4e248f000-7fc4e2494000 r--p 002d1000 08:02 1446002                    /usr/lib/libtesseract.so.3.0.3
7fc4e2494000-7fc4e2495000 rw-p 002d6000 08:02 1446002                    /usr/lib/libtesseract.so.3.0.3
7fc4e2495000-7fc4e272c000 rw-p 00000000 00:00 0 
7fc4e272c000-7fc4e2743000 r-xp 00000000 08:02 801604                     /tmp/jna--938374178/jna5892649724995098004.tmp (deleted)
7fc4e2743000-7fc4e2842000 ---p 00017000 08:02 801604                     /tmp/jna--938374178/jna5892649724995098004.tmp (deleted)
7fc4e2842000-7fc4e2844000 rw-p 00016000 08:02 801604                     /tmp/jna--938374178/jna5892649724995098004.tmp (deleted)
7fc4e2844000-7fc4e2847000 ---p 00000000 00:00 0 
7fc4e2847000-7fc4e2945000 rw-p 00000000 00:00 0 
7fc4e2945000-7fc4e294a000 r-xp 00000000 08:02 1449992                    /usr/lib/x86_64-linux-gnu/libXdmcp.so.6.0.0
7fc4e294a000-7fc4e2b49000 ---p 00005000 08:02 1449992                    /usr/lib/x86_64-linux-gnu/libXdmcp.so.6.0.0
7fc4e2b49000-7fc4e2b4a000 r--p 00004000 08:02 1449992                    /usr/lib/x86_64-linux-gnu/libXdmcp.so.6.0.0
7fc4e2b4a000-7fc4e2b4b000 rw-p 00005000 08:02 1449992                    /usr/lib/x86_64-linux-gnu/libXdmcp.so.6.0.0
7fc4e2b4b000-7fc4e2b4d000 r-xp 00000000 08:02 1449981                    /usr/lib/x86_64-linux-gnu/libXau.so.6.0.0
7fc4e2b4d000-7fc4e2d4d000 ---p 00002000 08:02 1449981                    /usr/lib/x86_64-linux-gnu/libXau.so.6.0.0
7fc4e2d4d000-7fc4e2d4e000 r--p 00002000 08:02 1449981                    /usr/lib/x86_64-linux-gnu/libXau.so.6.0.0
7fc4e2d4e000-7fc4e2d4f000 rw-p 00003000 08:02 1449981                    /usr/lib/x86_64-linux-gnu/libXau.so.6.0.0
7fc4e2d4f000-7fc4e2d6c000 r-xp 00000000 08:02 1451054                    /usr/lib/x86_64-linux-gnu/libxcb.so.1.1.0
7fc4e2d6c000-7fc4e2f6c000 ---p 0001d000 08:02 1451054                    /usr/lib/x86_64-linux-gnu/libxcb.so.1.1.0
7fc4e2f6c000-7fc4e2f6d000 r--p 0001d000 08:02 1451054                    /usr/lib/x86_64-linux-gnu/libxcb.so.1.1.0
7fc4e2f6d000-7fc4e2f6e000 rw-p 0001e000 08:02 1451054                    /usr/lib/x86_64-linux-gnu/libxcb.so.1.1.0
7fc4e2f6e000-7fc4e2f7d000 r-xp 00000000 08:02 1450002                    /usr/lib/x86_64-linux-gnu/libXi.so.6.1.0
7fc4e2f7d000-7fc4e317c000 ---p 0000f000 08:02 1450002                    /usr/lib/x86_64-linux-gnu/libXi.so.6.1.0
7fc4e317c000-7fc4e317d000 r--p 0000e000 08:02 1450002                    /usr/lib/x86_64-linux-gnu/libXi.so.6.1.0
7fc4e317d000-7fc4e317e000 rw-p 0000f000 08:02 1450002                    /usr/lib/x86_64-linux-gnu/libXi.so.6.1.0
7fc4e317e000-7fc4e3183000 r-xp 00000000 08:02 1450022                    /usr/lib/x86_64-linux-gnu/libXtst.so.6.1.0
7fc4e3183000-7fc4e3382000 ---p 00005000 08:02 1450022                    /usr/lib/x86_64-linux-gnu/libXtst.so.6.1.0
7fc4e3382000-7fc4e3383000 r--p 00004000 08:02 1450022                    /usr/lib/x86_64-linux-gnu/libXtst.so.6.1.0
7fc4e3383000-7fc4e3384000 rw-p 00005000 08:02 1450022                    /usr/lib/x86_64-linux-gnu/libXtst.so.6.1.0
7fc4e3384000-7fc4e338d000 r-xp 00000000 08:02 1450016                    /usr/lib/x86_64-linux-gnu/libXrender.so.1.3.0
7fc4e338d000-7fc4e358c000 ---p 00009000 08:02 1450016                    /usr/lib/x86_64-linux-gnu/libXrender.so.1.3.0
7fc4e358c000-7fc4e358d000 r--p 00008000 08:02 1450016                    /usr/lib/x86_64-linux-gnu/libXrender.so.1.3.0
7fc4e358d000-7fc4e358e000 rw-p 00009000 08:02 1450016                    /usr/lib/x86_64-linux-gnu/libXrender.so.1.3.0
7fc4e358e000-7fc4e36be000 r-xp 00000000 08:02 1449977                    /usr/lib/x86_64-linux-gnu/libX11.so.6.3.0
7fc4e36be000-7fc4e38be000 ---p 00130000 08:02 1449977                    /usr/lib/x86_64-linux-gnu/libX11.so.6.3.0
7fc4e38be000-7fc4e38bf000 r--p 00130000 08:02 1449977                    /usr/lib/x86_64-linux-gnu/libX11.so.6.3.0
7fc4e38bf000-7fc4e38c3000 rw-p 00131000 08:02 1449977                    /usr/lib/x86_64-linux-gnu/libX11.so.6.3.0
7fc4e38c3000-7fc4e38d4000 r-xp 00000000 08:02 1449994                    /usr/lib/x86_64-linux-gnu/libXext.so.6.4.0
7fc4e38d4000-7fc4e3ad3000 ---p 00011000 08:02 1449994                    /usr/lib/x86_64-linux-gnu/libXext.so.6.4.0
7fc4e3ad3000-7fc4e3ad4000 r--p 00010000 08:02 1449994                    /usr/lib/x86_64-linux-gnu/libXext.so.6.4.0
7fc4e3ad4000-7fc4e3ad5000 rw-p 00011000 08:02 1449994                    /usr/lib/x86_64-linux-gnu/libXext.so.6.4.0
7fc4e3ad5000-7fc4e3b29000 r-xp 00000000 08:02 2906099                    /home/rakesh/Desktop/jdk1.8.0_161/jre/lib/amd64/libawt_xawt.so
7fc4e3b29000-7fc4e3d29000 ---p 00054000 08:02 2906099                    /home/rakesh/Desktop/jdk1.8.0_161/jre/lib/amd64/libawt_xawt.so
7fc4e3d29000-7fc4e3d2d000 rw-p 00054000 08:02 2906099                    /home/rakesh/Desktop/jdk1.8.0_161/jre/lib/amd64/libawt_xawt.so
7fc4e3d2d000-7fc4e3d2e000 rw-p 00000000 00:00 0 
7fc4e3d2e000-7fc4e3dd0000 r-xp 00000000 08:02 2906085                    /home/rakesh/Desktop/jdk1.8.0_161/jre/lib/amd64/libawt.so
7fc4e3dd0000-7fc4e3fd0000 ---p 000a2000 08:02 2906085                    /home/rakesh/Desktop/jdk1.8.0_161/jre/lib/amd64/libawt.so
7fc4e3fd0000-7fc4e3fdc000 rw-p 000a2000 08:02 2906085                    /home/rakesh/Desktop/jdk1.8.0_161/jre/lib/amd64/libawt.so
7fc4e3fdc000-7fc4e4000000 rw-p 00000000 00:00 0 
7fc4e4000000-7fc4e4021000 rw-p 00000000 00:00 0 
7fc4e4021000-7fc4e8000000 ---p 00000000 00:00 0 
7fc4e8000000-7fc4e8021000 rw-p 00000000 00:00 0 
7fc4e8021000-7fc4ec000000 ---p 00000000 00:00 0 
7fc4ec000000-7fc4ec021000 rw-p 00000000 00:00 0 
7fc4ec021000-7fc4f0000000 ---p 00000000 00:00 0 
7fc4f0000000-7fc4f0021000 rw-p 00000000 00:00 0 
7fc4f0021000-7fc4f4000000 ---p 00000000 00:00 0 
7fc4f4000000-7fc4f4021000 rw-p 00000000 00:00 0 
7fc4f4021000-7fc4f8000000 ---p 00000000 00:00 0 
7fc4f8000000-7fc4f8021000 rw-p 00000000 00:00 0 
7fc4f8021000-7fc4fc000000 ---p 00000000 00:00 0 
7fc4fc000000-7fc4fc021000 rw-p 00000000 00:00 0 
7fc4fc021000-7fc500000000 ---p 00000000 00:00 0 
7fc500000000-7fc500021000 rw-p 00000000 00:00 0 
7fc500021000-7fc504000000 ---p 00000000 00:00 0 
7fc504000000-7fc5043f1000 rw-p 00000000 00:00 0 
7fc5043f1000-7fc508000000 ---p 00000000 00:00 0 
7fc508000000-7fc508021000 rw-p 00000000 00:00 0 
7fc508021000-7fc50c000000 ---p 00000000 00:00 0 
7fc50c000000-7fc50c746000 rw-p 00000000 00:00 0 
7fc50c746000-7fc510000000 ---p 00000000 00:00 0 
7fc510000000-7fc510356000 rw-p 00000000 00:00 0 
7fc510356000-7fc514000000 ---p 00000000 00:00 0 
7fc514000000-7fc514021000 rw-p 00000000 00:00 0 
7fc514021000-7fc518000000 ---p 00000000 00:00 0 
7fc518000000-7fc518021000 rw-p 00000000 00:00 0 
7fc518021000-7fc51c000000 ---p 00000000 00:00 0 
7fc51c000000-7fc51c021000 rw-p 00000000 00:00 0 
7fc51c021000-7fc520000000 ---p 00000000 00:00 0 
7fc520000000-7fc520021000 rw-p 00000000 00:00 0 
7fc520021000-7fc524000000 ---p 00000000 00:00 0 
7fc524000000-7fc524021000 rw-p 00000000 00:00 0 
7fc524021000-7fc528000000 ---p 00000000 00:00 0 
7fc528000000-7fc528021000 rw-p 00000000 00:00 0 
7fc528021000-7fc52c000000 ---p 00000000 00:00 0 
7fc52c000000-7fc52c021000 rw-p 00000000 00:00 0 
7fc52c021000-7fc530000000 ---p 00000000 00:00 0 
7fc5300ff000-7fc5302ff000 rw-p 00000000 00:00 0 
7fc5302ff000-7fc530302000 ---p 00000000 00:00 0 
7fc530302000-7fc530400000 rw-p 00000000 00:00 0 
7fc530400000-7fc530403000 ---p 00000000 00:00 0 
7fc530403000-7fc530701000 rw-p 00000000 00:00 0 
7fc530701000-7fc530901000 rw-p 00000000 00:00 0 
7fc530901000-7fc53091d000 r--s 00393000 08:02 5507486                    /home/rakesh/Desktop/jdk1.8.0_161/jre/lib/ext/cldrdata.jar
7fc53091d000-7fc530920000 ---p 00000000 00:00 0 
7fc530920000-7fc530a1e000 rw-p 00000000 00:00 0 
7fc530a1e000-7fc530a21000 ---p 00000000 00:00 0 
7fc530a21000-7fc530b1f000 rw-p 00000000 00:00 0 
7fc530b1f000-7fc530b22000 ---p 00000000 00:00 0 
7fc530b22000-7fc530b58000 rw-p 00000000 00:00 0 
7fc530b58000-7fc530b5b000 ---p 00000000 00:00 0 
7fc530b5b000-7fc530c59000 rw-p 00000000 00:00 0 
7fc530c59000-7fc530c5c000 ---p 00000000 00:00 0 
7fc530c5c000-7fc530f5a000 rw-p 00000000 00:00 0 
7fc530f5a000-7fc530f70000 r-xp 00000000 08:02 3674588                    /lib/x86_64-linux-gnu/libgcc_s.so.1
7fc530f70000-7fc53116f000 ---p 00016000 08:02 3674588                    /lib/x86_64-linux-gnu/libgcc_s.so.1
7fc53116f000-7fc531170000 rw-p 00015000 08:02 3674588                    /lib/x86_64-linux-gnu/libgcc_s.so.1
7fc53117a000-7fc53117f000 r--s 002f9000 08:02 2906032                    /home/rakesh/Desktop/jdk1.8.0_161/jre/lib/charsets.jar
7fc53117f000-7fc531189000 r--s 00116000 08:02 5507493                    /home/rakesh/Desktop/jdk1.8.0_161/jre/lib/ext/localedata.jar
7fc531189000-7fc5311bb000 r-xp 00000000 08:02 2906050                    /home/rakesh/Desktop/jdk1.8.0_161/jre/lib/amd64/libsunec.so
7fc5311bb000-7fc5313ba000 ---p 00032000 08:02 2906050                    /home/rakesh/Desktop/jdk1.8.0_161/jre/lib/amd64/libsunec.so
7fc5313ba000-7fc5313c0000 rw-p 00031000 08:02 2906050                    /home/rakesh/Desktop/jdk1.8.0_161/jre/lib/amd64/libsunec.so
7fc5313c0000-7fc5313d0000 rw-p 00000000 00:00 0 
7fc5313d0000-7fc5313e1000 r-xp 00000000 08:02 2906095                    /home/rakesh/Desktop/jdk1.8.0_161/jre/lib/amd64/libnio.so
7fc5313e1000-7fc5315e0000 ---p 00011000 08:02 2906095                    /home/rakesh/Desktop/jdk1.8.0_161/jre/lib/amd64/libnio.so
7fc5315e0000-7fc5315e1000 rw-p 00010000 08:02 2906095                    /home/rakesh/Desktop/jdk1.8.0_161/jre/lib/amd64/libnio.so
7fc5315e1000-7fc5315e3000 r--s 00009000 08:02 5507484                    /home/rakesh/Desktop/jdk1.8.0_161/jre/lib/ext/sunec.jar
7fc5315e3000-7fc5315e7000 r--s 0003a000 08:02 5507491                    /home/rakesh/Desktop/jdk1.8.0_161/jre/lib/ext/sunpkcs11.jar
7fc5315e7000-7fc5315ea000 r--s 0001a000 08:02 2906108                    /home/rakesh/Desktop/jdk1.8.0_161/jre/lib/jce.jar
7fc5315ea000-7fc5317ea000 rw-p 00000000 00:00 0 
7fc5317ea000-7fc5317ef000 r--s 0009d000 08:02 2906039                    /home/rakesh/Desktop/jdk1.8.0_161/jre/lib/jsse.jar
7fc5317ef000-7fc5317f2000 ---p 00000000 00:00 0 
7fc5317f2000-7fc5318f0000 rw-p 00000000 00:00 0 
7fc5318f0000-7fc531906000 r-xp 00000000 08:02 2906092                    /home/rakesh/Desktop/jdk1.8.0_161/jre/lib/amd64/libnet.so
7fc531906000-7fc531b06000 ---p 00016000 08:02 2906092                    /home/rakesh/Desktop/jdk1.8.0_161/jre/lib/amd64/libnet.so
7fc531b06000-7fc531b07000 rw-p 00016000 08:02 2906092                    /home/rakesh/Desktop/jdk1.8.0_161/jre/lib/amd64/libnet.so
7fc531b07000-7fc531b0a000 r--s 00013000 08:02 2905435                    /home/rakesh/.m2/repository/commons-io/commons-io/1.3.2/commons-io-1.3.2.jar
7fc531b0a000-7fc531b0f000 r--s 00016000 08:02 2370834                    /home/rakesh/.m2/repository/xml-apis/xml-apis/1.0.b2/xml-apis-1.0.b2.jar
7fc531b0f000-7fc531b14000 r--s 00048000 08:02 2370832                    /home/rakesh/.m2/repository/dom4j/dom4j/1.6.1/dom4j-1.6.1.jar
7fc531b14000-7fc531b16000 r--s 00005000 08:02 2237099                    /home/rakesh/.m2/repository/stax/stax-api/1.0.1/stax-api-1.0.1.jar
7fc531b16000-7fc531b53000 r--s 0024f000 08:02 2237097                    /home/rakesh/.m2/repository/org/apache/xmlbeans/xmlbeans/2.3.0/xmlbeans-2.3.0.jar
7fc531b53000-7fc531be7000 r--s 00401000 08:02 2237095                    /home/rakesh/.m2/repository/org/apache/poi/poi-ooxml-schemas/3.9/poi-ooxml-schemas-3.9.jar
7fc531be7000-7fc531c07000 r--s 001a9000 08:02 2237093                    /home/rakesh/.m2/repository/org/apache/poi/poi/3.9/poi-3.9.jar
7fc531c07000-7fc531c13000 r--s 000d9000 08:02 2237091                    /home/rakesh/.m2/repository/org/apache/poi/poi-ooxml/3.9/poi-ooxml-3.9.jar
7fc531c13000-7fc531c15000 r--s 0000e000 08:02 2237089                    /home/rakesh/.m2/repository/javax/activation/activation/1.1/activation-1.1.jar
7fc531c15000-7fc531c1e000 r--s 0008c000 08:02 2237087                    /home/rakesh/.m2/repository/com/sun/mail/javax.mail/1.5.6/javax.mail-1.5.6.jar
7fc531c1e000-7fc531c20000 r--s 0000c000 08:02 2237085                    /home/rakesh/.m2/repository/org/apache/commons/commons-email/1.5/commons-email-1.5.jar
7fc531c20000-7fc531c22000 r--s 00004000 08:02 3291962                    /home/rakesh/.m2/repository/org/slf4j/log4j-over-slf4j/1.7.25/log4j-over-slf4j-1.7.25.jar
7fc531c22000-7fc531c24000 r--s 00003000 08:02 2242138                    /home/rakesh/.m2/repository/org/slf4j/jcl-over-slf4j/1.7.25/jcl-over-slf4j-1.7.25.jar
7fc531c24000-7fc531c26000 r--s 00000000 08:02 2111799                    /home/rakesh/.m2/repository/org/slf4j/jul-to-slf4j/1.7.25/jul-to-slf4j-1.7.25.jar
7fc531c26000-7fc531c28000 r--s 00009000 08:02 1851079                    /home/rakesh/.m2/repository/org/slf4j/slf4j-api/1.7.25/slf4j-api-1.7.25.jar
7fc531c28000-7fc531c33000 r--s 00069000 08:02 3029342                    /home/rakesh/.m2/repository/ch/qos/logback/logback-core/1.2.3/logback-core-1.2.3.jar
7fc531c33000-7fc531c39000 r--s 00041000 08:02 2371822                    /home/rakesh/.m2/repository/ch/qos/logback/logback-classic/1.2.3/logback-classic-1.2.3.jar
7fc531c39000-7fc531c3b000 r--s 0000c000 08:02 4735064                    /home/rakesh/.m2/repository/org/jboss/logging/jboss-logging/3.1.4.GA/jboss-logging-3.1.4.GA.jar
7fc531c3b000-7fc531c3f000 r--s 00020000 08:02 4735062                    /home/rakesh/.m2/repository/org/jboss/jboss-vfs/3.2.12.Final/jboss-vfs-3.2.12.Final.jar
7fc531c3f000-7fc531c44000 r--s 00307000 08:02 4735060                    /home/rakesh/.m2/repository/net/sourceforge/lept4j/lept4j/1.6.1/lept4j-1.6.1.jar
7fc531c44000-7fc531c50000 r--s 00108000 08:02 4735058                    /home/rakesh/.m2/repository/com/lowagie/itext/2.1.7/itext-2.1.7.jar
7fc531c50000-7fc531c5a000 r--s 00081000 08:02 4735056                    /home/rakesh/.m2/repository/org/apache/xmlgraphics/xmlgraphics-commons/1.4/xmlgraphics-commons-1.4.jar
7fc531c5a000-7fc531c68000 r--s 0007f000 08:02 5520243                    /home/rakesh/.m2/repository/commons-collections/commons-collections/3.2.1/commons-collections-3.2.1.jar
7fc531c68000-7fc531c6d000 r--s 00035000 08:02 5506344                    /home/rakesh/.m2/repository/commons-beanutils/commons-beanutils/1.9.2/commons-beanutils-1.9.2.jar
7fc531c6d000-7fc531c76000 r--s 0006f000 08:02 1990463                    /home/rakesh/.m2/repository/log4j/log4j/1.2.17/log4j-1.2.17.jar
7fc531c76000-7fc531c7b000 r--s 00028000 08:02 4599056                    /home/rakesh/.m2/repository/org/ghost4j/ghost4j/1.0.1/ghost4j-1.0.1.jar
7fc531c7b000-7fc531c86000 r--s 00088000 08:02 4599054                    /home/rakesh/.m2/repository/com/github/jai-imageio/jai-imageio-core/1.3.1/jai-imageio-core-1.3.1.jar
7fc531c86000-7fc531c8a000 r--s 000dc000 08:02 4336514                    /home/rakesh/.m2/repository/net/java/dev/jna/jna/4.1.0/jna-4.1.0.jar
7fc531c8a000-7fc531c8d000 r--s 02475000 08:02 4599052                    /home/rakesh/.m2/repository/net/sourceforge/tess4j/tess4j/3.4.1/tess4j-3.4.1.jar
7fc531c8d000-7fc531c8e000 r--s 0017a000 08:02 2237251                    /home/rakesh/.m2/repository/org/bytedeco/javacpp-presets/tesseract/3.04-1.1/tesseract-3.04-1.1-linux-x86_64.jar
7fc531c8e000-7fc531c92000 r--s 0003a000 08:02 2237249                    /home/rakesh/.m2/repository/org/bytedeco/javacpp/1.1/javacpp-1.1.jar
7fc531c92000-7fc531c93000 r--s 00228000 08:02 2237247                    /home/rakesh/.m2/repository/org/bytedeco/javacpp-presets/leptonica/1.72-1.1/leptonica-1.72-1.1-linux-x86_64.jar
7fc531c93000-7fc531c96000 r--s 0001f000 08:02 2237245                    /home/rakesh/.m2/repository/org/bytedeco/javacpp-presets/leptonica/1.72-1.1/leptonica-1.72-1.1.jar
7fc531c96000-7fc531c99000 r--s 0000f000 08:02 2237243                    /home/rakesh/.m2/repository/org/bytedeco/javacpp-presets/tesseract/3.04-1.1/tesseract-3.04-1.1.jar
7fc531c99000-7fc531ca1000 r--s 00048000 08:02 2106998                    /home/rakesh/.m2/repository/org/apache/httpcomponents/httpcore/4.4.6/httpcore-4.4.6.jar
7fc531ca1000-7fc531cae000 r--s 000aa000 08:02 2106996                    /home/rakesh/.m2/repository/org/apache/httpcomponents/httpclient/4.5.3/httpclient-4.5.3.jar
7fc531cae000-7fc531cb0000 r--s 00001000 08:02 2106992                    /home/rakesh/.m2/repository/com/google/j2objc/j2objc-annotations/1.1/j2objc-annotations-1.1.jar
7fc531cb0000-7fc531ce0000 r--s 0024f000 08:02 2106986                    /home/rakesh/.m2/repository/com/google/guava/guava/23.0/guava-23.0.jar
7fc531ce0000-7fc531e4f000 r--s 014e9000 08:02 4336644                    /home/rakesh/Documents/eclipseworkspace/jars/selenium-server-standalone-3.9.1.jar
7fc531e4f000-7fc531ee5000 r--s 0110a000 08:02 5507487                    /home/rakesh/Desktop/jdk1.8.0_161/jre/lib/ext/jfxrt.jar
7fc531ee5000-7fc531ee6000 ---p 00000000 00:00 0 
7fc531ee6000-7fc531fe6000 rw-p 00000000 00:00 0 
7fc531fe6000-7fc531fe9000 ---p 00000000 00:00 0 
7fc531fe9000-7fc5320e7000 rw-p 00000000 00:00 0 
7fc5320e7000-7fc5320ea000 ---p 00000000 00:00 0 
7fc5320ea000-7fc5321e8000 rw-p 00000000 00:00 0 
7fc5321e8000-7fc5321eb000 ---p 00000000 00:00 0 
7fc5321eb000-7fc5322e9000 rw-p 00000000 00:00 0 
7fc5322e9000-7fc5322ec000 ---p 00000000 00:00 0 
7fc5322ec000-7fc5323ea000 rw-p 00000000 00:00 0 
7fc5323ea000-7fc5323ed000 ---p 00000000 00:00 0 
7fc5323ed000-7fc5324eb000 rw-p 00000000 00:00 0 
7fc5324eb000-7fc5324ee000 ---p 00000000 00:00 0 
7fc5324ee000-7fc5325ec000 rw-p 00000000 00:00 0 
7fc5325ec000-7fc5325ef000 ---p 00000000 00:00 0 
7fc5325ef000-7fc5326ed000 rw-p 00000000 00:00 0 
7fc5326ed000-7fc5326f1000 r-xp 00000000 08:02 2906062                    /home/rakesh/Desktop/jdk1.8.0_161/jre/lib/amd64/libdt_socket.so
7fc5326f1000-7fc5328f0000 ---p 00004000 08:02 2906062                    /home/rakesh/Desktop/jdk1.8.0_161/jre/lib/amd64/libdt_socket.so
7fc5328f0000-7fc5328f1000 rw-p 00003000 08:02 2906062                    /home/rakesh/Desktop/jdk1.8.0_161/jre/lib/amd64/libdt_socket.so
7fc5328f1000-7fc5328f4000 ---p 00000000 00:00 0 
7fc5328f4000-7fc5329f2000 rw-p 00000000 00:00 0 
7fc5329f2000-7fc5329f5000 ---p 00000000 00:00 0 
7fc5329f5000-7fc532af3000 rw-p 00000000 00:00 0 
7fc532af3000-7fc532af6000 ---p 00000000 00:00 0 
7fc532af6000-7fc532bf4000 rw-p 00000000 00:00 0 
7fc532bf4000-7fc532bf5000 ---p 00000000 00:00 0 
7fc532bf5000-7fc534000000 rw-p 00000000 00:00 0 
7fc534000000-7fc534021000 rw-p 00000000 00:00 0 
7fc534021000-7fc538000000 ---p 00000000 00:00 0 
7fc538000000-7fc538021000 rw-p 00000000 00:00 0 
7fc538021000-7fc53c000000 ---p 00000000 00:00 0 
7fc53c000000-7fc53c021000 rw-p 00000000 00:00 0 
7fc53c021000-7fc540000000 ---p 00000000 00:00 0 
7fc540000000-7fc540001000 r--s 00000000 08:02 2106994                    /home/rakesh/.m2/repository/org/codehaus/mojo/animal-sniffer-annotations/1.14/animal-sniffer-annotations-1.14.jar
7fc540001000-7fc540002000 r--s 00002000 08:02 2106990                    /home/rakesh/.m2/repository/com/google/errorprone/error_prone_annotations/2.0.18/error_prone_annotations-2.0.18.jar
7fc540002000-7fc540005000 r--s 00006000 08:02 2106988                    /home/rakesh/.m2/repository/com/google/code/findbugs/jsr305/1.3.9/jsr305-1.3.9.jar
7fc540005000-7fc54000a000 r--s 00034000 08:02 2106984                    /home/rakesh/.m2/repository/com/google/code/gson/gson/2.8.2/gson-2.8.2.jar
7fc54000a000-7fc54000c000 r--s 0000e000 08:02 2106982                    /home/rakesh/.m2/repository/commons-logging/commons-logging/1.2/commons-logging-1.2.jar
7fc54000c000-7fc540013000 r--s 0003f000 08:02 2106980                    /home/rakesh/.m2/repository/commons-codec/commons-codec/1.10/commons-codec-1.10.jar
7fc540013000-7fc540015000 r--s 0000c000 08:02 1587799                    /home/rakesh/.m2/repository/org/apache/commons/commons-exec/1.3/commons-exec-1.3.jar
7fc540015000-7fc540051000 r--s 0027f000 08:02 2106978                    /home/rakesh/.m2/repository/net/bytebuddy/byte-buddy/1.7.5/byte-buddy-1.7.5.jar
7fc540051000-7fc540056000 r--s 00021000 08:02 2237075                    /home/rakesh/.m2/repository/org/seleniumhq/selenium/selenium-support/3.7.1/selenium-support-3.7.1.jar
7fc540056000-7fc540058000 r--s 00001000 08:02 2237073                    /home/rakesh/.m2/repository/org/seleniumhq/selenium/selenium-safari-driver/3.7.1/selenium-safari-driver-3.7.1.jar
7fc540058000-7fc54005e000 r--s 00050000 08:02 1986294                    /home/rakesh/.m2/repository/org/seleniumhq/selenium/selenium-remote-driver/3.7.1/selenium-remote-driver-3.7.1.jar
7fc54005e000-7fc540060000 r--s 000c2000 08:02 2237067                    /home/rakesh/.m2/repository/org/seleniumhq/selenium/selenium-firefox-driver/3.7.1/selenium-firefox-driver-3.7.1.jar
7fc540060000-7fc540067000 r--s 00034000 08:02 138542                     /home/rakesh/Documents/eclipseworkspace/jars/java-client-5.0.1.jar
7fc540067000-7fc54007e000 r--s 000c1000 08:02 2905938                    /home/rakesh/.p2/pool/plugins/org.testng_6.13.1.r201712040515.jar
7fc54007e000-7fc544000000 rw-p 00000000 00:00 0 
7fc544000000-7fc544021000 rw-p 00000000 00:00 0 
7fc544021000-7fc548000000 ---p 00000000 00:00 0 
7fc548000000-7fc548001000 r--s 00001000 08:02 2237071                    /home/rakesh/.m2/repository/org/seleniumhq/selenium/selenium-opera-driver/3.7.1/selenium-opera-driver-3.7.1.jar
7fc548001000-7fc548007000 r--s 0003d000 08:02 2905984                    /home/rakesh/.p2/pool/plugins/org.yaml.snakeyaml_1.17.0.jar
7fc548007000-7fc54800d000 r--s 0005b000 08:02 2905987                    /home/rakesh/.p2/pool/plugins/org.apache-extras.beanshell.bsh_2.0.0.b6.jar
7fc54800d000-7fc548272000 rw-p 00000000 00:00 0 
7fc548272000-7fc54844b000 r--s 03d64000 08:02 2906034                    /home/rakesh/Desktop/jdk1.8.0_161/jre/lib/rt.jar
7fc54844b000-7fc548823000 rw-p 00000000 00:00 0 
7fc548823000-7fc548824000 ---p 00000000 00:00 0 
7fc548824000-7fc548924000 rw-p 00000000 00:00 0 
7fc548924000-7fc548925000 ---p 00000000 00:00 0 
7fc548925000-7fc548a25000 rw-p 00000000 00:00 0 
7fc548a25000-7fc548a26000 ---p 00000000 00:00 0 
7fc548a26000-7fc548b26000 rw-p 00000000 00:00 0 
7fc548b26000-7fc548b27000 ---p 00000000 00:00 0 
7fc548b27000-7fc548c46000 rw-p 00000000 00:00 0 
7fc548c46000-7fc548eb7000 ---p 00000000 00:00 0 
7fc548eb7000-7fc548edb000 rw-p 00000000 00:00 0 
7fc548edb000-7fc548fff000 ---p 00000000 00:00 0 
7fc548fff000-7fc549000000 rw-p 00000000 00:00 0 
7fc549000000-7fc5495c0000 rwxp 00000000 00:00 0 
7fc5495c0000-7fc558000000 ---p 00000000 00:00 0 
7fc558000000-7fc55933a000 rw-p 00000000 00:00 0 
7fc55933a000-7fc55c000000 ---p 00000000 00:00 0 
7fc55c000000-7fc55c004000 r--s 00019000 08:02 1986290                    /home/rakesh/.m2/repository/org/seleniumhq/selenium/selenium-api/3.7.1/selenium-api-3.7.1.jar
7fc55c004000-7fc55c007000 r--s 0000f000 08:02 2905991                    /home/rakesh/.p2/pool/plugins/com.beust.jcommander_1.72.0.jar
7fc55c007000-7fc55c00c000 r--s 00084000 08:02 2906001                    /home/rakesh/Desktop/jdk1.8.0_161/jre/lib/jfr.jar
7fc55c00c000-7fc55c011000 r--s 002f9000 08:02 2906032                    /home/rakesh/Desktop/jdk1.8.0_161/jre/lib/charsets.jar
7fc55c011000-7fc55c014000 r--s 0001a000 08:02 2906108                    /home/rakesh/Desktop/jdk1.8.0_161/jre/lib/jce.jar
7fc55c014000-7fc55c119000 rw-p 00000000 00:00 0 
7fc55c119000-7fc55c38a000 ---p 00000000 00:00 0 
7fc55c38a000-7fc55c3a1000 rw-p 00000000 00:00 0 
7fc55c3a1000-7fc55c74a000 ---p 00000000 00:00 0 
7fc55c74a000-7fc55c765000 r-xp 00000000 08:02 2906088                    /home/rakesh/Desktop/jdk1.8.0_161/jre/lib/amd64/libzip.so
7fc55c765000-7fc55c965000 ---p 0001b000 08:02 2906088                    /home/rakesh/Desktop/jdk1.8.0_161/jre/lib/amd64/libzip.so
7fc55c965000-7fc55c966000 rw-p 0001b000 08:02 2906088                    /home/rakesh/Desktop/jdk1.8.0_161/jre/lib/amd64/libzip.so
7fc55c966000-7fc55c970000 r-xp 00000000 08:02 3677997                    /lib/x86_64-linux-gnu/libnss_files-2.19.so
7fc55c970000-7fc55cb6f000 ---p 0000a000 08:02 3677997                    /lib/x86_64-linux-gnu/libnss_files-2.19.so
7fc55cb6f000-7fc55cb70000 r--p 00009000 08:02 3677997                    /lib/x86_64-linux-gnu/libnss_files-2.19.so
7fc55cb70000-7fc55cb71000 rw-p 0000a000 08:02 3677997                    /lib/x86_64-linux-gnu/libnss_files-2.19.so
7fc55cb71000-7fc55cb7c000 r-xp 00000000 08:02 3678001                    /lib/x86_64-linux-gnu/libnss_nis-2.19.so
7fc55cb7c000-7fc55cd7b000 ---p 0000b000 08:02 3678001                    /lib/x86_64-linux-gnu/libnss_nis-2.19.so
7fc55cd7b000-7fc55cd7c000 r--p 0000a000 08:02 3678001                    /lib/x86_64-linux-gnu/libnss_nis-2.19.so
7fc55cd7c000-7fc55cd7d000 rw-p 0000b000 08:02 3678001                    /lib/x86_64-linux-gnu/libnss_nis-2.19.so
7fc55cd7d000-7fc55cd94000 r-xp 00000000 08:02 3678014                    /lib/x86_64-linux-gnu/libnsl-2.19.so
7fc55cd94000-7fc55cf93000 ---p 00017000 08:02 3678014                    /lib/x86_64-linux-gnu/libnsl-2.19.so
7fc55cf93000-7fc55cf94000 r--p 00016000 08:02 3678014                    /lib/x86_64-linux-gnu/libnsl-2.19.so
7fc55cf94000-7fc55cf95000 rw-p 00017000 08:02 3678014                    /lib/x86_64-linux-gnu/libnsl-2.19.so
7fc55cf95000-7fc55cf97000 rw-p 00000000 00:00 0 
7fc55cf97000-7fc55cfa0000 r-xp 00000000 08:02 3678003                    /lib/x86_64-linux-gnu/libnss_compat-2.19.so
7fc55cfa0000-7fc55d19f000 ---p 00009000 08:02 3678003                    /lib/x86_64-linux-gnu/libnss_compat-2.19.so
7fc55d19f000-7fc55d1a0000 r--p 00008000 08:02 3678003                    /lib/x86_64-linux-gnu/libnss_compat-2.19.so
7fc55d1a0000-7fc55d1a1000 rw-p 00009000 08:02 3678003                    /lib/x86_64-linux-gnu/libnss_compat-2.19.so
7fc55d1a1000-7fc55d883000 r--p 00000000 08:02 1448942                    /usr/lib/locale/locale-archive
7fc55d883000-7fc55d885000 r-xp 00000000 08:02 2906064                    /home/rakesh/Desktop/jdk1.8.0_161/jre/lib/amd64/libnpt.so
7fc55d885000-7fc55da85000 ---p 00002000 08:02 2906064                    /home/rakesh/Desktop/jdk1.8.0_161/jre/lib/amd64/libnpt.so
7fc55da85000-7fc55da86000 rw-p 00002000 08:02 2906064                    /home/rakesh/Desktop/jdk1.8.0_161/jre/lib/amd64/libnpt.so
7fc55da86000-7fc55dac0000 r-xp 00000000 08:02 2906076                    /home/rakesh/Desktop/jdk1.8.0_161/jre/lib/amd64/libjdwp.so
7fc55dac0000-7fc55dcbf000 ---p 0003a000 08:02 2906076                    /home/rakesh/Desktop/jdk1.8.0_161/jre/lib/amd64/libjdwp.so
7fc55dcbf000-7fc55dcc0000 rw-p 00039000 08:02 2906076                    /home/rakesh/Desktop/jdk1.8.0_161/jre/lib/amd64/libjdwp.so
7fc55dcc0000-7fc55dcc1000 rw-p 00000000 00:00 0 
7fc55dcc1000-7fc55dcec000 r-xp 00000000 08:02 2906082                    /home/rakesh/Desktop/jdk1.8.0_161/jre/lib/amd64/libjava.so
7fc55dcec000-7fc55deeb000 ---p 0002b000 08:02 2906082                    /home/rakesh/Desktop/jdk1.8.0_161/jre/lib/amd64/libjava.so
7fc55deeb000-7fc55deed000 rw-p 0002a000 08:02 2906082                    /home/rakesh/Desktop/jdk1.8.0_161/jre/lib/amd64/libjava.so
7fc55deed000-7fc55defa000 r-xp 00000000 08:02 2906087                    /home/rakesh/Desktop/jdk1.8.0_161/jre/lib/amd64/libverify.so
7fc55defa000-7fc55e0fa000 ---p 0000d000 08:02 2906087                    /home/rakesh/Desktop/jdk1.8.0_161/jre/lib/amd64/libverify.so
7fc55e0fa000-7fc55e0fc000 rw-p 0000d000 08:02 2906087                    /home/rakesh/Desktop/jdk1.8.0_161/jre/lib/amd64/libverify.so
7fc55e0fc000-7fc55e103000 r-xp 00000000 08:02 3678012                    /lib/x86_64-linux-gnu/librt-2.19.so
7fc55e103000-7fc55e302000 ---p 00007000 08:02 3678012                    /lib/x86_64-linux-gnu/librt-2.19.so
7fc55e302000-7fc55e303000 r--p 00006000 08:02 3678012                    /lib/x86_64-linux-gnu/librt-2.19.so
7fc55e303000-7fc55e304000 rw-p 00007000 08:02 3678012                    /lib/x86_64-linux-gnu/librt-2.19.so
7fc55e304000-7fc55e409000 r-xp 00000000 08:02 3678005                    /lib/x86_64-linux-gnu/libm-2.19.so
7fc55e409000-7fc55e608000 ---p 00105000 08:02 3678005                    /lib/x86_64-linux-gnu/libm-2.19.so
7fc55e608000-7fc55e609000 r--p 00104000 08:02 3678005                    /lib/x86_64-linux-gnu/libm-2.19.so
7fc55e609000-7fc55e60a000 rw-p 00105000 08:02 3678005                    /lib/x86_64-linux-gnu/libm-2.19.so
7fc55e60a000-7fc55f2e3000 r-xp 00000000 08:02 3156309                    /home/rakesh/Desktop/jdk1.8.0_161/jre/lib/amd64/server/libjvm.so
7fc55f2e3000-7fc55f4e2000 ---p 00cd9000 08:02 3156309                    /home/rakesh/Desktop/jdk1.8.0_161/jre/lib/amd64/server/libjvm.so
7fc55f4e2000-7fc55f5bb000 rw-p 00cd8000 08:02 3156309                    /home/rakesh/Desktop/jdk1.8.0_161/jre/lib/amd64/server/libjvm.so
7fc55f5bb000-7fc55f607000 rw-p 00000000 00:00 0 
7fc55f607000-7fc55f7c5000 r-xp 00000000 08:02 3678019                    /lib/x86_64-linux-gnu/libc-2.19.so
7fc55f7c5000-7fc55f9c5000 ---p 001be000 08:02 3678019                    /lib/x86_64-linux-gnu/libc-2.19.so
7fc55f9c5000-7fc55f9c9000 r--p 001be000 08:02 3678019                    /lib/x86_64-linux-gnu/libc-2.19.so
7fc55f9c9000-7fc55f9cb000 rw-p 001c2000 08:02 3678019                    /lib/x86_64-linux-gnu/libc-2.19.so
7fc55f9cb000-7fc55f9d0000 rw-p 00000000 00:00 0 
7fc55f9d0000-7fc55f9d3000 r-xp 00000000 08:02 3678015                    /lib/x86_64-linux-gnu/libdl-2.19.so
7fc55f9d3000-7fc55fbd2000 ---p 00003000 08:02 3678015                    /lib/x86_64-linux-gnu/libdl-2.19.so
7fc55fbd2000-7fc55fbd3000 r--p 00002000 08:02 3678015                    /lib/x86_64-linux-gnu/libdl-2.19.so
7fc55fbd3000-7fc55fbd4000 rw-p 00003000 08:02 3678015                    /lib/x86_64-linux-gnu/libdl-2.19.so
7fc55fbd4000-7fc55fbea000 r-xp 00000000 08:02 3026318                    /home/rakesh/Desktop/jdk1.8.0_161/jre/lib/amd64/jli/libjli.so
7fc55fbea000-7fc55fde9000 ---p 00016000 08:02 3026318                    /home/rakesh/Desktop/jdk1.8.0_161/jre/lib/amd64/jli/libjli.so
7fc55fde9000-7fc55fdea000 rw-p 00015000 08:02 3026318                    /home/rakesh/Desktop/jdk1.8.0_161/jre/lib/amd64/jli/libjli.so
7fc55fdea000-7fc55fe03000 r-xp 00000000 08:02 3678011                    /lib/x86_64-linux-gnu/libpthread-2.19.so
7fc55fe03000-7fc560002000 ---p 00019000 08:02 3678011                    /lib/x86_64-linux-gnu/libpthread-2.19.so
7fc560002000-7fc560003000 r--p 00018000 08:02 3678011                    /lib/x86_64-linux-gnu/libpthread-2.19.so
7fc560003000-7fc560004000 rw-p 00019000 08:02 3678011                    /lib/x86_64-linux-gnu/libpthread-2.19.so
7fc560004000-7fc560008000 rw-p 00000000 00:00 0 
7fc560008000-7fc56002b000 r-xp 00000000 08:02 3678008                    /lib/x86_64-linux-gnu/ld-2.19.so
7fc56002b000-7fc56002c000 r--s 00003000 08:02 2237069                    /home/rakesh/.m2/repository/org/seleniumhq/selenium/selenium-ie-driver/3.7.1/selenium-ie-driver-3.7.1.jar
7fc56002c000-7fc56002d000 r--s 00001000 08:02 2237065                    /home/rakesh/.m2/repository/org/seleniumhq/selenium/selenium-edge-driver/3.7.1/selenium-edge-driver-3.7.1.jar
7fc56002d000-7fc560040000 r--s 00345000 08:02 2906038                    /home/rakesh/Desktop/jdk1.8.0_161/jre/lib/resources.jar
7fc560040000-7fc56010b000 rw-p 00000000 00:00 0 
7fc56010b000-7fc56010e000 ---p 00000000 00:00 0 
7fc56010e000-7fc560211000 rw-p 00000000 00:00 0 
7fc560211000-7fc560212000 r--s 00002000 08:02 1986292                    /home/rakesh/.m2/repository/org/seleniumhq/selenium/selenium-chrome-driver/3.7.1/selenium-chrome-driver-3.7.1.jar
7fc560212000-7fc560213000 r--s 00000000 08:02 1986288                    /home/rakesh/.m2/repository/org/seleniumhq/selenium/selenium-java/3.7.1/selenium-java-3.7.1.jar
7fc560213000-7fc560218000 r--s 0009d000 08:02 2906039                    /home/rakesh/Desktop/jdk1.8.0_161/jre/lib/jsse.jar
7fc560218000-7fc560220000 r--s 00048000 08:02 5506497                    /home/rakesh/Documents/softwares/eclipse/configuration/org.eclipse.osgi/506/0/.cp/lib/testng-remote.jar
7fc560220000-7fc560228000 rw-s 00000000 08:02 801489                     /tmp/hsperfdata_rakesh/19410
7fc560228000-7fc560229000 rw-p 00000000 00:00 0 
7fc560229000-7fc56022a000 r--p 00000000 00:00 0 
7fc56022a000-7fc56022b000 r--p 00022000 08:02 3678008                    /lib/x86_64-linux-gnu/ld-2.19.so
7fc56022b000-7fc56022c000 rw-p 00023000 08:02 3678008                    /lib/x86_64-linux-gnu/ld-2.19.so
7fc56022c000-7fc56022d000 rw-p 00000000 00:00 0 
7ffd22e71000-7ffd22e94000 rw-p 00000000 00:00 0                          [stack]
7ffd22fda000-7ffd22fdd000 r--p 00000000 00:00 0                          [vvar]
7ffd22fdd000-7ffd22fdf000 r-xp 00000000 00:00 0                          [vdso]
ffffffffff600000-ffffffffff601000 r-xp 00000000 00:00 0                  [vsyscall]

VM Arguments:
jvm_args: -agentlib:jdwp=transport=dt_socket,suspend=y,address=localhost:40349 -ea -Dfile.encoding=UTF-8 
java_command: org.testng.remote.RemoteTestNG -serport 45433 -protocol json -d /home/rakesh/Documents/eclipseworkspace/selenium_scripts/sample_maven_project/test-output /tmp/testng-eclipse--1782561645/testng-customsuite.xml
java_class_path (initial): /home/rakesh/Documents/softwares/eclipse/configuration/org.eclipse.osgi/506/0/.cp/lib/testng-remote.jar:/home/rakesh/Desktop/jdk1.8.0_161/jre/lib/resources.jar:/home/rakesh/Desktop/jdk1.8.0_161/jre/lib/rt.jar:/home/rakesh/Desktop/jdk1.8.0_161/jre/lib/jsse.jar:/home/rakesh/Desktop/jdk1.8.0_161/jre/lib/jce.jar:/home/rakesh/Desktop/jdk1.8.0_161/jre/lib/charsets.jar:/home/rakesh/Desktop/jdk1.8.0_161/jre/lib/jfr.jar:/home/rakesh/Desktop/jdk1.8.0_161/jre/lib/ext/jaccess.jar:/home/rakesh/Desktop/jdk1.8.0_161/jre/lib/ext/sunjce_provider.jar:/home/rakesh/Desktop/jdk1.8.0_161/jre/lib/ext/nashorn.jar:/home/rakesh/Desktop/jdk1.8.0_161/jre/lib/ext/jfxrt.jar:/home/rakesh/Desktop/jdk1.8.0_161/jre/lib/ext/localedata.jar:/home/rakesh/Desktop/jdk1.8.0_161/jre/lib/ext/dnsns.jar:/home/rakesh/Desktop/jdk1.8.0_161/jre/lib/ext/sunpkcs11.jar:/home/rakesh/Desktop/jdk1.8.0_161/jre/lib/ext/zipfs.jar:/home/rakesh/Desktop/jdk1.8.0_161/jre/lib/ext/sunec.jar:/home/rakesh/Desktop/jdk1.8.0_161/jre/lib/ext/cldrdata.jar:/home/rakesh/Documents/eclipseworkspace/selenium_scripts/sample_maven_project/target/test-classes:/home/rakesh/Documents/eclipseworkspace/selenium_scripts/sample_maven_project/target/classes:/home/rakesh/.p2/pool/plugins/org.testng_6.13.1.r201712040515.jar:/home/rakesh/.p2/pool/plugins/com.beust.jcommander_1.72.0.jar:/home/rakesh/.p2/pool/plugins/org.apache-extras.beanshell.bsh_2.0.0.b6.jar:/home/rakesh/.p2/pool/plugins/org.yaml.snakeyaml_1.17.0.jar:/home/rakesh/Documents/eclipseworkspace/jars/selenium-server-standalone-3.9.1.jar:/home/rakesh/Documents/eclipseworkspace/jars/java-client-5.0.1.jar:/home/rakesh/.m2/repository/org/seleniumhq/selenium/selenium-java/3.7.1/selenium-java-3.7.1.jar:/home/rakesh/.m2/repository/org/seleniumhq/selenium/selenium-api/3.7.1/selenium-api-3.7.1.jar:/home/rakesh/.m2/repository/org/seleniumhq/selenium/selenium-chrome-driver/3.7.1/selenium-chrome-driver-3.7.1.jar:/home/rakesh/.m2/repository/org/seleniumhq/selenium/selenium-ed
Launcher Type: SUN_STANDARD

Environment Variables:
JAVA_HOME=/usr/lib/jvm/java-8-oracle
PATH=/home/linuxbrew/.linuxbrew/bin:/home/linuxbrew/.linuxbrew/sbin:/home/linuxbrew/.linuxbrew/bin:/home/linuxbrew/.linuxbrew/sbin:/home/linuxbrew/.linuxbrew/bin:/home/linuxbrew/.linuxbrew/sbin:/usr/local/sbin:/usr/local/bin:/usr/sbin:/usr/bin:/sbin:/bin:/usr/games:/usr/local/games:/usr/lib/jvm/java-8-oracle/bin:/usr/lib/jvm/java-8-oracle/db/bin:/usr/lib/jvm/java-8-oracle/jre/bin
SHELL=/bin/bash
DISPLAY=:0.0

Signal Handlers:
SIGSEGV: [libjvm.so+0xad01e0], sa_mask[0]=11111111011111111101111111111110, sa_flags=SA_RESTART|SA_SIGINFO
SIGBUS: [libjvm.so+0xad01e0], sa_mask[0]=11111111011111111101111111111110, sa_flags=SA_RESTART|SA_SIGINFO
SIGFPE: [libjvm.so+0x927fb0], sa_mask[0]=11111111011111111101111111111110, sa_flags=SA_RESTART|SA_SIGINFO
SIGPIPE: [libjvm.so+0x927fb0], sa_mask[0]=11111111011111111101111111111110, sa_flags=SA_RESTART|SA_SIGINFO
SIGXFSZ: [libjvm.so+0x927fb0], sa_mask[0]=11111111011111111101111111111110, sa_flags=SA_RESTART|SA_SIGINFO
SIGILL: [libjvm.so+0x927fb0], sa_mask[0]=11111111011111111101111111111110, sa_flags=SA_RESTART|SA_SIGINFO
SIGUSR1: SIG_DFL, sa_mask[0]=00000000000000000000000000000000, sa_flags=none
SIGUSR2: [libjvm.so+0x9297f0], sa_mask[0]=00100000000000000000000000000000, sa_flags=SA_RESTART|SA_SIGINFO
SIGHUP: [libjvm.so+0x92abf0], sa_mask[0]=11111111011111111101111111111110, sa_flags=SA_RESTART|SA_SIGINFO
SIGINT: [libjvm.so+0x92abf0], sa_mask[0]=11111111011111111101111111111110, sa_flags=SA_RESTART|SA_SIGINFO
SIGTERM: [libjvm.so+0x92abf0], sa_mask[0]=11111111011111111101111111111110, sa_flags=SA_RESTART|SA_SIGINFO
SIGQUIT: [libjvm.so+0x92abf0], sa_mask[0]=11111111011111111101111111111110, sa_flags=SA_RESTART|SA_SIGINFO


---------------  S Y S T E M  ---------------

OS:DISTRIB_ID=Ubuntu
DISTRIB_RELEASE=14.04
DISTRIB_CODENAME=trusty
DISTRIB_DESCRIPTION="Ubuntu 14.04.5 LTS"

uname:Linux 4.4.0-109-generic #132~14.04.1-Ubuntu SMP Tue Jan 9 21:46:42 UTC 2018 x86_64
libc:glibc 2.19 NPTL 2.19 
rlimit: STACK 8192k, CORE 0k, NPROC 31066, NOFILE 4096, AS infinity
load average:0.32 0.52 0.66

/proc/meminfo:
MemTotal:        8058712 kB
MemFree:          145620 kB
MemAvailable:    1136828 kB
Buffers:           98852 kB
Cached:          1765780 kB
SwapCached:           40 kB
Active:          5728536 kB
Inactive:        1651780 kB
Active(anon):    5213640 kB
Inactive(anon):  1159168 kB
Active(file):     514896 kB
Inactive(file):   492612 kB
Unevictable:          80 kB
Mlocked:              80 kB
SwapTotal:       8271868 kB
SwapFree:        8265276 kB
Dirty:              2728 kB
Writeback:             0 kB
AnonPages:       5515712 kB
Mapped:           935380 kB
Shmem:            857216 kB
Slab:             342396 kB
SReclaimable:     287544 kB
SUnreclaim:        54852 kB
KernelStack:       18432 kB
PageTables:        84844 kB
NFS_Unstable:          0 kB
Bounce:                0 kB
WritebackTmp:          0 kB
CommitLimit:    12301224 kB
Committed_AS:   14890792 kB
VmallocTotal:   34359738367 kB
VmallocUsed:           0 kB
VmallocChunk:          0 kB
HardwareCorrupted:     0 kB
AnonHugePages:   1669120 kB
CmaTotal:              0 kB
CmaFree:               0 kB
HugePages_Total:       0
HugePages_Free:        0
HugePages_Rsvd:        0
HugePages_Surp:        0
Hugepagesize:       2048 kB
DirectMap4k:      217340 kB
DirectMap2M:     8054784 kB
DirectMap1G:     1048576 kB


CPU:total 4 (initial active 4) (2 cores per cpu, 2 threads per core) family 6 model 61 stepping 4, cmov, cx8, fxsr, mmx, sse, sse2, sse3, ssse3, sse4.1, sse4.2, popcnt, avx, avx2, aes, clmul, erms, 3dnowpref, lzcnt, ht, tsc, tscinvbit, bmi1, bmi2, adx

/proc/cpuinfo:
processor	: 0
vendor_id	: GenuineIntel
cpu family	: 6
model		: 61
model name	: Intel(R) Core(TM) i5-5250U CPU @ 1.60GHz
stepping	: 4
microcode	: 0x1d
cpu MHz		: 2632.500
cache size	: 3072 KB
physical id	: 0
siblings	: 4
core id		: 0
cpu cores	: 2
apicid		: 0
initial apicid	: 0
fpu		: yes
fpu_exception	: yes
cpuid level	: 20
wp		: yes
flags		: fpu vme de pse tsc msr pae mce cx8 apic sep mtrr pge mca cmov pat pse36 clflush dts acpi mmx fxsr sse sse2 ss ht tm pbe syscall nx pdpe1gb rdtscp lm constant_tsc arch_perfmon pebs bts rep_good nopl xtopology nonstop_tsc aperfmperf eagerfpu pni pclmulqdq dtes64 monitor ds_cpl vmx est tm2 ssse3 sdbg fma cx16 xtpr pdcm pcid sse4_1 sse4_2 x2apic movbe popcnt tsc_deadline_timer aes xsave avx f16c rdrand lahf_lm abm 3dnowprefetch epb invpcid_single intel_pt kaiser tpr_shadow vnmi flexpriority ept vpid fsgsbase tsc_adjust bmi1 avx2 smep bmi2 erms invpcid rdseed adx smap xsaveopt dtherm ida arat pln pts
bugs		:
bogomips	: 3192.08
clflush size	: 64
cache_alignment	: 64
address sizes	: 39 bits physical, 48 bits virtual
power management:

processor	: 1
vendor_id	: GenuineIntel
cpu family	: 6
model		: 61
model name	: Intel(R) Core(TM) i5-5250U CPU @ 1.60GHz
stepping	: 4
microcode	: 0x1d
cpu MHz		: 2380.062
cache size	: 3072 KB
physical id	: 0
siblings	: 4
core id		: 1
cpu cores	: 2
apicid		: 2
initial apicid	: 2
fpu		: yes
fpu_exception	: yes
cpuid level	: 20
wp		: yes
flags		: fpu vme de pse tsc msr pae mce cx8 apic sep mtrr pge mca cmov pat pse36 clflush dts acpi mmx fxsr sse sse2 ss ht tm pbe syscall nx pdpe1gb rdtscp lm constant_tsc arch_perfmon pebs bts rep_good nopl xtopology nonstop_tsc aperfmperf eagerfpu pni pclmulqdq dtes64 monitor ds_cpl vmx est tm2 ssse3 sdbg fma cx16 xtpr pdcm pcid sse4_1 sse4_2 x2apic movbe popcnt tsc_deadline_timer aes xsave avx f16c rdrand lahf_lm abm 3dnowprefetch epb invpcid_single intel_pt kaiser tpr_shadow vnmi flexpriority ept vpid fsgsbase tsc_adjust bmi1 avx2 smep bmi2 erms invpcid rdseed adx smap xsaveopt dtherm ida arat pln pts
bugs		:
bogomips	: 3192.08
clflush size	: 64
cache_alignment	: 64
address sizes	: 39 bits physical, 48 bits virtual
power management:

processor	: 2
vendor_id	: GenuineIntel
cpu family	: 6
model		: 61
model name	: Intel(R) Core(TM) i5-5250U CPU @ 1.60GHz
stepping	: 4
microcode	: 0x1d
cpu MHz		: 2699.000
cache size	: 3072 KB
physical id	: 0
siblings	: 4
core id		: 0
cpu cores	: 2
apicid		: 1
initial apicid	: 1
fpu		: yes
fpu_exception	: yes
cpuid level	: 20
wp		: yes
flags		: fpu vme de pse tsc msr pae mce cx8 apic sep mtrr pge mca cmov pat pse36 clflush dts acpi mmx fxsr sse sse2 ss ht tm pbe syscall nx pdpe1gb rdtscp lm constant_tsc arch_perfmon pebs bts rep_good nopl xtopology nonstop_tsc aperfmperf eagerfpu pni pclmulqdq dtes64 monitor ds_cpl vmx est tm2 ssse3 sdbg fma cx16 xtpr pdcm pcid sse4_1 sse4_2 x2apic movbe popcnt tsc_deadline_timer aes xsave avx f16c rdrand lahf_lm abm 3dnowprefetch epb invpcid_single intel_pt kaiser tpr_shadow vnmi flexpriority ept vpid fsgsbase tsc_adjust bmi1 avx2 smep bmi2 erms invpcid rdseed adx smap xsaveopt dtherm ida arat pln pts
bugs		:
bogomips	: 3192.08
clflush size	: 64
cache_alignment	: 64
address sizes	: 39 bits physical, 48 bits virtual
power management:

processor	: 3
vendor_id	: GenuineIntel
cpu family	: 6
model		: 61
model name	: Intel(R) Core(TM) i5-5250U CPU @ 1.60GHz
stepping	: 4
microcode	: 0x1d
cpu MHz		: 2226.125
cache size	: 3072 KB
physical id	: 0
siblings	: 4
core id		: 1
cpu cores	: 2
apicid		: 3
initial apicid	: 3
fpu		: yes
fpu_exception	: yes
cpuid level	: 20
wp		: yes
flags		: fpu vme de pse tsc msr pae mce cx8 apic sep mtrr pge mca cmov pat pse36 clflush dts acpi mmx fxsr sse sse2 ss ht tm pbe syscall nx pdpe1gb rdtscp lm constant_tsc arch_perfmon pebs bts rep_good nopl xtopology nonstop_tsc aperfmperf eagerfpu pni pclmulqdq dtes64 monitor ds_cpl vmx est tm2 ssse3 sdbg fma cx16 xtpr pdcm pcid sse4_1 sse4_2 x2apic movbe popcnt tsc_deadline_timer aes xsave avx f16c rdrand lahf_lm abm 3dnowprefetch epb invpcid_single intel_pt kaiser tpr_shadow vnmi flexpriority ept vpid fsgsbase tsc_adjust bmi1 avx2 smep bmi2 erms invpcid rdseed adx smap xsaveopt dtherm ida arat pln pts
bugs		:
bogomips	: 3192.08
clflush size	: 64
cache_alignment	: 64
address sizes	: 39 bits physical, 48 bits virtual
power management:



Memory: 4k page, physical 8058712k(145620k free), swap 8271868k(8265276k free)

vm_info: Java HotSpot(TM) 64-Bit Server VM (25.161-b12) for linux-amd64 JRE (1.8.0_161-b12), built on Dec 19 2017 16:12:43 by "java_re" with gcc 4.3.0 20080428 (Red Hat 4.3.0-8)

time: Mon Mar 19 17:57:10 2018
elapsed time: 12 seconds (0d 0h 0m 12s)

