#
# A fatal error has been detected by the Java Runtime Environment:
#
#  SIGSEGV (0xb) at pc=0x00007efd0457333a, pid=22539, tid=0x00007efd624b5700
#
# JRE version: Java(TM) SE Runtime Environment (8.0_161-b12) (build 1.8.0_161-b12)
# Java VM: Java HotSpot(TM) 64-Bit Server VM (25.161-b12 mixed mode linux-amd64 compressed oops)
# Problematic frame:
# C  [libtesseract.so.3.0.3+0x22533a]  ERRCODE::error(char const*, TessErrorLogCode, char const*, ...) const+0x16a
#
# Failed to write core dump. Core dumps have been disabled. To enable core dumping, try "ulimit -c unlimited" before starting Java again
#
# If you would like to submit a bug report, please visit:
#   http://bugreport.java.com/bugreport/crash.jsp
# The crash happened outside the Java Virtual Machine in native code.
# See problematic frame for where to report the bug.
#

---------------  T H R E A D  ---------------

Current thread (0x00007efd5c010000):  JavaThread "main" [_thread_in_native, id=22542, stack(0x00007efd623b5000,0x00007efd624b6000)]

siginfo: si_signo: 11 (SIGSEGV), si_code: 1 (SEGV_MAPERR), si_addr: 0x0000000000000000

Registers:
RAX=0x000000000000004e, RBX=0x00007efd624b16f0, RCX=0x00007efd619a03dd, RDX=0x00007efd61c759d0
RSP=0x00007efd624b16d0, RBP=0x0000000000000002, RSI=0x000000000000004e, RDI=0x00007efd624aeea0
R8 =0x00007efd624b5700, R9 =0x61646120656c6966, R10=0x00007efd61c71be0, R11=0x0000000000000000
R12=0x00007efd624b171d, R13=0x00007efd0457c177, R14=0x00007efd048294a0, R15=0x00007efd045927ff
RIP=0x00007efd0457333a, EFLAGS=0x0000000000010246, CSGSFS=0x0000000000000033, ERR=0x0000000000000004
  TRAPNO=0x000000000000000e

Top of Stack: (sp=0x00007efd624b16d0)
0x00007efd624b16d0:   0000000000000000 0000003000000030
0x00007efd624b16e0:   00007efd624b1be0 00007efd624b1b00
0x00007efd624b16f0:   5464657470616441 736574616c706d65
0x00007efd624b1700:   4c4c554e203d2120 413a726f7272453a
0x00007efd624b1710:   6166207472657373 206e693a64656c69
0x00007efd624b1720:   61646120656c6966 2e686374616d7470
0x00007efd624b1730:   6e696c202c707063 00000a3437312065
0x00007efd624b1740:   0000000000000000 0000000000000000
0x00007efd624b1750:   0000000000000000 0000000000000000
0x00007efd624b1760:   0000000000000000 0000000000000000
0x00007efd624b1770:   0000000000000000 0000000000000000
0x00007efd624b1780:   0000000000000000 0000000000000000
0x00007efd624b1790:   0000000000000000 0000000000000000
0x00007efd624b17a0:   0000000000000000 0000000000000000
0x00007efd624b17b0:   0000000000000000 0000000000000000
0x00007efd624b17c0:   0000000000000000 0000000000000000
0x00007efd624b17d0:   0000000000000000 0000000000000000
0x00007efd624b17e0:   0000000000000000 0000000000000000
0x00007efd624b17f0:   0000000000000000 0000000000000000
0x00007efd624b1800:   0000000000000000 0000000000000000
0x00007efd624b1810:   0000000000000000 0000000000000000
0x00007efd624b1820:   0000000000000000 0000000000000000
0x00007efd624b1830:   0000000000000000 0000000000000000
0x00007efd624b1840:   0000000000000000 0000000000000000
0x00007efd624b1850:   0000000000000000 0000000000000000
0x00007efd624b1860:   0000000000000000 0000000000000000
0x00007efd624b1870:   0000000000000000 0000000000000000
0x00007efd624b1880:   0000000000000000 0000000000000000
0x00007efd624b1890:   0000000000000000 0000000000000000
0x00007efd624b18a0:   0000000000000000 0000000000000000
0x00007efd624b18b0:   0000000000000000 0000000000000000
0x00007efd624b18c0:   0000000000000000 0000000000000000 

Instructions: (pc=0x00007efd0457333a)
0x00007efd0457331a:   48 89 d9 be 01 00 00 00 48 8b 38 31 c0 e8 14 60
0x00007efd0457332a:   e5 ff 83 fd ff 7c 14 85 ed 7e 2c 83 fd 02 7f 0b
0x00007efd0457333a:   8b 04 25 00 00 00 00 85 c0 74 52 48 8d 35 14 8d
0x00007efd0457334a:   01 00 48 8d 3d f5 81 4f 00 31 c9 ba 02 00 00 00 

Register to memory mapping:

RAX=0x000000000000004e is an unknown value
RBX=0x00007efd624b16f0 is pointing into the stack for thread: 0x00007efd5c010000
RCX=0x00007efd619a03dd: __write+0x2d in /lib/x86_64-linux-gnu/libc.so.6 at 0x00007efd618b1000
RDX=0x00007efd61c759d0: <offset 0x3c49d0> in /lib/x86_64-linux-gnu/libc.so.6 at 0x00007efd618b1000
RSP=0x00007efd624b16d0 is pointing into the stack for thread: 0x00007efd5c010000
RBP=0x0000000000000002 is an unknown value
RSI=0x000000000000004e is an unknown value
RDI=0x00007efd624aeea0 is pointing into the stack for thread: 0x00007efd5c010000
R8 =0x00007efd624b5700 is pointing into the stack for thread: 0x00007efd5c010000
R9 =0x61646120656c6966 is an unknown value
R10=0x00007efd61c71be0: <offset 0x3c0be0> in /lib/x86_64-linux-gnu/libc.so.6 at 0x00007efd618b1000
R11=0x0000000000000000 is an unknown value
R12=0x00007efd624b171d is pointing into the stack for thread: 0x00007efd5c010000
R13=0x00007efd0457c177: <offset 0x22e177> in /usr/lib/libtesseract.so.3.0.3 at 0x00007efd0434e000
R14=0x00007efd048294a0: <offset 0x4db4a0> in /usr/lib/libtesseract.so.3.0.3 at 0x00007efd0434e000
R15=0x00007efd045927ff: <offset 0x2447ff> in /usr/lib/libtesseract.so.3.0.3 at 0x00007efd0434e000


Stack: [0x00007efd623b5000,0x00007efd624b6000],  sp=0x00007efd624b16d0,  free space=1009k
Native frames: (J=compiled Java code, j=interpreted, Vv=VM code, C=native code)
C  [libtesseract.so.3.0.3+0x22533a]  ERRCODE::error(char const*, TessErrorLogCode, char const*, ...) const+0x16a

Java frames: (J=compiled Java code, j=interpreted, Vv=VM code)
j  com.sun.jna.Native.invokePointer(JI[Ljava/lang/Object;)J+0
j  com.sun.jna.Function.invokePointer(I[Ljava/lang/Object;)Lcom/sun/jna/Pointer;+6
j  com.sun.jna.Function.invoke([Ljava/lang/Object;Ljava/lang/Class;Z)Ljava/lang/Object;+426
j  com.sun.jna.Function.invoke(Ljava/lang/Class;[Ljava/lang/Object;Ljava/util/Map;)Ljava/lang/Object;+262
j  com.sun.jna.Library$Handler.invoke(Ljava/lang/Object;Ljava/lang/reflect/Method;[Ljava/lang/Object;)Ljava/lang/Object;+316
j  com.sun.proxy.$Proxy4.TessBaseAPIGetUTF8Text(Lnet/sourceforge/tess4j/ITessAPI$TessBaseAPI;)Lcom/sun/jna/Pointer;+16
j  net.sourceforge.tess4j.Tesseract.getOCRText(Ljava/lang/String;I)Ljava/lang/String;+62
j  net.sourceforge.tess4j.Tesseract.doOCR(Ljava/util/List;Ljava/lang/String;Ljava/awt/Rectangle;)Ljava/lang/String;+69
j  net.sourceforge.tess4j.Tesseract.doOCR(Ljava/io/File;Ljava/awt/Rectangle;)Ljava/lang/String;+10
j  net.sourceforge.tess4j.Tesseract.doOCR(Ljava/io/File;)Ljava/lang/String;+3
j  com.maven.sample.SeleniumBase.testSeleniumBase()V+120
v  ~StubRoutines::call_stub
j  sun.reflect.NativeMethodAccessorImpl.invoke0(Ljava/lang/reflect/Method;Ljava/lang/Object;[Ljava/lang/Object;)Ljava/lang/Object;+0
j  sun.reflect.NativeMethodAccessorImpl.invoke(Ljava/lang/Object;[Ljava/lang/Object;)Ljava/lang/Object;+100
j  sun.reflect.DelegatingMethodAccessorImpl.invoke(Ljava/lang/Object;[Ljava/lang/Object;)Ljava/lang/Object;+6
j  java.lang.reflect.Method.invoke(Ljava/lang/Object;[Ljava/lang/Object;)Ljava/lang/Object;+56
j  org.testng.internal.MethodInvocationHelper.invokeMethod(Ljava/lang/reflect/Method;Ljava/lang/Object;[Ljava/lang/Object;)Ljava/lang/Object;+255
j  org.testng.internal.Invoker.invokeMethod(Ljava/lang/Object;Lorg/testng/ITestNGMethod;[Ljava/lang/Object;ILorg/testng/xml/XmlSuite;Ljava/util/Map;Lorg/testng/ITestClass;[Lorg/testng/ITestNGMethod;[Lorg/testng/ITestNGMethod;Lorg/testng/internal/ConfigurationGroupMethods;Lorg/testng/internal/Invoker$FailureContext;)Lorg/testng/ITestResult;+382
j  org.testng.internal.Invoker.invokeTestMethod(Ljava/lang/Object;Lorg/testng/ITestNGMethod;[Ljava/lang/Object;ILorg/testng/xml/XmlSuite;Ljava/util/Map;Lorg/testng/ITestClass;[Lorg/testng/ITestNGMethod;[Lorg/testng/ITestNGMethod;Lorg/testng/internal/ConfigurationGroupMethods;Lorg/testng/internal/Invoker$FailureContext;)Lorg/testng/ITestResult;+29
j  org.testng.internal.Invoker.invokeTestMethods(Lorg/testng/ITestNGMethod;Lorg/testng/xml/XmlSuite;Ljava/util/Map;Lorg/testng/internal/ConfigurationGroupMethods;Ljava/lang/Object;Lorg/testng/ITestContext;)Ljava/util/List;+729
j  org.testng.internal.TestMethodWorker.invokeTestMethods(Lorg/testng/ITestNGMethod;Ljava/lang/Object;Lorg/testng/ITestContext;)V+19
j  org.testng.internal.TestMethodWorker.run()V+63
j  org.testng.TestRunner.privateRun(Lorg/testng/xml/XmlTest;)V+300
j  org.testng.TestRunner.run()V+25
j  org.testng.SuiteRunner.runTest(Lorg/testng/TestRunner;)V+1
j  org.testng.SuiteRunner.runSequentially()V+31
j  org.testng.SuiteRunner.privateRun()V+288
j  org.testng.SuiteRunner.run()V+6
j  org.testng.SuiteRunnerWorker.runSuite(Lorg/testng/internal/SuiteRunnerMap;Lorg/testng/xml/XmlSuite;)V+87
j  org.testng.SuiteRunnerWorker.run()V+12
j  org.testng.TestNG.runSuitesSequentially(Lorg/testng/xml/XmlSuite;Lorg/testng/internal/SuiteRunnerMap;ILjava/lang/String;)V+66
j  org.testng.TestNG.runSuitesLocally()Ljava/util/List;+156
j  org.testng.TestNG.runSuites()Ljava/util/List;+1
j  org.testng.TestNG.run()V+25
j  org.testng.remote.AbstractRemoteTestNG.run()V+149
j  org.testng.remote.RemoteTestNG.initAndRun(Lorg/testng/remote/IRemoteTestNG;[Ljava/lang/String;Lorg/testng/CommandLineArgs;Lorg/testng/remote/RemoteArgs;)V+184
j  org.testng.remote.RemoteTestNG.main([Ljava/lang/String;)V+201
v  ~StubRoutines::call_stub

---------------  P R O C E S S  ---------------

Java Threads: ( => current thread )
  0x00007efd5cad9800 JavaThread "Java2D Disposer" daemon [_thread_blocked, id=22795, stack(0x00007efd04bd4000,0x00007efd04cd5000)]
  0x00007efd5c923800 JavaThread "Okio Watchdog" daemon [_thread_blocked, id=22584, stack(0x00007efd065a9000,0x00007efd066aa000)]
  0x00007efd5c921800 JavaThread "OkHttp ConnectionPool" daemon [_thread_blocked, id=22582, stack(0x00007efd066aa000,0x00007efd067ab000)]
  0x00007efcf400c000 JavaThread "Exec Stream Pumper" daemon [_thread_in_native, id=22575, stack(0x00007efd06bab000,0x00007efd06cac000)]
  0x00007efcf400b000 JavaThread "Exec Stream Pumper" daemon [_thread_in_native, id=22574, stack(0x00007efd06cac000,0x00007efd06dad000)]
  0x00007efcf4008800 JavaThread "process reaper" daemon [_thread_in_native, id=22573, stack(0x00007efd06dc9000,0x00007efd06e02000)]
  0x00007efd5c859000 JavaThread "UrlChecker-2" daemon [_thread_blocked, id=22571, stack(0x00007efd06e02000,0x00007efd06f03000)]
  0x00007efd5c854000 JavaThread "Exec Default Executor" daemon [_thread_blocked, id=22570, stack(0x00007efd06f03000,0x00007efd07004000)]
  0x00007efd5c5d2800 JavaThread "ReaderThread" [_thread_in_native, id=22569, stack(0x00007efd07a99000,0x00007efd07b9a000)]
  0x00007efd5c0d8000 JavaThread "Service Thread" daemon [_thread_blocked, id=22566, stack(0x00007efd4430f000,0x00007efd44410000)]
  0x00007efd5c0d4800 JavaThread "C1 CompilerThread2" daemon [_thread_blocked, id=22565, stack(0x00007efd44410000,0x00007efd44511000)]
  0x00007efd5c0d3000 JavaThread "C2 CompilerThread1" daemon [_thread_blocked, id=22564, stack(0x00007efd44511000,0x00007efd44612000)]
  0x00007efd5c0d0000 JavaThread "C2 CompilerThread0" daemon [_thread_blocked, id=22563, stack(0x00007efd44612000,0x00007efd44713000)]
  0x00007efd24001000 JavaThread "JDWP Command Reader" daemon [_thread_in_native, id=22560, stack(0x00007efd44713000,0x00007efd44814000)]
  0x00007efd5c0cd800 JavaThread "JDWP Event Helper Thread" daemon [_thread_blocked, id=22559, stack(0x00007efd44814000,0x00007efd44915000)]
  0x00007efd5c0ca000 JavaThread "JDWP Transport Listener: dt_socket" daemon [_thread_blocked, id=22556, stack(0x00007efd44915000,0x00007efd44a16000)]
  0x00007efd5c0bc800 JavaThread "Signal Dispatcher" daemon [_thread_blocked, id=22554, stack(0x00007efd44c1a000,0x00007efd44d1b000)]
  0x00007efd5c08a800 JavaThread "Finalizer" daemon [_thread_blocked, id=22553, stack(0x00007efd44d1b000,0x00007efd44e1c000)]
  0x00007efd5c086000 JavaThread "Reference Handler" daemon [_thread_blocked, id=22552, stack(0x00007efd44e1c000,0x00007efd44f1d000)]
=>0x00007efd5c010000 JavaThread "main" [_thread_in_native, id=22542, stack(0x00007efd623b5000,0x00007efd624b6000)]

Other Threads:
  0x00007efd5c07e000 VMThread [stack: 0x00007efd44f1d000,0x00007efd4501e000] [id=22551]
  0x00007efd5c0dd000 WatcherThread [stack: 0x00007efd4420e000,0x00007efd4430f000] [id=22567]

VM state:not at safepoint (normal execution)

VM Mutex/Monitor currently owned by a thread: None

Heap:
 PSYoungGen      total 68608K, used 44174K [0x00000000d7000000, 0x00000000db800000, 0x0000000100000000)
  eden space 63488K, 69% used [0x00000000d7000000,0x00000000d9b239c8,0x00000000dae00000)
  from space 5120K, 0% used [0x00000000db300000,0x00000000db300000,0x00000000db800000)
  to   space 5120K, 0% used [0x00000000dae00000,0x00000000dae00000,0x00000000db300000)
 ParOldGen       total 64000K, used 10779K [0x0000000085000000, 0x0000000088e80000, 0x00000000d7000000)
  object space 64000K, 16% used [0x0000000085000000,0x0000000085a86db8,0x0000000088e80000)
 Metaspace       used 21016K, capacity 21518K, committed 21888K, reserved 1069056K
  class space    used 2663K, capacity 2833K, committed 2944K, reserved 1048576K

Card table byte_map: [0x00007efd4b0c4000,0x00007efd4b49d000] byte_map_base: 0x00007efd4ac9c000

Marking Bits: (ParMarkBitMap*) 0x00007efd61883920
 Begin Bits: [0x00007efd46db1000, 0x00007efd48c71000)
 End Bits:   [0x00007efd48c71000, 0x00007efd4ab31000)

Polling page: 0x00007efd624d3000

CodeCache: size=245760Kb used=5924Kb max_used=5931Kb free=239835Kb
 bounds [0x00007efd4b85d000, 0x00007efd4be3d000, 0x00007efd5a85d000]
 total_blobs=2070 nmethods=1624 adapters=367
 compilation: enabled

Compilation events (10 events):
Event: 8.478 Thread 0x00007efd5c0d4800 1620       3       java.io.RandomAccessFile::readFully (45 bytes)
Event: 8.479 Thread 0x00007efd5c0d4800 nmethod 1620 0x00007efd4be27410 code [0x00007efd4be275c0, 0x00007efd4be27998]
Event: 8.481 Thread 0x00007efd5c0d0000 1621  s    4       java.io.ByteArrayOutputStream::write (66 bytes)
Event: 8.485 Thread 0x00007efd5c0d3000 1622       4       java.lang.Math::min (12 bytes)
Event: 8.486 Thread 0x00007efd5c0d3000 nmethod 1622 0x00007efd4be0e1d0 code [0x00007efd4be0e320, 0x00007efd4be0e398]
Event: 8.486 Thread 0x00007efd5c0d3000 1623       4       java.io.RandomAccessFile::readFully (45 bytes)
Event: 8.487 Thread 0x00007efd5c0d3000 nmethod 1623 0x00007efd4be29010 code [0x00007efd4be29160, 0x00007efd4be29228]
Event: 8.487 Thread 0x00007efd5c0d0000 nmethod 1621 0x00007efd4be28210 code [0x00007efd4be28380, 0x00007efd4be28bd8]
Event: 8.504 Thread 0x00007efd5c0d4800 1624       3       java.lang.Class::getMethod (64 bytes)
Event: 8.504 Thread 0x00007efd5c0d4800 nmethod 1624 0x00007efd4be2ca10 code [0x00007efd4be2cc60, 0x00007efd4be2d948]

GC Heap History (10 events):
Event: 1.105 GC heap before
{Heap before GC invocations=1 (full 0):
 PSYoungGen      total 36864K, used 31744K [0x00000000d7000000, 0x00000000d9900000, 0x0000000100000000)
  eden space 31744K, 100% used [0x00000000d7000000,0x00000000d8f00000,0x00000000d8f00000)
  from space 5120K, 0% used [0x00000000d9400000,0x00000000d9400000,0x00000000d9900000)
  to   space 5120K, 0% used [0x00000000d8f00000,0x00000000d8f00000,0x00000000d9400000)
 ParOldGen       total 84992K, used 0K [0x0000000085000000, 0x000000008a300000, 0x00000000d7000000)
  object space 84992K, 0% used [0x0000000085000000,0x0000000085000000,0x000000008a300000)
 Metaspace       used 11096K, capacity 11270K, committed 11392K, reserved 1058816K
  class space    used 1307K, capacity 1367K, committed 1408K, reserved 1048576K
Event: 1.121 GC heap after
Heap after GC invocations=1 (full 0):
 PSYoungGen      total 36864K, used 5115K [0x00000000d7000000, 0x00000000db800000, 0x0000000100000000)
  eden space 31744K, 0% used [0x00000000d7000000,0x00000000d7000000,0x00000000d8f00000)
  from space 5120K, 99% used [0x00000000d8f00000,0x00000000d93fef80,0x00000000d9400000)
  to   space 5120K, 0% used [0x00000000db300000,0x00000000db300000,0x00000000db800000)
 ParOldGen       total 84992K, used 999K [0x0000000085000000, 0x000000008a300000, 0x00000000d7000000)
  object space 84992K, 1% used [0x0000000085000000,0x00000000850f9fb0,0x000000008a300000)
 Metaspace       used 11096K, capacity 11270K, committed 11392K, reserved 1058816K
  class space    used 1307K, capacity 1367K, committed 1408K, reserved 1048576K
}
Event: 7.630 GC heap before
{Heap before GC invocations=2 (full 0):
 PSYoungGen      total 36864K, used 36859K [0x00000000d7000000, 0x00000000db800000, 0x0000000100000000)
  eden space 31744K, 100% used [0x00000000d7000000,0x00000000d8f00000,0x00000000d8f00000)
  from space 5120K, 99% used [0x00000000d8f00000,0x00000000d93fef80,0x00000000d9400000)
  to   space 5120K, 0% used [0x00000000db300000,0x00000000db300000,0x00000000db800000)
 ParOldGen       total 84992K, used 999K [0x0000000085000000, 0x000000008a300000, 0x00000000d7000000)
  object space 84992K, 1% used [0x0000000085000000,0x00000000850f9fb0,0x000000008a300000)
 Metaspace       used 16976K, capacity 17406K, committed 17664K, reserved 1064960K
  class space    used 2092K, capacity 2253K, committed 2304K, reserved 1048576K
Event: 7.643 GC heap after
Heap after GC invocations=2 (full 0):
 PSYoungGen      total 36864K, used 5095K [0x00000000d7000000, 0x00000000db800000, 0x0000000100000000)
  eden space 31744K, 0% used [0x00000000d7000000,0x00000000d7000000,0x00000000d8f00000)
  from space 5120K, 99% used [0x00000000db300000,0x00000000db7f9e58,0x00000000db800000)
  to   space 5120K, 0% used [0x00000000d8f00000,0x00000000d8f00000,0x00000000d9400000)
 ParOldGen       total 84992K, used 3106K [0x0000000085000000, 0x000000008a300000, 0x00000000d7000000)
  object space 84992K, 3% used [0x0000000085000000,0x00000000853088e0,0x000000008a300000)
 Metaspace       used 16976K, capacity 17406K, committed 17664K, reserved 1064960K
  class space    used 2092K, capacity 2253K, committed 2304K, reserved 1048576K
}
Event: 8.008 GC heap before
{Heap before GC invocations=3 (full 0):
 PSYoungGen      total 36864K, used 32871K [0x00000000d7000000, 0x00000000db800000, 0x0000000100000000)
  eden space 31744K, 87% used [0x00000000d7000000,0x00000000d8b20148,0x00000000d8f00000)
  from space 5120K, 99% used [0x00000000db300000,0x00000000db7f9e58,0x00000000db800000)
  to   space 5120K, 0% used [0x00000000d8f00000,0x00000000d8f00000,0x00000000d9400000)
 ParOldGen       total 84992K, used 3106K [0x0000000085000000, 0x000000008a300000, 0x00000000d7000000)
  object space 84992K, 3% used [0x0000000085000000,0x00000000853088e0,0x000000008a300000)
 Metaspace       used 19673K, capacity 20194K, committed 20352K, reserved 1067008K
  class space    used 2444K, capacity 2607K, committed 2688K, reserved 1048576K
Event: 8.014 GC heap after
Heap after GC invocations=3 (full 0):
 PSYoungGen      total 36864K, used 5107K [0x00000000d7000000, 0x00000000db800000, 0x0000000100000000)
  eden space 31744K, 0% used [0x00000000d7000000,0x00000000d7000000,0x00000000d8f00000)
  from space 5120K, 99% used [0x00000000d8f00000,0x00000000d93fcc20,0x00000000d9400000)
  to   space 5120K, 0% used [0x00000000db300000,0x00000000db300000,0x00000000db800000)
 ParOldGen       total 84992K, used 4307K [0x0000000085000000, 0x000000008a300000, 0x00000000d7000000)
  object space 84992K, 5% used [0x0000000085000000,0x0000000085434c60,0x000000008a300000)
 Metaspace       used 19673K, capacity 20194K, committed 20352K, reserved 1067008K
  class space    used 2444K, capacity 2607K, committed 2688K, reserved 1048576K
}
Event: 8.264 GC heap before
{Heap before GC invocations=4 (full 0):
 PSYoungGen      total 36864K, used 28225K [0x00000000d7000000, 0x00000000db800000, 0x0000000100000000)
  eden space 31744K, 72% used [0x00000000d7000000,0x00000000d8693848,0x00000000d8f00000)
  from space 5120K, 99% used [0x00000000d8f00000,0x00000000d93fcc20,0x00000000d9400000)
  to   space 5120K, 0% used [0x00000000db300000,0x00000000db300000,0x00000000db800000)
 ParOldGen       total 84992K, used 4307K [0x0000000085000000, 0x000000008a300000, 0x00000000d7000000)
  object space 84992K, 5% used [0x0000000085000000,0x0000000085434c60,0x000000008a300000)
 Metaspace       used 20716K, capacity 21192K, committed 21248K, reserved 1067008K
  class space    used 2589K, capacity 2768K, committed 2816K, reserved 1048576K
Event: 8.284 GC heap after
Heap after GC invocations=4 (full 0):
 PSYoungGen      total 68608K, used 5112K [0x00000000d7000000, 0x00000000db800000, 0x0000000100000000)
  eden space 63488K, 0% used [0x00000000d7000000,0x00000000d7000000,0x00000000dae00000)
  from space 5120K, 99% used [0x00000000db300000,0x00000000db7fe350,0x00000000db800000)
  to   space 5120K, 0% used [0x00000000dae00000,0x00000000dae00000,0x00000000db300000)
 ParOldGen       total 84992K, used 20361K [0x0000000085000000, 0x000000008a300000, 0x00000000d7000000)
  object space 84992K, 23% used [0x0000000085000000,0x00000000863e2450,0x000000008a300000)
 Metaspace       used 20716K, capacity 21192K, committed 21248K, reserved 1067008K
  class space    used 2589K, capacity 2768K, committed 2816K, reserved 1048576K
}
Event: 8.284 GC heap before
{Heap before GC invocations=5 (full 1):
 PSYoungGen      total 68608K, used 5112K [0x00000000d7000000, 0x00000000db800000, 0x0000000100000000)
  eden space 63488K, 0% used [0x00000000d7000000,0x00000000d7000000,0x00000000dae00000)
  from space 5120K, 99% used [0x00000000db300000,0x00000000db7fe350,0x00000000db800000)
  to   space 5120K, 0% used [0x00000000dae00000,0x00000000dae00000,0x00000000db300000)
 ParOldGen       total 84992K, used 20361K [0x0000000085000000, 0x000000008a300000, 0x00000000d7000000)
  object space 84992K, 23% used [0x0000000085000000,0x00000000863e2450,0x000000008a300000)
 Metaspace       used 20716K, capacity 21192K, committed 21248K, reserved 1067008K
  class space    used 2589K, capacity 2768K, committed 2816K, reserved 1048576K
Event: 8.342 GC heap after
Heap after GC invocations=5 (full 1):
 PSYoungGen      total 68608K, used 0K [0x00000000d7000000, 0x00000000db800000, 0x0000000100000000)
  eden space 63488K, 0% used [0x00000000d7000000,0x00000000d7000000,0x00000000dae00000)
  from space 5120K, 0% used [0x00000000db300000,0x00000000db300000,0x00000000db800000)
  to   space 5120K, 0% used [0x00000000dae00000,0x00000000dae00000,0x00000000db300000)
 ParOldGen       total 64000K, used 10779K [0x0000000085000000, 0x0000000088e80000, 0x00000000d7000000)
  object space 64000K, 16% used [0x0000000085000000,0x0000000085a86db8,0x0000000088e80000)
 Metaspace       used 20716K, capacity 21192K, committed 21248K, reserved 1067008K
  class space    used 2589K, capacity 2768K, committed 2816K, reserved 1048576K
}

Deoptimization events (10 events):
Event: 1.603 Thread 0x00007efd5c010000 Uncommon trap: reason=class_check action=maybe_recompile pc=0x00007efd4bc5caa4 method=java.util.regex.Matcher.search(I)Z @ 86
Event: 1.603 Thread 0x00007efd5c010000 Uncommon trap: reason=class_check action=maybe_recompile pc=0x00007efd4bbd4bac method=java.util.regex.Pattern$Curly.match(Ljava/util/regex/Matcher;ILjava/lang/CharSequence;)Z @ 19
Event: 1.618 Thread 0x00007efd5c010000 Uncommon trap: reason=class_check action=maybe_recompile pc=0x00007efd4bbd4bac method=java.util.regex.Pattern$Curly.match(Ljava/util/regex/Matcher;ILjava/lang/CharSequence;)Z @ 19
Event: 1.618 Thread 0x00007efd5c010000 Uncommon trap: reason=class_check action=maybe_recompile pc=0x00007efd4bbd4bac method=java.util.regex.Pattern$Curly.match(Ljava/util/regex/Matcher;ILjava/lang/CharSequence;)Z @ 19
Event: 1.677 Thread 0x00007efd5c010000 Uncommon trap: reason=unstable_if action=reinterpret pc=0x00007efd4bbe05c4 method=java.util.regex.Pattern$BmpCharProperty.match(Ljava/util/regex/Matcher;ILjava/lang/CharSequence;)Z @ 34
Event: 2.356 Thread 0x00007efd5c010000 Uncommon trap: reason=unstable_if action=reinterpret pc=0x00007efd4bcec12c method=java.util.concurrent.ConcurrentHashMap.putVal(Ljava/lang/Object;Ljava/lang/Object;Z)Ljava/lang/Object; @ 181
Event: 7.752 Thread 0x00007efd5c010000 Uncommon trap: reason=unstable_if action=reinterpret pc=0x00007efd4badf2e4 method=java.lang.String.lastIndexOf([CII[CIII)I @ 17
Event: 7.914 Thread 0x00007efd5c010000 Uncommon trap: reason=unstable_if action=reinterpret pc=0x00007efd4bb5f198 method=java.lang.Integer.parseInt(Ljava/lang/String;I)I @ 122
Event: 8.150 Thread 0x00007efd5c010000 Uncommon trap: reason=unstable_if action=reinterpret pc=0x00007efd4bd65b3c method=java.lang.String.lastIndexOf([CII[CIII)I @ 118
Event: 8.497 Thread 0x00007efd5c010000 Uncommon trap: reason=unstable_if action=reinterpret pc=0x00007efd4be0e368 method=java.lang.Math.min(JJ)J @ 3

Classes redefined (0 events):
No events

Internal exceptions (10 events):
Event: 1.494 Thread 0x00007efd5c010000 Exception <a 'java/lang/ArrayIndexOutOfBoundsException': 40> (0x00000000d810ad90) thrown at [/HUDSON/workspace/8-2-build-linux-amd64/jdk8u161/10277/hotspot/src/share/vm/interpreter/interpreterRuntime.cpp, line 366]
Event: 1.495 Thread 0x00007efd5c010000 Exception <a 'java/lang/ArrayIndexOutOfBoundsException': 90> (0x00000000d8119d90) thrown at [/HUDSON/workspace/8-2-build-linux-amd64/jdk8u161/10277/hotspot/src/share/vm/interpreter/interpreterRuntime.cpp, line 366]
Event: 1.496 Thread 0x00007efd5c010000 Exception <a 'java/lang/ArrayIndexOutOfBoundsException': 55> (0x00000000d8120238) thrown at [/HUDSON/workspace/8-2-build-linux-amd64/jdk8u161/10277/hotspot/src/share/vm/interpreter/interpreterRuntime.cpp, line 366]
Event: 1.522 Thread 0x00007efd5c010000 Exception <a 'java/lang/IncompatibleClassChangeError': Found class java.lang.Object, but interface was expected> (0x00000000d8228958) thrown at [/HUDSON/workspace/8-2-build-linux-amd64/jdk8u161/10277/hotspot/src/share/vm/interpreter/linkResolver.cpp, line
Event: 1.532 Thread 0x00007efd5c010000 Exception <a 'java/lang/NoSuchMethodError': java.lang.Object.lambda$or$2(Ljava/util/function/Predicate;Ljava/lang/Object;)Z> (0x00000000d8237728) thrown at [/HUDSON/workspace/8-2-build-linux-amd64/jdk8u161/10277/hotspot/src/share/vm/interpreter/linkResolv
Event: 7.746 Thread 0x00007efd5c010000 Exception <a 'java/io/FileNotFoundException'> (0x00000000d7b1de50) thrown at [/HUDSON/workspace/8-2-build-linux-amd64/jdk8u161/10277/hotspot/src/share/vm/prims/jni.cpp, line 709]
Event: 7.946 Thread 0x00007efd5c010000 Exception <a 'java/io/FileNotFoundException'> (0x00000000d875e788) thrown at [/HUDSON/workspace/8-2-build-linux-amd64/jdk8u161/10277/hotspot/src/share/vm/prims/jni.cpp, line 709]
Event: 7.946 Thread 0x00007efd5c010000 Exception <a 'java/io/FileNotFoundException'> (0x00000000d875f330) thrown at [/HUDSON/workspace/8-2-build-linux-amd64/jdk8u161/10277/hotspot/src/share/vm/prims/jni.cpp, line 709]
Event: 8.144 Thread 0x00007efd5c010000 Exception <a 'java/lang/UnsatisfiedLinkError': libtesseract.so: cannot open shared object file: No such file or directory> (0x00000000d7c8f538) thrown at [/HUDSON/workspace/8-2-build-linux-amd64/jdk8u161/10277/hotspot/src/share/vm/prims/jni.cpp, line 735]
Event: 8.145 Thread 0x00007efd5c010000 Exception <a 'java/lang/UnsatisfiedLinkError': libtesseract.so: cannot open shared object file: No such file or directory> (0x00000000d7c909a0) thrown at [/HUDSON/workspace/8-2-build-linux-amd64/jdk8u161/10277/hotspot/src/share/vm/prims/jni.cpp, line 735]

Events (10 events):
Event: 8.503 loading class java/lang/StrictMath
Event: 8.503 loading class java/lang/StrictMath done
Event: 8.503 loading class com/sun/jna/Native$Buffers
Event: 8.503 loading class com/sun/jna/Native$Buffers done
Event: 8.503 Thread 0x00007efd5c010000 DEOPT PACKING pc=0x00007efd4ba4f261 sp=0x00007efd624b17c0
Event: 8.503 Thread 0x00007efd5c010000 DEOPT UNPACKING pc=0x00007efd4b8a4784 sp=0x00007efd624b1530 mode 1
Event: 8.503 Thread 0x00007efd5c010000 DEOPT PACKING pc=0x00007efd4ba05c94 sp=0x00007efd624b1840
Event: 8.503 Thread 0x00007efd5c010000 DEOPT UNPACKING pc=0x00007efd4b8a4784 sp=0x00007efd624b1680 mode 1
Event: 8.503 Thread 0x00007efd5c010000 DEOPT PACKING pc=0x00007efd4ba05a34 sp=0x00007efd624b19d0
Event: 8.503 Thread 0x00007efd5c010000 DEOPT UNPACKING pc=0x00007efd4b8a4784 sp=0x00007efd624b1810 mode 1


Dynamic libraries:
00400000-00401000 r-xp 00000000 08:02 2239544                            /home/rakesh/Desktop/jdk1.8.0_161/jre/bin/java
00600000-00601000 rw-p 00000000 08:02 2239544                            /home/rakesh/Desktop/jdk1.8.0_161/jre/bin/java
021a5000-021c6000 rw-p 00000000 00:00 0                                  [heap]
85000000-88e80000 rw-p 00000000 00:00 0 
88e80000-d7000000 ---p 00000000 00:00 0 
d7000000-db800000 rw-p 00000000 00:00 0 
db800000-100000000 ---p 00000000 00:00 0 
100000000-1002e0000 rw-p 00000000 00:00 0 
1002e0000-140000000 ---p 00000000 00:00 0 
7efcd9c9c000-7efcda8e4000 rw-p 00000000 00:00 0 
7efcda8e4000-7efcdaa64000 ---p 00000000 00:00 0 
7efcdaa64000-7efcdaa6f000 r-xp 00000000 08:02 1450589                    /usr/lib/x86_64-linux-gnu/libjbig.so.0
7efcdaa6f000-7efcdac6e000 ---p 0000b000 08:02 1450589                    /usr/lib/x86_64-linux-gnu/libjbig.so.0
7efcdac6e000-7efcdac6f000 r--p 0000a000 08:02 1450589                    /usr/lib/x86_64-linux-gnu/libjbig.so.0
7efcdac6f000-7efcdac72000 rw-p 0000b000 08:02 1450589                    /usr/lib/x86_64-linux-gnu/libjbig.so.0
7efcdac72000-7efcdac93000 r-xp 00000000 08:02 3674608                    /lib/x86_64-linux-gnu/liblzma.so.5.0.0
7efcdac93000-7efcdae92000 ---p 00021000 08:02 3674608                    /lib/x86_64-linux-gnu/liblzma.so.5.0.0
7efcdae92000-7efcdae93000 r--p 00020000 08:02 3674608                    /lib/x86_64-linux-gnu/liblzma.so.5.0.0
7efcdae93000-7efcdae94000 rw-p 00021000 08:02 3674608                    /lib/x86_64-linux-gnu/liblzma.so.5.0.0
7efcdae94000-7efcdaee5000 r-xp 00000000 08:02 1451006                    /usr/lib/x86_64-linux-gnu/libwebp.so.5.0.0
7efcdaee5000-7efcdb0e5000 ---p 00051000 08:02 1451006                    /usr/lib/x86_64-linux-gnu/libwebp.so.5.0.0
7efcdb0e5000-7efcdb0e6000 r--p 00051000 08:02 1451006                    /usr/lib/x86_64-linux-gnu/libwebp.so.5.0.0
7efcdb0e6000-7efcdb0e7000 rw-p 00052000 08:02 1451006                    /usr/lib/x86_64-linux-gnu/libwebp.so.5.0.0
7efcdb0e7000-7efcdb0ec000 rw-p 00000000 00:00 0 
7efcdb0ec000-7efcdb15b000 r-xp 00000000 08:02 1442391                    /usr/lib/x86_64-linux-gnu/libtiff.so.5.2.0
7efcdb15b000-7efcdb35a000 ---p 0006f000 08:02 1442391                    /usr/lib/x86_64-linux-gnu/libtiff.so.5.2.0
7efcdb35a000-7efcdb35b000 r--p 0006e000 08:02 1442391                    /usr/lib/x86_64-linux-gnu/libtiff.so.5.2.0
7efcdb35b000-7efcdb35e000 rw-p 0006f000 08:02 1442391                    /usr/lib/x86_64-linux-gnu/libtiff.so.5.2.0
7efcdb35e000-7efcdb366000 r-xp 00000000 08:02 1455367                    /usr/lib/x86_64-linux-gnu/libgif.so.4.1.6
7efcdb366000-7efcdb565000 ---p 00008000 08:02 1455367                    /usr/lib/x86_64-linux-gnu/libgif.so.4.1.6
7efcdb565000-7efcdb566000 r--p 00007000 08:02 1455367                    /usr/lib/x86_64-linux-gnu/libgif.so.4.1.6
7efcdb566000-7efcdb567000 rw-p 00008000 08:02 1455367                    /usr/lib/x86_64-linux-gnu/libgif.so.4.1.6
7efcdb567000-7efcdb5aa000 r-xp 00000000 08:02 1450591                    /usr/lib/x86_64-linux-gnu/libjpeg.so.8.0.2
7efcdb5aa000-7efcdb7aa000 ---p 00043000 08:02 1450591                    /usr/lib/x86_64-linux-gnu/libjpeg.so.8.0.2
7efcdb7aa000-7efcdb7ab000 r--p 00043000 08:02 1450591                    /usr/lib/x86_64-linux-gnu/libjpeg.so.8.0.2
7efcdb7ab000-7efcdb7ac000 rw-p 00044000 08:02 1450591                    /usr/lib/x86_64-linux-gnu/libjpeg.so.8.0.2
7efcdb7ac000-7efcdb7bc000 rw-p 00000000 00:00 0 
7efcdb7bc000-7efcdb7e1000 r-xp 00000000 08:02 3674676                    /lib/x86_64-linux-gnu/libpng12.so.0.50.0
7efcdb7e1000-7efcdb9e0000 ---p 00025000 08:02 3674676                    /lib/x86_64-linux-gnu/libpng12.so.0.50.0
7efcdb9e0000-7efcdb9e1000 r--p 00024000 08:02 3674676                    /lib/x86_64-linux-gnu/libpng12.so.0.50.0
7efcdb9e1000-7efcdb9e2000 rw-p 00025000 08:02 3674676                    /lib/x86_64-linux-gnu/libpng12.so.0.50.0
7efcdb9e2000-7efcdb9fa000 r-xp 00000000 08:02 3674724                    /lib/x86_64-linux-gnu/libz.so.1.2.8
7efcdb9fa000-7efcdbbf9000 ---p 00018000 08:02 3674724                    /lib/x86_64-linux-gnu/libz.so.1.2.8
7efcdbbf9000-7efcdbbfa000 r--p 00017000 08:02 3674724                    /lib/x86_64-linux-gnu/libz.so.1.2.8
7efcdbbfa000-7efcdbbfb000 rw-p 00018000 08:02 3674724                    /lib/x86_64-linux-gnu/libz.so.1.2.8
7efcdbbfb000-7efcdbdf9000 r-xp 00000000 08:02 1445997                    /usr/lib/liblept.so.4.0.1
7efcdbdf9000-7efcdbff9000 ---p 001fe000 08:02 1445997                    /usr/lib/liblept.so.4.0.1
7efcdbff9000-7efcdbffa000 r--p 001fe000 08:02 1445997                    /usr/lib/liblept.so.4.0.1
7efcdbffa000-7efcdc000000 rw-p 001ff000 08:02 1445997                    /usr/lib/liblept.so.4.0.1
7efcdc000000-7efcdc021000 rw-p 00000000 00:00 0 
7efcdc021000-7efce0000000 ---p 00000000 00:00 0 
7efce0000000-7efce0021000 rw-p 00000000 00:00 0 
7efce0021000-7efce4000000 ---p 00000000 00:00 0 
7efce4000000-7efce4021000 rw-p 00000000 00:00 0 
7efce4021000-7efce8000000 ---p 00000000 00:00 0 
7efce8000000-7efce8021000 rw-p 00000000 00:00 0 
7efce8021000-7efcec000000 ---p 00000000 00:00 0 
7efcec000000-7efcec021000 rw-p 00000000 00:00 0 
7efcec021000-7efcf0000000 ---p 00000000 00:00 0 
7efcf0000000-7efcf0021000 rw-p 00000000 00:00 0 
7efcf0021000-7efcf4000000 ---p 00000000 00:00 0 
7efcf4000000-7efcf4021000 rw-p 00000000 00:00 0 
7efcf4021000-7efcf8000000 ---p 00000000 00:00 0 
7efcf8000000-7efcf8021000 rw-p 00000000 00:00 0 
7efcf8021000-7efcfc000000 ---p 00000000 00:00 0 
7efcfc000000-7efcfc021000 rw-p 00000000 00:00 0 
7efcfc021000-7efd00000000 ---p 00000000 00:00 0 
7efd00000000-7efd00021000 rw-p 00000000 00:00 0 
7efd00021000-7efd04000000 ---p 00000000 00:00 0 
7efd0404a000-7efd04130000 r-xp 00000000 08:02 1450894                    /usr/lib/x86_64-linux-gnu/libstdc++.so.6.0.19
7efd04130000-7efd0432f000 ---p 000e6000 08:02 1450894                    /usr/lib/x86_64-linux-gnu/libstdc++.so.6.0.19
7efd0432f000-7efd04337000 r--p 000e5000 08:02 1450894                    /usr/lib/x86_64-linux-gnu/libstdc++.so.6.0.19
7efd04337000-7efd04339000 rw-p 000ed000 08:02 1450894                    /usr/lib/x86_64-linux-gnu/libstdc++.so.6.0.19
7efd04339000-7efd0434e000 rw-p 00000000 00:00 0 
7efd0434e000-7efd04620000 r-xp 00000000 08:02 1446002                    /usr/lib/libtesseract.so.3.0.3
7efd04620000-7efd0481f000 ---p 002d2000 08:02 1446002                    /usr/lib/libtesseract.so.3.0.3
7efd0481f000-7efd04824000 r--p 002d1000 08:02 1446002                    /usr/lib/libtesseract.so.3.0.3
7efd04824000-7efd04825000 rw-p 002d6000 08:02 1446002                    /usr/lib/libtesseract.so.3.0.3
7efd04825000-7efd04abc000 rw-p 00000000 00:00 0 
7efd04abc000-7efd04ad3000 r-xp 00000000 08:02 803038                     /tmp/jna--938374178/jna6662180885397615178.tmp (deleted)
7efd04ad3000-7efd04bd2000 ---p 00017000 08:02 803038                     /tmp/jna--938374178/jna6662180885397615178.tmp (deleted)
7efd04bd2000-7efd04bd4000 rw-p 00016000 08:02 803038                     /tmp/jna--938374178/jna6662180885397615178.tmp (deleted)
7efd04bd4000-7efd04bd7000 ---p 00000000 00:00 0 
7efd04bd7000-7efd04cd5000 rw-p 00000000 00:00 0 
7efd04cd5000-7efd04cda000 r-xp 00000000 08:02 1449992                    /usr/lib/x86_64-linux-gnu/libXdmcp.so.6.0.0
7efd04cda000-7efd04ed9000 ---p 00005000 08:02 1449992                    /usr/lib/x86_64-linux-gnu/libXdmcp.so.6.0.0
7efd04ed9000-7efd04eda000 r--p 00004000 08:02 1449992                    /usr/lib/x86_64-linux-gnu/libXdmcp.so.6.0.0
7efd04eda000-7efd04edb000 rw-p 00005000 08:02 1449992                    /usr/lib/x86_64-linux-gnu/libXdmcp.so.6.0.0
7efd04edb000-7efd04edd000 r-xp 00000000 08:02 1449981                    /usr/lib/x86_64-linux-gnu/libXau.so.6.0.0
7efd04edd000-7efd050dd000 ---p 00002000 08:02 1449981                    /usr/lib/x86_64-linux-gnu/libXau.so.6.0.0
7efd050dd000-7efd050de000 r--p 00002000 08:02 1449981                    /usr/lib/x86_64-linux-gnu/libXau.so.6.0.0
7efd050de000-7efd050df000 rw-p 00003000 08:02 1449981                    /usr/lib/x86_64-linux-gnu/libXau.so.6.0.0
7efd050df000-7efd050fc000 r-xp 00000000 08:02 1451054                    /usr/lib/x86_64-linux-gnu/libxcb.so.1.1.0
7efd050fc000-7efd052fc000 ---p 0001d000 08:02 1451054                    /usr/lib/x86_64-linux-gnu/libxcb.so.1.1.0
7efd052fc000-7efd052fd000 r--p 0001d000 08:02 1451054                    /usr/lib/x86_64-linux-gnu/libxcb.so.1.1.0
7efd052fd000-7efd052fe000 rw-p 0001e000 08:02 1451054                    /usr/lib/x86_64-linux-gnu/libxcb.so.1.1.0
7efd052fe000-7efd0530d000 r-xp 00000000 08:02 1450002                    /usr/lib/x86_64-linux-gnu/libXi.so.6.1.0
7efd0530d000-7efd0550c000 ---p 0000f000 08:02 1450002                    /usr/lib/x86_64-linux-gnu/libXi.so.6.1.0
7efd0550c000-7efd0550d000 r--p 0000e000 08:02 1450002                    /usr/lib/x86_64-linux-gnu/libXi.so.6.1.0
7efd0550d000-7efd0550e000 rw-p 0000f000 08:02 1450002                    /usr/lib/x86_64-linux-gnu/libXi.so.6.1.0
7efd0550e000-7efd05513000 r-xp 00000000 08:02 1450022                    /usr/lib/x86_64-linux-gnu/libXtst.so.6.1.0
7efd05513000-7efd05712000 ---p 00005000 08:02 1450022                    /usr/lib/x86_64-linux-gnu/libXtst.so.6.1.0
7efd05712000-7efd05713000 r--p 00004000 08:02 1450022                    /usr/lib/x86_64-linux-gnu/libXtst.so.6.1.0
7efd05713000-7efd05714000 rw-p 00005000 08:02 1450022                    /usr/lib/x86_64-linux-gnu/libXtst.so.6.1.0
7efd05714000-7efd0571d000 r-xp 00000000 08:02 1450016                    /usr/lib/x86_64-linux-gnu/libXrender.so.1.3.0
7efd0571d000-7efd0591c000 ---p 00009000 08:02 1450016                    /usr/lib/x86_64-linux-gnu/libXrender.so.1.3.0
7efd0591c000-7efd0591d000 r--p 00008000 08:02 1450016                    /usr/lib/x86_64-linux-gnu/libXrender.so.1.3.0
7efd0591d000-7efd0591e000 rw-p 00009000 08:02 1450016                    /usr/lib/x86_64-linux-gnu/libXrender.so.1.3.0
7efd0591e000-7efd05a4e000 r-xp 00000000 08:02 1449977                    /usr/lib/x86_64-linux-gnu/libX11.so.6.3.0
7efd05a4e000-7efd05c4e000 ---p 00130000 08:02 1449977                    /usr/lib/x86_64-linux-gnu/libX11.so.6.3.0
7efd05c4e000-7efd05c4f000 r--p 00130000 08:02 1449977                    /usr/lib/x86_64-linux-gnu/libX11.so.6.3.0
7efd05c4f000-7efd05c53000 rw-p 00131000 08:02 1449977                    /usr/lib/x86_64-linux-gnu/libX11.so.6.3.0
7efd05c53000-7efd05c64000 r-xp 00000000 08:02 1449994                    /usr/lib/x86_64-linux-gnu/libXext.so.6.4.0
7efd05c64000-7efd05e63000 ---p 00011000 08:02 1449994                    /usr/lib/x86_64-linux-gnu/libXext.so.6.4.0
7efd05e63000-7efd05e64000 r--p 00010000 08:02 1449994                    /usr/lib/x86_64-linux-gnu/libXext.so.6.4.0
7efd05e64000-7efd05e65000 rw-p 00011000 08:02 1449994                    /usr/lib/x86_64-linux-gnu/libXext.so.6.4.0
7efd05e7e000-7efd05ed2000 r-xp 00000000 08:02 2906099                    /home/rakesh/Desktop/jdk1.8.0_161/jre/lib/amd64/libawt_xawt.so
7efd05ed2000-7efd060d2000 ---p 00054000 08:02 2906099                    /home/rakesh/Desktop/jdk1.8.0_161/jre/lib/amd64/libawt_xawt.so
7efd060d2000-7efd060d6000 rw-p 00054000 08:02 2906099                    /home/rakesh/Desktop/jdk1.8.0_161/jre/lib/amd64/libawt_xawt.so
7efd060d6000-7efd060d7000 rw-p 00000000 00:00 0 
7efd060d7000-7efd06179000 r-xp 00000000 08:02 2906085                    /home/rakesh/Desktop/jdk1.8.0_161/jre/lib/amd64/libawt.so
7efd06179000-7efd06379000 ---p 000a2000 08:02 2906085                    /home/rakesh/Desktop/jdk1.8.0_161/jre/lib/amd64/libawt.so
7efd06379000-7efd06385000 rw-p 000a2000 08:02 2906085                    /home/rakesh/Desktop/jdk1.8.0_161/jre/lib/amd64/libawt.so
7efd06385000-7efd065a9000 rw-p 00000000 00:00 0 
7efd065a9000-7efd065ac000 ---p 00000000 00:00 0 
7efd065ac000-7efd066aa000 rw-p 00000000 00:00 0 
7efd066aa000-7efd066ad000 ---p 00000000 00:00 0 
7efd066ad000-7efd069ab000 rw-p 00000000 00:00 0 
7efd069ab000-7efd06bab000 rw-p 00000000 00:00 0 
7efd06bab000-7efd06bae000 ---p 00000000 00:00 0 
7efd06bae000-7efd06cac000 rw-p 00000000 00:00 0 
7efd06cac000-7efd06caf000 ---p 00000000 00:00 0 
7efd06caf000-7efd06dad000 rw-p 00000000 00:00 0 
7efd06dad000-7efd06dc9000 r--s 00393000 08:02 5507486                    /home/rakesh/Desktop/jdk1.8.0_161/jre/lib/ext/cldrdata.jar
7efd06dc9000-7efd06dcc000 ---p 00000000 00:00 0 
7efd06dcc000-7efd06e02000 rw-p 00000000 00:00 0 
7efd06e02000-7efd06e05000 ---p 00000000 00:00 0 
7efd06e05000-7efd06f03000 rw-p 00000000 00:00 0 
7efd06f03000-7efd06f06000 ---p 00000000 00:00 0 
7efd06f06000-7efd07204000 rw-p 00000000 00:00 0 
7efd07204000-7efd0721a000 r-xp 00000000 08:02 3674588                    /lib/x86_64-linux-gnu/libgcc_s.so.1
7efd0721a000-7efd07419000 ---p 00016000 08:02 3674588                    /lib/x86_64-linux-gnu/libgcc_s.so.1
7efd07419000-7efd0741a000 rw-p 00015000 08:02 3674588                    /lib/x86_64-linux-gnu/libgcc_s.so.1
7efd07424000-7efd07429000 r--s 002f9000 08:02 2906032                    /home/rakesh/Desktop/jdk1.8.0_161/jre/lib/charsets.jar
7efd07429000-7efd07433000 r--s 00116000 08:02 5507493                    /home/rakesh/Desktop/jdk1.8.0_161/jre/lib/ext/localedata.jar
7efd07433000-7efd07465000 r-xp 00000000 08:02 2906050                    /home/rakesh/Desktop/jdk1.8.0_161/jre/lib/amd64/libsunec.so
7efd07465000-7efd07664000 ---p 00032000 08:02 2906050                    /home/rakesh/Desktop/jdk1.8.0_161/jre/lib/amd64/libsunec.so
7efd07664000-7efd0766a000 rw-p 00031000 08:02 2906050                    /home/rakesh/Desktop/jdk1.8.0_161/jre/lib/amd64/libsunec.so
7efd0766a000-7efd0767a000 rw-p 00000000 00:00 0 
7efd0767a000-7efd0768b000 r-xp 00000000 08:02 2906095                    /home/rakesh/Desktop/jdk1.8.0_161/jre/lib/amd64/libnio.so
7efd0768b000-7efd0788a000 ---p 00011000 08:02 2906095                    /home/rakesh/Desktop/jdk1.8.0_161/jre/lib/amd64/libnio.so
7efd0788a000-7efd0788b000 rw-p 00010000 08:02 2906095                    /home/rakesh/Desktop/jdk1.8.0_161/jre/lib/amd64/libnio.so
7efd0788b000-7efd0788d000 r--s 00009000 08:02 5507484                    /home/rakesh/Desktop/jdk1.8.0_161/jre/lib/ext/sunec.jar
7efd0788d000-7efd07891000 r--s 0003a000 08:02 5507491                    /home/rakesh/Desktop/jdk1.8.0_161/jre/lib/ext/sunpkcs11.jar
7efd07891000-7efd07894000 r--s 0001a000 08:02 2906108                    /home/rakesh/Desktop/jdk1.8.0_161/jre/lib/jce.jar
7efd07894000-7efd07a94000 rw-p 00000000 00:00 0 
7efd07a94000-7efd07a99000 r--s 0009d000 08:02 2906039                    /home/rakesh/Desktop/jdk1.8.0_161/jre/lib/jsse.jar
7efd07a99000-7efd07a9c000 ---p 00000000 00:00 0 
7efd07a9c000-7efd07b9a000 rw-p 00000000 00:00 0 
7efd07b9a000-7efd07bb0000 r-xp 00000000 08:02 2906092                    /home/rakesh/Desktop/jdk1.8.0_161/jre/lib/amd64/libnet.so
7efd07bb0000-7efd07db0000 ---p 00016000 08:02 2906092                    /home/rakesh/Desktop/jdk1.8.0_161/jre/lib/amd64/libnet.so
7efd07db0000-7efd07db1000 rw-p 00016000 08:02 2906092                    /home/rakesh/Desktop/jdk1.8.0_161/jre/lib/amd64/libnet.so
7efd07db1000-7efd07db4000 r--s 00013000 08:02 2905435                    /home/rakesh/.m2/repository/commons-io/commons-io/1.3.2/commons-io-1.3.2.jar
7efd07db4000-7efd07db9000 r--s 00016000 08:02 2370834                    /home/rakesh/.m2/repository/xml-apis/xml-apis/1.0.b2/xml-apis-1.0.b2.jar
7efd07db9000-7efd07dbe000 r--s 00048000 08:02 2370832                    /home/rakesh/.m2/repository/dom4j/dom4j/1.6.1/dom4j-1.6.1.jar
7efd07dbe000-7efd07dc0000 r--s 00005000 08:02 2237099                    /home/rakesh/.m2/repository/stax/stax-api/1.0.1/stax-api-1.0.1.jar
7efd07dc0000-7efd07dfd000 r--s 0024f000 08:02 2237097                    /home/rakesh/.m2/repository/org/apache/xmlbeans/xmlbeans/2.3.0/xmlbeans-2.3.0.jar
7efd07dfd000-7efd07e91000 r--s 00401000 08:02 2237095                    /home/rakesh/.m2/repository/org/apache/poi/poi-ooxml-schemas/3.9/poi-ooxml-schemas-3.9.jar
7efd07e91000-7efd08000000 r--s 014e9000 08:02 4336644                    /home/rakesh/Documents/eclipseworkspace/jars/selenium-server-standalone-3.9.1.jar
7efd08000000-7efd083fd000 rw-p 00000000 00:00 0 
7efd083fd000-7efd0c000000 ---p 00000000 00:00 0 
7efd0c000000-7efd0c021000 rw-p 00000000 00:00 0 
7efd0c021000-7efd10000000 ---p 00000000 00:00 0 
7efd10000000-7efd105b0000 rw-p 00000000 00:00 0 
7efd105b0000-7efd14000000 ---p 00000000 00:00 0 
7efd14000000-7efd145a6000 rw-p 00000000 00:00 0 
7efd145a6000-7efd18000000 ---p 00000000 00:00 0 
7efd18000000-7efd18021000 rw-p 00000000 00:00 0 
7efd18021000-7efd1c000000 ---p 00000000 00:00 0 
7efd1c000000-7efd1c021000 rw-p 00000000 00:00 0 
7efd1c021000-7efd20000000 ---p 00000000 00:00 0 
7efd20000000-7efd20021000 rw-p 00000000 00:00 0 
7efd20021000-7efd24000000 ---p 00000000 00:00 0 
7efd24000000-7efd24021000 rw-p 00000000 00:00 0 
7efd24021000-7efd28000000 ---p 00000000 00:00 0 
7efd28000000-7efd28021000 rw-p 00000000 00:00 0 
7efd28021000-7efd2c000000 ---p 00000000 00:00 0 
7efd2c000000-7efd2c021000 rw-p 00000000 00:00 0 
7efd2c021000-7efd30000000 ---p 00000000 00:00 0 
7efd30000000-7efd30021000 rw-p 00000000 00:00 0 
7efd30021000-7efd34000000 ---p 00000000 00:00 0 
7efd34000000-7efd34021000 rw-p 00000000 00:00 0 
7efd34021000-7efd38000000 ---p 00000000 00:00 0 
7efd38000000-7efd38021000 rw-p 00000000 00:00 0 
7efd38021000-7efd3c000000 ---p 00000000 00:00 0 
7efd3c000000-7efd3c021000 rw-p 00000000 00:00 0 
7efd3c021000-7efd40000000 ---p 00000000 00:00 0 
7efd40000000-7efd40021000 rw-p 00000000 00:00 0 
7efd40021000-7efd44000000 ---p 00000000 00:00 0 
7efd44000000-7efd44020000 r--s 001a9000 08:02 2237093                    /home/rakesh/.m2/repository/org/apache/poi/poi/3.9/poi-3.9.jar
7efd44020000-7efd4402c000 r--s 000d9000 08:02 2237091                    /home/rakesh/.m2/repository/org/apache/poi/poi-ooxml/3.9/poi-ooxml-3.9.jar
7efd4402c000-7efd4402e000 r--s 0000e000 08:02 2237089                    /home/rakesh/.m2/repository/javax/activation/activation/1.1/activation-1.1.jar
7efd4402e000-7efd44037000 r--s 0008c000 08:02 2237087                    /home/rakesh/.m2/repository/com/sun/mail/javax.mail/1.5.6/javax.mail-1.5.6.jar
7efd44037000-7efd44039000 r--s 0000c000 08:02 2237085                    /home/rakesh/.m2/repository/org/apache/commons/commons-email/1.5/commons-email-1.5.jar
7efd44039000-7efd4403b000 r--s 00004000 08:02 3291962                    /home/rakesh/.m2/repository/org/slf4j/log4j-over-slf4j/1.7.25/log4j-over-slf4j-1.7.25.jar
7efd4403b000-7efd4403d000 r--s 00003000 08:02 2242138                    /home/rakesh/.m2/repository/org/slf4j/jcl-over-slf4j/1.7.25/jcl-over-slf4j-1.7.25.jar
7efd4403d000-7efd4403f000 r--s 00000000 08:02 2111799                    /home/rakesh/.m2/repository/org/slf4j/jul-to-slf4j/1.7.25/jul-to-slf4j-1.7.25.jar
7efd4403f000-7efd44041000 r--s 00009000 08:02 1851079                    /home/rakesh/.m2/repository/org/slf4j/slf4j-api/1.7.25/slf4j-api-1.7.25.jar
7efd44041000-7efd4404c000 r--s 00069000 08:02 3029342                    /home/rakesh/.m2/repository/ch/qos/logback/logback-core/1.2.3/logback-core-1.2.3.jar
7efd4404c000-7efd44052000 r--s 00041000 08:02 2371822                    /home/rakesh/.m2/repository/ch/qos/logback/logback-classic/1.2.3/logback-classic-1.2.3.jar
7efd44052000-7efd44054000 r--s 0000c000 08:02 4735064                    /home/rakesh/.m2/repository/org/jboss/logging/jboss-logging/3.1.4.GA/jboss-logging-3.1.4.GA.jar
7efd44054000-7efd44058000 r--s 00020000 08:02 4735062                    /home/rakesh/.m2/repository/org/jboss/jboss-vfs/3.2.12.Final/jboss-vfs-3.2.12.Final.jar
7efd44058000-7efd4405d000 r--s 00307000 08:02 4735060                    /home/rakesh/.m2/repository/net/sourceforge/lept4j/lept4j/1.6.1/lept4j-1.6.1.jar
7efd4405d000-7efd44069000 r--s 00108000 08:02 4735058                    /home/rakesh/.m2/repository/com/lowagie/itext/2.1.7/itext-2.1.7.jar
7efd44069000-7efd44073000 r--s 00081000 08:02 4735056                    /home/rakesh/.m2/repository/org/apache/xmlgraphics/xmlgraphics-commons/1.4/xmlgraphics-commons-1.4.jar
7efd44073000-7efd44081000 r--s 0007f000 08:02 5520243                    /home/rakesh/.m2/repository/commons-collections/commons-collections/3.2.1/commons-collections-3.2.1.jar
7efd44081000-7efd44086000 r--s 00035000 08:02 5506344                    /home/rakesh/.m2/repository/commons-beanutils/commons-beanutils/1.9.2/commons-beanutils-1.9.2.jar
7efd44086000-7efd4408f000 r--s 0006f000 08:02 1990463                    /home/rakesh/.m2/repository/log4j/log4j/1.2.17/log4j-1.2.17.jar
7efd4408f000-7efd44094000 r--s 00028000 08:02 4599056                    /home/rakesh/.m2/repository/org/ghost4j/ghost4j/1.0.1/ghost4j-1.0.1.jar
7efd44094000-7efd4409f000 r--s 00088000 08:02 4599054                    /home/rakesh/.m2/repository/com/github/jai-imageio/jai-imageio-core/1.3.1/jai-imageio-core-1.3.1.jar
7efd4409f000-7efd440a3000 r--s 000dc000 08:02 4336514                    /home/rakesh/.m2/repository/net/java/dev/jna/jna/4.1.0/jna-4.1.0.jar
7efd440a3000-7efd440a6000 r--s 02475000 08:02 4599052                    /home/rakesh/.m2/repository/net/sourceforge/tess4j/tess4j/3.4.1/tess4j-3.4.1.jar
7efd440a6000-7efd440a7000 r--s 0017a000 08:02 2237251                    /home/rakesh/.m2/repository/org/bytedeco/javacpp-presets/tesseract/3.04-1.1/tesseract-3.04-1.1-linux-x86_64.jar
7efd440a7000-7efd440ab000 r--s 0003a000 08:02 2237249                    /home/rakesh/.m2/repository/org/bytedeco/javacpp/1.1/javacpp-1.1.jar
7efd440ab000-7efd440ac000 r--s 00228000 08:02 2237247                    /home/rakesh/.m2/repository/org/bytedeco/javacpp-presets/leptonica/1.72-1.1/leptonica-1.72-1.1-linux-x86_64.jar
7efd440ac000-7efd440af000 r--s 0001f000 08:02 2237245                    /home/rakesh/.m2/repository/org/bytedeco/javacpp-presets/leptonica/1.72-1.1/leptonica-1.72-1.1.jar
7efd440af000-7efd440b2000 r--s 0000f000 08:02 2237243                    /home/rakesh/.m2/repository/org/bytedeco/javacpp-presets/tesseract/3.04-1.1/tesseract-3.04-1.1.jar
7efd440b2000-7efd440ba000 r--s 00048000 08:02 2106998                    /home/rakesh/.m2/repository/org/apache/httpcomponents/httpcore/4.4.6/httpcore-4.4.6.jar
7efd440ba000-7efd440c7000 r--s 000aa000 08:02 2106996                    /home/rakesh/.m2/repository/org/apache/httpcomponents/httpclient/4.5.3/httpclient-4.5.3.jar
7efd440c7000-7efd440c8000 r--s 00000000 08:02 2106994                    /home/rakesh/.m2/repository/org/codehaus/mojo/animal-sniffer-annotations/1.14/animal-sniffer-annotations-1.14.jar
7efd440c8000-7efd440ca000 r--s 00001000 08:02 2106992                    /home/rakesh/.m2/repository/com/google/j2objc/j2objc-annotations/1.1/j2objc-annotations-1.1.jar
7efd440ca000-7efd440cb000 r--s 00002000 08:02 2106990                    /home/rakesh/.m2/repository/com/google/errorprone/error_prone_annotations/2.0.18/error_prone_annotations-2.0.18.jar
7efd440cb000-7efd440ce000 r--s 00006000 08:02 2106988                    /home/rakesh/.m2/repository/com/google/code/findbugs/jsr305/1.3.9/jsr305-1.3.9.jar
7efd440ce000-7efd440fe000 r--s 0024f000 08:02 2106986                    /home/rakesh/.m2/repository/com/google/guava/guava/23.0/guava-23.0.jar
7efd440fe000-7efd44103000 r--s 00034000 08:02 2106984                    /home/rakesh/.m2/repository/com/google/code/gson/gson/2.8.2/gson-2.8.2.jar
7efd44103000-7efd44105000 r--s 0000e000 08:02 2106982                    /home/rakesh/.m2/repository/commons-logging/commons-logging/1.2/commons-logging-1.2.jar
7efd44105000-7efd4410c000 r--s 0003f000 08:02 2106980                    /home/rakesh/.m2/repository/commons-codec/commons-codec/1.10/commons-codec-1.10.jar
7efd4410c000-7efd4410e000 r--s 0000c000 08:02 1587799                    /home/rakesh/.m2/repository/org/apache/commons/commons-exec/1.3/commons-exec-1.3.jar
7efd4410e000-7efd4414a000 r--s 0027f000 08:02 2106978                    /home/rakesh/.m2/repository/net/bytebuddy/byte-buddy/1.7.5/byte-buddy-1.7.5.jar
7efd4414a000-7efd4414f000 r--s 00021000 08:02 2237075                    /home/rakesh/.m2/repository/org/seleniumhq/selenium/selenium-support/3.7.1/selenium-support-3.7.1.jar
7efd4414f000-7efd44151000 r--s 00001000 08:02 2237073                    /home/rakesh/.m2/repository/org/seleniumhq/selenium/selenium-safari-driver/3.7.1/selenium-safari-driver-3.7.1.jar
7efd44151000-7efd44157000 r--s 00050000 08:02 1986294                    /home/rakesh/.m2/repository/org/seleniumhq/selenium/selenium-remote-driver/3.7.1/selenium-remote-driver-3.7.1.jar
7efd44157000-7efd44158000 r--s 00001000 08:02 2237071                    /home/rakesh/.m2/repository/org/seleniumhq/selenium/selenium-opera-driver/3.7.1/selenium-opera-driver-3.7.1.jar
7efd44158000-7efd4415a000 r--s 000c2000 08:02 2237067                    /home/rakesh/.m2/repository/org/seleniumhq/selenium/selenium-firefox-driver/3.7.1/selenium-firefox-driver-3.7.1.jar
7efd4415a000-7efd44161000 r--s 00034000 08:02 138542                     /home/rakesh/Documents/eclipseworkspace/jars/java-client-5.0.1.jar
7efd44161000-7efd44178000 r--s 000c1000 08:02 2905938                    /home/rakesh/.p2/pool/plugins/org.testng_6.13.1.r201712040515.jar
7efd44178000-7efd4420e000 r--s 0110a000 08:02 5507487                    /home/rakesh/Desktop/jdk1.8.0_161/jre/lib/ext/jfxrt.jar
7efd4420e000-7efd4420f000 ---p 00000000 00:00 0 
7efd4420f000-7efd4430f000 rw-p 00000000 00:00 0 
7efd4430f000-7efd44312000 ---p 00000000 00:00 0 
7efd44312000-7efd44410000 rw-p 00000000 00:00 0 
7efd44410000-7efd44413000 ---p 00000000 00:00 0 
7efd44413000-7efd44511000 rw-p 00000000 00:00 0 
7efd44511000-7efd44514000 ---p 00000000 00:00 0 
7efd44514000-7efd44612000 rw-p 00000000 00:00 0 
7efd44612000-7efd44615000 ---p 00000000 00:00 0 
7efd44615000-7efd44713000 rw-p 00000000 00:00 0 
7efd44713000-7efd44716000 ---p 00000000 00:00 0 
7efd44716000-7efd44814000 rw-p 00000000 00:00 0 
7efd44814000-7efd44817000 ---p 00000000 00:00 0 
7efd44817000-7efd44915000 rw-p 00000000 00:00 0 
7efd44915000-7efd44918000 ---p 00000000 00:00 0 
7efd44918000-7efd44a16000 rw-p 00000000 00:00 0 
7efd44a16000-7efd44a1a000 r-xp 00000000 08:02 2906062                    /home/rakesh/Desktop/jdk1.8.0_161/jre/lib/amd64/libdt_socket.so
7efd44a1a000-7efd44c19000 ---p 00004000 08:02 2906062                    /home/rakesh/Desktop/jdk1.8.0_161/jre/lib/amd64/libdt_socket.so
7efd44c19000-7efd44c1a000 rw-p 00003000 08:02 2906062                    /home/rakesh/Desktop/jdk1.8.0_161/jre/lib/amd64/libdt_socket.so
7efd44c1a000-7efd44c1d000 ---p 00000000 00:00 0 
7efd44c1d000-7efd44d1b000 rw-p 00000000 00:00 0 
7efd44d1b000-7efd44d1e000 ---p 00000000 00:00 0 
7efd44d1e000-7efd44e1c000 rw-p 00000000 00:00 0 
7efd44e1c000-7efd44e1f000 ---p 00000000 00:00 0 
7efd44e1f000-7efd44f1d000 rw-p 00000000 00:00 0 
7efd44f1d000-7efd44f1e000 ---p 00000000 00:00 0 
7efd44f1e000-7efd46000000 rw-p 00000000 00:00 0 
7efd46000000-7efd461d9000 r--s 03d64000 08:02 2906034                    /home/rakesh/Desktop/jdk1.8.0_161/jre/lib/rt.jar
7efd461d9000-7efd4ab31000 rw-p 00000000 00:00 0 
7efd4ab31000-7efd4ab32000 ---p 00000000 00:00 0 
7efd4ab32000-7efd4ac32000 rw-p 00000000 00:00 0 
7efd4ac32000-7efd4ac33000 ---p 00000000 00:00 0 
7efd4ac33000-7efd4ad33000 rw-p 00000000 00:00 0 
7efd4ad33000-7efd4ad34000 ---p 00000000 00:00 0 
7efd4ad34000-7efd4ae54000 rw-p 00000000 00:00 0 
7efd4ae54000-7efd4b0c4000 ---p 00000000 00:00 0 
7efd4b0c4000-7efd4b0e4000 rw-p 00000000 00:00 0 
7efd4b0e4000-7efd4b354000 ---p 00000000 00:00 0 
7efd4b354000-7efd4b378000 rw-p 00000000 00:00 0 
7efd4b378000-7efd4b49c000 ---p 00000000 00:00 0 
7efd4b49c000-7efd4b4b5000 rw-p 00000000 00:00 0 
7efd4b4b5000-7efd4b85d000 ---p 00000000 00:00 0 
7efd4b85d000-7efd4be3d000 rwxp 00000000 00:00 0 
7efd4be3d000-7efd5a85d000 ---p 00000000 00:00 0 
7efd5a85d000-7efd5a878000 r-xp 00000000 08:02 2906088                    /home/rakesh/Desktop/jdk1.8.0_161/jre/lib/amd64/libzip.so
7efd5a878000-7efd5aa78000 ---p 0001b000 08:02 2906088                    /home/rakesh/Desktop/jdk1.8.0_161/jre/lib/amd64/libzip.so
7efd5aa78000-7efd5aa79000 rw-p 0001b000 08:02 2906088                    /home/rakesh/Desktop/jdk1.8.0_161/jre/lib/amd64/libzip.so
7efd5aa79000-7efd5aa83000 r-xp 00000000 08:02 3677997                    /lib/x86_64-linux-gnu/libnss_files-2.19.so
7efd5aa83000-7efd5ac82000 ---p 0000a000 08:02 3677997                    /lib/x86_64-linux-gnu/libnss_files-2.19.so
7efd5ac82000-7efd5ac83000 r--p 00009000 08:02 3677997                    /lib/x86_64-linux-gnu/libnss_files-2.19.so
7efd5ac83000-7efd5ac84000 rw-p 0000a000 08:02 3677997                    /lib/x86_64-linux-gnu/libnss_files-2.19.so
7efd5ac84000-7efd5ac8f000 r-xp 00000000 08:02 3678001                    /lib/x86_64-linux-gnu/libnss_nis-2.19.so
7efd5ac8f000-7efd5ae8e000 ---p 0000b000 08:02 3678001                    /lib/x86_64-linux-gnu/libnss_nis-2.19.so
7efd5ae8e000-7efd5ae8f000 r--p 0000a000 08:02 3678001                    /lib/x86_64-linux-gnu/libnss_nis-2.19.so
7efd5ae8f000-7efd5ae90000 rw-p 0000b000 08:02 3678001                    /lib/x86_64-linux-gnu/libnss_nis-2.19.so
7efd5ae90000-7efd5aea7000 r-xp 00000000 08:02 3678014                    /lib/x86_64-linux-gnu/libnsl-2.19.so
7efd5aea7000-7efd5b0a6000 ---p 00017000 08:02 3678014                    /lib/x86_64-linux-gnu/libnsl-2.19.so
7efd5b0a6000-7efd5b0a7000 r--p 00016000 08:02 3678014                    /lib/x86_64-linux-gnu/libnsl-2.19.so
7efd5b0a7000-7efd5b0a8000 rw-p 00017000 08:02 3678014                    /lib/x86_64-linux-gnu/libnsl-2.19.so
7efd5b0a8000-7efd5b0aa000 rw-p 00000000 00:00 0 
7efd5b0aa000-7efd5b0b3000 r-xp 00000000 08:02 3678003                    /lib/x86_64-linux-gnu/libnss_compat-2.19.so
7efd5b0b3000-7efd5b2b2000 ---p 00009000 08:02 3678003                    /lib/x86_64-linux-gnu/libnss_compat-2.19.so
7efd5b2b2000-7efd5b2b3000 r--p 00008000 08:02 3678003                    /lib/x86_64-linux-gnu/libnss_compat-2.19.so
7efd5b2b3000-7efd5b2b4000 rw-p 00009000 08:02 3678003                    /lib/x86_64-linux-gnu/libnss_compat-2.19.so
7efd5b2b4000-7efd5b996000 r--p 00000000 08:02 1448942                    /usr/lib/locale/locale-archive
7efd5b996000-7efd5b998000 r-xp 00000000 08:02 2906064                    /home/rakesh/Desktop/jdk1.8.0_161/jre/lib/amd64/libnpt.so
7efd5b998000-7efd5bb98000 ---p 00002000 08:02 2906064                    /home/rakesh/Desktop/jdk1.8.0_161/jre/lib/amd64/libnpt.so
7efd5bb98000-7efd5bb99000 rw-p 00002000 08:02 2906064                    /home/rakesh/Desktop/jdk1.8.0_161/jre/lib/amd64/libnpt.so
7efd5bb99000-7efd5bbd3000 r-xp 00000000 08:02 2906076                    /home/rakesh/Desktop/jdk1.8.0_161/jre/lib/amd64/libjdwp.so
7efd5bbd3000-7efd5bdd2000 ---p 0003a000 08:02 2906076                    /home/rakesh/Desktop/jdk1.8.0_161/jre/lib/amd64/libjdwp.so
7efd5bdd2000-7efd5bdd3000 rw-p 00039000 08:02 2906076                    /home/rakesh/Desktop/jdk1.8.0_161/jre/lib/amd64/libjdwp.so
7efd5bdd3000-7efd5bdd4000 rw-p 00000000 00:00 0 
7efd5bdd4000-7efd5bdff000 r-xp 00000000 08:02 2906082                    /home/rakesh/Desktop/jdk1.8.0_161/jre/lib/amd64/libjava.so
7efd5bdff000-7efd5bffe000 ---p 0002b000 08:02 2906082                    /home/rakesh/Desktop/jdk1.8.0_161/jre/lib/amd64/libjava.so
7efd5bffe000-7efd5c000000 rw-p 0002a000 08:02 2906082                    /home/rakesh/Desktop/jdk1.8.0_161/jre/lib/amd64/libjava.so
7efd5c000000-7efd5d1b5000 rw-p 00000000 00:00 0 
7efd5d1b5000-7efd60000000 ---p 00000000 00:00 0 
7efd60000000-7efd60004000 r--s 00019000 08:02 1986290                    /home/rakesh/.m2/repository/org/seleniumhq/selenium/selenium-api/3.7.1/selenium-api-3.7.1.jar
7efd60004000-7efd6000a000 r--s 0003d000 08:02 2905984                    /home/rakesh/.p2/pool/plugins/org.yaml.snakeyaml_1.17.0.jar
7efd6000a000-7efd60010000 r--s 0005b000 08:02 2905987                    /home/rakesh/.p2/pool/plugins/org.apache-extras.beanshell.bsh_2.0.0.b6.jar
7efd60010000-7efd60013000 r--s 0000f000 08:02 2905991                    /home/rakesh/.p2/pool/plugins/com.beust.jcommander_1.72.0.jar
7efd60013000-7efd60018000 r--s 00084000 08:02 2906001                    /home/rakesh/Desktop/jdk1.8.0_161/jre/lib/jfr.jar
7efd60018000-7efd6001d000 r--s 002f9000 08:02 2906032                    /home/rakesh/Desktop/jdk1.8.0_161/jre/lib/charsets.jar
7efd6001d000-7efd60020000 r--s 0001a000 08:02 2906108                    /home/rakesh/Desktop/jdk1.8.0_161/jre/lib/jce.jar
7efd60020000-7efd60096000 rw-p 00000000 00:00 0 
7efd60096000-7efd60097000 ---p 00000000 00:00 0 
7efd60097000-7efd60197000 rw-p 00000000 00:00 0 
7efd60197000-7efd601a4000 r-xp 00000000 08:02 2906087                    /home/rakesh/Desktop/jdk1.8.0_161/jre/lib/amd64/libverify.so
7efd601a4000-7efd603a4000 ---p 0000d000 08:02 2906087                    /home/rakesh/Desktop/jdk1.8.0_161/jre/lib/amd64/libverify.so
7efd603a4000-7efd603a6000 rw-p 0000d000 08:02 2906087                    /home/rakesh/Desktop/jdk1.8.0_161/jre/lib/amd64/libverify.so
7efd603a6000-7efd603ad000 r-xp 00000000 08:02 3678012                    /lib/x86_64-linux-gnu/librt-2.19.so
7efd603ad000-7efd605ac000 ---p 00007000 08:02 3678012                    /lib/x86_64-linux-gnu/librt-2.19.so
7efd605ac000-7efd605ad000 r--p 00006000 08:02 3678012                    /lib/x86_64-linux-gnu/librt-2.19.so
7efd605ad000-7efd605ae000 rw-p 00007000 08:02 3678012                    /lib/x86_64-linux-gnu/librt-2.19.so
7efd605ae000-7efd606b3000 r-xp 00000000 08:02 3678005                    /lib/x86_64-linux-gnu/libm-2.19.so
7efd606b3000-7efd608b2000 ---p 00105000 08:02 3678005                    /lib/x86_64-linux-gnu/libm-2.19.so
7efd608b2000-7efd608b3000 r--p 00104000 08:02 3678005                    /lib/x86_64-linux-gnu/libm-2.19.so
7efd608b3000-7efd608b4000 rw-p 00105000 08:02 3678005                    /lib/x86_64-linux-gnu/libm-2.19.so
7efd608b4000-7efd6158d000 r-xp 00000000 08:02 3156309                    /home/rakesh/Desktop/jdk1.8.0_161/jre/lib/amd64/server/libjvm.so
7efd6158d000-7efd6178c000 ---p 00cd9000 08:02 3156309                    /home/rakesh/Desktop/jdk1.8.0_161/jre/lib/amd64/server/libjvm.so
7efd6178c000-7efd61865000 rw-p 00cd8000 08:02 3156309                    /home/rakesh/Desktop/jdk1.8.0_161/jre/lib/amd64/server/libjvm.so
7efd61865000-7efd618b1000 rw-p 00000000 00:00 0 
7efd618b1000-7efd61a6f000 r-xp 00000000 08:02 3678019                    /lib/x86_64-linux-gnu/libc-2.19.so
7efd61a6f000-7efd61c6f000 ---p 001be000 08:02 3678019                    /lib/x86_64-linux-gnu/libc-2.19.so
7efd61c6f000-7efd61c73000 r--p 001be000 08:02 3678019                    /lib/x86_64-linux-gnu/libc-2.19.so
7efd61c73000-7efd61c75000 rw-p 001c2000 08:02 3678019                    /lib/x86_64-linux-gnu/libc-2.19.so
7efd61c75000-7efd61c7a000 rw-p 00000000 00:00 0 
7efd61c7a000-7efd61c7d000 r-xp 00000000 08:02 3678015                    /lib/x86_64-linux-gnu/libdl-2.19.so
7efd61c7d000-7efd61e7c000 ---p 00003000 08:02 3678015                    /lib/x86_64-linux-gnu/libdl-2.19.so
7efd61e7c000-7efd61e7d000 r--p 00002000 08:02 3678015                    /lib/x86_64-linux-gnu/libdl-2.19.so
7efd61e7d000-7efd61e7e000 rw-p 00003000 08:02 3678015                    /lib/x86_64-linux-gnu/libdl-2.19.so
7efd61e7e000-7efd61e94000 r-xp 00000000 08:02 3026318                    /home/rakesh/Desktop/jdk1.8.0_161/jre/lib/amd64/jli/libjli.so
7efd61e94000-7efd62093000 ---p 00016000 08:02 3026318                    /home/rakesh/Desktop/jdk1.8.0_161/jre/lib/amd64/jli/libjli.so
7efd62093000-7efd62094000 rw-p 00015000 08:02 3026318                    /home/rakesh/Desktop/jdk1.8.0_161/jre/lib/amd64/jli/libjli.so
7efd62094000-7efd620ad000 r-xp 00000000 08:02 3678011                    /lib/x86_64-linux-gnu/libpthread-2.19.so
7efd620ad000-7efd622ac000 ---p 00019000 08:02 3678011                    /lib/x86_64-linux-gnu/libpthread-2.19.so
7efd622ac000-7efd622ad000 r--p 00018000 08:02 3678011                    /lib/x86_64-linux-gnu/libpthread-2.19.so
7efd622ad000-7efd622ae000 rw-p 00019000 08:02 3678011                    /lib/x86_64-linux-gnu/libpthread-2.19.so
7efd622ae000-7efd622b2000 rw-p 00000000 00:00 0 
7efd622b2000-7efd622d5000 r-xp 00000000 08:02 3678008                    /lib/x86_64-linux-gnu/ld-2.19.so
7efd622d5000-7efd622d6000 r--s 00003000 08:02 2237069                    /home/rakesh/.m2/repository/org/seleniumhq/selenium/selenium-ie-driver/3.7.1/selenium-ie-driver-3.7.1.jar
7efd622d6000-7efd622d7000 r--s 00001000 08:02 2237065                    /home/rakesh/.m2/repository/org/seleniumhq/selenium/selenium-edge-driver/3.7.1/selenium-edge-driver-3.7.1.jar
7efd622d7000-7efd622ea000 r--s 00345000 08:02 2906038                    /home/rakesh/Desktop/jdk1.8.0_161/jre/lib/resources.jar
7efd622ea000-7efd623b5000 rw-p 00000000 00:00 0 
7efd623b5000-7efd623b8000 ---p 00000000 00:00 0 
7efd623b8000-7efd624bb000 rw-p 00000000 00:00 0 
7efd624bb000-7efd624bc000 r--s 00002000 08:02 1986292                    /home/rakesh/.m2/repository/org/seleniumhq/selenium/selenium-chrome-driver/3.7.1/selenium-chrome-driver-3.7.1.jar
7efd624bc000-7efd624bd000 r--s 00000000 08:02 1986288                    /home/rakesh/.m2/repository/org/seleniumhq/selenium/selenium-java/3.7.1/selenium-java-3.7.1.jar
7efd624bd000-7efd624c2000 r--s 0009d000 08:02 2906039                    /home/rakesh/Desktop/jdk1.8.0_161/jre/lib/jsse.jar
7efd624c2000-7efd624ca000 r--s 00048000 08:02 5506497                    /home/rakesh/Documents/softwares/eclipse/configuration/org.eclipse.osgi/506/0/.cp/lib/testng-remote.jar
7efd624ca000-7efd624d2000 rw-s 00000000 08:02 802856                     /tmp/hsperfdata_rakesh/22539
7efd624d2000-7efd624d3000 rw-p 00000000 00:00 0 
7efd624d3000-7efd624d4000 r--p 00000000 00:00 0 
7efd624d4000-7efd624d5000 r--p 00022000 08:02 3678008                    /lib/x86_64-linux-gnu/ld-2.19.so
7efd624d5000-7efd624d6000 rw-p 00023000 08:02 3678008                    /lib/x86_64-linux-gnu/ld-2.19.so
7efd624d6000-7efd624d7000 rw-p 00000000 00:00 0 
7ffe3a21f000-7ffe3a242000 rw-p 00000000 00:00 0                          [stack]
7ffe3a251000-7ffe3a254000 r--p 00000000 00:00 0                          [vvar]
7ffe3a254000-7ffe3a256000 r-xp 00000000 00:00 0                          [vdso]
ffffffffff600000-ffffffffff601000 r-xp 00000000 00:00 0                  [vsyscall]

VM Arguments:
jvm_args: -agentlib:jdwp=transport=dt_socket,suspend=y,address=localhost:38911 -ea -Dfile.encoding=UTF-8 
java_command: org.testng.remote.RemoteTestNG -serport 45516 -protocol json -d /home/rakesh/Documents/eclipseworkspace/selenium_scripts/sample_maven_project/test-output /tmp/testng-eclipse-1208980881/testng-customsuite.xml
java_class_path (initial): /home/rakesh/Documents/softwares/eclipse/configuration/org.eclipse.osgi/506/0/.cp/lib/testng-remote.jar:/home/rakesh/Desktop/jdk1.8.0_161/jre/lib/resources.jar:/home/rakesh/Desktop/jdk1.8.0_161/jre/lib/rt.jar:/home/rakesh/Desktop/jdk1.8.0_161/jre/lib/jsse.jar:/home/rakesh/Desktop/jdk1.8.0_161/jre/lib/jce.jar:/home/rakesh/Desktop/jdk1.8.0_161/jre/lib/charsets.jar:/home/rakesh/Desktop/jdk1.8.0_161/jre/lib/jfr.jar:/home/rakesh/Desktop/jdk1.8.0_161/jre/lib/ext/jaccess.jar:/home/rakesh/Desktop/jdk1.8.0_161/jre/lib/ext/sunjce_provider.jar:/home/rakesh/Desktop/jdk1.8.0_161/jre/lib/ext/nashorn.jar:/home/rakesh/Desktop/jdk1.8.0_161/jre/lib/ext/jfxrt.jar:/home/rakesh/Desktop/jdk1.8.0_161/jre/lib/ext/localedata.jar:/home/rakesh/Desktop/jdk1.8.0_161/jre/lib/ext/dnsns.jar:/home/rakesh/Desktop/jdk1.8.0_161/jre/lib/ext/sunpkcs11.jar:/home/rakesh/Desktop/jdk1.8.0_161/jre/lib/ext/zipfs.jar:/home/rakesh/Desktop/jdk1.8.0_161/jre/lib/ext/sunec.jar:/home/rakesh/Desktop/jdk1.8.0_161/jre/lib/ext/cldrdata.jar:/home/rakesh/Documents/eclipseworkspace/selenium_scripts/sample_maven_project/target/test-classes:/home/rakesh/Documents/eclipseworkspace/selenium_scripts/sample_maven_project/target/classes:/home/rakesh/.p2/pool/plugins/org.testng_6.13.1.r201712040515.jar:/home/rakesh/.p2/pool/plugins/com.beust.jcommander_1.72.0.jar:/home/rakesh/.p2/pool/plugins/org.apache-extras.beanshell.bsh_2.0.0.b6.jar:/home/rakesh/.p2/pool/plugins/org.yaml.snakeyaml_1.17.0.jar:/home/rakesh/Documents/eclipseworkspace/jars/selenium-server-standalone-3.9.1.jar:/home/rakesh/Documents/eclipseworkspace/jars/java-client-5.0.1.jar:/home/rakesh/.m2/repository/org/seleniumhq/selenium/selenium-java/3.7.1/selenium-java-3.7.1.jar:/home/rakesh/.m2/repository/org/seleniumhq/selenium/selenium-api/3.7.1/selenium-api-3.7.1.jar:/home/rakesh/.m2/repository/org/seleniumhq/selenium/selenium-chrome-driver/3.7.1/selenium-chrome-driver-3.7.1.jar:/home/rakesh/.m2/repository/org/seleniumhq/selenium/selenium-ed
Launcher Type: SUN_STANDARD

Environment Variables:
JAVA_HOME=/usr/lib/jvm/java-8-oracle
PATH=/home/linuxbrew/.linuxbrew/bin:/home/linuxbrew/.linuxbrew/sbin:/home/linuxbrew/.linuxbrew/bin:/home/linuxbrew/.linuxbrew/sbin:/home/linuxbrew/.linuxbrew/bin:/home/linuxbrew/.linuxbrew/sbin:/usr/local/sbin:/usr/local/bin:/usr/sbin:/usr/bin:/sbin:/bin:/usr/games:/usr/local/games:/usr/lib/jvm/java-8-oracle/bin:/usr/lib/jvm/java-8-oracle/db/bin:/usr/lib/jvm/java-8-oracle/jre/bin
SHELL=/bin/bash
DISPLAY=:0.0

Signal Handlers:
SIGSEGV: [libjvm.so+0xad01e0], sa_mask[0]=11111111011111111101111111111110, sa_flags=SA_RESTART|SA_SIGINFO
SIGBUS: [libjvm.so+0xad01e0], sa_mask[0]=11111111011111111101111111111110, sa_flags=SA_RESTART|SA_SIGINFO
SIGFPE: [libjvm.so+0x927fb0], sa_mask[0]=11111111011111111101111111111110, sa_flags=SA_RESTART|SA_SIGINFO
SIGPIPE: [libjvm.so+0x927fb0], sa_mask[0]=11111111011111111101111111111110, sa_flags=SA_RESTART|SA_SIGINFO
SIGXFSZ: [libjvm.so+0x927fb0], sa_mask[0]=11111111011111111101111111111110, sa_flags=SA_RESTART|SA_SIGINFO
SIGILL: [libjvm.so+0x927fb0], sa_mask[0]=11111111011111111101111111111110, sa_flags=SA_RESTART|SA_SIGINFO
SIGUSR1: SIG_DFL, sa_mask[0]=00000000000000000000000000000000, sa_flags=none
SIGUSR2: [libjvm.so+0x9297f0], sa_mask[0]=00100000000000000000000000000000, sa_flags=SA_RESTART|SA_SIGINFO
SIGHUP: [libjvm.so+0x92abf0], sa_mask[0]=11111111011111111101111111111110, sa_flags=SA_RESTART|SA_SIGINFO
SIGINT: [libjvm.so+0x92abf0], sa_mask[0]=11111111011111111101111111111110, sa_flags=SA_RESTART|SA_SIGINFO
SIGTERM: [libjvm.so+0x92abf0], sa_mask[0]=11111111011111111101111111111110, sa_flags=SA_RESTART|SA_SIGINFO
SIGQUIT: [libjvm.so+0x92abf0], sa_mask[0]=11111111011111111101111111111110, sa_flags=SA_RESTART|SA_SIGINFO


---------------  S Y S T E M  ---------------

OS:DISTRIB_ID=Ubuntu
DISTRIB_RELEASE=14.04
DISTRIB_CODENAME=trusty
DISTRIB_DESCRIPTION="Ubuntu 14.04.5 LTS"

uname:Linux 4.4.0-109-generic #132~14.04.1-Ubuntu SMP Tue Jan 9 21:46:42 UTC 2018 x86_64
libc:glibc 2.19 NPTL 2.19 
rlimit: STACK 8192k, CORE 0k, NPROC 31066, NOFILE 4096, AS infinity
load average:0.73 0.79 0.75

/proc/meminfo:
MemTotal:        8058712 kB
MemFree:          164672 kB
MemAvailable:    3238264 kB
Buffers:           82664 kB
Cached:          3770364 kB
SwapCached:         6188 kB
Active:          3793144 kB
Inactive:        3605840 kB
Active(anon):    3291520 kB
Inactive(anon):  1026620 kB
Active(file):     501624 kB
Inactive(file):  2579220 kB
Unevictable:          64 kB
Mlocked:              64 kB
SwapTotal:       8271868 kB
SwapFree:        8205356 kB
Dirty:              4324 kB
Writeback:             0 kB
AnonPages:       3540728 kB
Mapped:           643292 kB
Shmem:            771732 kB
Slab:             346712 kB
SReclaimable:     296592 kB
SUnreclaim:        50120 kB
KernelStack:       16480 kB
PageTables:        63580 kB
NFS_Unstable:          0 kB
Bounce:                0 kB
WritebackTmp:          0 kB
CommitLimit:    12301224 kB
Committed_AS:   11331004 kB
VmallocTotal:   34359738367 kB
VmallocUsed:           0 kB
VmallocChunk:          0 kB
HardwareCorrupted:     0 kB
AnonHugePages:   1304576 kB
CmaTotal:              0 kB
CmaFree:               0 kB
HugePages_Total:       0
HugePages_Free:        0
HugePages_Rsvd:        0
HugePages_Surp:        0
Hugepagesize:       2048 kB
DirectMap4k:      274684 kB
DirectMap2M:     7997440 kB
DirectMap1G:     1048576 kB


CPU:total 4 (initial active 4) (2 cores per cpu, 2 threads per core) family 6 model 61 stepping 4, cmov, cx8, fxsr, mmx, sse, sse2, sse3, ssse3, sse4.1, sse4.2, popcnt, avx, avx2, aes, clmul, erms, 3dnowpref, lzcnt, ht, tsc, tscinvbit, bmi1, bmi2, adx

/proc/cpuinfo:
processor	: 0
vendor_id	: GenuineIntel
cpu family	: 6
model		: 61
model name	: Intel(R) Core(TM) i5-5250U CPU @ 1.60GHz
stepping	: 4
microcode	: 0x1d
cpu MHz		: 2498.625
cache size	: 3072 KB
physical id	: 0
siblings	: 4
core id		: 0
cpu cores	: 2
apicid		: 0
initial apicid	: 0
fpu		: yes
fpu_exception	: yes
cpuid level	: 20
wp		: yes
flags		: fpu vme de pse tsc msr pae mce cx8 apic sep mtrr pge mca cmov pat pse36 clflush dts acpi mmx fxsr sse sse2 ss ht tm pbe syscall nx pdpe1gb rdtscp lm constant_tsc arch_perfmon pebs bts rep_good nopl xtopology nonstop_tsc aperfmperf eagerfpu pni pclmulqdq dtes64 monitor ds_cpl vmx est tm2 ssse3 sdbg fma cx16 xtpr pdcm pcid sse4_1 sse4_2 x2apic movbe popcnt tsc_deadline_timer aes xsave avx f16c rdrand lahf_lm abm 3dnowprefetch epb invpcid_single intel_pt kaiser tpr_shadow vnmi flexpriority ept vpid fsgsbase tsc_adjust bmi1 avx2 smep bmi2 erms invpcid rdseed adx smap xsaveopt dtherm ida arat pln pts
bugs		:
bogomips	: 3192.08
clflush size	: 64
cache_alignment	: 64
address sizes	: 39 bits physical, 48 bits virtual
power management:

processor	: 1
vendor_id	: GenuineIntel
cpu family	: 6
model		: 61
model name	: Intel(R) Core(TM) i5-5250U CPU @ 1.60GHz
stepping	: 4
microcode	: 0x1d
cpu MHz		: 2507.875
cache size	: 3072 KB
physical id	: 0
siblings	: 4
core id		: 1
cpu cores	: 2
apicid		: 2
initial apicid	: 2
fpu		: yes
fpu_exception	: yes
cpuid level	: 20
wp		: yes
flags		: fpu vme de pse tsc msr pae mce cx8 apic sep mtrr pge mca cmov pat pse36 clflush dts acpi mmx fxsr sse sse2 ss ht tm pbe syscall nx pdpe1gb rdtscp lm constant_tsc arch_perfmon pebs bts rep_good nopl xtopology nonstop_tsc aperfmperf eagerfpu pni pclmulqdq dtes64 monitor ds_cpl vmx est tm2 ssse3 sdbg fma cx16 xtpr pdcm pcid sse4_1 sse4_2 x2apic movbe popcnt tsc_deadline_timer aes xsave avx f16c rdrand lahf_lm abm 3dnowprefetch epb invpcid_single intel_pt kaiser tpr_shadow vnmi flexpriority ept vpid fsgsbase tsc_adjust bmi1 avx2 smep bmi2 erms invpcid rdseed adx smap xsaveopt dtherm ida arat pln pts
bugs		:
bogomips	: 3192.08
clflush size	: 64
cache_alignment	: 64
address sizes	: 39 bits physical, 48 bits virtual
power management:

processor	: 2
vendor_id	: GenuineIntel
cpu family	: 6
model		: 61
model name	: Intel(R) Core(TM) i5-5250U CPU @ 1.60GHz
stepping	: 4
microcode	: 0x1d
cpu MHz		: 2500.187
cache size	: 3072 KB
physical id	: 0
siblings	: 4
core id		: 0
cpu cores	: 2
apicid		: 1
initial apicid	: 1
fpu		: yes
fpu_exception	: yes
cpuid level	: 20
wp		: yes
flags		: fpu vme de pse tsc msr pae mce cx8 apic sep mtrr pge mca cmov pat pse36 clflush dts acpi mmx fxsr sse sse2 ss ht tm pbe syscall nx pdpe1gb rdtscp lm constant_tsc arch_perfmon pebs bts rep_good nopl xtopology nonstop_tsc aperfmperf eagerfpu pni pclmulqdq dtes64 monitor ds_cpl vmx est tm2 ssse3 sdbg fma cx16 xtpr pdcm pcid sse4_1 sse4_2 x2apic movbe popcnt tsc_deadline_timer aes xsave avx f16c rdrand lahf_lm abm 3dnowprefetch epb invpcid_single intel_pt kaiser tpr_shadow vnmi flexpriority ept vpid fsgsbase tsc_adjust bmi1 avx2 smep bmi2 erms invpcid rdseed adx smap xsaveopt dtherm ida arat pln pts
bugs		:
bogomips	: 3192.08
clflush size	: 64
cache_alignment	: 64
address sizes	: 39 bits physical, 48 bits virtual
power management:

processor	: 3
vendor_id	: GenuineIntel
cpu family	: 6
model		: 61
model name	: Intel(R) Core(TM) i5-5250U CPU @ 1.60GHz
stepping	: 4
microcode	: 0x1d
cpu MHz		: 2688.250
cache size	: 3072 KB
physical id	: 0
siblings	: 4
core id		: 1
cpu cores	: 2
apicid		: 3
initial apicid	: 3
fpu		: yes
fpu_exception	: yes
cpuid level	: 20
wp		: yes
flags		: fpu vme de pse tsc msr pae mce cx8 apic sep mtrr pge mca cmov pat pse36 clflush dts acpi mmx fxsr sse sse2 ss ht tm pbe syscall nx pdpe1gb rdtscp lm constant_tsc arch_perfmon pebs bts rep_good nopl xtopology nonstop_tsc aperfmperf eagerfpu pni pclmulqdq dtes64 monitor ds_cpl vmx est tm2 ssse3 sdbg fma cx16 xtpr pdcm pcid sse4_1 sse4_2 x2apic movbe popcnt tsc_deadline_timer aes xsave avx f16c rdrand lahf_lm abm 3dnowprefetch epb invpcid_single intel_pt kaiser tpr_shadow vnmi flexpriority ept vpid fsgsbase tsc_adjust bmi1 avx2 smep bmi2 erms invpcid rdseed adx smap xsaveopt dtherm ida arat pln pts
bugs		:
bogomips	: 3192.08
clflush size	: 64
cache_alignment	: 64
address sizes	: 39 bits physical, 48 bits virtual
power management:



Memory: 4k page, physical 8058712k(164672k free), swap 8271868k(8205356k free)

vm_info: Java HotSpot(TM) 64-Bit Server VM (25.161-b12) for linux-amd64 JRE (1.8.0_161-b12), built on Dec 19 2017 16:12:43 by "java_re" with gcc 4.3.0 20080428 (Red Hat 4.3.0-8)

time: Mon Mar 19 18:14:52 2018
elapsed time: 8 seconds (0d 0h 0m 8s)

